-- Found ament_cmake: 1.3.11 (/opt/ros/humble/share/ament_cmake/cmake)
-- Found rclcpp: 16.0.11 (/opt/ros/humble/share/rclcpp/cmake)
-- Found rosidl_generator_c: 3.1.6 (/opt/ros/humble/share/rosidl_generator_c/cmake)
-- Found rosidl_adapter: 3.1.6 (/opt/ros/humble/share/rosidl_adapter/cmake)
-- Found rosidl_generator_cpp: 3.1.6 (/opt/ros/humble/share/rosidl_generator_cpp/cmake)
-- Using all available rosidl_typesupport_c: rosidl_typesupport_fastrtps_c;rosidl_typesupport_introspection_c
-- Using all available rosidl_typesupport_cpp: rosidl_typesupport_fastrtps_cpp;rosidl_typesupport_introspection_cpp
-- Found rmw_implementation_cmake: 6.1.2 (/opt/ros/humble/share/rmw_implementation_cmake/cmake)
-- Found rmw_fastrtps_cpp: 6.2.7 (/opt/ros/humble/share/rmw_fastrtps_cpp/cmake)
-- Using RMW implementation 'rmw_fastrtps_cpp' as default
-- Found nav_msgs: 4.2.4 (/opt/ros/humble/share/nav_msgs/cmake)
-- Found tf2: 0.25.12 (/opt/ros/humble/share/tf2/cmake)
-- Found tf2_ros: 0.25.12 (/opt/ros/humble/share/tf2_ros/cmake)
-- Found tf2_geometry_msgs: 0.25.15 (/opt/ros/humble/share/tf2_geometry_msgs/cmake)
-- Found eigen3_cmake_module: 0.1.1 (/opt/ros/humble/share/eigen3_cmake_module/cmake)
-- Ensuring Eigen3 include directory is part of orocos-kdl CMake target
-- Found ament_lint_auto: 0.12.11 (/opt/ros/humble/share/ament_lint_auto/cmake)
-- Added test 'cppcheck' to perform static code analysis on C / C++ code
-- Configured cppcheck include dirs: /home/manel/psolar_ws/src/psolar_localization/include
-- Configured cppcheck exclude dirs and/or files: 
-- Added test 'flake8' to check Python code syntax and style conventions
-- Added test 'lint_cmake' to check CMake code style
-- Added test 'pep257' to check Python code against some of the docstring style conventions in PEP 257
-- Added test 'uncrustify' to check C / C++ code style
-- Configured uncrustify additional arguments: 
-- Added test 'xmllint' to check XML markup files
-- Configuring done
-- Generating done
-- Build files have been written to: /home/manel/psolar_ws/build/psolar_localization
[35m[1mConsolidate compiler generated dependencies of target odom_tilted_publisher[0m
[35m[1mConsolidate compiler generated dependencies of target tilted_frames_publisher[0m
[ 16%] [32mBuilding CXX object CMakeFiles/gps_tilted_publisher.dir/src/gps_tilted_publisher.cpp.o[0m
[ 50%] Built target odom_tilted_publisher
[ 83%] Built target tilted_frames_publisher
[100%] [32m[1mLinking CXX executable gps_tilted_publisher[0m
[100%] Built target gps_tilted_publisher
-- Install configuration: ""
-- Installing: /home/manel/psolar_ws/install/psolar_localization/share/psolar_localization//launch
-- Installing: /home/manel/psolar_ws/install/psolar_localization/share/psolar_localization//launch/dual_ekf_navsat.launch.py
-- Installing: /home/manel/psolar_ws/install/psolar_localization/share/psolar_localization//launch/localization_on_slope.launch.py
-- Installing: /home/manel/psolar_ws/install/psolar_localization/share/psolar_localization//config
-- Installing: /home/manel/psolar_ws/install/psolar_localization/share/psolar_localization//config/global_ekf_params_slope.yaml
-- Installing: /home/manel/psolar_ws/install/psolar_localization/share/psolar_localization//config/global_ekf_params.yaml
-- Installing: /home/manel/psolar_ws/install/psolar_localization/share/psolar_localization//config/navsat_params_slope.yaml
-- Installing: /home/manel/psolar_ws/install/psolar_localization/share/psolar_localization//config/local_ekf_params.yaml
-- Installing: /home/manel/psolar_ws/install/psolar_localization/share/psolar_localization//config/local_ekf_params_slope.yaml
-- Installing: /home/manel/psolar_ws/install/psolar_localization/share/psolar_localization//config/navsat_params.yaml
-- Installing: /home/manel/psolar_ws/install/psolar_localization/lib/psolar_localization/gps_tilted_publisher
-- Set runtime path of "/home/manel/psolar_ws/install/psolar_localization/lib/psolar_localization/gps_tilted_publisher" to ""
-- Installing: /home/manel/psolar_ws/install/psolar_localization/lib/psolar_localization/odom_tilted_publisher
-- Set runtime path of "/home/manel/psolar_ws/install/psolar_localization/lib/psolar_localization/odom_tilted_publisher" to ""
-- Installing: /home/manel/psolar_ws/install/psolar_localization/lib/psolar_localization/tilted_frames_publisher
-- Set runtime path of "/home/manel/psolar_ws/install/psolar_localization/lib/psolar_localization/tilted_frames_publisher" to ""
-- Installing: /home/manel/psolar_ws/install/psolar_localization/share/ament_index/resource_index/package_run_dependencies/psolar_localization
-- Installing: /home/manel/psolar_ws/install/psolar_localization/share/ament_index/resource_index/parent_prefix_path/psolar_localization
-- Installing: /home/manel/psolar_ws/install/psolar_localization/share/psolar_localization/environment/ament_prefix_path.sh
-- Installing: /home/manel/psolar_ws/install/psolar_localization/share/psolar_localization/environment/ament_prefix_path.dsv
-- Installing: /home/manel/psolar_ws/install/psolar_localization/share/psolar_localization/environment/path.sh
-- Installing: /home/manel/psolar_ws/install/psolar_localization/share/psolar_localization/environment/path.dsv
-- Installing: /home/manel/psolar_ws/install/psolar_localization/share/psolar_localization/local_setup.bash
-- Installing: /home/manel/psolar_ws/install/psolar_localization/share/psolar_localization/local_setup.sh
-- Installing: /home/manel/psolar_ws/install/psolar_localization/share/psolar_localization/local_setup.zsh
-- Installing: /home/manel/psolar_ws/install/psolar_localization/share/psolar_localization/local_setup.dsv
-- Installing: /home/manel/psolar_ws/install/psolar_localization/share/psolar_localization/package.dsv
-- Installing: /home/manel/psolar_ws/install/psolar_localization/share/ament_index/resource_index/packages/psolar_localization
-- Installing: /home/manel/psolar_ws/install/psolar_localization/share/psolar_localization/cmake/psolar_localizationConfig.cmake
-- Installing: /home/manel/psolar_ws/install/psolar_localization/share/psolar_localization/cmake/psolar_localizationConfig-version.cmake
-- Installing: /home/manel/psolar_ws/install/psolar_localization/share/psolar_localization/package.xml
