[0.023s] Invoking command in '/home/manel/psolar_ws/build/psolar_localization': CMAKE_PREFIX_PATH=/opt/ros/humble /usr/bin/cmake --build /home/manel/psolar_ws/build/psolar_localization -- -j12 -l12
[0.045s] -- Found ament_cmake: 1.3.11 (/opt/ros/humble/share/ament_cmake/cmake)
[0.264s] -- Found rclcpp: 16.0.11 (/opt/ros/humble/share/rclcpp/cmake)
[0.327s] -- Found rosidl_generator_c: 3.1.6 (/opt/ros/humble/share/rosidl_generator_c/cmake)
[0.330s] -- Found rosidl_adapter: 3.1.6 (/opt/ros/humble/share/rosidl_adapter/cmake)
[0.338s] -- Found rosidl_generator_cpp: 3.1.6 (/opt/ros/humble/share/rosidl_generator_cpp/cmake)
[0.355s] -- Using all available rosidl_typesupport_c: rosidl_typesupport_fastrtps_c;rosidl_typesupport_introspection_c
[0.379s] -- Using all available rosidl_typesupport_cpp: rosidl_typesupport_fastrtps_cpp;rosidl_typesupport_introspection_cpp
[0.425s] -- Found rmw_implementation_cmake: 6.1.2 (/opt/ros/humble/share/rmw_implementation_cmake/cmake)
[0.427s] -- Found rmw_fastrtps_cpp: 6.2.7 (/opt/ros/humble/share/rmw_fastrtps_cpp/cmake)
[0.544s] -- Using RMW implementation 'rmw_fastrtps_cpp' as default
[0.601s] -- Found nav_msgs: 4.2.4 (/opt/ros/humble/share/nav_msgs/cmake)
[0.644s] -- Found tf2: 0.25.12 (/opt/ros/humble/share/tf2/cmake)
[0.650s] -- Found tf2_ros: 0.25.12 (/opt/ros/humble/share/tf2_ros/cmake)
[0.798s] -- Found tf2_geometry_msgs: 0.25.15 (/opt/ros/humble/share/tf2_geometry_msgs/cmake)
[0.807s] -- Found eigen3_cmake_module: 0.1.1 (/opt/ros/humble/share/eigen3_cmake_module/cmake)
[0.812s] -- Ensuring Eigen3 include directory is part of orocos-kdl CMake target
[0.829s] -- Found ament_lint_auto: 0.12.11 (/opt/ros/humble/share/ament_lint_auto/cmake)
[0.972s] -- Added test 'cppcheck' to perform static code analysis on C / C++ code
[0.972s] -- Configured cppcheck include dirs: /home/manel/psolar_ws/src/psolar_localization/include
[0.972s] -- Configured cppcheck exclude dirs and/or files: 
[0.974s] -- Added test 'flake8' to check Python code syntax and style conventions
[0.974s] -- Added test 'lint_cmake' to check CMake code style
[0.974s] -- Added test 'pep257' to check Python code against some of the docstring style conventions in PEP 257
[0.975s] -- Added test 'uncrustify' to check C / C++ code style
[0.975s] -- Configured uncrustify additional arguments: 
[0.976s] -- Added test 'xmllint' to check XML markup files
[0.976s] -- Configuring done
[1.001s] -- Generating done
[1.015s] -- Build files have been written to: /home/manel/psolar_ws/build/psolar_localization
[1.055s] [35m[1mConsolidate compiler generated dependencies of target odom_tilted_publisher[0m
[1.057s] [35m[1mConsolidate compiler generated dependencies of target tilted_frames_publisher[0m
[1.076s] [ 16%] [32mBuilding CXX object CMakeFiles/gps_tilted_publisher.dir/src/gps_tilted_publisher.cpp.o[0m
[1.084s] [ 50%] Built target odom_tilted_publisher
[1.094s] [ 83%] Built target tilted_frames_publisher
[10.248s] [100%] [32m[1mLinking CXX executable gps_tilted_publisher[0m
[10.751s] [100%] Built target gps_tilted_publisher
[10.762s] Invoked command in '/home/manel/psolar_ws/build/psolar_localization' returned '0': CMAKE_PREFIX_PATH=/opt/ros/humble /usr/bin/cmake --build /home/manel/psolar_ws/build/psolar_localization -- -j12 -l12
[10.763s] Invoking command in '/home/manel/psolar_ws/build/psolar_localization': CMAKE_PREFIX_PATH=/opt/ros/humble /usr/bin/cmake --install /home/manel/psolar_ws/build/psolar_localization
[10.769s] -- Install configuration: ""
[10.769s] -- Installing: /home/manel/psolar_ws/install/psolar_localization/share/psolar_localization//launch
[10.769s] -- Installing: /home/manel/psolar_ws/install/psolar_localization/share/psolar_localization//launch/dual_ekf_navsat.launch.py
[10.770s] -- Installing: /home/manel/psolar_ws/install/psolar_localization/share/psolar_localization//launch/localization_on_slope.launch.py
[10.770s] -- Installing: /home/manel/psolar_ws/install/psolar_localization/share/psolar_localization//config
[10.770s] -- Installing: /home/manel/psolar_ws/install/psolar_localization/share/psolar_localization//config/global_ekf_params_slope.yaml
[10.770s] -- Installing: /home/manel/psolar_ws/install/psolar_localization/share/psolar_localization//config/global_ekf_params.yaml
[10.770s] -- Installing: /home/manel/psolar_ws/install/psolar_localization/share/psolar_localization//config/navsat_params_slope.yaml
[10.770s] -- Installing: /home/manel/psolar_ws/install/psolar_localization/share/psolar_localization//config/local_ekf_params.yaml
[10.770s] -- Installing: /home/manel/psolar_ws/install/psolar_localization/share/psolar_localization//config/local_ekf_params_slope.yaml
[10.770s] -- Installing: /home/manel/psolar_ws/install/psolar_localization/share/psolar_localization//config/navsat_params.yaml
[10.770s] -- Installing: /home/manel/psolar_ws/install/psolar_localization/lib/psolar_localization/gps_tilted_publisher
[10.772s] -- Set runtime path of "/home/manel/psolar_ws/install/psolar_localization/lib/psolar_localization/gps_tilted_publisher" to ""
[10.772s] -- Installing: /home/manel/psolar_ws/install/psolar_localization/lib/psolar_localization/odom_tilted_publisher
[10.775s] -- Set runtime path of "/home/manel/psolar_ws/install/psolar_localization/lib/psolar_localization/odom_tilted_publisher" to ""
[10.775s] -- Installing: /home/manel/psolar_ws/install/psolar_localization/lib/psolar_localization/tilted_frames_publisher
[10.776s] -- Set runtime path of "/home/manel/psolar_ws/install/psolar_localization/lib/psolar_localization/tilted_frames_publisher" to ""
[10.776s] -- Installing: /home/manel/psolar_ws/install/psolar_localization/share/ament_index/resource_index/package_run_dependencies/psolar_localization
[10.776s] -- Installing: /home/manel/psolar_ws/install/psolar_localization/share/ament_index/resource_index/parent_prefix_path/psolar_localization
[10.776s] -- Installing: /home/manel/psolar_ws/install/psolar_localization/share/psolar_localization/environment/ament_prefix_path.sh
[10.776s] -- Installing: /home/manel/psolar_ws/install/psolar_localization/share/psolar_localization/environment/ament_prefix_path.dsv
[10.776s] -- Installing: /home/manel/psolar_ws/install/psolar_localization/share/psolar_localization/environment/path.sh
[10.776s] -- Installing: /home/manel/psolar_ws/install/psolar_localization/share/psolar_localization/environment/path.dsv
[10.776s] -- Installing: /home/manel/psolar_ws/install/psolar_localization/share/psolar_localization/local_setup.bash
[10.777s] -- Installing: /home/manel/psolar_ws/install/psolar_localization/share/psolar_localization/local_setup.sh
[10.777s] -- Installing: /home/manel/psolar_ws/install/psolar_localization/share/psolar_localization/local_setup.zsh
[10.777s] -- Installing: /home/manel/psolar_ws/install/psolar_localization/share/psolar_localization/local_setup.dsv
[10.777s] -- Installing: /home/manel/psolar_ws/install/psolar_localization/share/psolar_localization/package.dsv
[10.777s] -- Installing: /home/manel/psolar_ws/install/psolar_localization/share/ament_index/resource_index/packages/psolar_localization
[10.777s] -- Installing: /home/manel/psolar_ws/install/psolar_localization/share/psolar_localization/cmake/psolar_localizationConfig.cmake
[10.777s] -- Installing: /home/manel/psolar_ws/install/psolar_localization/share/psolar_localization/cmake/psolar_localizationConfig-version.cmake
[10.777s] -- Installing: /home/manel/psolar_ws/install/psolar_localization/share/psolar_localization/package.xml
[10.780s] Invoked command in '/home/manel/psolar_ws/build/psolar_localization' returned '0': CMAKE_PREFIX_PATH=/opt/ros/humble /usr/bin/cmake --install /home/manel/psolar_ws/build/psolar_localization
