-- The C compiler identification is GNU 11.4.0
-- The CXX compiler identification is GNU 11.4.0
-- Detecting C compiler ABI info
-- Detecting C compiler ABI info - done
-- Check for working C compiler: /usr/bin/cc - skipped
-- Detecting C compile features
-- Detecting C compile features - done
-- Detecting CXX compiler ABI info
-- Detecting CXX compiler ABI info - done
-- Check for working CXX compiler: /usr/bin/c++ - skipped
-- Detecting CXX compile features
-- Detecting CXX compile features - done
-- Found ament_cmake: 1.3.11 (/opt/ros/humble/share/ament_cmake/cmake)
-- Found Python3: /usr/bin/python3 (found version "3.10.12") found components: Interpreter 
-- Found nav2_common: 1.1.18 (/opt/ros/humble/share/nav2_common/cmake)
-- Found rclcpp: 16.0.11 (/opt/ros/humble/share/rclcpp/cmake)
-- Found rosidl_generator_c: 3.1.6 (/opt/ros/humble/share/rosidl_generator_c/cmake)
-- Found rosidl_adapter: 3.1.6 (/opt/ros/humble/share/rosidl_adapter/cmake)
-- Found rosidl_generator_cpp: 3.1.6 (/opt/ros/humble/share/rosidl_generator_cpp/cmake)
-- Using all available rosidl_typesupport_c: rosidl_typesupport_fastrtps_c;rosidl_typesupport_introspection_c
-- Using all available rosidl_typesupport_cpp: rosidl_typesupport_fastrtps_cpp;rosidl_typesupport_introspection_cpp
-- Found rmw_implementation_cmake: 6.1.2 (/opt/ros/humble/share/rmw_implementation_cmake/cmake)
-- Found rmw_fastrtps_cpp: 6.2.7 (/opt/ros/humble/share/rmw_fastrtps_cpp/cmake)
-- Found OpenSSL: /usr/lib/x86_64-linux-gnu/libcrypto.so (found version "3.0.2")  
-- Found FastRTPS: /opt/ros/humble/include  
-- Using RMW implementation 'rmw_fastrtps_cpp' as default
-- Looking for pthread.h
-- Looking for pthread.h - found
-- Performing Test CMAKE_HAVE_LIBC_PTHREAD
-- Performing Test CMAKE_HAVE_LIBC_PTHREAD - Success
-- Found Threads: TRUE  
-- Found rclcpp_action: 16.0.11 (/opt/ros/humble/share/rclcpp_action/cmake)
-- Found rclcpp_lifecycle: 16.0.11 (/opt/ros/humble/share/rclcpp_lifecycle/cmake)
-- Found rclcpp_components: 16.0.11 (/opt/ros/humble/share/rclcpp_components/cmake)
-- Found geometry_msgs: 4.2.4 (/opt/ros/humble/share/geometry_msgs/cmake)
-- Found nav2_behavior_tree: 1.1.18 (/opt/ros/humble/share/nav2_behavior_tree/cmake)
-- Found eigen3_cmake_module: 0.1.1 (/opt/ros/humble/share/eigen3_cmake_module/cmake)
-- Found Eigen3: TRUE (found version "3.4.0") 
-- Ensuring Eigen3 include directory is part of orocos-kdl CMake target
-- Found nav2_core: 1.1.18 (/opt/ros/humble/share/nav2_core/cmake)
-- Setting build type to Release as none was specified.
-- Found ament_lint_auto: 0.12.11 (/opt/ros/humble/share/ament_lint_auto/cmake)
-- Added test 'copyright' to check source files copyright and LICENSE
-- Added test 'cppcheck' to perform static code analysis on C / C++ code
-- Configured cppcheck include dirs: /home/manel/psolar_ws/src/opennav_coverage/backported_bt_navigator/include
-- Configured cppcheck exclude dirs and/or files: 
-- Added test 'cpplint' to check C / C++ code against the Google style
-- Configured cpplint exclude dirs and/or files: 
-- Added test 'lint_cmake' to check CMake code style
-- Added test 'uncrustify' to check C / C++ code style
-- Configured uncrustify additional arguments: 
-- Added test 'xmllint' to check XML markup files
-- Configuring done
-- Generating done
-- Build files have been written to: /home/manel/psolar_ws/build/backported_bt_navigator
[ 12%] [32mBuilding CXX object CMakeFiles/nav2_navigate_to_pose_navigator.dir/src/navigators/navigate_to_pose.cpp.o[0m
[ 25%] [32mBuilding CXX object CMakeFiles/nav2_navigate_through_poses.dir/src/navigators/navigate_through_poses.cpp.o[0m
[ 37%] [32mBuilding CXX object CMakeFiles/bt_navigator_core.dir/src/bt_navigator.cpp.o[0m
[ 50%] [32m[1mLinking CXX shared library libnav2_navigate_through_poses.so[0m
[ 50%] Built target nav2_navigate_through_poses
[ 62%] [32m[1mLinking CXX shared library libbt_navigator_core.so[0m
[ 62%] Built target bt_navigator_core
[ 75%] [32mBuilding CXX object CMakeFiles/bt_navigator.dir/src/main.cpp.o[0m
[ 87%] [32m[1mLinking CXX shared library libnav2_navigate_to_pose_navigator.so[0m
[ 87%] Built target nav2_navigate_to_pose_navigator
[100%] [32m[1mLinking CXX executable bt_navigator[0m
[100%] Built target bt_navigator
-- Install configuration: "Release"
-- Installing: /home/manel/psolar_ws/install/backported_bt_navigator/share/backported_bt_navigator/navigator_plugins.xml
-- Installing: /home/manel/psolar_ws/install/backported_bt_navigator/lib/libbt_navigator_core.so
-- Set runtime path of "/home/manel/psolar_ws/install/backported_bt_navigator/lib/libbt_navigator_core.so" to ""
-- Installing: /home/manel/psolar_ws/install/backported_bt_navigator/lib/libnav2_navigate_to_pose_navigator.so
-- Set runtime path of "/home/manel/psolar_ws/install/backported_bt_navigator/lib/libnav2_navigate_to_pose_navigator.so" to ""
-- Installing: /home/manel/psolar_ws/install/backported_bt_navigator/lib/libnav2_navigate_through_poses.so
-- Set runtime path of "/home/manel/psolar_ws/install/backported_bt_navigator/lib/libnav2_navigate_through_poses.so" to ""
-- Installing: /home/manel/psolar_ws/install/backported_bt_navigator/lib/backported_bt_navigator/bt_navigator
-- Set runtime path of "/home/manel/psolar_ws/install/backported_bt_navigator/lib/backported_bt_navigator/bt_navigator" to ""
-- Installing: /home/manel/psolar_ws/install/backported_bt_navigator/include/
-- Installing: /home/manel/psolar_ws/install/backported_bt_navigator/include//backported_bt_navigator
-- Installing: /home/manel/psolar_ws/install/backported_bt_navigator/include//backported_bt_navigator/navigators
-- Installing: /home/manel/psolar_ws/install/backported_bt_navigator/include//backported_bt_navigator/navigators/navigate_to_pose.hpp
-- Installing: /home/manel/psolar_ws/install/backported_bt_navigator/include//backported_bt_navigator/navigators/navigate_through_poses.hpp
-- Installing: /home/manel/psolar_ws/install/backported_bt_navigator/include//backported_bt_navigator/bt_navigator.hpp
-- Installing: /home/manel/psolar_ws/install/backported_bt_navigator/include//backported_bt_navigator/behavior_tree_navigator.hpp
-- Installing: /home/manel/psolar_ws/install/backported_bt_navigator/share/backported_bt_navigator/environment/library_path.sh
-- Installing: /home/manel/psolar_ws/install/backported_bt_navigator/share/backported_bt_navigator/environment/library_path.dsv
-- Installing: /home/manel/psolar_ws/install/backported_bt_navigator/share/ament_index/resource_index/package_run_dependencies/backported_bt_navigator
-- Installing: /home/manel/psolar_ws/install/backported_bt_navigator/share/ament_index/resource_index/parent_prefix_path/backported_bt_navigator
-- Installing: /home/manel/psolar_ws/install/backported_bt_navigator/share/backported_bt_navigator/environment/ament_prefix_path.sh
-- Installing: /home/manel/psolar_ws/install/backported_bt_navigator/share/backported_bt_navigator/environment/ament_prefix_path.dsv
-- Installing: /home/manel/psolar_ws/install/backported_bt_navigator/share/backported_bt_navigator/environment/path.sh
-- Installing: /home/manel/psolar_ws/install/backported_bt_navigator/share/backported_bt_navigator/environment/path.dsv
-- Installing: /home/manel/psolar_ws/install/backported_bt_navigator/share/backported_bt_navigator/local_setup.bash
-- Installing: /home/manel/psolar_ws/install/backported_bt_navigator/share/backported_bt_navigator/local_setup.sh
-- Installing: /home/manel/psolar_ws/install/backported_bt_navigator/share/backported_bt_navigator/local_setup.zsh
-- Installing: /home/manel/psolar_ws/install/backported_bt_navigator/share/backported_bt_navigator/local_setup.dsv
-- Installing: /home/manel/psolar_ws/install/backported_bt_navigator/share/backported_bt_navigator/package.dsv
-- Installing: /home/manel/psolar_ws/install/backported_bt_navigator/share/ament_index/resource_index/packages/backported_bt_navigator
-- Installing: /home/manel/psolar_ws/install/backported_bt_navigator/share/ament_index/resource_index/backported_bt_navigator__pluginlib__plugin/backported_bt_navigator
-- Installing: /home/manel/psolar_ws/install/backported_bt_navigator/share/ament_index/resource_index/rclcpp_components/backported_bt_navigator
-- Installing: /home/manel/psolar_ws/install/backported_bt_navigator/share/backported_bt_navigator/cmake/ament_cmake_export_include_directories-extras.cmake
-- Installing: /home/manel/psolar_ws/install/backported_bt_navigator/share/backported_bt_navigator/cmake/ament_cmake_export_libraries-extras.cmake
-- Installing: /home/manel/psolar_ws/install/backported_bt_navigator/share/backported_bt_navigator/cmake/ament_cmake_export_dependencies-extras.cmake
-- Installing: /home/manel/psolar_ws/install/backported_bt_navigator/share/backported_bt_navigator/cmake/backported_bt_navigatorConfig.cmake
-- Installing: /home/manel/psolar_ws/install/backported_bt_navigator/share/backported_bt_navigator/cmake/backported_bt_navigatorConfig-version.cmake
-- Installing: /home/manel/psolar_ws/install/backported_bt_navigator/share/backported_bt_navigator/package.xml
