[0.031s] Invoking command in '/home/manel/psolar_ws/build/psolar_gazebo': CMAKE_PREFIX_PATH=/opt/ros/humble /usr/bin/cmake --build /home/manel/psolar_ws/build/psolar_gazebo -- -j12 -l12
[0.196s] [100%] Built target turtlebot3_drive
[0.361s] Invoked command in '/home/manel/psolar_ws/build/psolar_gazebo' returned '0': CMAKE_PREFIX_PATH=/opt/ros/humble /usr/bin/cmake --build /home/manel/psolar_ws/build/psolar_gazebo -- -j12 -l12
[0.363s] Invoking command in '/home/manel/psolar_ws/build/psolar_gazebo': CMAKE_PREFIX_PATH=/opt/ros/humble /usr/bin/cmake --install /home/manel/psolar_ws/build/psolar_gazebo
[0.396s] -- Install configuration: ""
[0.399s] -- Up-to-date: /home/manel/psolar_ws/install/psolar_gazebo/lib/psolar_gazebo/turtlebot3_drive
[0.400s] -- Up-to-date: /home/manel/psolar_ws/install/psolar_gazebo/share/psolar_gazebo//launch
[0.401s] -- Up-to-date: /home/manel/psolar_ws/install/psolar_gazebo/share/psolar_gazebo//launch/turtlebot3_world.launch.py
[0.401s] -- Up-to-date: /home/manel/psolar_ws/install/psolar_gazebo/share/psolar_gazebo//launch/robot_state_publisher.launch.py
[0.401s] -- Up-to-date: /home/manel/psolar_ws/install/psolar_gazebo/share/psolar_gazebo//launch/spawn_turtlebot3.launch.py
[0.401s] -- Up-to-date: /home/manel/psolar_ws/install/psolar_gazebo/share/psolar_gazebo//launch/empty_world.launch.py
[0.401s] -- Up-to-date: /home/manel/psolar_ws/install/psolar_gazebo/share/psolar_gazebo//models
[0.402s] -- Up-to-date: /home/manel/psolar_ws/install/psolar_gazebo/share/psolar_gazebo//models/turtlebot3_common
[0.402s] -- Up-to-date: /home/manel/psolar_ws/install/psolar_gazebo/share/psolar_gazebo//models/turtlebot3_common/model.config
[0.402s] -- Up-to-date: /home/manel/psolar_ws/install/psolar_gazebo/share/psolar_gazebo//models/turtlebot3_common/meshes
[0.406s] -- Up-to-date: /home/manel/psolar_ws/install/psolar_gazebo/share/psolar_gazebo//models/turtlebot3_common/meshes/solar_panel1.dae
[0.407s] -- Up-to-date: /home/manel/psolar_ws/install/psolar_gazebo/share/psolar_gazebo//models/turtlebot3_common/meshes/waffle_base.dae
[0.407s] -- Up-to-date: /home/manel/psolar_ws/install/psolar_gazebo/share/psolar_gazebo//models/turtlebot3_common/meshes/burger_base.dae
[0.407s] -- Up-to-date: /home/manel/psolar_ws/install/psolar_gazebo/share/psolar_gazebo//models/turtlebot3_common/meshes/gps.STL
[0.407s] -- Up-to-date: /home/manel/psolar_ws/install/psolar_gazebo/share/psolar_gazebo//models/turtlebot3_common/meshes/panel.dae
[0.407s] -- Up-to-date: /home/manel/psolar_ws/install/psolar_gazebo/share/psolar_gazebo//models/turtlebot3_common/meshes/bases
[0.408s] -- Up-to-date: /home/manel/psolar_ws/install/psolar_gazebo/share/psolar_gazebo//models/turtlebot3_common/meshes/bases/burger_base.stl
[0.408s] -- Up-to-date: /home/manel/psolar_ws/install/psolar_gazebo/share/psolar_gazebo//models/turtlebot3_common/meshes/bases/waffle_pi_base.stl
[0.408s] -- Up-to-date: /home/manel/psolar_ws/install/psolar_gazebo/share/psolar_gazebo//models/turtlebot3_common/meshes/bases/waffle_base.stl
[0.408s] -- Up-to-date: /home/manel/psolar_ws/install/psolar_gazebo/share/psolar_gazebo//models/turtlebot3_common/meshes/pp00.dae
[0.408s] -- Up-to-date: /home/manel/psolar_ws/install/psolar_gazebo/share/psolar_gazebo//models/turtlebot3_common/meshes/solar_origin.dae
[0.409s] -- Up-to-date: /home/manel/psolar_ws/install/psolar_gazebo/share/psolar_gazebo//models/turtlebot3_common/meshes/sensors
[0.409s] -- Up-to-date: /home/manel/psolar_ws/install/psolar_gazebo/share/psolar_gazebo//models/turtlebot3_common/meshes/sensors/lds.stl
[0.409s] -- Up-to-date: /home/manel/psolar_ws/install/psolar_gazebo/share/psolar_gazebo//models/turtlebot3_common/meshes/sensors/astra.jpg
[0.409s] -- Up-to-date: /home/manel/psolar_ws/install/psolar_gazebo/share/psolar_gazebo//models/turtlebot3_common/meshes/sensors/r200.dae
[0.409s] -- Up-to-date: /home/manel/psolar_ws/install/psolar_gazebo/share/psolar_gazebo//models/turtlebot3_common/meshes/sensors/astra.dae
[0.410s] -- Up-to-date: /home/manel/psolar_ws/install/psolar_gazebo/share/psolar_gazebo//models/turtlebot3_common/meshes/sensors/r200.jpg
[0.410s] -- Up-to-date: /home/manel/psolar_ws/install/psolar_gazebo/share/psolar_gazebo//models/turtlebot3_common/meshes/20degres.STL
[0.416s] -- Up-to-date: /home/manel/psolar_ws/install/psolar_gazebo/share/psolar_gazebo//models/turtlebot3_common/meshes/waffle_pi_base.dae
[0.428s] -- Up-to-date: /home/manel/psolar_ws/install/psolar_gazebo/share/psolar_gazebo//models/turtlebot3_common/meshes/r200.dae
[0.428s] -- Up-to-date: /home/manel/psolar_ws/install/psolar_gazebo/share/psolar_gazebo//models/turtlebot3_common/meshes/solar_panel1.blend
[0.429s] -- Up-to-date: /home/manel/psolar_ws/install/psolar_gazebo/share/psolar_gazebo//models/turtlebot3_common/meshes/solarpanel.dae
[0.429s] -- Up-to-date: /home/manel/psolar_ws/install/psolar_gazebo/share/psolar_gazebo//models/turtlebot3_common/meshes/solar_panel.dae
[0.429s] -- Up-to-date: /home/manel/psolar_ws/install/psolar_gazebo/share/psolar_gazebo//models/turtlebot3_common/meshes/solar_panel_10deg.dae
[0.429s] -- Up-to-date: /home/manel/psolar_ws/install/psolar_gazebo/share/psolar_gazebo//models/turtlebot3_common/meshes/lds.dae
[0.429s] -- Up-to-date: /home/manel/psolar_ws/install/psolar_gazebo/share/psolar_gazebo//models/turtlebot3_common/meshes/tire.dae
[0.429s] -- Up-to-date: /home/manel/psolar_ws/install/psolar_gazebo/share/psolar_gazebo//models/turtlebot3_common/meshes/wheels
[0.430s] -- Up-to-date: /home/manel/psolar_ws/install/psolar_gazebo/share/psolar_gazebo//models/turtlebot3_common/meshes/wheels/left_tire.stl
[0.430s] -- Up-to-date: /home/manel/psolar_ws/install/psolar_gazebo/share/psolar_gazebo//models/turtlebot3_common/meshes/wheels/right_tire.stl
[0.430s] -- Up-to-date: /home/manel/psolar_ws/install/psolar_gazebo/share/psolar_gazebo//models/turtlebot3_waffle
[0.430s] -- Up-to-date: /home/manel/psolar_ws/install/psolar_gazebo/share/psolar_gazebo//models/turtlebot3_waffle/model.sdf
[0.430s] -- Up-to-date: /home/manel/psolar_ws/install/psolar_gazebo/share/psolar_gazebo//models/turtlebot3_waffle/model.config
[0.431s] -- Up-to-date: /home/manel/psolar_ws/install/psolar_gazebo/share/psolar_gazebo//rviz
[0.431s] -- Up-to-date: /home/manel/psolar_ws/install/psolar_gazebo/share/psolar_gazebo//rviz/tb3_gazebo.rviz
[0.447s] -- Up-to-date: /home/manel/psolar_ws/install/psolar_gazebo/share/psolar_gazebo//urdf
[0.447s] -- Up-to-date: /home/manel/psolar_ws/install/psolar_gazebo/share/psolar_gazebo//urdf/turtlebot3_burger_cam.urdf
[0.452s] -- Up-to-date: /home/manel/psolar_ws/install/psolar_gazebo/share/psolar_gazebo//urdf/turtlebot3_waffle.urdf
[0.453s] -- Up-to-date: /home/manel/psolar_ws/install/psolar_gazebo/share/psolar_gazebo//urdf/common_properties.urdf
[0.453s] -- Up-to-date: /home/manel/psolar_ws/install/psolar_gazebo/share/psolar_gazebo//urdf/turtlebot3_waffle_pi.urdf
[0.453s] -- Up-to-date: /home/manel/psolar_ws/install/psolar_gazebo/share/psolar_gazebo//urdf/turtlebot3_burger.urdf
[0.453s] -- Up-to-date: /home/manel/psolar_ws/install/psolar_gazebo/share/psolar_gazebo//worlds
[0.453s] -- Up-to-date: /home/manel/psolar_ws/install/psolar_gazebo/share/psolar_gazebo//worlds/empty_world.world
[0.453s] -- Up-to-date: /home/manel/psolar_ws/install/psolar_gazebo/share/psolar_gazebo//worlds/solar_panel_model.xml
[0.454s] -- Up-to-date: /home/manel/psolar_ws/install/psolar_gazebo/share/psolar_gazebo//worlds/materials
[0.454s] -- Up-to-date: /home/manel/psolar_ws/install/psolar_gazebo/share/psolar_gazebo//worlds/materials/textures
[0.454s] -- Up-to-date: /home/manel/psolar_ws/install/psolar_gazebo/share/psolar_gazebo//worlds/materials/textures/solar_panel_img.jpg
[0.454s] -- Up-to-date: /home/manel/psolar_ws/install/psolar_gazebo/share/psolar_gazebo//params
[0.454s] -- Up-to-date: /home/manel/psolar_ws/install/psolar_gazebo/share/psolar_gazebo//params/turtlebot3_waffle_bridge.yaml
[0.454s] -- Up-to-date: /home/manel/psolar_ws/install/psolar_gazebo/include/
[0.455s] -- Up-to-date: /home/manel/psolar_ws/install/psolar_gazebo/include//psolar_gazebo
[0.455s] -- Up-to-date: /home/manel/psolar_ws/install/psolar_gazebo/include//psolar_gazebo/turtlebot3_drive.hpp
[0.455s] -- Up-to-date: /home/manel/psolar_ws/install/psolar_gazebo/share/ament_index/resource_index/package_run_dependencies/psolar_gazebo
[0.455s] -- Up-to-date: /home/manel/psolar_ws/install/psolar_gazebo/share/ament_index/resource_index/parent_prefix_path/psolar_gazebo
[0.455s] -- Up-to-date: /home/manel/psolar_ws/install/psolar_gazebo/share/psolar_gazebo/environment/ament_prefix_path.sh
[0.455s] -- Up-to-date: /home/manel/psolar_ws/install/psolar_gazebo/share/psolar_gazebo/environment/ament_prefix_path.dsv
[0.456s] -- Up-to-date: /home/manel/psolar_ws/install/psolar_gazebo/share/psolar_gazebo/environment/path.sh
[0.456s] -- Up-to-date: /home/manel/psolar_ws/install/psolar_gazebo/share/psolar_gazebo/environment/path.dsv
[0.462s] -- Up-to-date: /home/manel/psolar_ws/install/psolar_gazebo/share/psolar_gazebo/local_setup.bash
[0.462s] -- Up-to-date: /home/manel/psolar_ws/install/psolar_gazebo/share/psolar_gazebo/local_setup.sh
[0.462s] -- Up-to-date: /home/manel/psolar_ws/install/psolar_gazebo/share/psolar_gazebo/local_setup.zsh
[0.462s] -- Up-to-date: /home/manel/psolar_ws/install/psolar_gazebo/share/psolar_gazebo/local_setup.dsv
[0.462s] -- Installing: /home/manel/psolar_ws/install/psolar_gazebo/share/psolar_gazebo/package.dsv
[0.463s] -- Up-to-date: /home/manel/psolar_ws/install/psolar_gazebo/share/ament_index/resource_index/packages/psolar_gazebo
[0.463s] -- Up-to-date: /home/manel/psolar_ws/install/psolar_gazebo/share/psolar_gazebo/cmake/ament_cmake_export_include_directories-extras.cmake
[0.463s] -- Up-to-date: /home/manel/psolar_ws/install/psolar_gazebo/share/psolar_gazebo/cmake/ament_cmake_export_dependencies-extras.cmake
[0.463s] -- Up-to-date: /home/manel/psolar_ws/install/psolar_gazebo/share/psolar_gazebo/cmake/psolar_gazeboConfig.cmake
[0.463s] -- Up-to-date: /home/manel/psolar_ws/install/psolar_gazebo/share/psolar_gazebo/cmake/psolar_gazeboConfig-version.cmake
[0.465s] -- Up-to-date: /home/manel/psolar_ws/install/psolar_gazebo/share/psolar_gazebo/package.xml
[0.528s] Invoked command in '/home/manel/psolar_ws/build/psolar_gazebo' returned '0': CMAKE_PREFIX_PATH=/opt/ros/humble /usr/bin/cmake --install /home/manel/psolar_ws/build/psolar_gazebo
