[0.100s] DEBUG:colcon:Command line arguments: ['/usr/bin/colcon', 'build']
[0.101s] DEBUG:colcon:Parsed command line arguments: Namespace(log_base=None, log_level=None, verb_name='build', build_base='build', install_base='install', merge_install=False, symlink_install=False, test_result_base=None, continue_on_error=False, executor='parallel', parallel_workers=12, event_handlers=None, ignore_user_meta=False, metas=['./colcon.meta'], base_paths=['.'], packages_ignore=None, packages_ignore_regex=None, paths=None, packages_up_to=None, packages_up_to_regex=None, packages_above=None, packages_above_and_dependencies=None, packages_above_depth=None, packages_select_by_dep=None, packages_skip_by_dep=None, packages_skip_up_to=None, packages_select_build_failed=False, packages_skip_build_finished=False, packages_select_test_failures=False, packages_skip_test_passed=False, packages_select=None, packages_skip=None, packages_select_regex=None, packages_skip_regex=None, packages_start=None, packages_end=None, allow_overriding=[], cmake_args=None, cmake_target=None, cmake_target_skip_unavailable=False, cmake_clean_cache=False, cmake_clean_first=False, cmake_force_configure=False, ament_cmake_args=None, catkin_cmake_args=None, catkin_skip_building_tests=False, mixin_files=None, mixin=None, verb_parser=<colcon_mixin.mixin.mixin_argument.MixinArgumentDecorator object at 0x7a0ff3e07370>, verb_extension=<colcon_core.verb.build.BuildVerb object at 0x7a0ff3e06c80>, main=<bound method BuildVerb.main of <colcon_core.verb.build.BuildVerb object at 0x7a0ff3e06c80>>, mixin_verb=('build',))
[0.282s] Level 1:colcon.colcon_core.package_discovery:discover_packages(colcon_meta) check parameters
[0.282s] Level 1:colcon.colcon_core.package_discovery:discover_packages(recursive) check parameters
[0.282s] Level 1:colcon.colcon_core.package_discovery:discover_packages(ignore) check parameters
[0.282s] Level 1:colcon.colcon_core.package_discovery:discover_packages(path) check parameters
[0.282s] Level 1:colcon.colcon_core.package_discovery:discover_packages(colcon_meta) discover
[0.282s] Level 1:colcon.colcon_core.package_discovery:discover_packages(recursive) discover
[0.282s] INFO:colcon.colcon_core.package_discovery:Crawling recursively for packages in '/home/manel/psolar_ws'
[0.282s] Level 1:colcon.colcon_core.package_identification:_identify(.) by extensions ['ignore', 'ignore_ament_install']
[0.283s] Level 1:colcon.colcon_core.package_identification:_identify(.) by extension 'ignore'
[0.283s] Level 1:colcon.colcon_core.package_identification:_identify(.) by extension 'ignore_ament_install'
[0.283s] Level 1:colcon.colcon_core.package_identification:_identify(.) by extensions ['colcon_pkg']
[0.283s] Level 1:colcon.colcon_core.package_identification:_identify(.) by extension 'colcon_pkg'
[0.283s] Level 1:colcon.colcon_core.package_identification:_identify(.) by extensions ['colcon_meta']
[0.283s] Level 1:colcon.colcon_core.package_identification:_identify(.) by extension 'colcon_meta'
[0.283s] Level 1:colcon.colcon_core.package_identification:_identify(.) by extensions ['ros']
[0.283s] Level 1:colcon.colcon_core.package_identification:_identify(.) by extension 'ros'
[0.300s] Level 1:colcon.colcon_core.package_identification:_identify(.) by extensions ['cmake', 'python']
[0.300s] Level 1:colcon.colcon_core.package_identification:_identify(.) by extension 'cmake'
[0.300s] Level 1:colcon.colcon_core.package_identification:_identify(.) by extension 'python'
[0.300s] Level 1:colcon.colcon_core.package_identification:_identify(.) by extensions ['python_setup_py']
[0.300s] Level 1:colcon.colcon_core.package_identification:_identify(.) by extension 'python_setup_py'
[0.300s] Level 1:colcon.colcon_core.package_identification:_identify(build) by extensions ['ignore', 'ignore_ament_install']
[0.300s] Level 1:colcon.colcon_core.package_identification:_identify(build) by extension 'ignore'
[0.301s] Level 1:colcon.colcon_core.package_identification:_identify(build) ignored
[0.301s] Level 1:colcon.colcon_core.package_identification:_identify(install) by extensions ['ignore', 'ignore_ament_install']
[0.301s] Level 1:colcon.colcon_core.package_identification:_identify(install) by extension 'ignore'
[0.301s] Level 1:colcon.colcon_core.package_identification:_identify(install) ignored
[0.301s] Level 1:colcon.colcon_core.package_identification:_identify(log) by extensions ['ignore', 'ignore_ament_install']
[0.301s] Level 1:colcon.colcon_core.package_identification:_identify(log) by extension 'ignore'
[0.301s] Level 1:colcon.colcon_core.package_identification:_identify(log) ignored
[0.301s] Level 1:colcon.colcon_core.package_identification:_identify(src) by extensions ['ignore', 'ignore_ament_install']
[0.301s] Level 1:colcon.colcon_core.package_identification:_identify(src) by extension 'ignore'
[0.301s] Level 1:colcon.colcon_core.package_identification:_identify(src) by extension 'ignore_ament_install'
[0.301s] Level 1:colcon.colcon_core.package_identification:_identify(src) by extensions ['colcon_pkg']
[0.301s] Level 1:colcon.colcon_core.package_identification:_identify(src) by extension 'colcon_pkg'
[0.301s] Level 1:colcon.colcon_core.package_identification:_identify(src) by extensions ['colcon_meta']
[0.301s] Level 1:colcon.colcon_core.package_identification:_identify(src) by extension 'colcon_meta'
[0.301s] Level 1:colcon.colcon_core.package_identification:_identify(src) by extensions ['ros']
[0.301s] Level 1:colcon.colcon_core.package_identification:_identify(src) by extension 'ros'
[0.301s] Level 1:colcon.colcon_core.package_identification:_identify(src) by extensions ['cmake', 'python']
[0.302s] Level 1:colcon.colcon_core.package_identification:_identify(src) by extension 'cmake'
[0.302s] Level 1:colcon.colcon_core.package_identification:_identify(src) by extension 'python'
[0.302s] Level 1:colcon.colcon_core.package_identification:_identify(src) by extensions ['python_setup_py']
[0.302s] Level 1:colcon.colcon_core.package_identification:_identify(src) by extension 'python_setup_py'
[0.302s] Level 1:colcon.colcon_core.package_identification:_identify(src/Fields2Cover) by extensions ['ignore', 'ignore_ament_install']
[0.302s] Level 1:colcon.colcon_core.package_identification:_identify(src/Fields2Cover) by extension 'ignore'
[0.302s] Level 1:colcon.colcon_core.package_identification:_identify(src/Fields2Cover) by extension 'ignore_ament_install'
[0.302s] Level 1:colcon.colcon_core.package_identification:_identify(src/Fields2Cover) by extensions ['colcon_pkg']
[0.302s] Level 1:colcon.colcon_core.package_identification:_identify(src/Fields2Cover) by extension 'colcon_pkg'
[0.302s] Level 1:colcon.colcon_core.package_identification:_identify(src/Fields2Cover) by extensions ['colcon_meta']
[0.302s] Level 1:colcon.colcon_core.package_identification:_identify(src/Fields2Cover) by extension 'colcon_meta'
[0.302s] Level 1:colcon.colcon_core.package_identification:_identify(src/Fields2Cover) by extensions ['ros']
[0.302s] Level 1:colcon.colcon_core.package_identification:_identify(src/Fields2Cover) by extension 'ros'
[0.305s] DEBUG:colcon.colcon_core.package_identification:Package 'src/Fields2Cover' with type 'ros.cmake' and name 'fields2cover'
[0.305s] Level 1:colcon.colcon_core.package_identification:_identify(src/opennav_coverage) by extensions ['ignore', 'ignore_ament_install']
[0.305s] Level 1:colcon.colcon_core.package_identification:_identify(src/opennav_coverage) by extension 'ignore'
[0.305s] Level 1:colcon.colcon_core.package_identification:_identify(src/opennav_coverage) by extension 'ignore_ament_install'
[0.305s] Level 1:colcon.colcon_core.package_identification:_identify(src/opennav_coverage) by extensions ['colcon_pkg']
[0.305s] Level 1:colcon.colcon_core.package_identification:_identify(src/opennav_coverage) by extension 'colcon_pkg'
[0.305s] Level 1:colcon.colcon_core.package_identification:_identify(src/opennav_coverage) by extensions ['colcon_meta']
[0.305s] Level 1:colcon.colcon_core.package_identification:_identify(src/opennav_coverage) by extension 'colcon_meta'
[0.305s] Level 1:colcon.colcon_core.package_identification:_identify(src/opennav_coverage) by extensions ['ros']
[0.305s] Level 1:colcon.colcon_core.package_identification:_identify(src/opennav_coverage) by extension 'ros'
[0.305s] Level 1:colcon.colcon_core.package_identification:_identify(src/opennav_coverage) by extensions ['cmake', 'python']
[0.305s] Level 1:colcon.colcon_core.package_identification:_identify(src/opennav_coverage) by extension 'cmake'
[0.305s] Level 1:colcon.colcon_core.package_identification:_identify(src/opennav_coverage) by extension 'python'
[0.305s] Level 1:colcon.colcon_core.package_identification:_identify(src/opennav_coverage) by extensions ['python_setup_py']
[0.305s] Level 1:colcon.colcon_core.package_identification:_identify(src/opennav_coverage) by extension 'python_setup_py'
[0.305s] Level 1:colcon.colcon_core.package_identification:_identify(src/opennav_coverage/backported_bt_navigator) by extensions ['ignore', 'ignore_ament_install']
[0.306s] Level 1:colcon.colcon_core.package_identification:_identify(src/opennav_coverage/backported_bt_navigator) by extension 'ignore'
[0.306s] Level 1:colcon.colcon_core.package_identification:_identify(src/opennav_coverage/backported_bt_navigator) by extension 'ignore_ament_install'
[0.306s] Level 1:colcon.colcon_core.package_identification:_identify(src/opennav_coverage/backported_bt_navigator) by extensions ['colcon_pkg']
[0.306s] Level 1:colcon.colcon_core.package_identification:_identify(src/opennav_coverage/backported_bt_navigator) by extension 'colcon_pkg'
[0.306s] Level 1:colcon.colcon_core.package_identification:_identify(src/opennav_coverage/backported_bt_navigator) by extensions ['colcon_meta']
[0.306s] Level 1:colcon.colcon_core.package_identification:_identify(src/opennav_coverage/backported_bt_navigator) by extension 'colcon_meta'
[0.306s] Level 1:colcon.colcon_core.package_identification:_identify(src/opennav_coverage/backported_bt_navigator) by extensions ['ros']
[0.306s] Level 1:colcon.colcon_core.package_identification:_identify(src/opennav_coverage/backported_bt_navigator) by extension 'ros'
[0.307s] DEBUG:colcon.colcon_core.package_identification:Package 'src/opennav_coverage/backported_bt_navigator' with type 'ros.ament_cmake' and name 'backported_bt_navigator'
[0.307s] Level 1:colcon.colcon_core.package_identification:_identify(src/opennav_coverage/opennav_coverage) by extensions ['ignore', 'ignore_ament_install']
[0.307s] Level 1:colcon.colcon_core.package_identification:_identify(src/opennav_coverage/opennav_coverage) by extension 'ignore'
[0.307s] Level 1:colcon.colcon_core.package_identification:_identify(src/opennav_coverage/opennav_coverage) by extension 'ignore_ament_install'
[0.307s] Level 1:colcon.colcon_core.package_identification:_identify(src/opennav_coverage/opennav_coverage) by extensions ['colcon_pkg']
[0.307s] Level 1:colcon.colcon_core.package_identification:_identify(src/opennav_coverage/opennav_coverage) by extension 'colcon_pkg'
[0.307s] Level 1:colcon.colcon_core.package_identification:_identify(src/opennav_coverage/opennav_coverage) by extensions ['colcon_meta']
[0.307s] Level 1:colcon.colcon_core.package_identification:_identify(src/opennav_coverage/opennav_coverage) by extension 'colcon_meta'
[0.307s] Level 1:colcon.colcon_core.package_identification:_identify(src/opennav_coverage/opennav_coverage) by extensions ['ros']
[0.307s] Level 1:colcon.colcon_core.package_identification:_identify(src/opennav_coverage/opennav_coverage) by extension 'ros'
[0.308s] DEBUG:colcon.colcon_core.package_identification:Package 'src/opennav_coverage/opennav_coverage' with type 'ros.ament_cmake' and name 'opennav_coverage'
[0.308s] Level 1:colcon.colcon_core.package_identification:_identify(src/opennav_coverage/opennav_coverage_bt) by extensions ['ignore', 'ignore_ament_install']
[0.308s] Level 1:colcon.colcon_core.package_identification:_identify(src/opennav_coverage/opennav_coverage_bt) by extension 'ignore'
[0.308s] Level 1:colcon.colcon_core.package_identification:_identify(src/opennav_coverage/opennav_coverage_bt) by extension 'ignore_ament_install'
[0.309s] Level 1:colcon.colcon_core.package_identification:_identify(src/opennav_coverage/opennav_coverage_bt) by extensions ['colcon_pkg']
[0.309s] Level 1:colcon.colcon_core.package_identification:_identify(src/opennav_coverage/opennav_coverage_bt) by extension 'colcon_pkg'
[0.309s] Level 1:colcon.colcon_core.package_identification:_identify(src/opennav_coverage/opennav_coverage_bt) by extensions ['colcon_meta']
[0.309s] Level 1:colcon.colcon_core.package_identification:_identify(src/opennav_coverage/opennav_coverage_bt) by extension 'colcon_meta'
[0.309s] Level 1:colcon.colcon_core.package_identification:_identify(src/opennav_coverage/opennav_coverage_bt) by extensions ['ros']
[0.309s] Level 1:colcon.colcon_core.package_identification:_identify(src/opennav_coverage/opennav_coverage_bt) by extension 'ros'
[0.310s] DEBUG:colcon.colcon_core.package_identification:Package 'src/opennav_coverage/opennav_coverage_bt' with type 'ros.ament_cmake' and name 'opennav_coverage_bt'
[0.310s] Level 1:colcon.colcon_core.package_identification:_identify(src/opennav_coverage/opennav_coverage_demo) by extensions ['ignore', 'ignore_ament_install']
[0.310s] Level 1:colcon.colcon_core.package_identification:_identify(src/opennav_coverage/opennav_coverage_demo) by extension 'ignore'
[0.310s] Level 1:colcon.colcon_core.package_identification:_identify(src/opennav_coverage/opennav_coverage_demo) by extension 'ignore_ament_install'
[0.310s] Level 1:colcon.colcon_core.package_identification:_identify(src/opennav_coverage/opennav_coverage_demo) by extensions ['colcon_pkg']
[0.310s] Level 1:colcon.colcon_core.package_identification:_identify(src/opennav_coverage/opennav_coverage_demo) by extension 'colcon_pkg'
[0.310s] Level 1:colcon.colcon_core.package_identification:_identify(src/opennav_coverage/opennav_coverage_demo) by extensions ['colcon_meta']
[0.310s] Level 1:colcon.colcon_core.package_identification:_identify(src/opennav_coverage/opennav_coverage_demo) by extension 'colcon_meta'
[0.310s] Level 1:colcon.colcon_core.package_identification:_identify(src/opennav_coverage/opennav_coverage_demo) by extensions ['ros']
[0.310s] Level 1:colcon.colcon_core.package_identification:_identify(src/opennav_coverage/opennav_coverage_demo) by extension 'ros'
[0.311s] DEBUG:colcon.colcon_core.package_identification:Package 'src/opennav_coverage/opennav_coverage_demo' with type 'ros.ament_python' and name 'opennav_coverage_demo'
[0.312s] Level 1:colcon.colcon_core.package_identification:_identify(src/opennav_coverage/opennav_coverage_msgs) by extensions ['ignore', 'ignore_ament_install']
[0.312s] Level 1:colcon.colcon_core.package_identification:_identify(src/opennav_coverage/opennav_coverage_msgs) by extension 'ignore'
[0.312s] Level 1:colcon.colcon_core.package_identification:_identify(src/opennav_coverage/opennav_coverage_msgs) by extension 'ignore_ament_install'
[0.312s] Level 1:colcon.colcon_core.package_identification:_identify(src/opennav_coverage/opennav_coverage_msgs) by extensions ['colcon_pkg']
[0.312s] Level 1:colcon.colcon_core.package_identification:_identify(src/opennav_coverage/opennav_coverage_msgs) by extension 'colcon_pkg'
[0.312s] Level 1:colcon.colcon_core.package_identification:_identify(src/opennav_coverage/opennav_coverage_msgs) by extensions ['colcon_meta']
[0.312s] Level 1:colcon.colcon_core.package_identification:_identify(src/opennav_coverage/opennav_coverage_msgs) by extension 'colcon_meta'
[0.312s] Level 1:colcon.colcon_core.package_identification:_identify(src/opennav_coverage/opennav_coverage_msgs) by extensions ['ros']
[0.312s] Level 1:colcon.colcon_core.package_identification:_identify(src/opennav_coverage/opennav_coverage_msgs) by extension 'ros'
[0.313s] DEBUG:colcon.colcon_core.package_identification:Package 'src/opennav_coverage/opennav_coverage_msgs' with type 'ros.ament_cmake' and name 'opennav_coverage_msgs'
[0.313s] Level 1:colcon.colcon_core.package_identification:_identify(src/opennav_coverage/opennav_coverage_navigator) by extensions ['ignore', 'ignore_ament_install']
[0.313s] Level 1:colcon.colcon_core.package_identification:_identify(src/opennav_coverage/opennav_coverage_navigator) by extension 'ignore'
[0.313s] Level 1:colcon.colcon_core.package_identification:_identify(src/opennav_coverage/opennav_coverage_navigator) by extension 'ignore_ament_install'
[0.313s] Level 1:colcon.colcon_core.package_identification:_identify(src/opennav_coverage/opennav_coverage_navigator) by extensions ['colcon_pkg']
[0.313s] Level 1:colcon.colcon_core.package_identification:_identify(src/opennav_coverage/opennav_coverage_navigator) by extension 'colcon_pkg'
[0.313s] Level 1:colcon.colcon_core.package_identification:_identify(src/opennav_coverage/opennav_coverage_navigator) by extensions ['colcon_meta']
[0.313s] Level 1:colcon.colcon_core.package_identification:_identify(src/opennav_coverage/opennav_coverage_navigator) by extension 'colcon_meta'
[0.313s] Level 1:colcon.colcon_core.package_identification:_identify(src/opennav_coverage/opennav_coverage_navigator) by extensions ['ros']
[0.313s] Level 1:colcon.colcon_core.package_identification:_identify(src/opennav_coverage/opennav_coverage_navigator) by extension 'ros'
[0.315s] DEBUG:colcon.colcon_core.package_identification:Package 'src/opennav_coverage/opennav_coverage_navigator' with type 'ros.ament_cmake' and name 'opennav_coverage_navigator'
[0.315s] Level 1:colcon.colcon_core.package_identification:_identify(src/opennav_coverage/opennav_row_coverage) by extensions ['ignore', 'ignore_ament_install']
[0.315s] Level 1:colcon.colcon_core.package_identification:_identify(src/opennav_coverage/opennav_row_coverage) by extension 'ignore'
[0.315s] Level 1:colcon.colcon_core.package_identification:_identify(src/opennav_coverage/opennav_row_coverage) by extension 'ignore_ament_install'
[0.315s] Level 1:colcon.colcon_core.package_identification:_identify(src/opennav_coverage/opennav_row_coverage) by extensions ['colcon_pkg']
[0.315s] Level 1:colcon.colcon_core.package_identification:_identify(src/opennav_coverage/opennav_row_coverage) by extension 'colcon_pkg'
[0.315s] Level 1:colcon.colcon_core.package_identification:_identify(src/opennav_coverage/opennav_row_coverage) by extensions ['colcon_meta']
[0.315s] Level 1:colcon.colcon_core.package_identification:_identify(src/opennav_coverage/opennav_row_coverage) by extension 'colcon_meta'
[0.315s] Level 1:colcon.colcon_core.package_identification:_identify(src/opennav_coverage/opennav_row_coverage) by extensions ['ros']
[0.315s] Level 1:colcon.colcon_core.package_identification:_identify(src/opennav_coverage/opennav_row_coverage) by extension 'ros'
[0.316s] DEBUG:colcon.colcon_core.package_identification:Package 'src/opennav_coverage/opennav_row_coverage' with type 'ros.ament_cmake' and name 'opennav_row_coverage'
[0.316s] Level 1:colcon.colcon_core.package_identification:_identify(src/psolar_decision_making) by extensions ['ignore', 'ignore_ament_install']
[0.316s] Level 1:colcon.colcon_core.package_identification:_identify(src/psolar_decision_making) by extension 'ignore'
[0.316s] Level 1:colcon.colcon_core.package_identification:_identify(src/psolar_decision_making) by extension 'ignore_ament_install'
[0.316s] Level 1:colcon.colcon_core.package_identification:_identify(src/psolar_decision_making) by extensions ['colcon_pkg']
[0.317s] Level 1:colcon.colcon_core.package_identification:_identify(src/psolar_decision_making) by extension 'colcon_pkg'
[0.317s] Level 1:colcon.colcon_core.package_identification:_identify(src/psolar_decision_making) by extensions ['colcon_meta']
[0.317s] Level 1:colcon.colcon_core.package_identification:_identify(src/psolar_decision_making) by extension 'colcon_meta'
[0.317s] Level 1:colcon.colcon_core.package_identification:_identify(src/psolar_decision_making) by extensions ['ros']
[0.317s] Level 1:colcon.colcon_core.package_identification:_identify(src/psolar_decision_making) by extension 'ros'
[0.317s] DEBUG:colcon.colcon_core.package_identification:Package 'src/psolar_decision_making' with type 'ros.ament_cmake' and name 'psolar_decision_making'
[0.317s] Level 1:colcon.colcon_core.package_identification:_identify(src/psolar_gazebo) by extensions ['ignore', 'ignore_ament_install']
[0.317s] Level 1:colcon.colcon_core.package_identification:_identify(src/psolar_gazebo) by extension 'ignore'
[0.317s] Level 1:colcon.colcon_core.package_identification:_identify(src/psolar_gazebo) by extension 'ignore_ament_install'
[0.317s] Level 1:colcon.colcon_core.package_identification:_identify(src/psolar_gazebo) by extensions ['colcon_pkg']
[0.317s] Level 1:colcon.colcon_core.package_identification:_identify(src/psolar_gazebo) by extension 'colcon_pkg'
[0.318s] Level 1:colcon.colcon_core.package_identification:_identify(src/psolar_gazebo) by extensions ['colcon_meta']
[0.318s] Level 1:colcon.colcon_core.package_identification:_identify(src/psolar_gazebo) by extension 'colcon_meta'
[0.318s] Level 1:colcon.colcon_core.package_identification:_identify(src/psolar_gazebo) by extensions ['ros']
[0.318s] Level 1:colcon.colcon_core.package_identification:_identify(src/psolar_gazebo) by extension 'ros'
[0.319s] DEBUG:colcon.colcon_core.package_identification:Package 'src/psolar_gazebo' with type 'ros.ament_cmake' and name 'psolar_gazebo'
[0.319s] Level 1:colcon.colcon_core.package_identification:_identify(src/psolar_localization) by extensions ['ignore', 'ignore_ament_install']
[0.319s] Level 1:colcon.colcon_core.package_identification:_identify(src/psolar_localization) by extension 'ignore'
[0.319s] Level 1:colcon.colcon_core.package_identification:_identify(src/psolar_localization) by extension 'ignore_ament_install'
[0.319s] Level 1:colcon.colcon_core.package_identification:_identify(src/psolar_localization) by extensions ['colcon_pkg']
[0.319s] Level 1:colcon.colcon_core.package_identification:_identify(src/psolar_localization) by extension 'colcon_pkg'
[0.319s] Level 1:colcon.colcon_core.package_identification:_identify(src/psolar_localization) by extensions ['colcon_meta']
[0.319s] Level 1:colcon.colcon_core.package_identification:_identify(src/psolar_localization) by extension 'colcon_meta'
[0.319s] Level 1:colcon.colcon_core.package_identification:_identify(src/psolar_localization) by extensions ['ros']
[0.319s] Level 1:colcon.colcon_core.package_identification:_identify(src/psolar_localization) by extension 'ros'
[0.320s] DEBUG:colcon.colcon_core.package_identification:Package 'src/psolar_localization' with type 'ros.ament_cmake' and name 'psolar_localization'
[0.320s] Level 1:colcon.colcon_core.package_identification:_identify(src/psolar_path_planning) by extensions ['ignore', 'ignore_ament_install']
[0.321s] Level 1:colcon.colcon_core.package_identification:_identify(src/psolar_path_planning) by extension 'ignore'
[0.321s] Level 1:colcon.colcon_core.package_identification:_identify(src/psolar_path_planning) by extension 'ignore_ament_install'
[0.321s] Level 1:colcon.colcon_core.package_identification:_identify(src/psolar_path_planning) by extensions ['colcon_pkg']
[0.321s] Level 1:colcon.colcon_core.package_identification:_identify(src/psolar_path_planning) by extension 'colcon_pkg'
[0.321s] Level 1:colcon.colcon_core.package_identification:_identify(src/psolar_path_planning) by extensions ['colcon_meta']
[0.321s] Level 1:colcon.colcon_core.package_identification:_identify(src/psolar_path_planning) by extension 'colcon_meta'
[0.321s] Level 1:colcon.colcon_core.package_identification:_identify(src/psolar_path_planning) by extensions ['ros']
[0.321s] Level 1:colcon.colcon_core.package_identification:_identify(src/psolar_path_planning) by extension 'ros'
[0.321s] DEBUG:colcon.colcon_core.package_identification:Package 'src/psolar_path_planning' with type 'ros.ament_cmake' and name 'psolar_path_planning'
[0.321s] Level 1:colcon.colcon_core.package_discovery:discover_packages(recursive) using defaults
[0.321s] Level 1:colcon.colcon_core.package_discovery:discover_packages(ignore) discover
[0.321s] Level 1:colcon.colcon_core.package_discovery:discover_packages(ignore) using defaults
[0.321s] Level 1:colcon.colcon_core.package_discovery:discover_packages(path) discover
[0.321s] Level 1:colcon.colcon_core.package_discovery:discover_packages(path) using defaults
[0.344s] Level 1:colcon.colcon_core.package_discovery:discover_packages(prefix_path) check parameters
[0.345s] Level 1:colcon.colcon_core.package_discovery:discover_packages(prefix_path) discover
[0.347s] DEBUG:colcon.colcon_installed_package_information.package_discovery:Found 452 installed packages in /opt/ros/humble
[0.349s] Level 1:colcon.colcon_core.package_discovery:discover_packages(prefix_path) using defaults
[0.416s] Level 5:colcon.colcon_core.verb:set package 'backported_bt_navigator' build argument 'cmake_args' from command line to 'None'
[0.416s] Level 5:colcon.colcon_core.verb:set package 'backported_bt_navigator' build argument 'cmake_target' from command line to 'None'
[0.416s] Level 5:colcon.colcon_core.verb:set package 'backported_bt_navigator' build argument 'cmake_target_skip_unavailable' from command line to 'False'
[0.416s] Level 5:colcon.colcon_core.verb:set package 'backported_bt_navigator' build argument 'cmake_clean_cache' from command line to 'False'
[0.416s] Level 5:colcon.colcon_core.verb:set package 'backported_bt_navigator' build argument 'cmake_clean_first' from command line to 'False'
[0.416s] Level 5:colcon.colcon_core.verb:set package 'backported_bt_navigator' build argument 'cmake_force_configure' from command line to 'False'
[0.416s] Level 5:colcon.colcon_core.verb:set package 'backported_bt_navigator' build argument 'ament_cmake_args' from command line to 'None'
[0.416s] Level 5:colcon.colcon_core.verb:set package 'backported_bt_navigator' build argument 'catkin_cmake_args' from command line to 'None'
[0.416s] Level 5:colcon.colcon_core.verb:set package 'backported_bt_navigator' build argument 'catkin_skip_building_tests' from command line to 'False'
[0.416s] DEBUG:colcon.colcon_core.verb:Building package 'backported_bt_navigator' with the following arguments: {'ament_cmake_args': None, 'build_base': '/home/manel/psolar_ws/build/backported_bt_navigator', 'catkin_cmake_args': None, 'catkin_skip_building_tests': False, 'cmake_args': None, 'cmake_clean_cache': False, 'cmake_clean_first': False, 'cmake_force_configure': False, 'cmake_target': None, 'cmake_target_skip_unavailable': False, 'install_base': '/home/manel/psolar_ws/install/backported_bt_navigator', 'merge_install': False, 'path': '/home/manel/psolar_ws/src/opennav_coverage/backported_bt_navigator', 'symlink_install': False, 'test_result_base': None}
[0.416s] Level 5:colcon.colcon_core.verb:set package 'fields2cover' build argument 'cmake_args' from command line to 'None'
[0.416s] Level 5:colcon.colcon_core.verb:set package 'fields2cover' build argument 'cmake_target' from command line to 'None'
[0.416s] Level 5:colcon.colcon_core.verb:set package 'fields2cover' build argument 'cmake_target_skip_unavailable' from command line to 'False'
[0.416s] Level 5:colcon.colcon_core.verb:set package 'fields2cover' build argument 'cmake_clean_cache' from command line to 'False'
[0.416s] Level 5:colcon.colcon_core.verb:set package 'fields2cover' build argument 'cmake_clean_first' from command line to 'False'
[0.416s] Level 5:colcon.colcon_core.verb:set package 'fields2cover' build argument 'cmake_force_configure' from command line to 'False'
[0.416s] Level 5:colcon.colcon_core.verb:set package 'fields2cover' build argument 'ament_cmake_args' from command line to 'None'
[0.416s] Level 5:colcon.colcon_core.verb:set package 'fields2cover' build argument 'catkin_cmake_args' from command line to 'None'
[0.416s] Level 5:colcon.colcon_core.verb:set package 'fields2cover' build argument 'catkin_skip_building_tests' from command line to 'False'
[0.416s] DEBUG:colcon.colcon_core.verb:Building package 'fields2cover' with the following arguments: {'ament_cmake_args': None, 'build_base': '/home/manel/psolar_ws/build/fields2cover', 'catkin_cmake_args': None, 'catkin_skip_building_tests': False, 'cmake_args': None, 'cmake_clean_cache': False, 'cmake_clean_first': False, 'cmake_force_configure': False, 'cmake_target': None, 'cmake_target_skip_unavailable': False, 'install_base': '/home/manel/psolar_ws/install/fields2cover', 'merge_install': False, 'path': '/home/manel/psolar_ws/src/Fields2Cover', 'symlink_install': False, 'test_result_base': None}
[0.417s] Level 5:colcon.colcon_core.verb:set package 'opennav_coverage_msgs' build argument 'cmake_args' from command line to 'None'
[0.417s] Level 5:colcon.colcon_core.verb:set package 'opennav_coverage_msgs' build argument 'cmake_target' from command line to 'None'
[0.417s] Level 5:colcon.colcon_core.verb:set package 'opennav_coverage_msgs' build argument 'cmake_target_skip_unavailable' from command line to 'False'
[0.417s] Level 5:colcon.colcon_core.verb:set package 'opennav_coverage_msgs' build argument 'cmake_clean_cache' from command line to 'False'
[0.417s] Level 5:colcon.colcon_core.verb:set package 'opennav_coverage_msgs' build argument 'cmake_clean_first' from command line to 'False'
[0.417s] Level 5:colcon.colcon_core.verb:set package 'opennav_coverage_msgs' build argument 'cmake_force_configure' from command line to 'False'
[0.417s] Level 5:colcon.colcon_core.verb:set package 'opennav_coverage_msgs' build argument 'ament_cmake_args' from command line to 'None'
[0.417s] Level 5:colcon.colcon_core.verb:set package 'opennav_coverage_msgs' build argument 'catkin_cmake_args' from command line to 'None'
[0.417s] Level 5:colcon.colcon_core.verb:set package 'opennav_coverage_msgs' build argument 'catkin_skip_building_tests' from command line to 'False'
[0.417s] DEBUG:colcon.colcon_core.verb:Building package 'opennav_coverage_msgs' with the following arguments: {'ament_cmake_args': None, 'build_base': '/home/manel/psolar_ws/build/opennav_coverage_msgs', 'catkin_cmake_args': None, 'catkin_skip_building_tests': False, 'cmake_args': None, 'cmake_clean_cache': False, 'cmake_clean_first': False, 'cmake_force_configure': False, 'cmake_target': None, 'cmake_target_skip_unavailable': False, 'install_base': '/home/manel/psolar_ws/install/opennav_coverage_msgs', 'merge_install': False, 'path': '/home/manel/psolar_ws/src/opennav_coverage/opennav_coverage_msgs', 'symlink_install': False, 'test_result_base': None}
[0.417s] Level 5:colcon.colcon_core.verb:set package 'psolar_decision_making' build argument 'cmake_args' from command line to 'None'
[0.417s] Level 5:colcon.colcon_core.verb:set package 'psolar_decision_making' build argument 'cmake_target' from command line to 'None'
[0.417s] Level 5:colcon.colcon_core.verb:set package 'psolar_decision_making' build argument 'cmake_target_skip_unavailable' from command line to 'False'
[0.417s] Level 5:colcon.colcon_core.verb:set package 'psolar_decision_making' build argument 'cmake_clean_cache' from command line to 'False'
[0.417s] Level 5:colcon.colcon_core.verb:set package 'psolar_decision_making' build argument 'cmake_clean_first' from command line to 'False'
[0.418s] Level 5:colcon.colcon_core.verb:set package 'psolar_decision_making' build argument 'cmake_force_configure' from command line to 'False'
[0.418s] Level 5:colcon.colcon_core.verb:set package 'psolar_decision_making' build argument 'ament_cmake_args' from command line to 'None'
[0.418s] Level 5:colcon.colcon_core.verb:set package 'psolar_decision_making' build argument 'catkin_cmake_args' from command line to 'None'
[0.418s] Level 5:colcon.colcon_core.verb:set package 'psolar_decision_making' build argument 'catkin_skip_building_tests' from command line to 'False'
[0.418s] DEBUG:colcon.colcon_core.verb:Building package 'psolar_decision_making' with the following arguments: {'ament_cmake_args': None, 'build_base': '/home/manel/psolar_ws/build/psolar_decision_making', 'catkin_cmake_args': None, 'catkin_skip_building_tests': False, 'cmake_args': None, 'cmake_clean_cache': False, 'cmake_clean_first': False, 'cmake_force_configure': False, 'cmake_target': None, 'cmake_target_skip_unavailable': False, 'install_base': '/home/manel/psolar_ws/install/psolar_decision_making', 'merge_install': False, 'path': '/home/manel/psolar_ws/src/psolar_decision_making', 'symlink_install': False, 'test_result_base': None}
[0.418s] Level 5:colcon.colcon_core.verb:set package 'psolar_gazebo' build argument 'cmake_args' from command line to 'None'
[0.418s] Level 5:colcon.colcon_core.verb:set package 'psolar_gazebo' build argument 'cmake_target' from command line to 'None'
[0.418s] Level 5:colcon.colcon_core.verb:set package 'psolar_gazebo' build argument 'cmake_target_skip_unavailable' from command line to 'False'
[0.418s] Level 5:colcon.colcon_core.verb:set package 'psolar_gazebo' build argument 'cmake_clean_cache' from command line to 'False'
[0.418s] Level 5:colcon.colcon_core.verb:set package 'psolar_gazebo' build argument 'cmake_clean_first' from command line to 'False'
[0.418s] Level 5:colcon.colcon_core.verb:set package 'psolar_gazebo' build argument 'cmake_force_configure' from command line to 'False'
[0.418s] Level 5:colcon.colcon_core.verb:set package 'psolar_gazebo' build argument 'ament_cmake_args' from command line to 'None'
[0.418s] Level 5:colcon.colcon_core.verb:set package 'psolar_gazebo' build argument 'catkin_cmake_args' from command line to 'None'
[0.418s] Level 5:colcon.colcon_core.verb:set package 'psolar_gazebo' build argument 'catkin_skip_building_tests' from command line to 'False'
[0.418s] DEBUG:colcon.colcon_core.verb:Building package 'psolar_gazebo' with the following arguments: {'ament_cmake_args': None, 'build_base': '/home/manel/psolar_ws/build/psolar_gazebo', 'catkin_cmake_args': None, 'catkin_skip_building_tests': False, 'cmake_args': None, 'cmake_clean_cache': False, 'cmake_clean_first': False, 'cmake_force_configure': False, 'cmake_target': None, 'cmake_target_skip_unavailable': False, 'install_base': '/home/manel/psolar_ws/install/psolar_gazebo', 'merge_install': False, 'path': '/home/manel/psolar_ws/src/psolar_gazebo', 'symlink_install': False, 'test_result_base': None}
[0.419s] Level 5:colcon.colcon_core.verb:set package 'psolar_localization' build argument 'cmake_args' from command line to 'None'
[0.419s] Level 5:colcon.colcon_core.verb:set package 'psolar_localization' build argument 'cmake_target' from command line to 'None'
[0.419s] Level 5:colcon.colcon_core.verb:set package 'psolar_localization' build argument 'cmake_target_skip_unavailable' from command line to 'False'
[0.419s] Level 5:colcon.colcon_core.verb:set package 'psolar_localization' build argument 'cmake_clean_cache' from command line to 'False'
[0.419s] Level 5:colcon.colcon_core.verb:set package 'psolar_localization' build argument 'cmake_clean_first' from command line to 'False'
[0.419s] Level 5:colcon.colcon_core.verb:set package 'psolar_localization' build argument 'cmake_force_configure' from command line to 'False'
[0.419s] Level 5:colcon.colcon_core.verb:set package 'psolar_localization' build argument 'ament_cmake_args' from command line to 'None'
[0.419s] Level 5:colcon.colcon_core.verb:set package 'psolar_localization' build argument 'catkin_cmake_args' from command line to 'None'
[0.419s] Level 5:colcon.colcon_core.verb:set package 'psolar_localization' build argument 'catkin_skip_building_tests' from command line to 'False'
[0.419s] DEBUG:colcon.colcon_core.verb:Building package 'psolar_localization' with the following arguments: {'ament_cmake_args': None, 'build_base': '/home/manel/psolar_ws/build/psolar_localization', 'catkin_cmake_args': None, 'catkin_skip_building_tests': False, 'cmake_args': None, 'cmake_clean_cache': False, 'cmake_clean_first': False, 'cmake_force_configure': False, 'cmake_target': None, 'cmake_target_skip_unavailable': False, 'install_base': '/home/manel/psolar_ws/install/psolar_localization', 'merge_install': False, 'path': '/home/manel/psolar_ws/src/psolar_localization', 'symlink_install': False, 'test_result_base': None}
[0.419s] Level 5:colcon.colcon_core.verb:set package 'psolar_path_planning' build argument 'cmake_args' from command line to 'None'
[0.419s] Level 5:colcon.colcon_core.verb:set package 'psolar_path_planning' build argument 'cmake_target' from command line to 'None'
[0.419s] Level 5:colcon.colcon_core.verb:set package 'psolar_path_planning' build argument 'cmake_target_skip_unavailable' from command line to 'False'
[0.419s] Level 5:colcon.colcon_core.verb:set package 'psolar_path_planning' build argument 'cmake_clean_cache' from command line to 'False'
[0.419s] Level 5:colcon.colcon_core.verb:set package 'psolar_path_planning' build argument 'cmake_clean_first' from command line to 'False'
[0.419s] Level 5:colcon.colcon_core.verb:set package 'psolar_path_planning' build argument 'cmake_force_configure' from command line to 'False'
[0.419s] Level 5:colcon.colcon_core.verb:set package 'psolar_path_planning' build argument 'ament_cmake_args' from command line to 'None'
[0.419s] Level 5:colcon.colcon_core.verb:set package 'psolar_path_planning' build argument 'catkin_cmake_args' from command line to 'None'
[0.419s] Level 5:colcon.colcon_core.verb:set package 'psolar_path_planning' build argument 'catkin_skip_building_tests' from command line to 'False'
[0.419s] DEBUG:colcon.colcon_core.verb:Building package 'psolar_path_planning' with the following arguments: {'ament_cmake_args': None, 'build_base': '/home/manel/psolar_ws/build/psolar_path_planning', 'catkin_cmake_args': None, 'catkin_skip_building_tests': False, 'cmake_args': None, 'cmake_clean_cache': False, 'cmake_clean_first': False, 'cmake_force_configure': False, 'cmake_target': None, 'cmake_target_skip_unavailable': False, 'install_base': '/home/manel/psolar_ws/install/psolar_path_planning', 'merge_install': False, 'path': '/home/manel/psolar_ws/src/psolar_path_planning', 'symlink_install': False, 'test_result_base': None}
[0.420s] Level 5:colcon.colcon_core.verb:set package 'opennav_coverage' build argument 'cmake_args' from command line to 'None'
[0.420s] Level 5:colcon.colcon_core.verb:set package 'opennav_coverage' build argument 'cmake_target' from command line to 'None'
[0.420s] Level 5:colcon.colcon_core.verb:set package 'opennav_coverage' build argument 'cmake_target_skip_unavailable' from command line to 'False'
[0.420s] Level 5:colcon.colcon_core.verb:set package 'opennav_coverage' build argument 'cmake_clean_cache' from command line to 'False'
[0.420s] Level 5:colcon.colcon_core.verb:set package 'opennav_coverage' build argument 'cmake_clean_first' from command line to 'False'
[0.420s] Level 5:colcon.colcon_core.verb:set package 'opennav_coverage' build argument 'cmake_force_configure' from command line to 'False'
[0.420s] Level 5:colcon.colcon_core.verb:set package 'opennav_coverage' build argument 'ament_cmake_args' from command line to 'None'
[0.420s] Level 5:colcon.colcon_core.verb:set package 'opennav_coverage' build argument 'catkin_cmake_args' from command line to 'None'
[0.420s] Level 5:colcon.colcon_core.verb:set package 'opennav_coverage' build argument 'catkin_skip_building_tests' from command line to 'False'
[0.420s] DEBUG:colcon.colcon_core.verb:Building package 'opennav_coverage' with the following arguments: {'ament_cmake_args': None, 'build_base': '/home/manel/psolar_ws/build/opennav_coverage', 'catkin_cmake_args': None, 'catkin_skip_building_tests': False, 'cmake_args': None, 'cmake_clean_cache': False, 'cmake_clean_first': False, 'cmake_force_configure': False, 'cmake_target': None, 'cmake_target_skip_unavailable': False, 'install_base': '/home/manel/psolar_ws/install/opennav_coverage', 'merge_install': False, 'path': '/home/manel/psolar_ws/src/opennav_coverage/opennav_coverage', 'symlink_install': False, 'test_result_base': None}
[0.420s] Level 5:colcon.colcon_core.verb:set package 'opennav_coverage_bt' build argument 'cmake_args' from command line to 'None'
[0.420s] Level 5:colcon.colcon_core.verb:set package 'opennav_coverage_bt' build argument 'cmake_target' from command line to 'None'
[0.420s] Level 5:colcon.colcon_core.verb:set package 'opennav_coverage_bt' build argument 'cmake_target_skip_unavailable' from command line to 'False'
[0.420s] Level 5:colcon.colcon_core.verb:set package 'opennav_coverage_bt' build argument 'cmake_clean_cache' from command line to 'False'
[0.420s] Level 5:colcon.colcon_core.verb:set package 'opennav_coverage_bt' build argument 'cmake_clean_first' from command line to 'False'
[0.420s] Level 5:colcon.colcon_core.verb:set package 'opennav_coverage_bt' build argument 'cmake_force_configure' from command line to 'False'
[0.420s] Level 5:colcon.colcon_core.verb:set package 'opennav_coverage_bt' build argument 'ament_cmake_args' from command line to 'None'
[0.420s] Level 5:colcon.colcon_core.verb:set package 'opennav_coverage_bt' build argument 'catkin_cmake_args' from command line to 'None'
[0.420s] Level 5:colcon.colcon_core.verb:set package 'opennav_coverage_bt' build argument 'catkin_skip_building_tests' from command line to 'False'
[0.420s] DEBUG:colcon.colcon_core.verb:Building package 'opennav_coverage_bt' with the following arguments: {'ament_cmake_args': None, 'build_base': '/home/manel/psolar_ws/build/opennav_coverage_bt', 'catkin_cmake_args': None, 'catkin_skip_building_tests': False, 'cmake_args': None, 'cmake_clean_cache': False, 'cmake_clean_first': False, 'cmake_force_configure': False, 'cmake_target': None, 'cmake_target_skip_unavailable': False, 'install_base': '/home/manel/psolar_ws/install/opennav_coverage_bt', 'merge_install': False, 'path': '/home/manel/psolar_ws/src/opennav_coverage/opennav_coverage_bt', 'symlink_install': False, 'test_result_base': None}
[0.421s] Level 5:colcon.colcon_core.verb:set package 'opennav_coverage_navigator' build argument 'cmake_args' from command line to 'None'
[0.421s] Level 5:colcon.colcon_core.verb:set package 'opennav_coverage_navigator' build argument 'cmake_target' from command line to 'None'
[0.421s] Level 5:colcon.colcon_core.verb:set package 'opennav_coverage_navigator' build argument 'cmake_target_skip_unavailable' from command line to 'False'
[0.421s] Level 5:colcon.colcon_core.verb:set package 'opennav_coverage_navigator' build argument 'cmake_clean_cache' from command line to 'False'
[0.421s] Level 5:colcon.colcon_core.verb:set package 'opennav_coverage_navigator' build argument 'cmake_clean_first' from command line to 'False'
[0.421s] Level 5:colcon.colcon_core.verb:set package 'opennav_coverage_navigator' build argument 'cmake_force_configure' from command line to 'False'
[0.421s] Level 5:colcon.colcon_core.verb:set package 'opennav_coverage_navigator' build argument 'ament_cmake_args' from command line to 'None'
[0.421s] Level 5:colcon.colcon_core.verb:set package 'opennav_coverage_navigator' build argument 'catkin_cmake_args' from command line to 'None'
[0.421s] Level 5:colcon.colcon_core.verb:set package 'opennav_coverage_navigator' build argument 'catkin_skip_building_tests' from command line to 'False'
[0.421s] DEBUG:colcon.colcon_core.verb:Building package 'opennav_coverage_navigator' with the following arguments: {'ament_cmake_args': None, 'build_base': '/home/manel/psolar_ws/build/opennav_coverage_navigator', 'catkin_cmake_args': None, 'catkin_skip_building_tests': False, 'cmake_args': None, 'cmake_clean_cache': False, 'cmake_clean_first': False, 'cmake_force_configure': False, 'cmake_target': None, 'cmake_target_skip_unavailable': False, 'install_base': '/home/manel/psolar_ws/install/opennav_coverage_navigator', 'merge_install': False, 'path': '/home/manel/psolar_ws/src/opennav_coverage/opennav_coverage_navigator', 'symlink_install': False, 'test_result_base': None}
[0.421s] Level 5:colcon.colcon_core.verb:set package 'opennav_row_coverage' build argument 'cmake_args' from command line to 'None'
[0.421s] Level 5:colcon.colcon_core.verb:set package 'opennav_row_coverage' build argument 'cmake_target' from command line to 'None'
[0.421s] Level 5:colcon.colcon_core.verb:set package 'opennav_row_coverage' build argument 'cmake_target_skip_unavailable' from command line to 'False'
[0.421s] Level 5:colcon.colcon_core.verb:set package 'opennav_row_coverage' build argument 'cmake_clean_cache' from command line to 'False'
[0.421s] Level 5:colcon.colcon_core.verb:set package 'opennav_row_coverage' build argument 'cmake_clean_first' from command line to 'False'
[0.422s] Level 5:colcon.colcon_core.verb:set package 'opennav_row_coverage' build argument 'cmake_force_configure' from command line to 'False'
[0.422s] Level 5:colcon.colcon_core.verb:set package 'opennav_row_coverage' build argument 'ament_cmake_args' from command line to 'None'
[0.422s] Level 5:colcon.colcon_core.verb:set package 'opennav_row_coverage' build argument 'catkin_cmake_args' from command line to 'None'
[0.422s] Level 5:colcon.colcon_core.verb:set package 'opennav_row_coverage' build argument 'catkin_skip_building_tests' from command line to 'False'
[0.422s] DEBUG:colcon.colcon_core.verb:Building package 'opennav_row_coverage' with the following arguments: {'ament_cmake_args': None, 'build_base': '/home/manel/psolar_ws/build/opennav_row_coverage', 'catkin_cmake_args': None, 'catkin_skip_building_tests': False, 'cmake_args': None, 'cmake_clean_cache': False, 'cmake_clean_first': False, 'cmake_force_configure': False, 'cmake_target': None, 'cmake_target_skip_unavailable': False, 'install_base': '/home/manel/psolar_ws/install/opennav_row_coverage', 'merge_install': False, 'path': '/home/manel/psolar_ws/src/opennav_coverage/opennav_row_coverage', 'symlink_install': False, 'test_result_base': None}
[0.422s] Level 5:colcon.colcon_core.verb:set package 'opennav_coverage_demo' build argument 'cmake_args' from command line to 'None'
[0.422s] Level 5:colcon.colcon_core.verb:set package 'opennav_coverage_demo' build argument 'cmake_target' from command line to 'None'
[0.422s] Level 5:colcon.colcon_core.verb:set package 'opennav_coverage_demo' build argument 'cmake_target_skip_unavailable' from command line to 'False'
[0.422s] Level 5:colcon.colcon_core.verb:set package 'opennav_coverage_demo' build argument 'cmake_clean_cache' from command line to 'False'
[0.422s] Level 5:colcon.colcon_core.verb:set package 'opennav_coverage_demo' build argument 'cmake_clean_first' from command line to 'False'
[0.422s] Level 5:colcon.colcon_core.verb:set package 'opennav_coverage_demo' build argument 'cmake_force_configure' from command line to 'False'
[0.422s] Level 5:colcon.colcon_core.verb:set package 'opennav_coverage_demo' build argument 'ament_cmake_args' from command line to 'None'
[0.422s] Level 5:colcon.colcon_core.verb:set package 'opennav_coverage_demo' build argument 'catkin_cmake_args' from command line to 'None'
[0.422s] Level 5:colcon.colcon_core.verb:set package 'opennav_coverage_demo' build argument 'catkin_skip_building_tests' from command line to 'False'
[0.422s] DEBUG:colcon.colcon_core.verb:Building package 'opennav_coverage_demo' with the following arguments: {'ament_cmake_args': None, 'build_base': '/home/manel/psolar_ws/build/opennav_coverage_demo', 'catkin_cmake_args': None, 'catkin_skip_building_tests': False, 'cmake_args': None, 'cmake_clean_cache': False, 'cmake_clean_first': False, 'cmake_force_configure': False, 'cmake_target': None, 'cmake_target_skip_unavailable': False, 'install_base': '/home/manel/psolar_ws/install/opennav_coverage_demo', 'merge_install': False, 'path': '/home/manel/psolar_ws/src/opennav_coverage/opennav_coverage_demo', 'symlink_install': False, 'test_result_base': None}
[0.422s] INFO:colcon.colcon_core.executor:Executing jobs using 'parallel' executor
[0.423s] DEBUG:colcon.colcon_parallel_executor.executor.parallel:run_until_complete
[0.424s] INFO:colcon.colcon_ros.task.ament_cmake.build:Building ROS package in '/home/manel/psolar_ws/src/opennav_coverage/opennav_coverage_msgs' with build type 'ament_cmake'
[0.424s] INFO:colcon.colcon_cmake.task.cmake.build:Building CMake package in '/home/manel/psolar_ws/src/opennav_coverage/opennav_coverage_msgs'
[0.426s] INFO:colcon.colcon_core.plugin_system:Skipping extension 'colcon_core.shell.bat': Not used on non-Windows systems
[0.426s] INFO:colcon.colcon_core.shell:Skip shell extension 'powershell' for command environment: Not usable outside of PowerShell
[0.426s] DEBUG:colcon.colcon_core.shell:Skip shell extension 'dsv' for command environment
[0.429s] INFO:colcon.colcon_ros.task.cmake.build:Building ROS package in '/home/manel/psolar_ws/src/Fields2Cover' with build type 'cmake'
[0.429s] INFO:colcon.colcon_cmake.task.cmake.build:Building CMake package in '/home/manel/psolar_ws/src/Fields2Cover'
[0.429s] INFO:colcon.colcon_core.shell:Skip shell extension 'powershell' for command environment: Not usable outside of PowerShell
[0.429s] DEBUG:colcon.colcon_core.shell:Skip shell extension 'dsv' for command environment
[0.431s] INFO:colcon.colcon_ros.task.ament_cmake.build:Building ROS package in '/home/manel/psolar_ws/src/opennav_coverage/backported_bt_navigator' with build type 'ament_cmake'
[0.432s] INFO:colcon.colcon_cmake.task.cmake.build:Building CMake package in '/home/manel/psolar_ws/src/opennav_coverage/backported_bt_navigator'
[0.432s] INFO:colcon.colcon_core.shell:Skip shell extension 'powershell' for command environment: Not usable outside of PowerShell
[0.432s] DEBUG:colcon.colcon_core.shell:Skip shell extension 'dsv' for command environment
[0.434s] INFO:colcon.colcon_ros.task.ament_cmake.build:Building ROS package in '/home/manel/psolar_ws/src/psolar_decision_making' with build type 'ament_cmake'
[0.434s] INFO:colcon.colcon_cmake.task.cmake.build:Building CMake package in '/home/manel/psolar_ws/src/psolar_decision_making'
[0.435s] INFO:colcon.colcon_core.shell:Skip shell extension 'powershell' for command environment: Not usable outside of PowerShell
[0.435s] DEBUG:colcon.colcon_core.shell:Skip shell extension 'dsv' for command environment
[0.437s] INFO:colcon.colcon_ros.task.ament_cmake.build:Building ROS package in '/home/manel/psolar_ws/src/psolar_gazebo' with build type 'ament_cmake'
[0.438s] INFO:colcon.colcon_cmake.task.cmake.build:Building CMake package in '/home/manel/psolar_ws/src/psolar_gazebo'
[0.438s] INFO:colcon.colcon_core.shell:Skip shell extension 'powershell' for command environment: Not usable outside of PowerShell
[0.438s] DEBUG:colcon.colcon_core.shell:Skip shell extension 'dsv' for command environment
[0.441s] INFO:colcon.colcon_ros.task.ament_cmake.build:Building ROS package in '/home/manel/psolar_ws/src/psolar_localization' with build type 'ament_cmake'
[0.441s] INFO:colcon.colcon_cmake.task.cmake.build:Building CMake package in '/home/manel/psolar_ws/src/psolar_localization'
[0.441s] INFO:colcon.colcon_core.shell:Skip shell extension 'powershell' for command environment: Not usable outside of PowerShell
[0.441s] DEBUG:colcon.colcon_core.shell:Skip shell extension 'dsv' for command environment
[0.444s] INFO:colcon.colcon_ros.task.ament_cmake.build:Building ROS package in '/home/manel/psolar_ws/src/psolar_path_planning' with build type 'ament_cmake'
[0.444s] INFO:colcon.colcon_cmake.task.cmake.build:Building CMake package in '/home/manel/psolar_ws/src/psolar_path_planning'
[0.444s] INFO:colcon.colcon_core.shell:Skip shell extension 'powershell' for command environment: Not usable outside of PowerShell
[0.444s] DEBUG:colcon.colcon_core.shell:Skip shell extension 'dsv' for command environment
[0.464s] DEBUG:colcon.colcon_core.event_handler.log_command:Invoking command in '/home/manel/psolar_ws/build/opennav_coverage_msgs': CMAKE_PREFIX_PATH=/opt/ros/humble /usr/bin/cmake --build /home/manel/psolar_ws/build/opennav_coverage_msgs -- -j12 -l12
[0.467s] DEBUG:colcon.colcon_core.event_handler.log_command:Invoking command in '/home/manel/psolar_ws/build/fields2cover': CMAKE_PREFIX_PATH=/opt/ros/humble /usr/bin/cmake --build /home/manel/psolar_ws/build/fields2cover -- -j12 -l12
[0.469s] DEBUG:colcon.colcon_core.event_handler.log_command:Invoking command in '/home/manel/psolar_ws/build/backported_bt_navigator': CMAKE_PREFIX_PATH=/opt/ros/humble /usr/bin/cmake --build /home/manel/psolar_ws/build/backported_bt_navigator -- -j12 -l12
[0.471s] DEBUG:colcon.colcon_core.event_handler.log_command:Invoking command in '/home/manel/psolar_ws/build/psolar_decision_making': CMAKE_PREFIX_PATH=/opt/ros/humble /usr/bin/cmake --build /home/manel/psolar_ws/build/psolar_decision_making -- -j12 -l12
[0.473s] DEBUG:colcon.colcon_core.event_handler.log_command:Invoking command in '/home/manel/psolar_ws/build/psolar_gazebo': CMAKE_PREFIX_PATH=/opt/ros/humble /usr/bin/cmake --build /home/manel/psolar_ws/build/psolar_gazebo -- -j12 -l12
[0.477s] DEBUG:colcon.colcon_core.event_handler.log_command:Invoking command in '/home/manel/psolar_ws/build/psolar_localization': CMAKE_PREFIX_PATH=/opt/ros/humble /usr/bin/cmake --build /home/manel/psolar_ws/build/psolar_localization -- -j12 -l12
[0.480s] DEBUG:colcon.colcon_core.event_handler.log_command:Invoking command in '/home/manel/psolar_ws/build/psolar_path_planning': CMAKE_PREFIX_PATH=/opt/ros/humble /usr/bin/cmake --build /home/manel/psolar_ws/build/psolar_path_planning -- -j12 -l12
[0.510s] DEBUG:colcon.colcon_core.event_handler.log_command:Invoked command in '/home/manel/psolar_ws/build/psolar_decision_making' returned '0': CMAKE_PREFIX_PATH=/opt/ros/humble /usr/bin/cmake --build /home/manel/psolar_ws/build/psolar_decision_making -- -j12 -l12
[0.527s] DEBUG:colcon.colcon_core.event_handler.log_command:Invoking command in '/home/manel/psolar_ws/build/psolar_decision_making': CMAKE_PREFIX_PATH=/opt/ros/humble /usr/bin/cmake --install /home/manel/psolar_ws/build/psolar_decision_making
[0.537s] DEBUG:colcon.colcon_core.event_handler.log_command:Invoked command in '/home/manel/psolar_ws/build/psolar_path_planning' returned '0': CMAKE_PREFIX_PATH=/opt/ros/humble /usr/bin/cmake --build /home/manel/psolar_ws/build/psolar_path_planning -- -j12 -l12
[0.538s] DEBUG:colcon.colcon_core.event_handler.log_command:Invoking command in '/home/manel/psolar_ws/build/psolar_path_planning': CMAKE_PREFIX_PATH=/opt/ros/humble /usr/bin/cmake --install /home/manel/psolar_ws/build/psolar_path_planning
[0.547s] Level 1:colcon.colcon_core.environment:create_environment_scripts_only(psolar_decision_making)
[0.548s] DEBUG:colcon.colcon_core.event_handler.log_command:Invoked command in '/home/manel/psolar_ws/build/psolar_decision_making' returned '0': CMAKE_PREFIX_PATH=/opt/ros/humble /usr/bin/cmake --install /home/manel/psolar_ws/build/psolar_decision_making
[0.560s] Level 1:colcon.colcon_core.environment:checking '/home/manel/psolar_ws/install/psolar_decision_making' for CMake module files
[0.561s] Level 1:colcon.colcon_core.environment:checking '/home/manel/psolar_ws/install/psolar_decision_making' for CMake config files
[0.563s] Level 1:colcon.colcon_core.shell:create_environment_hook('psolar_decision_making', 'cmake_prefix_path')
[0.564s] INFO:colcon.colcon_core.shell:Creating environment hook '/home/manel/psolar_ws/install/psolar_decision_making/share/psolar_decision_making/hook/cmake_prefix_path.ps1'
[0.566s] INFO:colcon.colcon_core.shell:Creating environment descriptor '/home/manel/psolar_ws/install/psolar_decision_making/share/psolar_decision_making/hook/cmake_prefix_path.dsv'
[0.567s] INFO:colcon.colcon_core.shell:Creating environment hook '/home/manel/psolar_ws/install/psolar_decision_making/share/psolar_decision_making/hook/cmake_prefix_path.sh'
[0.569s] Level 1:colcon.colcon_core.environment:checking '/home/manel/psolar_ws/install/psolar_decision_making/bin'
[0.569s] Level 1:colcon.colcon_core.environment:checking '/home/manel/psolar_ws/install/psolar_decision_making/lib/pkgconfig/psolar_decision_making.pc'
[0.569s] Level 1:colcon.colcon_core.environment:checking '/home/manel/psolar_ws/install/psolar_decision_making/lib/python3.10/site-packages'
[0.573s] Level 1:colcon.colcon_core.environment:checking '/home/manel/psolar_ws/install/psolar_decision_making/bin'
[0.574s] INFO:colcon.colcon_core.shell:Creating package script '/home/manel/psolar_ws/install/psolar_decision_making/share/psolar_decision_making/package.ps1'
[0.576s] INFO:colcon.colcon_core.shell:Creating package descriptor '/home/manel/psolar_ws/install/psolar_decision_making/share/psolar_decision_making/package.dsv'
[0.577s] INFO:colcon.colcon_core.shell:Creating package script '/home/manel/psolar_ws/install/psolar_decision_making/share/psolar_decision_making/package.sh'
[0.579s] INFO:colcon.colcon_core.shell:Creating package script '/home/manel/psolar_ws/install/psolar_decision_making/share/psolar_decision_making/package.bash'
[0.580s] INFO:colcon.colcon_core.shell:Creating package script '/home/manel/psolar_ws/install/psolar_decision_making/share/psolar_decision_making/package.zsh'
[0.582s] Level 1:colcon.colcon_core.environment:create_file_with_runtime_dependencies(/home/manel/psolar_ws/install/psolar_decision_making/share/colcon-core/packages/psolar_decision_making)
[0.583s] Level 1:colcon.colcon_core.environment:create_environment_scripts_only(psolar_decision_making)
[0.583s] Level 1:colcon.colcon_core.environment:checking '/home/manel/psolar_ws/install/psolar_decision_making' for CMake module files
[0.584s] Level 1:colcon.colcon_core.environment:checking '/home/manel/psolar_ws/install/psolar_decision_making' for CMake config files
[0.585s] Level 1:colcon.colcon_core.shell:create_environment_hook('psolar_decision_making', 'cmake_prefix_path')
[0.585s] INFO:colcon.colcon_core.shell:Creating environment hook '/home/manel/psolar_ws/install/psolar_decision_making/share/psolar_decision_making/hook/cmake_prefix_path.ps1'
[0.586s] INFO:colcon.colcon_core.shell:Creating environment descriptor '/home/manel/psolar_ws/install/psolar_decision_making/share/psolar_decision_making/hook/cmake_prefix_path.dsv'
[0.587s] INFO:colcon.colcon_core.shell:Creating environment hook '/home/manel/psolar_ws/install/psolar_decision_making/share/psolar_decision_making/hook/cmake_prefix_path.sh'
[0.588s] Level 1:colcon.colcon_core.environment:checking '/home/manel/psolar_ws/install/psolar_decision_making/bin'
[0.588s] Level 1:colcon.colcon_core.environment:checking '/home/manel/psolar_ws/install/psolar_decision_making/lib/pkgconfig/psolar_decision_making.pc'
[0.588s] Level 1:colcon.colcon_core.environment:checking '/home/manel/psolar_ws/install/psolar_decision_making/lib/python3.10/site-packages'
[0.589s] Level 1:colcon.colcon_core.environment:checking '/home/manel/psolar_ws/install/psolar_decision_making/bin'
[0.590s] INFO:colcon.colcon_core.shell:Creating package script '/home/manel/psolar_ws/install/psolar_decision_making/share/psolar_decision_making/package.ps1'
[0.591s] INFO:colcon.colcon_core.shell:Creating package descriptor '/home/manel/psolar_ws/install/psolar_decision_making/share/psolar_decision_making/package.dsv'
[0.592s] INFO:colcon.colcon_core.shell:Creating package script '/home/manel/psolar_ws/install/psolar_decision_making/share/psolar_decision_making/package.sh'
[0.592s] INFO:colcon.colcon_core.shell:Creating package script '/home/manel/psolar_ws/install/psolar_decision_making/share/psolar_decision_making/package.bash'
[0.593s] INFO:colcon.colcon_core.shell:Creating package script '/home/manel/psolar_ws/install/psolar_decision_making/share/psolar_decision_making/package.zsh'
[0.594s] Level 1:colcon.colcon_core.environment:create_file_with_runtime_dependencies(/home/manel/psolar_ws/install/psolar_decision_making/share/colcon-core/packages/psolar_decision_making)
[0.596s] Level 1:colcon.colcon_core.environment:create_environment_scripts_only(psolar_path_planning)
[0.596s] Level 1:colcon.colcon_core.environment:checking '/home/manel/psolar_ws/install/psolar_path_planning' for CMake module files
[0.597s] DEBUG:colcon.colcon_core.event_handler.log_command:Invoked command in '/home/manel/psolar_ws/build/psolar_path_planning' returned '0': CMAKE_PREFIX_PATH=/opt/ros/humble /usr/bin/cmake --install /home/manel/psolar_ws/build/psolar_path_planning
[0.598s] Level 1:colcon.colcon_core.environment:checking '/home/manel/psolar_ws/install/psolar_path_planning' for CMake config files
[0.598s] Level 1:colcon.colcon_core.shell:create_environment_hook('psolar_path_planning', 'cmake_prefix_path')
[0.598s] INFO:colcon.colcon_core.shell:Creating environment hook '/home/manel/psolar_ws/install/psolar_path_planning/share/psolar_path_planning/hook/cmake_prefix_path.ps1'
[0.600s] INFO:colcon.colcon_core.shell:Creating environment descriptor '/home/manel/psolar_ws/install/psolar_path_planning/share/psolar_path_planning/hook/cmake_prefix_path.dsv'
[0.600s] INFO:colcon.colcon_core.shell:Creating environment hook '/home/manel/psolar_ws/install/psolar_path_planning/share/psolar_path_planning/hook/cmake_prefix_path.sh'
[0.601s] Level 1:colcon.colcon_core.environment:checking '/home/manel/psolar_ws/install/psolar_path_planning/bin'
[0.601s] Level 1:colcon.colcon_core.environment:checking '/home/manel/psolar_ws/install/psolar_path_planning/lib/pkgconfig/psolar_path_planning.pc'
[0.602s] Level 1:colcon.colcon_core.environment:checking '/home/manel/psolar_ws/install/psolar_path_planning/lib/python3.10/site-packages'
[0.602s] Level 1:colcon.colcon_core.environment:checking '/home/manel/psolar_ws/install/psolar_path_planning/bin'
[0.603s] INFO:colcon.colcon_core.shell:Creating package script '/home/manel/psolar_ws/install/psolar_path_planning/share/psolar_path_planning/package.ps1'
[0.604s] INFO:colcon.colcon_core.shell:Creating package descriptor '/home/manel/psolar_ws/install/psolar_path_planning/share/psolar_path_planning/package.dsv'
[0.604s] INFO:colcon.colcon_core.shell:Creating package script '/home/manel/psolar_ws/install/psolar_path_planning/share/psolar_path_planning/package.sh'
[0.605s] INFO:colcon.colcon_core.shell:Creating package script '/home/manel/psolar_ws/install/psolar_path_planning/share/psolar_path_planning/package.bash'
[0.606s] INFO:colcon.colcon_core.shell:Creating package script '/home/manel/psolar_ws/install/psolar_path_planning/share/psolar_path_planning/package.zsh'
[0.606s] Level 1:colcon.colcon_core.environment:create_file_with_runtime_dependencies(/home/manel/psolar_ws/install/psolar_path_planning/share/colcon-core/packages/psolar_path_planning)
[0.607s] Level 1:colcon.colcon_core.environment:create_environment_scripts_only(psolar_path_planning)
[0.608s] Level 1:colcon.colcon_core.environment:checking '/home/manel/psolar_ws/install/psolar_path_planning' for CMake module files
[0.608s] Level 1:colcon.colcon_core.environment:checking '/home/manel/psolar_ws/install/psolar_path_planning' for CMake config files
[0.609s] Level 1:colcon.colcon_core.shell:create_environment_hook('psolar_path_planning', 'cmake_prefix_path')
[0.609s] INFO:colcon.colcon_core.shell:Creating environment hook '/home/manel/psolar_ws/install/psolar_path_planning/share/psolar_path_planning/hook/cmake_prefix_path.ps1'
[0.609s] INFO:colcon.colcon_core.shell:Creating environment descriptor '/home/manel/psolar_ws/install/psolar_path_planning/share/psolar_path_planning/hook/cmake_prefix_path.dsv'
[0.610s] INFO:colcon.colcon_core.shell:Creating environment hook '/home/manel/psolar_ws/install/psolar_path_planning/share/psolar_path_planning/hook/cmake_prefix_path.sh'
[0.610s] Level 1:colcon.colcon_core.environment:checking '/home/manel/psolar_ws/install/psolar_path_planning/bin'
[0.611s] Level 1:colcon.colcon_core.environment:checking '/home/manel/psolar_ws/install/psolar_path_planning/lib/pkgconfig/psolar_path_planning.pc'
[0.611s] Level 1:colcon.colcon_core.environment:checking '/home/manel/psolar_ws/install/psolar_path_planning/lib/python3.10/site-packages'
[0.611s] Level 1:colcon.colcon_core.environment:checking '/home/manel/psolar_ws/install/psolar_path_planning/bin'
[0.611s] INFO:colcon.colcon_core.shell:Creating package script '/home/manel/psolar_ws/install/psolar_path_planning/share/psolar_path_planning/package.ps1'
[0.612s] INFO:colcon.colcon_core.shell:Creating package descriptor '/home/manel/psolar_ws/install/psolar_path_planning/share/psolar_path_planning/package.dsv'
[0.613s] INFO:colcon.colcon_core.shell:Creating package script '/home/manel/psolar_ws/install/psolar_path_planning/share/psolar_path_planning/package.sh'
[0.613s] INFO:colcon.colcon_core.shell:Creating package script '/home/manel/psolar_ws/install/psolar_path_planning/share/psolar_path_planning/package.bash'
[0.614s] INFO:colcon.colcon_core.shell:Creating package script '/home/manel/psolar_ws/install/psolar_path_planning/share/psolar_path_planning/package.zsh'
[0.614s] Level 1:colcon.colcon_core.environment:create_file_with_runtime_dependencies(/home/manel/psolar_ws/install/psolar_path_planning/share/colcon-core/packages/psolar_path_planning)
[0.617s] DEBUG:colcon.colcon_core.event_handler.log_command:Invoked command in '/home/manel/psolar_ws/build/psolar_gazebo' returned '0': CMAKE_PREFIX_PATH=/opt/ros/humble /usr/bin/cmake --build /home/manel/psolar_ws/build/psolar_gazebo -- -j12 -l12
[0.618s] DEBUG:colcon.colcon_core.event_handler.log_command:Invoking command in '/home/manel/psolar_ws/build/psolar_gazebo': CMAKE_PREFIX_PATH=/opt/ros/humble /usr/bin/cmake --install /home/manel/psolar_ws/build/psolar_gazebo
[0.620s] DEBUG:colcon.colcon_core.event_handler.log_command:Invoked command in '/home/manel/psolar_ws/build/backported_bt_navigator' returned '0': CMAKE_PREFIX_PATH=/opt/ros/humble /usr/bin/cmake --build /home/manel/psolar_ws/build/backported_bt_navigator -- -j12 -l12
[0.623s] DEBUG:colcon.colcon_core.event_handler.log_command:Invoking command in '/home/manel/psolar_ws/build/backported_bt_navigator': CMAKE_PREFIX_PATH=/opt/ros/humble /usr/bin/cmake --install /home/manel/psolar_ws/build/backported_bt_navigator
[0.631s] Level 1:colcon.colcon_core.environment:create_environment_scripts_only(psolar_gazebo)
[0.632s] Level 1:colcon.colcon_core.environment:checking '/home/manel/psolar_ws/install/psolar_gazebo' for CMake module files
[0.633s] Level 1:colcon.colcon_core.environment:checking '/home/manel/psolar_ws/install/psolar_gazebo' for CMake config files
[0.639s] Level 1:colcon.colcon_core.shell:create_environment_hook('psolar_gazebo', 'cmake_prefix_path')
[0.640s] INFO:colcon.colcon_core.shell:Creating environment hook '/home/manel/psolar_ws/install/psolar_gazebo/share/psolar_gazebo/hook/cmake_prefix_path.ps1'
[0.641s] DEBUG:colcon.colcon_core.event_handler.log_command:Invoked command in '/home/manel/psolar_ws/build/psolar_gazebo' returned '0': CMAKE_PREFIX_PATH=/opt/ros/humble /usr/bin/cmake --install /home/manel/psolar_ws/build/psolar_gazebo
[0.641s] INFO:colcon.colcon_core.shell:Creating environment descriptor '/home/manel/psolar_ws/install/psolar_gazebo/share/psolar_gazebo/hook/cmake_prefix_path.dsv'
[0.642s] INFO:colcon.colcon_core.shell:Creating environment hook '/home/manel/psolar_ws/install/psolar_gazebo/share/psolar_gazebo/hook/cmake_prefix_path.sh'
[0.644s] Level 1:colcon.colcon_core.environment:checking '/home/manel/psolar_ws/install/psolar_gazebo/lib'
[0.644s] Level 1:colcon.colcon_core.environment:checking '/home/manel/psolar_ws/install/psolar_gazebo/bin'
[0.644s] Level 1:colcon.colcon_core.environment:checking '/home/manel/psolar_ws/install/psolar_gazebo/lib/pkgconfig/psolar_gazebo.pc'
[0.644s] Level 1:colcon.colcon_core.environment:checking '/home/manel/psolar_ws/install/psolar_gazebo/lib/python3.10/site-packages'
[0.645s] Level 1:colcon.colcon_core.environment:checking '/home/manel/psolar_ws/install/psolar_gazebo/bin'
[0.645s] INFO:colcon.colcon_core.shell:Creating package script '/home/manel/psolar_ws/install/psolar_gazebo/share/psolar_gazebo/package.ps1'
[0.646s] INFO:colcon.colcon_core.shell:Creating package descriptor '/home/manel/psolar_ws/install/psolar_gazebo/share/psolar_gazebo/package.dsv'
[0.649s] INFO:colcon.colcon_core.shell:Creating package script '/home/manel/psolar_ws/install/psolar_gazebo/share/psolar_gazebo/package.sh'
[0.651s] INFO:colcon.colcon_core.shell:Creating package script '/home/manel/psolar_ws/install/psolar_gazebo/share/psolar_gazebo/package.bash'
[0.652s] INFO:colcon.colcon_core.shell:Creating package script '/home/manel/psolar_ws/install/psolar_gazebo/share/psolar_gazebo/package.zsh'
[0.652s] Level 1:colcon.colcon_core.environment:create_file_with_runtime_dependencies(/home/manel/psolar_ws/install/psolar_gazebo/share/colcon-core/packages/psolar_gazebo)
[0.653s] Level 1:colcon.colcon_core.environment:create_environment_scripts_only(psolar_gazebo)
[0.653s] Level 1:colcon.colcon_core.environment:checking '/home/manel/psolar_ws/install/psolar_gazebo' for CMake module files
[0.654s] Level 1:colcon.colcon_core.environment:checking '/home/manel/psolar_ws/install/psolar_gazebo' for CMake config files
[0.654s] Level 1:colcon.colcon_core.shell:create_environment_hook('psolar_gazebo', 'cmake_prefix_path')
[0.655s] INFO:colcon.colcon_core.shell:Creating environment hook '/home/manel/psolar_ws/install/psolar_gazebo/share/psolar_gazebo/hook/cmake_prefix_path.ps1'
[0.655s] INFO:colcon.colcon_core.shell:Creating environment descriptor '/home/manel/psolar_ws/install/psolar_gazebo/share/psolar_gazebo/hook/cmake_prefix_path.dsv'
[0.656s] INFO:colcon.colcon_core.shell:Creating environment hook '/home/manel/psolar_ws/install/psolar_gazebo/share/psolar_gazebo/hook/cmake_prefix_path.sh'
[0.656s] Level 1:colcon.colcon_core.environment:checking '/home/manel/psolar_ws/install/psolar_gazebo/lib'
[0.657s] Level 1:colcon.colcon_core.environment:checking '/home/manel/psolar_ws/install/psolar_gazebo/bin'
[0.657s] Level 1:colcon.colcon_core.environment:checking '/home/manel/psolar_ws/install/psolar_gazebo/lib/pkgconfig/psolar_gazebo.pc'
[0.657s] Level 1:colcon.colcon_core.environment:checking '/home/manel/psolar_ws/install/psolar_gazebo/lib/python3.10/site-packages'
[0.657s] Level 1:colcon.colcon_core.environment:checking '/home/manel/psolar_ws/install/psolar_gazebo/bin'
[0.658s] INFO:colcon.colcon_core.shell:Creating package script '/home/manel/psolar_ws/install/psolar_gazebo/share/psolar_gazebo/package.ps1'
[0.658s] INFO:colcon.colcon_core.shell:Creating package descriptor '/home/manel/psolar_ws/install/psolar_gazebo/share/psolar_gazebo/package.dsv'
[0.659s] INFO:colcon.colcon_core.shell:Creating package script '/home/manel/psolar_ws/install/psolar_gazebo/share/psolar_gazebo/package.sh'
[0.659s] INFO:colcon.colcon_core.shell:Creating package script '/home/manel/psolar_ws/install/psolar_gazebo/share/psolar_gazebo/package.bash'
[0.660s] INFO:colcon.colcon_core.shell:Creating package script '/home/manel/psolar_ws/install/psolar_gazebo/share/psolar_gazebo/package.zsh'
[0.660s] Level 1:colcon.colcon_core.environment:create_file_with_runtime_dependencies(/home/manel/psolar_ws/install/psolar_gazebo/share/colcon-core/packages/psolar_gazebo)
[0.662s] Level 1:colcon.colcon_core.environment:create_environment_scripts_only(backported_bt_navigator)
[0.662s] Level 1:colcon.colcon_core.environment:checking '/home/manel/psolar_ws/install/backported_bt_navigator' for CMake module files
[0.663s] DEBUG:colcon.colcon_core.event_handler.log_command:Invoked command in '/home/manel/psolar_ws/build/backported_bt_navigator' returned '0': CMAKE_PREFIX_PATH=/opt/ros/humble /usr/bin/cmake --install /home/manel/psolar_ws/build/backported_bt_navigator
[0.664s] Level 1:colcon.colcon_core.environment:checking '/home/manel/psolar_ws/install/backported_bt_navigator' for CMake config files
[0.664s] Level 1:colcon.colcon_core.shell:create_environment_hook('backported_bt_navigator', 'cmake_prefix_path')
[0.665s] INFO:colcon.colcon_core.shell:Creating environment hook '/home/manel/psolar_ws/install/backported_bt_navigator/share/backported_bt_navigator/hook/cmake_prefix_path.ps1'
[0.665s] INFO:colcon.colcon_core.shell:Creating environment descriptor '/home/manel/psolar_ws/install/backported_bt_navigator/share/backported_bt_navigator/hook/cmake_prefix_path.dsv'
[0.666s] INFO:colcon.colcon_core.shell:Creating environment hook '/home/manel/psolar_ws/install/backported_bt_navigator/share/backported_bt_navigator/hook/cmake_prefix_path.sh'
[0.666s] Level 1:colcon.colcon_core.environment:checking '/home/manel/psolar_ws/install/backported_bt_navigator/lib'
[0.667s] Level 1:colcon.colcon_core.shell:create_environment_hook('backported_bt_navigator', 'ld_library_path_lib')
[0.667s] INFO:colcon.colcon_core.shell:Creating environment hook '/home/manel/psolar_ws/install/backported_bt_navigator/share/backported_bt_navigator/hook/ld_library_path_lib.ps1'
[0.667s] INFO:colcon.colcon_core.shell:Creating environment descriptor '/home/manel/psolar_ws/install/backported_bt_navigator/share/backported_bt_navigator/hook/ld_library_path_lib.dsv'
[0.668s] INFO:colcon.colcon_core.shell:Creating environment hook '/home/manel/psolar_ws/install/backported_bt_navigator/share/backported_bt_navigator/hook/ld_library_path_lib.sh'
[0.668s] Level 1:colcon.colcon_core.environment:checking '/home/manel/psolar_ws/install/backported_bt_navigator/bin'
[0.668s] Level 1:colcon.colcon_core.environment:checking '/home/manel/psolar_ws/install/backported_bt_navigator/lib/pkgconfig/backported_bt_navigator.pc'
[0.669s] Level 1:colcon.colcon_core.environment:checking '/home/manel/psolar_ws/install/backported_bt_navigator/lib/python3.10/site-packages'
[0.669s] Level 1:colcon.colcon_core.environment:checking '/home/manel/psolar_ws/install/backported_bt_navigator/bin'
[0.669s] INFO:colcon.colcon_core.shell:Creating package script '/home/manel/psolar_ws/install/backported_bt_navigator/share/backported_bt_navigator/package.ps1'
[0.670s] INFO:colcon.colcon_core.shell:Creating package descriptor '/home/manel/psolar_ws/install/backported_bt_navigator/share/backported_bt_navigator/package.dsv'
[0.671s] INFO:colcon.colcon_core.shell:Creating package script '/home/manel/psolar_ws/install/backported_bt_navigator/share/backported_bt_navigator/package.sh'
[0.672s] INFO:colcon.colcon_core.shell:Creating package script '/home/manel/psolar_ws/install/backported_bt_navigator/share/backported_bt_navigator/package.bash'
[0.672s] INFO:colcon.colcon_core.shell:Creating package script '/home/manel/psolar_ws/install/backported_bt_navigator/share/backported_bt_navigator/package.zsh'
[0.672s] Level 1:colcon.colcon_core.environment:create_file_with_runtime_dependencies(/home/manel/psolar_ws/install/backported_bt_navigator/share/colcon-core/packages/backported_bt_navigator)
[0.674s] Level 1:colcon.colcon_core.environment:create_environment_scripts_only(backported_bt_navigator)
[0.674s] Level 1:colcon.colcon_core.environment:checking '/home/manel/psolar_ws/install/backported_bt_navigator' for CMake module files
[0.675s] Level 1:colcon.colcon_core.environment:checking '/home/manel/psolar_ws/install/backported_bt_navigator' for CMake config files
[0.676s] Level 1:colcon.colcon_core.shell:create_environment_hook('backported_bt_navigator', 'cmake_prefix_path')
[0.676s] INFO:colcon.colcon_core.shell:Creating environment hook '/home/manel/psolar_ws/install/backported_bt_navigator/share/backported_bt_navigator/hook/cmake_prefix_path.ps1'
[0.677s] INFO:colcon.colcon_core.shell:Creating environment descriptor '/home/manel/psolar_ws/install/backported_bt_navigator/share/backported_bt_navigator/hook/cmake_prefix_path.dsv'
[0.677s] INFO:colcon.colcon_core.shell:Creating environment hook '/home/manel/psolar_ws/install/backported_bt_navigator/share/backported_bt_navigator/hook/cmake_prefix_path.sh'
[0.678s] Level 1:colcon.colcon_core.environment:checking '/home/manel/psolar_ws/install/backported_bt_navigator/lib'
[0.678s] Level 1:colcon.colcon_core.shell:create_environment_hook('backported_bt_navigator', 'ld_library_path_lib')
[0.679s] INFO:colcon.colcon_core.shell:Creating environment hook '/home/manel/psolar_ws/install/backported_bt_navigator/share/backported_bt_navigator/hook/ld_library_path_lib.ps1'
[0.680s] INFO:colcon.colcon_core.shell:Creating environment descriptor '/home/manel/psolar_ws/install/backported_bt_navigator/share/backported_bt_navigator/hook/ld_library_path_lib.dsv'
[0.680s] INFO:colcon.colcon_core.shell:Creating environment hook '/home/manel/psolar_ws/install/backported_bt_navigator/share/backported_bt_navigator/hook/ld_library_path_lib.sh'
[0.681s] Level 1:colcon.colcon_core.environment:checking '/home/manel/psolar_ws/install/backported_bt_navigator/bin'
[0.681s] Level 1:colcon.colcon_core.environment:checking '/home/manel/psolar_ws/install/backported_bt_navigator/lib/pkgconfig/backported_bt_navigator.pc'
[0.681s] Level 1:colcon.colcon_core.environment:checking '/home/manel/psolar_ws/install/backported_bt_navigator/lib/python3.10/site-packages'
[0.682s] Level 1:colcon.colcon_core.environment:checking '/home/manel/psolar_ws/install/backported_bt_navigator/bin'
[0.683s] INFO:colcon.colcon_core.shell:Creating package script '/home/manel/psolar_ws/install/backported_bt_navigator/share/backported_bt_navigator/package.ps1'
[0.689s] INFO:colcon.colcon_core.shell:Creating package descriptor '/home/manel/psolar_ws/install/backported_bt_navigator/share/backported_bt_navigator/package.dsv'
[0.692s] INFO:colcon.colcon_core.shell:Creating package script '/home/manel/psolar_ws/install/backported_bt_navigator/share/backported_bt_navigator/package.sh'
[0.693s] INFO:colcon.colcon_core.shell:Creating package script '/home/manel/psolar_ws/install/backported_bt_navigator/share/backported_bt_navigator/package.bash'
[0.696s] INFO:colcon.colcon_core.shell:Creating package script '/home/manel/psolar_ws/install/backported_bt_navigator/share/backported_bt_navigator/package.zsh'
[0.699s] Level 1:colcon.colcon_core.environment:create_file_with_runtime_dependencies(/home/manel/psolar_ws/install/backported_bt_navigator/share/colcon-core/packages/backported_bt_navigator)
[0.831s] DEBUG:colcon.colcon_core.event_handler.log_command:Invoked command in '/home/manel/psolar_ws/build/fields2cover' returned '0': CMAKE_PREFIX_PATH=/opt/ros/humble /usr/bin/cmake --build /home/manel/psolar_ws/build/fields2cover -- -j12 -l12
[0.833s] DEBUG:colcon.colcon_core.event_handler.log_command:Invoking command in '/home/manel/psolar_ws/build/fields2cover': CMAKE_PREFIX_PATH=/opt/ros/humble /usr/bin/cmake --install /home/manel/psolar_ws/build/fields2cover
[0.846s] Level 1:colcon.colcon_core.shell:create_environment_hook('fields2cover', 'pkg_config_path')
[0.846s] INFO:colcon.colcon_core.shell:Creating environment hook '/home/manel/psolar_ws/install/fields2cover/share/fields2cover/hook/pkg_config_path.ps1'
[0.847s] INFO:colcon.colcon_core.shell:Creating environment descriptor '/home/manel/psolar_ws/install/fields2cover/share/fields2cover/hook/pkg_config_path.dsv'
[0.848s] INFO:colcon.colcon_core.shell:Creating environment hook '/home/manel/psolar_ws/install/fields2cover/share/fields2cover/hook/pkg_config_path.sh'
[0.850s] Level 1:colcon.colcon_core.shell:create_environment_hook('fields2cover', 'pkg_config_path_multiarch')
[0.850s] INFO:colcon.colcon_core.shell:Creating environment hook '/home/manel/psolar_ws/install/fields2cover/share/fields2cover/hook/pkg_config_path_multiarch.ps1'
[0.853s] INFO:colcon.colcon_core.shell:Creating environment descriptor '/home/manel/psolar_ws/install/fields2cover/share/fields2cover/hook/pkg_config_path_multiarch.dsv'
[0.855s] INFO:colcon.colcon_core.shell:Creating environment hook '/home/manel/psolar_ws/install/fields2cover/share/fields2cover/hook/pkg_config_path_multiarch.sh'
[0.856s] DEBUG:colcon.colcon_core.event_handler.log_command:Invoked command in '/home/manel/psolar_ws/build/fields2cover' returned '0': CMAKE_PREFIX_PATH=/opt/ros/humble /usr/bin/cmake --install /home/manel/psolar_ws/build/fields2cover
[0.856s] Level 1:colcon.colcon_core.environment:create_environment_scripts_only(fields2cover)
[0.857s] Level 1:colcon.colcon_core.environment:checking '/home/manel/psolar_ws/install/fields2cover' for CMake module files
[0.857s] Level 1:colcon.colcon_core.environment:checking '/home/manel/psolar_ws/install/fields2cover' for CMake config files
[0.857s] Level 1:colcon.colcon_core.shell:create_environment_hook('fields2cover', 'cmake_prefix_path')
[0.857s] INFO:colcon.colcon_core.shell:Creating environment hook '/home/manel/psolar_ws/install/fields2cover/share/fields2cover/hook/cmake_prefix_path.ps1'
[0.858s] INFO:colcon.colcon_core.shell:Creating environment descriptor '/home/manel/psolar_ws/install/fields2cover/share/fields2cover/hook/cmake_prefix_path.dsv'
[0.858s] INFO:colcon.colcon_core.shell:Creating environment hook '/home/manel/psolar_ws/install/fields2cover/share/fields2cover/hook/cmake_prefix_path.sh'
[0.859s] Level 1:colcon.colcon_core.environment:checking '/home/manel/psolar_ws/install/fields2cover/lib'
[0.859s] Level 1:colcon.colcon_core.shell:create_environment_hook('fields2cover', 'ld_library_path_lib')
[0.859s] INFO:colcon.colcon_core.shell:Creating environment hook '/home/manel/psolar_ws/install/fields2cover/share/fields2cover/hook/ld_library_path_lib.ps1'
[0.860s] INFO:colcon.colcon_core.shell:Creating environment descriptor '/home/manel/psolar_ws/install/fields2cover/share/fields2cover/hook/ld_library_path_lib.dsv'
[0.860s] INFO:colcon.colcon_core.shell:Creating environment hook '/home/manel/psolar_ws/install/fields2cover/share/fields2cover/hook/ld_library_path_lib.sh'
[0.860s] Level 1:colcon.colcon_core.environment:checking '/home/manel/psolar_ws/install/fields2cover/bin'
[0.860s] Level 1:colcon.colcon_core.environment:checking '/home/manel/psolar_ws/install/fields2cover/lib/pkgconfig/fields2cover.pc'
[0.861s] Level 1:colcon.colcon_core.environment:checking '/home/manel/psolar_ws/install/fields2cover/lib/python3.10/site-packages'
[0.861s] Level 1:colcon.colcon_core.environment:checking '/home/manel/psolar_ws/install/fields2cover/bin'
[0.861s] INFO:colcon.colcon_core.shell:Creating package script '/home/manel/psolar_ws/install/fields2cover/share/fields2cover/package.ps1'
[0.862s] INFO:colcon.colcon_core.shell:Creating package descriptor '/home/manel/psolar_ws/install/fields2cover/share/fields2cover/package.dsv'
[0.863s] INFO:colcon.colcon_core.shell:Creating package script '/home/manel/psolar_ws/install/fields2cover/share/fields2cover/package.sh'
[0.863s] INFO:colcon.colcon_core.shell:Creating package script '/home/manel/psolar_ws/install/fields2cover/share/fields2cover/package.bash'
[0.864s] INFO:colcon.colcon_core.shell:Creating package script '/home/manel/psolar_ws/install/fields2cover/share/fields2cover/package.zsh'
[0.864s] Level 1:colcon.colcon_core.environment:create_file_with_runtime_dependencies(/home/manel/psolar_ws/install/fields2cover/share/colcon-core/packages/fields2cover)
[0.924s] Level 1:colcon.colcon_core.environment:create_environment_scripts_only(psolar_localization)
[0.924s] Level 1:colcon.colcon_core.environment:checking '/home/manel/psolar_ws/install/psolar_localization' for CMake module files
[0.925s] Level 1:colcon.colcon_core.environment:checking '/home/manel/psolar_ws/install/psolar_localization' for CMake config files
[0.925s] Level 1:colcon.colcon_core.environment:checking '/home/manel/psolar_ws/install/psolar_localization/bin'
[0.925s] Level 1:colcon.colcon_core.environment:checking '/home/manel/psolar_ws/install/psolar_localization/lib/pkgconfig/psolar_localization.pc'
[0.926s] Level 1:colcon.colcon_core.environment:checking '/home/manel/psolar_ws/install/psolar_localization/lib/python3.10/site-packages'
[0.926s] Level 1:colcon.colcon_core.environment:checking '/home/manel/psolar_ws/install/psolar_localization/bin'
[0.927s] INFO:colcon.colcon_core.shell:Creating package script '/home/manel/psolar_ws/install/psolar_localization/share/psolar_localization/package.ps1'
[0.927s] DEBUG:colcon.colcon_core.event_handler.log_command:Invoked command in '/home/manel/psolar_ws/build/psolar_localization' returned '2': CMAKE_PREFIX_PATH=/opt/ros/humble /usr/bin/cmake --build /home/manel/psolar_ws/build/psolar_localization -- -j12 -l12
[0.929s] INFO:colcon.colcon_core.shell:Creating package descriptor '/home/manel/psolar_ws/install/psolar_localization/share/psolar_localization/package.dsv'
[0.929s] INFO:colcon.colcon_core.shell:Creating package script '/home/manel/psolar_ws/install/psolar_localization/share/psolar_localization/package.sh'
[0.930s] INFO:colcon.colcon_core.shell:Creating package script '/home/manel/psolar_ws/install/psolar_localization/share/psolar_localization/package.bash'
[0.931s] INFO:colcon.colcon_core.shell:Creating package script '/home/manel/psolar_ws/install/psolar_localization/share/psolar_localization/package.zsh'
[0.931s] Level 1:colcon.colcon_core.environment:create_file_with_runtime_dependencies(/home/manel/psolar_ws/install/psolar_localization/share/colcon-core/packages/psolar_localization)
[1.015s] DEBUG:colcon.colcon_parallel_executor.executor.parallel:closing loop
[1.016s] DEBUG:colcon.colcon_parallel_executor.executor.parallel:loop closed
[1.016s] DEBUG:colcon.colcon_parallel_executor.executor.parallel:run_until_complete finished with '2'
[1.016s] DEBUG:colcon.colcon_core.event_reactor:joining thread
[1.022s] INFO:colcon.colcon_core.plugin_system:Skipping extension 'colcon_notification.desktop_notification.terminal_notifier': Not used on non-Darwin systems
[1.022s] INFO:colcon.colcon_core.plugin_system:Skipping extension 'colcon_notification.desktop_notification.win32': Not used on non-Windows systems
[1.022s] INFO:colcon.colcon_notification.desktop_notification:Sending desktop notification using 'notify2'
[1.038s] DEBUG:colcon.colcon_core.event_reactor:joined thread
[1.038s] INFO:colcon.colcon_core.shell:Creating prefix script '/home/manel/psolar_ws/install/local_setup.ps1'
[1.040s] INFO:colcon.colcon_core.shell:Creating prefix util module '/home/manel/psolar_ws/install/_local_setup_util_ps1.py'
[1.041s] INFO:colcon.colcon_core.shell:Creating prefix chain script '/home/manel/psolar_ws/install/setup.ps1'
[1.043s] INFO:colcon.colcon_core.shell:Creating prefix script '/home/manel/psolar_ws/install/local_setup.sh'
[1.043s] INFO:colcon.colcon_core.shell:Creating prefix util module '/home/manel/psolar_ws/install/_local_setup_util_sh.py'
[1.044s] INFO:colcon.colcon_core.shell:Creating prefix chain script '/home/manel/psolar_ws/install/setup.sh'
[1.045s] INFO:colcon.colcon_core.shell:Creating prefix script '/home/manel/psolar_ws/install/local_setup.bash'
[1.046s] INFO:colcon.colcon_core.shell:Creating prefix chain script '/home/manel/psolar_ws/install/setup.bash'
[1.047s] INFO:colcon.colcon_core.shell:Creating prefix script '/home/manel/psolar_ws/install/local_setup.zsh'
[1.047s] INFO:colcon.colcon_core.shell:Creating prefix chain script '/home/manel/psolar_ws/install/setup.zsh'
