[33mCMake Warning at CMakeLists.txt:40 (add_library):
  Cannot generate a safe runtime search path for target
  opennav_row_coverage_core because there is a cycle in the constraint graph:

    dir 0 is [/opt/ros/humble/lib]
    dir 1 is [/home/manel/psolar_ws/install/opennav_coverage_msgs/lib]
    dir 2 is [/home/manel/psolar_ws/install/opennav_coverage/lib]
    dir 3 is [/home/manel/turtlebot3_ws/install/fields2cover/lib]
      dir 4 must precede it due to runtime library [libtinyxml2.so.9]
    dir 4 is [/home/manel/psolar_ws/install/fields2cover/lib]
      dir 3 must precede it due to runtime library [libFields2Cover.so]

  Some of these libraries may not be found correctly.

[0m
[33mCMake Warning at CMakeLists.txt:51 (add_executable):
  Cannot generate a safe runtime search path for target opennav_row_coverage
  because there is a cycle in the constraint graph:

    dir 0 is [/home/manel/psolar_ws/build/opennav_row_coverage]
    dir 1 is [/opt/ros/humble/lib]
    dir 2 is [/home/manel/psolar_ws/install/opennav_coverage_msgs/lib]
    dir 3 is [/home/manel/psolar_ws/install/opennav_coverage/lib]
    dir 4 is [/home/manel/turtlebot3_ws/install/fields2cover/lib]
      dir 5 must precede it due to runtime library [libtinyxml2.so.9]
    dir 5 is [/home/manel/psolar_ws/install/fields2cover/lib]
      dir 4 must precede it due to runtime library [libFields2Cover.so]

  Some of these libraries may not be found correctly.

[0m
[33mCMake Warning at /opt/ros/humble/share/ament_cmake_gtest/cmake/ament_add_gtest_executable.cmake:50 (add_executable):
  Cannot generate a safe runtime search path for target test_swath_generator
  because there is a cycle in the constraint graph:

    dir 0 is [/home/manel/psolar_ws/install/opennav_coverage/lib]
    dir 1 is [/opt/ros/humble/lib]
    dir 2 is [/home/manel/psolar_ws/install/opennav_coverage_msgs/lib]
    dir 3 is [/home/manel/psolar_ws/build/opennav_row_coverage]
    dir 4 is [/home/manel/turtlebot3_ws/install/fields2cover/lib]
      dir 5 must precede it due to runtime library [libtinyxml2.so.9]
    dir 5 is [/home/manel/psolar_ws/install/fields2cover/lib]
      dir 4 must precede it due to runtime library [libFields2Cover.so]

  Some of these libraries may not be found correctly.
Call Stack (most recent call first):
  /opt/ros/humble/share/ament_cmake_gtest/cmake/ament_add_gtest_executable.cmake:37 (_ament_add_gtest_executable)
  /opt/ros/humble/share/ament_cmake_gtest/cmake/ament_add_gtest.cmake:68 (ament_add_gtest_executable)
  test/CMakeLists.txt:2 (ament_add_gtest)

[0m
[33mCMake Warning at /opt/ros/humble/share/ament_cmake_gtest/cmake/ament_add_gtest_executable.cmake:50 (add_executable):
  Cannot generate a safe runtime search path for target test_utils because
  there is a cycle in the constraint graph:

    dir 0 is [/home/manel/psolar_ws/install/opennav_coverage/lib]
    dir 1 is [/opt/ros/humble/lib]
    dir 2 is [/home/manel/psolar_ws/install/opennav_coverage_msgs/lib]
    dir 3 is [/home/manel/psolar_ws/build/opennav_row_coverage]
    dir 4 is [/home/manel/turtlebot3_ws/install/fields2cover/lib]
      dir 5 must precede it due to runtime library [libtinyxml2.so.9]
    dir 5 is [/home/manel/psolar_ws/install/fields2cover/lib]
      dir 4 must precede it due to runtime library [libFields2Cover.so]

  Some of these libraries may not be found correctly.
Call Stack (most recent call first):
  /opt/ros/humble/share/ament_cmake_gtest/cmake/ament_add_gtest_executable.cmake:37 (_ament_add_gtest_executable)
  /opt/ros/humble/share/ament_cmake_gtest/cmake/ament_add_gtest.cmake:68 (ament_add_gtest_executable)
  test/CMakeLists.txt:13 (ament_add_gtest)

[0m
