-- The C compiler identification is GNU 11.4.0
-- The CXX compiler identification is GNU 11.4.0
-- Detecting C compiler ABI info
-- Detecting C compiler ABI info - done
-- Check for working C compiler: /usr/bin/cc - skipped
-- Detecting C compile features
-- Detecting C compile features - done
-- Detecting CXX compiler ABI info
-- Detecting CXX compiler ABI info - done
-- Check for working CXX compiler: /usr/bin/c++ - skipped
-- Detecting CXX compile features
-- Detecting CXX compile features - done
-- Found ament_cmake: 1.3.11 (/opt/ros/humble/share/ament_cmake/cmake)
-- Found Python3: /usr/bin/python3 (found version "3.10.12") found components: Interpreter 
-- Found rclcpp: 16.0.11 (/opt/ros/humble/share/rclcpp/cmake)
-- Found rosidl_generator_c: 3.1.6 (/opt/ros/humble/share/rosidl_generator_c/cmake)
-- Found rosidl_adapter: 3.1.6 (/opt/ros/humble/share/rosidl_adapter/cmake)
-- Found rosidl_generator_cpp: 3.1.6 (/opt/ros/humble/share/rosidl_generator_cpp/cmake)
-- Using all available rosidl_typesupport_c: rosidl_typesupport_fastrtps_c;rosidl_typesupport_introspection_c
-- Using all available rosidl_typesupport_cpp: rosidl_typesupport_fastrtps_cpp;rosidl_typesupport_introspection_cpp
-- Found rmw_implementation_cmake: 6.1.2 (/opt/ros/humble/share/rmw_implementation_cmake/cmake)
-- Found rmw_fastrtps_cpp: 6.2.7 (/opt/ros/humble/share/rmw_fastrtps_cpp/cmake)
-- Found OpenSSL: /usr/lib/x86_64-linux-gnu/libcrypto.so (found version "3.0.2")  
-- Found FastRTPS: /opt/ros/humble/include  
-- Using RMW implementation 'rmw_fastrtps_cpp' as default
-- Looking for pthread.h
-- Looking for pthread.h - found
-- Performing Test CMAKE_HAVE_LIBC_PTHREAD
-- Performing Test CMAKE_HAVE_LIBC_PTHREAD - Success
-- Found Threads: TRUE  
-- Found rclcpp_components: 16.0.11 (/opt/ros/humble/share/rclcpp_components/cmake)
-- Found rclcpp_lifecycle: 16.0.11 (/opt/ros/humble/share/rclcpp_lifecycle/cmake)
-- Found nav2_util: 1.1.18 (/opt/ros/humble/share/nav2_util/cmake)
-- Found eigen3_cmake_module: 0.1.1 (/opt/ros/humble/share/eigen3_cmake_module/cmake)
-- Found Eigen3: TRUE (found version "3.4.0") 
-- Ensuring Eigen3 include directory is part of orocos-kdl CMake target
-- Found GDAL: /usr/lib/libgdal.so (found suitable version "3.4.1", minimum required is "3.0") 
-- Found opennav_coverage: 0.0.1 (/home/manel/psolar_ws/install/opennav_coverage/share/opennav_coverage/cmake)
-- Found ament_lint_auto: 0.12.11 (/opt/ros/humble/share/ament_lint_auto/cmake)
-- Found ament_cmake_gtest: 1.3.11 (/opt/ros/humble/share/ament_cmake_gtest/cmake)
-- Found gtest sources under '/opt/ros/humble/src/gtest_vendor': C++ tests using 'Google Test' will be built
-- Added test 'copyright' to check source files copyright and LICENSE
-- Added test 'cppcheck' to perform static code analysis on C / C++ code
-- Configured cppcheck include dirs: /home/manel/psolar_ws/src/opennav_coverage/opennav_row_coverage/include
-- Configured cppcheck exclude dirs and/or files: 
-- Added test 'cpplint' to check C / C++ code against the Google style
-- Configured cpplint exclude dirs and/or files: 
-- Added test 'flake8' to check Python code syntax and style conventions
-- Added test 'lint_cmake' to check CMake code style
-- Added test 'pep257' to check Python code against some of the docstring style conventions in PEP 257
-- Added test 'uncrustify' to check C / C++ code style
-- Configured uncrustify additional arguments: 
-- Added test 'xmllint' to check XML markup files
-- Configuring done
-- Generating done
-- Build files have been written to: /home/manel/psolar_ws/build/opennav_row_coverage
[ 23%] [32mBuilding CXX object CMakeFiles/opennav_row_coverage_core.dir/src/row_swath_generator.cpp.o[0m
[ 30%] [32mBuilding CXX object CMakeFiles/opennav_row_coverage_core.dir/src/row_coverage_server.cpp.o[0m
[ 30%] [32mBuilding CXX object gtest/CMakeFiles/gtest_main.dir/src/gtest_main.cc.o[0m
[ 30%] [32mBuilding CXX object gtest/CMakeFiles/gtest.dir/src/gtest-all.cc.o[0m
[ 38%] [32m[1mLinking CXX static library libgtest_main.a[0m
[ 38%] Built target gtest_main
[ 46%] [32m[1mLinking CXX static library libgtest.a[0m
[ 46%] Built target gtest
[ 53%] [32m[1mLinking CXX shared library libopennav_row_coverage_core.so[0m
[ 53%] Built target opennav_row_coverage_core
[ 76%] [32mBuilding CXX object CMakeFiles/opennav_row_coverage.dir/src/main.cpp.o[0m
[ 76%] [32mBuilding CXX object test/CMakeFiles/test_swath_generator.dir/test_swath_generator.cpp.o[0m
[ 76%] [32mBuilding CXX object test/CMakeFiles/test_utils.dir/test_utils.cpp.o[0m
[ 84%] [32m[1mLinking CXX executable opennav_row_coverage[0m
[ 92%] [32m[1mLinking CXX executable test_utils[0m
[ 92%] Built target opennav_row_coverage
[100%] [32m[1mLinking CXX executable test_swath_generator[0m
[100%] Built target test_utils
[100%] Built target test_swath_generator
-- Install configuration: ""
-- Installing: /home/manel/psolar_ws/install/opennav_row_coverage/lib/libopennav_row_coverage_core.so
-- Set runtime path of "/home/manel/psolar_ws/install/opennav_row_coverage/lib/libopennav_row_coverage_core.so" to ""
-- Installing: /home/manel/psolar_ws/install/opennav_row_coverage/lib/opennav_row_coverage/opennav_row_coverage
-- Set runtime path of "/home/manel/psolar_ws/install/opennav_row_coverage/lib/opennav_row_coverage/opennav_row_coverage" to ""
-- Installing: /home/manel/psolar_ws/install/opennav_row_coverage/include/
-- Installing: /home/manel/psolar_ws/install/opennav_row_coverage/include//opennav_row_coverage
-- Installing: /home/manel/psolar_ws/install/opennav_row_coverage/include//opennav_row_coverage/row_swath_generator.hpp
-- Installing: /home/manel/psolar_ws/install/opennav_row_coverage/include//opennav_row_coverage/utils.hpp
-- Installing: /home/manel/psolar_ws/install/opennav_row_coverage/include//opennav_row_coverage/row_coverage_server.hpp
-- Installing: /home/manel/psolar_ws/install/opennav_row_coverage/include//opennav_row_coverage/types.hpp
-- Installing: /home/manel/psolar_ws/install/opennav_row_coverage/share/opennav_row_coverage/environment/library_path.sh
-- Installing: /home/manel/psolar_ws/install/opennav_row_coverage/share/opennav_row_coverage/environment/library_path.dsv
-- Installing: /home/manel/psolar_ws/install/opennav_row_coverage/share/ament_index/resource_index/package_run_dependencies/opennav_row_coverage
-- Installing: /home/manel/psolar_ws/install/opennav_row_coverage/share/ament_index/resource_index/parent_prefix_path/opennav_row_coverage
-- Installing: /home/manel/psolar_ws/install/opennav_row_coverage/share/opennav_row_coverage/environment/ament_prefix_path.sh
-- Installing: /home/manel/psolar_ws/install/opennav_row_coverage/share/opennav_row_coverage/environment/ament_prefix_path.dsv
-- Installing: /home/manel/psolar_ws/install/opennav_row_coverage/share/opennav_row_coverage/environment/path.sh
-- Installing: /home/manel/psolar_ws/install/opennav_row_coverage/share/opennav_row_coverage/environment/path.dsv
-- Installing: /home/manel/psolar_ws/install/opennav_row_coverage/share/opennav_row_coverage/local_setup.bash
-- Installing: /home/manel/psolar_ws/install/opennav_row_coverage/share/opennav_row_coverage/local_setup.sh
-- Installing: /home/manel/psolar_ws/install/opennav_row_coverage/share/opennav_row_coverage/local_setup.zsh
-- Installing: /home/manel/psolar_ws/install/opennav_row_coverage/share/opennav_row_coverage/local_setup.dsv
-- Installing: /home/manel/psolar_ws/install/opennav_row_coverage/share/opennav_row_coverage/package.dsv
-- Installing: /home/manel/psolar_ws/install/opennav_row_coverage/share/ament_index/resource_index/packages/opennav_row_coverage
-- Installing: /home/manel/psolar_ws/install/opennav_row_coverage/share/ament_index/resource_index/rclcpp_components/opennav_row_coverage
-- Installing: /home/manel/psolar_ws/install/opennav_row_coverage/share/opennav_row_coverage/cmake/ament_cmake_export_include_directories-extras.cmake
-- Installing: /home/manel/psolar_ws/install/opennav_row_coverage/share/opennav_row_coverage/cmake/ament_cmake_export_libraries-extras.cmake
-- Installing: /home/manel/psolar_ws/install/opennav_row_coverage/share/opennav_row_coverage/cmake/ament_cmake_export_dependencies-extras.cmake
-- Installing: /home/manel/psolar_ws/install/opennav_row_coverage/share/opennav_row_coverage/cmake/opennav_row_coverageConfig.cmake
-- Installing: /home/manel/psolar_ws/install/opennav_row_coverage/share/opennav_row_coverage/cmake/opennav_row_coverageConfig-version.cmake
-- Installing: /home/manel/psolar_ws/install/opennav_row_coverage/share/opennav_row_coverage/package.xml
