[0.018s] Invoking command in '/home/manel/psolar_ws/build/psolar_decision_making': CMAKE_PREFIX_PATH=/opt/ros/humble /usr/bin/cmake /home/manel/psolar_ws/src/psolar_decision_making -DCMAKE_INSTALL_PREFIX=/home/manel/psolar_ws/install/psolar_decision_making
[0.068s] -- The C compiler identification is GNU 11.4.0
[0.126s] -- The CXX compiler identification is GNU 11.4.0
[0.133s] -- Detecting C compiler ABI info
[0.203s] -- Detecting C compiler ABI info - done
[0.214s] -- Check for working C compiler: /usr/bin/cc - skipped
[0.214s] -- Detecting C compile features
[0.215s] -- Detecting C compile features - done
[0.220s] -- Detecting CXX compiler ABI info
[0.308s] -- Detecting CXX compiler ABI info - done
[0.325s] -- Check for working CXX compiler: /usr/bin/c++ - skipped
[0.325s] -- Detecting CXX compile features
[0.325s] -- Detecting CXX compile features - done
[0.328s] -- Found ament_cmake: 1.3.11 (/opt/ros/humble/share/ament_cmake/cmake)
[0.521s] -- Found Python3: /usr/bin/python3 (found version "3.10.12") found components: Interpreter 
[0.641s] -- Found ament_lint_auto: 0.12.11 (/opt/ros/humble/share/ament_lint_auto/cmake)
[0.754s] -- Added test 'lint_cmake' to check CMake code style
[0.755s] -- Added test 'xmllint' to check XML markup files
[0.756s] -- Configuring done
[0.759s] -- Generating done
[0.761s] -- Build files have been written to: /home/manel/psolar_ws/build/psolar_decision_making
[0.766s] Invoked command in '/home/manel/psolar_ws/build/psolar_decision_making' returned '0': CMAKE_PREFIX_PATH=/opt/ros/humble /usr/bin/cmake /home/manel/psolar_ws/src/psolar_decision_making -DCMAKE_INSTALL_PREFIX=/home/manel/psolar_ws/install/psolar_decision_making
[0.770s] Invoking command in '/home/manel/psolar_ws/build/psolar_decision_making': CMAKE_PREFIX_PATH=/opt/ros/humble /usr/bin/cmake --build /home/manel/psolar_ws/build/psolar_decision_making -- -j12 -l12
[0.816s] Invoked command in '/home/manel/psolar_ws/build/psolar_decision_making' returned '0': CMAKE_PREFIX_PATH=/opt/ros/humble /usr/bin/cmake --build /home/manel/psolar_ws/build/psolar_decision_making -- -j12 -l12
[0.828s] Invoking command in '/home/manel/psolar_ws/build/psolar_decision_making': CMAKE_PREFIX_PATH=/opt/ros/humble /usr/bin/cmake --install /home/manel/psolar_ws/build/psolar_decision_making
[0.836s] -- Install configuration: ""
[0.837s] -- Installing: /home/manel/psolar_ws/install/psolar_decision_making/share/ament_index/resource_index/package_run_dependencies/psolar_decision_making
[0.837s] -- Installing: /home/manel/psolar_ws/install/psolar_decision_making/share/ament_index/resource_index/parent_prefix_path/psolar_decision_making
[0.837s] -- Installing: /home/manel/psolar_ws/install/psolar_decision_making/share/psolar_decision_making/environment/ament_prefix_path.sh
[0.837s] -- Installing: /home/manel/psolar_ws/install/psolar_decision_making/share/psolar_decision_making/environment/ament_prefix_path.dsv
[0.837s] -- Installing: /home/manel/psolar_ws/install/psolar_decision_making/share/psolar_decision_making/environment/path.sh
[0.837s] -- Installing: /home/manel/psolar_ws/install/psolar_decision_making/share/psolar_decision_making/environment/path.dsv
[0.838s] -- Installing: /home/manel/psolar_ws/install/psolar_decision_making/share/psolar_decision_making/local_setup.bash
[0.838s] -- Installing: /home/manel/psolar_ws/install/psolar_decision_making/share/psolar_decision_making/local_setup.sh
[0.838s] -- Installing: /home/manel/psolar_ws/install/psolar_decision_making/share/psolar_decision_making/local_setup.zsh
[0.838s] -- Installing: /home/manel/psolar_ws/install/psolar_decision_making/share/psolar_decision_making/local_setup.dsv
[0.838s] -- Installing: /home/manel/psolar_ws/install/psolar_decision_making/share/psolar_decision_making/package.dsv
[0.838s] -- Installing: /home/manel/psolar_ws/install/psolar_decision_making/share/ament_index/resource_index/packages/psolar_decision_making
[0.838s] -- Installing: /home/manel/psolar_ws/install/psolar_decision_making/share/psolar_decision_making/cmake/psolar_decision_makingConfig.cmake
[0.838s] -- Installing: /home/manel/psolar_ws/install/psolar_decision_making/share/psolar_decision_making/cmake/psolar_decision_makingConfig-version.cmake
[0.839s] -- Installing: /home/manel/psolar_ws/install/psolar_decision_making/share/psolar_decision_making/package.xml
[0.841s] Invoked command in '/home/manel/psolar_ws/build/psolar_decision_making' returned '0': CMAKE_PREFIX_PATH=/opt/ros/humble /usr/bin/cmake --install /home/manel/psolar_ws/build/psolar_decision_making
