[0.019s] Invoking command in '/home/manel/psolar_ws/build/psolar_path_planning': CMAKE_PREFIX_PATH=/opt/ros/humble /usr/bin/cmake /home/manel/psolar_ws/src/psolar_path_planning -DCMAKE_INSTALL_PREFIX=/home/manel/psolar_ws/install/psolar_path_planning
[0.070s] -- The C compiler identification is GNU 11.4.0
[0.127s] -- The CXX compiler identification is GNU 11.4.0
[0.136s] -- Detecting C compiler ABI info
[0.212s] -- Detecting C compiler ABI info - done
[0.226s] -- Check for working C compiler: /usr/bin/cc - skipped
[0.226s] -- Detecting C compile features
[0.227s] -- Detecting C compile features - done
[0.230s] -- Detecting CXX compiler ABI info
[0.320s] -- Detecting CXX compiler ABI info - done
[0.336s] -- Check for working CXX compiler: /usr/bin/c++ - skipped
[0.336s] -- Detecting CXX compile features
[0.337s] -- Detecting CXX compile features - done
[0.340s] -- Found ament_cmake: 1.3.11 (/opt/ros/humble/share/ament_cmake/cmake)
[0.530s] -- Found Python3: /usr/bin/python3 (found version "3.10.12") found components: Interpreter 
[0.657s] -- Found ament_lint_auto: 0.12.11 (/opt/ros/humble/share/ament_lint_auto/cmake)
[0.773s] -- Added test 'lint_cmake' to check CMake code style
[0.775s] -- Added test 'xmllint' to check XML markup files
[0.777s] -- Configuring done
[0.782s] -- Generating done
[0.785s] -- Build files have been written to: /home/manel/psolar_ws/build/psolar_path_planning
[0.792s] Invoked command in '/home/manel/psolar_ws/build/psolar_path_planning' returned '0': CMAKE_PREFIX_PATH=/opt/ros/humble /usr/bin/cmake /home/manel/psolar_ws/src/psolar_path_planning -DCMAKE_INSTALL_PREFIX=/home/manel/psolar_ws/install/psolar_path_planning
[0.793s] Invoking command in '/home/manel/psolar_ws/build/psolar_path_planning': CMAKE_PREFIX_PATH=/opt/ros/humble /usr/bin/cmake --build /home/manel/psolar_ws/build/psolar_path_planning -- -j12 -l12
[0.857s] Invoked command in '/home/manel/psolar_ws/build/psolar_path_planning' returned '0': CMAKE_PREFIX_PATH=/opt/ros/humble /usr/bin/cmake --build /home/manel/psolar_ws/build/psolar_path_planning -- -j12 -l12
[0.859s] Invoking command in '/home/manel/psolar_ws/build/psolar_path_planning': CMAKE_PREFIX_PATH=/opt/ros/humble /usr/bin/cmake --install /home/manel/psolar_ws/build/psolar_path_planning
[0.867s] -- Install configuration: ""
[0.867s] -- Installing: /home/manel/psolar_ws/install/psolar_path_planning/share/ament_index/resource_index/package_run_dependencies/psolar_path_planning
[0.867s] -- Installing: /home/manel/psolar_ws/install/psolar_path_planning/share/ament_index/resource_index/parent_prefix_path/psolar_path_planning
[0.867s] -- Installing: /home/manel/psolar_ws/install/psolar_path_planning/share/psolar_path_planning/environment/ament_prefix_path.sh
[0.868s] -- Installing: /home/manel/psolar_ws/install/psolar_path_planning/share/psolar_path_planning/environment/ament_prefix_path.dsv
[0.868s] -- Installing: /home/manel/psolar_ws/install/psolar_path_planning/share/psolar_path_planning/environment/path.sh
[0.868s] -- Installing: /home/manel/psolar_ws/install/psolar_path_planning/share/psolar_path_planning/environment/path.dsv
[0.868s] -- Installing: /home/manel/psolar_ws/install/psolar_path_planning/share/psolar_path_planning/local_setup.bash
[0.868s] -- Installing: /home/manel/psolar_ws/install/psolar_path_planning/share/psolar_path_planning/local_setup.sh
[0.869s] -- Installing: /home/manel/psolar_ws/install/psolar_path_planning/share/psolar_path_planning/local_setup.zsh
[0.869s] -- Installing: /home/manel/psolar_ws/install/psolar_path_planning/share/psolar_path_planning/local_setup.dsv
[0.869s] -- Installing: /home/manel/psolar_ws/install/psolar_path_planning/share/psolar_path_planning/package.dsv
[0.869s] -- Installing: /home/manel/psolar_ws/install/psolar_path_planning/share/ament_index/resource_index/packages/psolar_path_planning
[0.869s] -- Installing: /home/manel/psolar_ws/install/psolar_path_planning/share/psolar_path_planning/cmake/psolar_path_planningConfig.cmake
[0.870s] -- Installing: /home/manel/psolar_ws/install/psolar_path_planning/share/psolar_path_planning/cmake/psolar_path_planningConfig-version.cmake
[0.870s] -- Installing: /home/manel/psolar_ws/install/psolar_path_planning/share/psolar_path_planning/package.xml
[0.872s] Invoked command in '/home/manel/psolar_ws/build/psolar_path_planning' returned '0': CMAKE_PREFIX_PATH=/opt/ros/humble /usr/bin/cmake --install /home/manel/psolar_ws/build/psolar_path_planning
