/home/manel/psolar_ws/install/opennav_coverage_demo/lib/python3.10/site-packages/opennav_coverage_demo/demo_row_coverage.py
/home/manel/psolar_ws/install/opennav_coverage_demo/lib/python3.10/site-packages/opennav_coverage_demo/demo_coverage.py
/home/manel/psolar_ws/install/opennav_coverage_demo/lib/python3.10/site-packages/opennav_coverage_demo/test_compute_path.py
/home/manel/psolar_ws/install/opennav_coverage_demo/lib/python3.10/site-packages/opennav_coverage_demo/__init__.py
/home/manel/psolar_ws/install/opennav_coverage_demo/lib/python3.10/site-packages/opennav_coverage_demo/__pycache__/demo_row_coverage.cpython-310.pyc
/home/manel/psolar_ws/install/opennav_coverage_demo/lib/python3.10/site-packages/opennav_coverage_demo/__pycache__/demo_coverage.cpython-310.pyc
/home/manel/psolar_ws/install/opennav_coverage_demo/lib/python3.10/site-packages/opennav_coverage_demo/__pycache__/test_compute_path.cpython-310.pyc
/home/manel/psolar_ws/install/opennav_coverage_demo/lib/python3.10/site-packages/opennav_coverage_demo/__pycache__/__init__.cpython-310.pyc
/home/manel/psolar_ws/install/opennav_coverage_demo/share/ament_index/resource_index/packages/opennav_coverage_demo
/home/manel/psolar_ws/install/opennav_coverage_demo/share/opennav_coverage_demo/package.xml
/home/manel/psolar_ws/install/opennav_coverage_demo/share/opennav_coverage_demo/row_bringup_launch.py
/home/manel/psolar_ws/install/opennav_coverage_demo/share/opennav_coverage_demo/test_to_solar_launch.py
/home/manel/psolar_ws/install/opennav_coverage_demo/share/opennav_coverage_demo/bringup_launch.py
/home/manel/psolar_ws/install/opennav_coverage_demo/share/opennav_coverage_demo/test_launch.py
/home/manel/psolar_ws/install/opennav_coverage_demo/share/opennav_coverage_demo/coverage_demo_launch.py
/home/manel/psolar_ws/install/opennav_coverage_demo/share/opennav_coverage_demo/row_coverage_demo_launch.py
/home/manel/psolar_ws/install/opennav_coverage_demo/share/opennav_coverage_demo/between_panels_launch.py
/home/manel/psolar_ws/install/opennav_coverage_demo/share/opennav_coverage_demo/test_complete_launch.py
/home/manel/psolar_ws/install/opennav_coverage_demo/share/opennav_coverage_demo/blank.world
/home/manel/psolar_ws/install/opennav_coverage_demo/share/opennav_coverage_demo/param_on_panel.yaml
/home/manel/psolar_ws/install/opennav_coverage_demo/share/opennav_coverage_demo/demo_params.yaml
/home/manel/psolar_ws/install/opennav_coverage_demo/share/opennav_coverage_demo/param_to_panel.yaml
/home/manel/psolar_ws/install/opennav_coverage_demo/share/opennav_coverage_demo/test_params.yaml
/home/manel/psolar_ws/install/opennav_coverage_demo/share/opennav_coverage_demo/opennav_coverage_demo.rviz
/home/manel/psolar_ws/install/opennav_coverage_demo/lib/python3.10/site-packages/opennav_coverage_demo-1.0.0-py3.10.egg-info/requires.txt
/home/manel/psolar_ws/install/opennav_coverage_demo/lib/python3.10/site-packages/opennav_coverage_demo-1.0.0-py3.10.egg-info/PKG-INFO
/home/manel/psolar_ws/install/opennav_coverage_demo/lib/python3.10/site-packages/opennav_coverage_demo-1.0.0-py3.10.egg-info/top_level.txt
/home/manel/psolar_ws/install/opennav_coverage_demo/lib/python3.10/site-packages/opennav_coverage_demo-1.0.0-py3.10.egg-info/zip-safe
/home/manel/psolar_ws/install/opennav_coverage_demo/lib/python3.10/site-packages/opennav_coverage_demo-1.0.0-py3.10.egg-info/entry_points.txt
/home/manel/psolar_ws/install/opennav_coverage_demo/lib/python3.10/site-packages/opennav_coverage_demo-1.0.0-py3.10.egg-info/dependency_links.txt
/home/manel/psolar_ws/install/opennav_coverage_demo/lib/python3.10/site-packages/opennav_coverage_demo-1.0.0-py3.10.egg-info/SOURCES.txt
/home/manel/psolar_ws/install/opennav_coverage_demo/lib/opennav_coverage_demo/demo_coverage
/home/manel/psolar_ws/install/opennav_coverage_demo/lib/opennav_coverage_demo/demo_row_coverage
/home/manel/psolar_ws/install/opennav_coverage_demo/lib/opennav_coverage_demo/test_compute_path
