[0.012s] Invoking command in '/home/manel/psolar_ws/build/psolar_bringup': AMENT_PREFIX_PATH=/home/manel/psolar_ws/install/psolar_localization:/home/manel/psolar_ws/install/psolar_gazebo:${AMENT_PREFIX_PATH} CMAKE_PREFIX_PATH=/home/manel/psolar_ws/install/psolar_localization:/home/manel/psolar_ws/install/psolar_gazebo:/opt/ros/humble /usr/bin/cmake --build /home/manel/psolar_ws/build/psolar_bringup -- -j12 -l12
[0.081s] Invoked command in '/home/manel/psolar_ws/build/psolar_bringup' returned '0': AMENT_PREFIX_PATH=/home/manel/psolar_ws/install/psolar_localization:/home/manel/psolar_ws/install/psolar_gazebo:${AMENT_PREFIX_PATH} CMAKE_PREFIX_PATH=/home/manel/psolar_ws/install/psolar_localization:/home/manel/psolar_ws/install/psolar_gazebo:/opt/ros/humble /usr/bin/cmake --build /home/manel/psolar_ws/build/psolar_bringup -- -j12 -l12
[0.091s] Invoking command in '/home/manel/psolar_ws/build/psolar_bringup': AMENT_PREFIX_PATH=/home/manel/psolar_ws/install/psolar_localization:/home/manel/psolar_ws/install/psolar_gazebo:${AMENT_PREFIX_PATH} CMAKE_PREFIX_PATH=/home/manel/psolar_ws/install/psolar_localization:/home/manel/psolar_ws/install/psolar_gazebo:/opt/ros/humble /usr/bin/cmake --install /home/manel/psolar_ws/build/psolar_bringup
[0.109s] -- Install configuration: ""
[0.109s] -- Up-to-date: /home/manel/psolar_ws/install/psolar_bringup/share/psolar_bringup//launch
[0.110s] -- Installing: /home/manel/psolar_ws/install/psolar_bringup/share/psolar_bringup//launch/psolar.launch.py
[0.110s] -- Up-to-date: /home/manel/psolar_ws/install/psolar_bringup/share/psolar_bringup//rviz
[0.112s] -- Up-to-date: /home/manel/psolar_ws/install/psolar_bringup/share/ament_index/resource_index/package_run_dependencies/psolar_bringup
[0.112s] -- Up-to-date: /home/manel/psolar_ws/install/psolar_bringup/share/ament_index/resource_index/parent_prefix_path/psolar_bringup
[0.112s] -- Up-to-date: /home/manel/psolar_ws/install/psolar_bringup/share/psolar_bringup/environment/ament_prefix_path.sh
[0.113s] -- Up-to-date: /home/manel/psolar_ws/install/psolar_bringup/share/psolar_bringup/environment/ament_prefix_path.dsv
[0.113s] -- Up-to-date: /home/manel/psolar_ws/install/psolar_bringup/share/psolar_bringup/environment/path.sh
[0.113s] -- Up-to-date: /home/manel/psolar_ws/install/psolar_bringup/share/psolar_bringup/environment/path.dsv
[0.114s] -- Up-to-date: /home/manel/psolar_ws/install/psolar_bringup/share/psolar_bringup/local_setup.bash
[0.114s] -- Up-to-date: /home/manel/psolar_ws/install/psolar_bringup/share/psolar_bringup/local_setup.sh
[0.115s] -- Up-to-date: /home/manel/psolar_ws/install/psolar_bringup/share/psolar_bringup/local_setup.zsh
[0.115s] -- Up-to-date: /home/manel/psolar_ws/install/psolar_bringup/share/psolar_bringup/local_setup.dsv
[0.116s] -- Up-to-date: /home/manel/psolar_ws/install/psolar_bringup/share/psolar_bringup/package.dsv
[0.118s] -- Up-to-date: /home/manel/psolar_ws/install/psolar_bringup/share/ament_index/resource_index/packages/psolar_bringup
[0.119s] -- Up-to-date: /home/manel/psolar_ws/install/psolar_bringup/share/psolar_bringup/cmake/psolar_bringupConfig.cmake
[0.120s] -- Up-to-date: /home/manel/psolar_ws/install/psolar_bringup/share/psolar_bringup/cmake/psolar_bringupConfig-version.cmake
[0.121s] -- Up-to-date: /home/manel/psolar_ws/install/psolar_bringup/share/psolar_bringup/package.xml
[0.127s] Invoked command in '/home/manel/psolar_ws/build/psolar_bringup' returned '0': AMENT_PREFIX_PATH=/home/manel/psolar_ws/install/psolar_localization:/home/manel/psolar_ws/install/psolar_gazebo:${AMENT_PREFIX_PATH} CMAKE_PREFIX_PATH=/home/manel/psolar_ws/install/psolar_localization:/home/manel/psolar_ws/install/psolar_gazebo:/opt/ros/humble /usr/bin/cmake --install /home/manel/psolar_ws/build/psolar_bringup
