[100%] Built target turtlebot3_drive
-- Install configuration: ""
-- Up-to-date: /home/manel/psolar_ws/install/psolar_gazebo/lib/psolar_gazebo/turtlebot3_drive
-- Up-to-date: /home/manel/psolar_ws/install/psolar_gazebo/share/psolar_gazebo//launch
-- Up-to-date: /home/manel/psolar_ws/install/psolar_gazebo/share/psolar_gazebo//launch/turtlebot3_world.launch.py
-- Up-to-date: /home/manel/psolar_ws/install/psolar_gazebo/share/psolar_gazebo//launch/robot_state_publisher.launch.py
-- Up-to-date: /home/manel/psolar_ws/install/psolar_gazebo/share/psolar_gazebo//launch/spawn_turtlebot3.launch.py
-- Up-to-date: /home/manel/psolar_ws/install/psolar_gazebo/share/psolar_gazebo//launch/empty_world.launch.py
-- Up-to-date: /home/manel/psolar_ws/install/psolar_gazebo/share/psolar_gazebo//models
-- Up-to-date: /home/manel/psolar_ws/install/psolar_gazebo/share/psolar_gazebo//models/turtlebot3_common
-- Up-to-date: /home/manel/psolar_ws/install/psolar_gazebo/share/psolar_gazebo//models/turtlebot3_common/model.config
-- Up-to-date: /home/manel/psolar_ws/install/psolar_gazebo/share/psolar_gazebo//models/turtlebot3_common/meshes
-- Up-to-date: /home/manel/psolar_ws/install/psolar_gazebo/share/psolar_gazebo//models/turtlebot3_common/meshes/solar_panel1.dae
-- Up-to-date: /home/manel/psolar_ws/install/psolar_gazebo/share/psolar_gazebo//models/turtlebot3_common/meshes/waffle_base.dae
-- Up-to-date: /home/manel/psolar_ws/install/psolar_gazebo/share/psolar_gazebo//models/turtlebot3_common/meshes/burger_base.dae
-- Up-to-date: /home/manel/psolar_ws/install/psolar_gazebo/share/psolar_gazebo//models/turtlebot3_common/meshes/gps.STL
-- Up-to-date: /home/manel/psolar_ws/install/psolar_gazebo/share/psolar_gazebo//models/turtlebot3_common/meshes/panel.dae
-- Up-to-date: /home/manel/psolar_ws/install/psolar_gazebo/share/psolar_gazebo//models/turtlebot3_common/meshes/bases
-- Up-to-date: /home/manel/psolar_ws/install/psolar_gazebo/share/psolar_gazebo//models/turtlebot3_common/meshes/bases/burger_base.stl
-- Up-to-date: /home/manel/psolar_ws/install/psolar_gazebo/share/psolar_gazebo//models/turtlebot3_common/meshes/bases/waffle_pi_base.stl
-- Up-to-date: /home/manel/psolar_ws/install/psolar_gazebo/share/psolar_gazebo//models/turtlebot3_common/meshes/bases/waffle_base.stl
-- Up-to-date: /home/manel/psolar_ws/install/psolar_gazebo/share/psolar_gazebo//models/turtlebot3_common/meshes/pp00.dae
-- Up-to-date: /home/manel/psolar_ws/install/psolar_gazebo/share/psolar_gazebo//models/turtlebot3_common/meshes/solar_origin.dae
-- Up-to-date: /home/manel/psolar_ws/install/psolar_gazebo/share/psolar_gazebo//models/turtlebot3_common/meshes/sensors
-- Up-to-date: /home/manel/psolar_ws/install/psolar_gazebo/share/psolar_gazebo//models/turtlebot3_common/meshes/sensors/lds.stl
-- Up-to-date: /home/manel/psolar_ws/install/psolar_gazebo/share/psolar_gazebo//models/turtlebot3_common/meshes/sensors/astra.jpg
-- Up-to-date: /home/manel/psolar_ws/install/psolar_gazebo/share/psolar_gazebo//models/turtlebot3_common/meshes/sensors/r200.dae
-- Up-to-date: /home/manel/psolar_ws/install/psolar_gazebo/share/psolar_gazebo//models/turtlebot3_common/meshes/sensors/astra.dae
-- Up-to-date: /home/manel/psolar_ws/install/psolar_gazebo/share/psolar_gazebo//models/turtlebot3_common/meshes/sensors/r200.jpg
-- Up-to-date: /home/manel/psolar_ws/install/psolar_gazebo/share/psolar_gazebo//models/turtlebot3_common/meshes/20degres.STL
-- Up-to-date: /home/manel/psolar_ws/install/psolar_gazebo/share/psolar_gazebo//models/turtlebot3_common/meshes/waffle_pi_base.dae
-- Up-to-date: /home/manel/psolar_ws/install/psolar_gazebo/share/psolar_gazebo//models/turtlebot3_common/meshes/r200.dae
-- Up-to-date: /home/manel/psolar_ws/install/psolar_gazebo/share/psolar_gazebo//models/turtlebot3_common/meshes/solar_panel1.blend
-- Up-to-date: /home/manel/psolar_ws/install/psolar_gazebo/share/psolar_gazebo//models/turtlebot3_common/meshes/solarpanel.dae
-- Up-to-date: /home/manel/psolar_ws/install/psolar_gazebo/share/psolar_gazebo//models/turtlebot3_common/meshes/solar_panel.dae
-- Up-to-date: /home/manel/psolar_ws/install/psolar_gazebo/share/psolar_gazebo//models/turtlebot3_common/meshes/solar_panel_10deg.dae
-- Up-to-date: /home/manel/psolar_ws/install/psolar_gazebo/share/psolar_gazebo//models/turtlebot3_common/meshes/lds.dae
-- Up-to-date: /home/manel/psolar_ws/install/psolar_gazebo/share/psolar_gazebo//models/turtlebot3_common/meshes/tire.dae
-- Up-to-date: /home/manel/psolar_ws/install/psolar_gazebo/share/psolar_gazebo//models/turtlebot3_common/meshes/wheels
-- Up-to-date: /home/manel/psolar_ws/install/psolar_gazebo/share/psolar_gazebo//models/turtlebot3_common/meshes/wheels/left_tire.stl
-- Up-to-date: /home/manel/psolar_ws/install/psolar_gazebo/share/psolar_gazebo//models/turtlebot3_common/meshes/wheels/right_tire.stl
-- Up-to-date: /home/manel/psolar_ws/install/psolar_gazebo/share/psolar_gazebo//models/turtlebot3_waffle
-- Up-to-date: /home/manel/psolar_ws/install/psolar_gazebo/share/psolar_gazebo//models/turtlebot3_waffle/model.sdf
-- Up-to-date: /home/manel/psolar_ws/install/psolar_gazebo/share/psolar_gazebo//models/turtlebot3_waffle/model.config
-- Up-to-date: /home/manel/psolar_ws/install/psolar_gazebo/share/psolar_gazebo//rviz
-- Up-to-date: /home/manel/psolar_ws/install/psolar_gazebo/share/psolar_gazebo//rviz/tb3_gazebo.rviz
-- Up-to-date: /home/manel/psolar_ws/install/psolar_gazebo/share/psolar_gazebo//urdf
-- Up-to-date: /home/manel/psolar_ws/install/psolar_gazebo/share/psolar_gazebo//urdf/turtlebot3_burger_cam.urdf
-- Up-to-date: /home/manel/psolar_ws/install/psolar_gazebo/share/psolar_gazebo//urdf/turtlebot3_waffle.urdf
-- Up-to-date: /home/manel/psolar_ws/install/psolar_gazebo/share/psolar_gazebo//urdf/common_properties.urdf
-- Up-to-date: /home/manel/psolar_ws/install/psolar_gazebo/share/psolar_gazebo//urdf/turtlebot3_waffle_pi.urdf
-- Up-to-date: /home/manel/psolar_ws/install/psolar_gazebo/share/psolar_gazebo//urdf/turtlebot3_burger.urdf
-- Up-to-date: /home/manel/psolar_ws/install/psolar_gazebo/share/psolar_gazebo//worlds
-- Up-to-date: /home/manel/psolar_ws/install/psolar_gazebo/share/psolar_gazebo//worlds/empty_world.world
-- Up-to-date: /home/manel/psolar_ws/install/psolar_gazebo/share/psolar_gazebo//worlds/solar_panel_model.xml
-- Up-to-date: /home/manel/psolar_ws/install/psolar_gazebo/share/psolar_gazebo//worlds/materials
-- Up-to-date: /home/manel/psolar_ws/install/psolar_gazebo/share/psolar_gazebo//worlds/materials/textures
-- Up-to-date: /home/manel/psolar_ws/install/psolar_gazebo/share/psolar_gazebo//worlds/materials/textures/solar_panel_img.jpg
-- Up-to-date: /home/manel/psolar_ws/install/psolar_gazebo/share/psolar_gazebo//params
-- Up-to-date: /home/manel/psolar_ws/install/psolar_gazebo/share/psolar_gazebo//params/turtlebot3_waffle_bridge.yaml
-- Up-to-date: /home/manel/psolar_ws/install/psolar_gazebo/include/
-- Up-to-date: /home/manel/psolar_ws/install/psolar_gazebo/include//psolar_gazebo
-- Up-to-date: /home/manel/psolar_ws/install/psolar_gazebo/include//psolar_gazebo/turtlebot3_drive.hpp
-- Up-to-date: /home/manel/psolar_ws/install/psolar_gazebo/share/ament_index/resource_index/package_run_dependencies/psolar_gazebo
-- Up-to-date: /home/manel/psolar_ws/install/psolar_gazebo/share/ament_index/resource_index/parent_prefix_path/psolar_gazebo
-- Up-to-date: /home/manel/psolar_ws/install/psolar_gazebo/share/psolar_gazebo/environment/ament_prefix_path.sh
-- Up-to-date: /home/manel/psolar_ws/install/psolar_gazebo/share/psolar_gazebo/environment/ament_prefix_path.dsv
-- Up-to-date: /home/manel/psolar_ws/install/psolar_gazebo/share/psolar_gazebo/environment/path.sh
-- Up-to-date: /home/manel/psolar_ws/install/psolar_gazebo/share/psolar_gazebo/environment/path.dsv
-- Up-to-date: /home/manel/psolar_ws/install/psolar_gazebo/share/psolar_gazebo/local_setup.bash
-- Up-to-date: /home/manel/psolar_ws/install/psolar_gazebo/share/psolar_gazebo/local_setup.sh
-- Up-to-date: /home/manel/psolar_ws/install/psolar_gazebo/share/psolar_gazebo/local_setup.zsh
-- Up-to-date: /home/manel/psolar_ws/install/psolar_gazebo/share/psolar_gazebo/local_setup.dsv
-- Installing: /home/manel/psolar_ws/install/psolar_gazebo/share/psolar_gazebo/package.dsv
-- Up-to-date: /home/manel/psolar_ws/install/psolar_gazebo/share/ament_index/resource_index/packages/psolar_gazebo
-- Up-to-date: /home/manel/psolar_ws/install/psolar_gazebo/share/psolar_gazebo/cmake/ament_cmake_export_include_directories-extras.cmake
-- Up-to-date: /home/manel/psolar_ws/install/psolar_gazebo/share/psolar_gazebo/cmake/ament_cmake_export_dependencies-extras.cmake
-- Up-to-date: /home/manel/psolar_ws/install/psolar_gazebo/share/psolar_gazebo/cmake/psolar_gazeboConfig.cmake
-- Up-to-date: /home/manel/psolar_ws/install/psolar_gazebo/share/psolar_gazebo/cmake/psolar_gazeboConfig-version.cmake
-- Up-to-date: /home/manel/psolar_ws/install/psolar_gazebo/share/psolar_gazebo/package.xml
