[0.017s] Invoking command in '/home/manel/psolar_ws/build/opennav_coverage_bt': AMENT_PREFIX_PATH=/home/manel/psolar_ws/install/opennav_coverage_msgs:${AMENT_PREFIX_PATH} CMAKE_PREFIX_PATH=/home/manel/psolar_ws/install/opennav_coverage_msgs:/opt/ros/humble LD_LIBRARY_PATH=/home/manel/psolar_ws/install/opennav_coverage_msgs/lib:${LD_LIBRARY_PATH} PYTHONPATH=/home/manel/psolar_ws/install/opennav_coverage_msgs/local/lib/python3.10/dist-packages:${PYTHONPATH} /usr/bin/cmake --build /home/manel/psolar_ws/build/opennav_coverage_bt -- -j12 -l12
[0.079s] [35m[1mConsolidate compiler generated dependencies of target opennav_compute_complete_coverage_action_bt_node[0m
[0.086s] [35m[1mConsolidate compiler generated dependencies of target opennav_cancel_complete_coverage_action_bt_node[0m
[0.109s] [ 50%] Built target opennav_compute_complete_coverage_action_bt_node
[0.115s] [100%] Built target opennav_cancel_complete_coverage_action_bt_node
[0.129s] Invoked command in '/home/manel/psolar_ws/build/opennav_coverage_bt' returned '0': AMENT_PREFIX_PATH=/home/manel/psolar_ws/install/opennav_coverage_msgs:${AMENT_PREFIX_PATH} CMAKE_PREFIX_PATH=/home/manel/psolar_ws/install/opennav_coverage_msgs:/opt/ros/humble LD_LIBRARY_PATH=/home/manel/psolar_ws/install/opennav_coverage_msgs/lib:${LD_LIBRARY_PATH} PYTHONPATH=/home/manel/psolar_ws/install/opennav_coverage_msgs/local/lib/python3.10/dist-packages:${PYTHONPATH} /usr/bin/cmake --build /home/manel/psolar_ws/build/opennav_coverage_bt -- -j12 -l12
[0.132s] Invoking command in '/home/manel/psolar_ws/build/opennav_coverage_bt': AMENT_PREFIX_PATH=/home/manel/psolar_ws/install/opennav_coverage_msgs:${AMENT_PREFIX_PATH} CMAKE_PREFIX_PATH=/home/manel/psolar_ws/install/opennav_coverage_msgs:/opt/ros/humble LD_LIBRARY_PATH=/home/manel/psolar_ws/install/opennav_coverage_msgs/lib:${LD_LIBRARY_PATH} PYTHONPATH=/home/manel/psolar_ws/install/opennav_coverage_msgs/local/lib/python3.10/dist-packages:${PYTHONPATH} /usr/bin/cmake --install /home/manel/psolar_ws/build/opennav_coverage_bt
[0.140s] -- Install configuration: ""
[0.141s] -- Up-to-date: /home/manel/psolar_ws/install/opennav_coverage_bt/lib/libopennav_compute_complete_coverage_action_bt_node.so
[0.141s] -- Up-to-date: /home/manel/psolar_ws/install/opennav_coverage_bt/lib/libopennav_cancel_complete_coverage_action_bt_node.so
[0.141s] -- Up-to-date: /home/manel/psolar_ws/install/opennav_coverage_bt/include/
[0.141s] -- Up-to-date: /home/manel/psolar_ws/install/opennav_coverage_bt/include//opennav_coverage_bt
[0.141s] -- Up-to-date: /home/manel/psolar_ws/install/opennav_coverage_bt/include//opennav_coverage_bt/compute_complete_coverage_path.hpp
[0.142s] -- Up-to-date: /home/manel/psolar_ws/install/opennav_coverage_bt/include//opennav_coverage_bt/cancel_complete_coverage_path.hpp
[0.142s] -- Up-to-date: /home/manel/psolar_ws/install/opennav_coverage_bt/include//opennav_coverage_bt/utils.hpp
[0.142s] -- Up-to-date: /home/manel/psolar_ws/install/opennav_coverage_bt/share/opennav_coverage_bt/behavior_trees
[0.142s] -- Up-to-date: /home/manel/psolar_ws/install/opennav_coverage_bt/share/opennav_coverage_bt/behavior_trees/navigate_w_basic_complete_coverage.xml
[0.142s] -- Up-to-date: /home/manel/psolar_ws/install/opennav_coverage_bt/share/opennav_coverage_bt/behavior_trees/navigate_w_basic_row_complete_coverage.xml
[0.142s] -- Up-to-date: /home/manel/psolar_ws/install/opennav_coverage_bt/share/opennav_coverage_bt/environment/library_path.sh
[0.143s] -- Up-to-date: /home/manel/psolar_ws/install/opennav_coverage_bt/share/opennav_coverage_bt/environment/library_path.dsv
[0.143s] -- Up-to-date: /home/manel/psolar_ws/install/opennav_coverage_bt/share/ament_index/resource_index/package_run_dependencies/opennav_coverage_bt
[0.143s] -- Up-to-date: /home/manel/psolar_ws/install/opennav_coverage_bt/share/ament_index/resource_index/parent_prefix_path/opennav_coverage_bt
[0.143s] -- Up-to-date: /home/manel/psolar_ws/install/opennav_coverage_bt/share/opennav_coverage_bt/environment/ament_prefix_path.sh
[0.143s] -- Up-to-date: /home/manel/psolar_ws/install/opennav_coverage_bt/share/opennav_coverage_bt/environment/ament_prefix_path.dsv
[0.143s] -- Up-to-date: /home/manel/psolar_ws/install/opennav_coverage_bt/share/opennav_coverage_bt/environment/path.sh
[0.144s] -- Up-to-date: /home/manel/psolar_ws/install/opennav_coverage_bt/share/opennav_coverage_bt/environment/path.dsv
[0.144s] -- Up-to-date: /home/manel/psolar_ws/install/opennav_coverage_bt/share/opennav_coverage_bt/local_setup.bash
[0.145s] -- Up-to-date: /home/manel/psolar_ws/install/opennav_coverage_bt/share/opennav_coverage_bt/local_setup.sh
[0.145s] -- Up-to-date: /home/manel/psolar_ws/install/opennav_coverage_bt/share/opennav_coverage_bt/local_setup.zsh
[0.146s] -- Up-to-date: /home/manel/psolar_ws/install/opennav_coverage_bt/share/opennav_coverage_bt/local_setup.dsv
[0.146s] -- Installing: /home/manel/psolar_ws/install/opennav_coverage_bt/share/opennav_coverage_bt/package.dsv
[0.146s] -- Up-to-date: /home/manel/psolar_ws/install/opennav_coverage_bt/share/ament_index/resource_index/packages/opennav_coverage_bt
[0.146s] -- Up-to-date: /home/manel/psolar_ws/install/opennav_coverage_bt/share/opennav_coverage_bt/cmake/ament_cmake_export_include_directories-extras.cmake
[0.146s] -- Up-to-date: /home/manel/psolar_ws/install/opennav_coverage_bt/share/opennav_coverage_bt/cmake/ament_cmake_export_libraries-extras.cmake
[0.146s] -- Up-to-date: /home/manel/psolar_ws/install/opennav_coverage_bt/share/opennav_coverage_bt/cmake/ament_cmake_export_dependencies-extras.cmake
[0.147s] -- Up-to-date: /home/manel/psolar_ws/install/opennav_coverage_bt/share/opennav_coverage_bt/cmake/opennav_coverage_btConfig.cmake
[0.147s] -- Up-to-date: /home/manel/psolar_ws/install/opennav_coverage_bt/share/opennav_coverage_bt/cmake/opennav_coverage_btConfig-version.cmake
[0.147s] -- Up-to-date: /home/manel/psolar_ws/install/opennav_coverage_bt/share/opennav_coverage_bt/package.xml
[0.148s] Invoked command in '/home/manel/psolar_ws/build/opennav_coverage_bt' returned '0': AMENT_PREFIX_PATH=/home/manel/psolar_ws/install/opennav_coverage_msgs:${AMENT_PREFIX_PATH} CMAKE_PREFIX_PATH=/home/manel/psolar_ws/install/opennav_coverage_msgs:/opt/ros/humble LD_LIBRARY_PATH=/home/manel/psolar_ws/install/opennav_coverage_msgs/lib:${LD_LIBRARY_PATH} PYTHONPATH=/home/manel/psolar_ws/install/opennav_coverage_msgs/local/lib/python3.10/dist-packages:${PYTHONPATH} /usr/bin/cmake --install /home/manel/psolar_ws/build/opennav_coverage_bt
