[0.049s] Invoking command in '/home/manel/psolar_ws/build/psolar_decision_making': CMAKE_PREFIX_PATH=/opt/ros/humble /usr/bin/cmake --build /home/manel/psolar_ws/build/psolar_decision_making -- -j12 -l12
[0.190s] Invoked command in '/home/manel/psolar_ws/build/psolar_decision_making' returned '0': CMAKE_PREFIX_PATH=/opt/ros/humble /usr/bin/cmake --build /home/manel/psolar_ws/build/psolar_decision_making -- -j12 -l12
[0.234s] Invoking command in '/home/manel/psolar_ws/build/psolar_decision_making': CMAKE_PREFIX_PATH=/opt/ros/humble /usr/bin/cmake --install /home/manel/psolar_ws/build/psolar_decision_making
[0.281s] -- Install configuration: ""
[0.293s] -- Up-to-date: /home/manel/psolar_ws/install/psolar_decision_making/share/ament_index/resource_index/package_run_dependencies/psolar_decision_making
[0.293s] -- Up-to-date: /home/manel/psolar_ws/install/psolar_decision_making/share/ament_index/resource_index/parent_prefix_path/psolar_decision_making
[0.300s] -- Up-to-date: /home/manel/psolar_ws/install/psolar_decision_making/share/psolar_decision_making/environment/ament_prefix_path.sh
[0.300s] -- Up-to-date: /home/manel/psolar_ws/install/psolar_decision_making/share/psolar_decision_making/environment/ament_prefix_path.dsv
[0.306s] -- Up-to-date: /home/manel/psolar_ws/install/psolar_decision_making/share/psolar_decision_making/environment/path.sh
[0.306s] -- Up-to-date: /home/manel/psolar_ws/install/psolar_decision_making/share/psolar_decision_making/environment/path.dsv
[0.306s] -- Up-to-date: /home/manel/psolar_ws/install/psolar_decision_making/share/psolar_decision_making/local_setup.bash
[0.306s] -- Up-to-date: /home/manel/psolar_ws/install/psolar_decision_making/share/psolar_decision_making/local_setup.sh
[0.307s] -- Up-to-date: /home/manel/psolar_ws/install/psolar_decision_making/share/psolar_decision_making/local_setup.zsh
[0.307s] -- Up-to-date: /home/manel/psolar_ws/install/psolar_decision_making/share/psolar_decision_making/local_setup.dsv
[0.307s] -- Installing: /home/manel/psolar_ws/install/psolar_decision_making/share/psolar_decision_making/package.dsv
[0.307s] -- Up-to-date: /home/manel/psolar_ws/install/psolar_decision_making/share/ament_index/resource_index/packages/psolar_decision_making
[0.307s] -- Up-to-date: /home/manel/psolar_ws/install/psolar_decision_making/share/psolar_decision_making/cmake/psolar_decision_makingConfig.cmake
[0.308s] -- Up-to-date: /home/manel/psolar_ws/install/psolar_decision_making/share/psolar_decision_making/cmake/psolar_decision_makingConfig-version.cmake
[0.308s] -- Up-to-date: /home/manel/psolar_ws/install/psolar_decision_making/share/psolar_decision_making/package.xml
[0.313s] Invoked command in '/home/manel/psolar_ws/build/psolar_decision_making' returned '0': CMAKE_PREFIX_PATH=/opt/ros/humble /usr/bin/cmake --install /home/manel/psolar_ws/build/psolar_decision_making
