[35m[1mConsolidate compiler generated dependencies of target opennav_coverage_msgs__rosidl_generator_c[0m
[  0%] Built target opennav_coverage_msgs__cpp
[ 12%] Built target opennav_coverage_msgs__rosidl_generator_c
[ 12%] Built target ament_cmake_python_copy_opennav_coverage_msgs
[35m[1mConsolidate compiler generated dependencies of target opennav_coverage_msgs__rosidl_typesupport_cpp[0m
[35m[1mConsolidate compiler generated dependencies of target opennav_coverage_msgs__rosidl_typesupport_fastrtps_cpp[0m
[35m[1mConsolidate compiler generated dependencies of target opennav_coverage_msgs__rosidl_typesupport_introspection_cpp[0m
[35m[1mConsolidate compiler generated dependencies of target opennav_coverage_msgs__rosidl_typesupport_fastrtps_c[0m
[35m[1mConsolidate compiler generated dependencies of target opennav_coverage_msgs__rosidl_typesupport_introspection_c[0m
[35m[1mConsolidate compiler generated dependencies of target opennav_coverage_msgs__rosidl_typesupport_c[0m
[ 24%] Built target opennav_coverage_msgs__rosidl_typesupport_cpp
[ 36%] Built target opennav_coverage_msgs__rosidl_typesupport_c
[ 48%] Built target opennav_coverage_msgs__rosidl_typesupport_introspection_cpp
[ 68%] Built target opennav_coverage_msgs__rosidl_typesupport_fastrtps_cpp
[ 71%] Built target opennav_coverage_msgs__rosidl_typesupport_introspection_c
[ 83%] Built target opennav_coverage_msgs__rosidl_typesupport_fastrtps_c
[ 83%] Built target opennav_coverage_msgs
[ 84%] Built target opennav_coverage_msgs__py
[35m[1mConsolidate compiler generated dependencies of target opennav_coverage_msgs__rosidl_generator_py[0m
[ 95%] Built target opennav_coverage_msgs__rosidl_generator_py
[35m[1mConsolidate compiler generated dependencies of target opennav_coverage_msgs__rosidl_typesupport_c__pyext[0m
[35m[1mConsolidate compiler generated dependencies of target opennav_coverage_msgs__rosidl_typesupport_introspection_c__pyext[0m
[35m[1mConsolidate compiler generated dependencies of target opennav_coverage_msgs__rosidl_typesupport_fastrtps_c__pyext[0m
[ 97%] Built target opennav_coverage_msgs__rosidl_typesupport_c__pyext
[ 98%] Built target opennav_coverage_msgs__rosidl_typesupport_introspection_c__pyext
[100%] Built target opennav_coverage_msgs__rosidl_typesupport_fastrtps_c__pyext
running egg_info
writing opennav_coverage_msgs.egg-info/PKG-INFO
writing dependency_links to opennav_coverage_msgs.egg-info/dependency_links.txt
writing top-level names to opennav_coverage_msgs.egg-info/top_level.txt
reading manifest file 'opennav_coverage_msgs.egg-info/SOURCES.txt'
writing manifest file 'opennav_coverage_msgs.egg-info/SOURCES.txt'
[100%] Built target ament_cmake_python_build_opennav_coverage_msgs_egg
