[0.031s] Invoking command in '/home/manel/psolar_ws/build/opennav_coverage_msgs': CMAKE_PREFIX_PATH=/opt/ros/humble /usr/bin/cmake --build /home/manel/psolar_ws/build/opennav_coverage_msgs -- -j12 -l12
[0.081s] [35m[1mConsolidate compiler generated dependencies of target opennav_coverage_msgs__rosidl_generator_c[0m
[0.094s] [  0%] Built target opennav_coverage_msgs__cpp
[0.107s] [ 12%] Built target opennav_coverage_msgs__rosidl_generator_c
[0.109s] [ 12%] Built target ament_cmake_python_copy_opennav_coverage_msgs
[0.115s] [35m[1mConsolidate compiler generated dependencies of target opennav_coverage_msgs__rosidl_typesupport_cpp[0m
[0.120s] [35m[1mConsolidate compiler generated dependencies of target opennav_coverage_msgs__rosidl_typesupport_fastrtps_cpp[0m
[0.120s] [35m[1mConsolidate compiler generated dependencies of target opennav_coverage_msgs__rosidl_typesupport_introspection_cpp[0m
[0.132s] [35m[1mConsolidate compiler generated dependencies of target opennav_coverage_msgs__rosidl_typesupport_fastrtps_c[0m
[0.137s] [35m[1mConsolidate compiler generated dependencies of target opennav_coverage_msgs__rosidl_typesupport_introspection_c[0m
[0.142s] [35m[1mConsolidate compiler generated dependencies of target opennav_coverage_msgs__rosidl_typesupport_c[0m
[0.160s] [ 24%] Built target opennav_coverage_msgs__rosidl_typesupport_cpp
[0.161s] [ 36%] Built target opennav_coverage_msgs__rosidl_typesupport_c
[0.164s] [ 48%] Built target opennav_coverage_msgs__rosidl_typesupport_introspection_cpp
[0.165s] [ 68%] Built target opennav_coverage_msgs__rosidl_typesupport_fastrtps_cpp
[0.165s] [ 71%] Built target opennav_coverage_msgs__rosidl_typesupport_introspection_c
[0.169s] [ 83%] Built target opennav_coverage_msgs__rosidl_typesupport_fastrtps_c
[0.194s] [ 83%] Built target opennav_coverage_msgs
[0.227s] [ 84%] Built target opennav_coverage_msgs__py
[0.243s] [35m[1mConsolidate compiler generated dependencies of target opennav_coverage_msgs__rosidl_generator_py[0m
[0.271s] [ 95%] Built target opennav_coverage_msgs__rosidl_generator_py
[0.285s] [35m[1mConsolidate compiler generated dependencies of target opennav_coverage_msgs__rosidl_typesupport_c__pyext[0m
[0.285s] [35m[1mConsolidate compiler generated dependencies of target opennav_coverage_msgs__rosidl_typesupport_introspection_c__pyext[0m
[0.285s] [35m[1mConsolidate compiler generated dependencies of target opennav_coverage_msgs__rosidl_typesupport_fastrtps_c__pyext[0m
[0.302s] [ 97%] Built target opennav_coverage_msgs__rosidl_typesupport_c__pyext
[0.302s] [ 98%] Built target opennav_coverage_msgs__rosidl_typesupport_introspection_c__pyext
[0.306s] [100%] Built target opennav_coverage_msgs__rosidl_typesupport_fastrtps_c__pyext
[0.581s] running egg_info
[0.582s] writing opennav_coverage_msgs.egg-info/PKG-INFO
[0.582s] writing dependency_links to opennav_coverage_msgs.egg-info/dependency_links.txt
[0.582s] writing top-level names to opennav_coverage_msgs.egg-info/top_level.txt
[0.585s] reading manifest file 'opennav_coverage_msgs.egg-info/SOURCES.txt'
[0.586s] writing manifest file 'opennav_coverage_msgs.egg-info/SOURCES.txt'
[0.618s] [100%] Built target ament_cmake_python_build_opennav_coverage_msgs_egg
