[0.032s] Invoking command in '/home/manel/psolar_ws/build/opennav_coverage_bt': AMENT_PREFIX_PATH=/home/manel/psolar_ws/install/opennav_coverage_msgs:${AMENT_PREFIX_PATH} CMAKE_PREFIX_PATH=/home/manel/psolar_ws/install/opennav_coverage_msgs:/opt/ros/humble LD_LIBRARY_PATH=/home/manel/psolar_ws/install/opennav_coverage_msgs/lib:${LD_LIBRARY_PATH} PYTHONPATH=/home/manel/psolar_ws/install/opennav_coverage_msgs/local/lib/python3.10/dist-packages:${PYTHONPATH} /usr/bin/cmake --build /home/manel/psolar_ws/build/opennav_coverage_bt -- -j12 -l12
[0.190s] [ 50%] Built target opennav_compute_complete_coverage_action_bt_node
[0.223s] [100%] Built target opennav_cancel_complete_coverage_action_bt_node
[0.260s] Invoked command in '/home/manel/psolar_ws/build/opennav_coverage_bt' returned '0': AMENT_PREFIX_PATH=/home/manel/psolar_ws/install/opennav_coverage_msgs:${AMENT_PREFIX_PATH} CMAKE_PREFIX_PATH=/home/manel/psolar_ws/install/opennav_coverage_msgs:/opt/ros/humble LD_LIBRARY_PATH=/home/manel/psolar_ws/install/opennav_coverage_msgs/lib:${LD_LIBRARY_PATH} PYTHONPATH=/home/manel/psolar_ws/install/opennav_coverage_msgs/local/lib/python3.10/dist-packages:${PYTHONPATH} /usr/bin/cmake --build /home/manel/psolar_ws/build/opennav_coverage_bt -- -j12 -l12
[0.261s] Invoking command in '/home/manel/psolar_ws/build/opennav_coverage_bt': AMENT_PREFIX_PATH=/home/manel/psolar_ws/install/opennav_coverage_msgs:${AMENT_PREFIX_PATH} CMAKE_PREFIX_PATH=/home/manel/psolar_ws/install/opennav_coverage_msgs:/opt/ros/humble LD_LIBRARY_PATH=/home/manel/psolar_ws/install/opennav_coverage_msgs/lib:${LD_LIBRARY_PATH} PYTHONPATH=/home/manel/psolar_ws/install/opennav_coverage_msgs/local/lib/python3.10/dist-packages:${PYTHONPATH} /usr/bin/cmake --install /home/manel/psolar_ws/build/opennav_coverage_bt
[0.293s] -- Install configuration: ""
[0.294s] -- Up-to-date: /home/manel/psolar_ws/install/opennav_coverage_bt/lib/libopennav_compute_complete_coverage_action_bt_node.so
[0.294s] -- Up-to-date: /home/manel/psolar_ws/install/opennav_coverage_bt/lib/libopennav_cancel_complete_coverage_action_bt_node.so
[0.295s] -- Up-to-date: /home/manel/psolar_ws/install/opennav_coverage_bt/include/
[0.303s] -- Up-to-date: /home/manel/psolar_ws/install/opennav_coverage_bt/include//opennav_coverage_bt
[0.303s] -- Up-to-date: /home/manel/psolar_ws/install/opennav_coverage_bt/include//opennav_coverage_bt/compute_complete_coverage_path.hpp
[0.303s] -- Up-to-date: /home/manel/psolar_ws/install/opennav_coverage_bt/include//opennav_coverage_bt/cancel_complete_coverage_path.hpp
[0.304s] -- Up-to-date: /home/manel/psolar_ws/install/opennav_coverage_bt/include//opennav_coverage_bt/utils.hpp
[0.304s] -- Up-to-date: /home/manel/psolar_ws/install/opennav_coverage_bt/share/opennav_coverage_bt/behavior_trees
[0.305s] -- Up-to-date: /home/manel/psolar_ws/install/opennav_coverage_bt/share/opennav_coverage_bt/behavior_trees/navigate_w_basic_complete_coverage.xml
[0.305s] -- Up-to-date: /home/manel/psolar_ws/install/opennav_coverage_bt/share/opennav_coverage_bt/behavior_trees/navigate_w_basic_row_complete_coverage.xml
[0.305s] -- Up-to-date: /home/manel/psolar_ws/install/opennav_coverage_bt/share/opennav_coverage_bt/environment/library_path.sh
[0.305s] -- Up-to-date: /home/manel/psolar_ws/install/opennav_coverage_bt/share/opennav_coverage_bt/environment/library_path.dsv
[0.305s] -- Up-to-date: /home/manel/psolar_ws/install/opennav_coverage_bt/share/ament_index/resource_index/package_run_dependencies/opennav_coverage_bt
[0.306s] -- Up-to-date: /home/manel/psolar_ws/install/opennav_coverage_bt/share/ament_index/resource_index/parent_prefix_path/opennav_coverage_bt
[0.306s] -- Up-to-date: /home/manel/psolar_ws/install/opennav_coverage_bt/share/opennav_coverage_bt/environment/ament_prefix_path.sh
[0.306s] -- Up-to-date: /home/manel/psolar_ws/install/opennav_coverage_bt/share/opennav_coverage_bt/environment/ament_prefix_path.dsv
[0.306s] -- Up-to-date: /home/manel/psolar_ws/install/opennav_coverage_bt/share/opennav_coverage_bt/environment/path.sh
[0.310s] -- Up-to-date: /home/manel/psolar_ws/install/opennav_coverage_bt/share/opennav_coverage_bt/environment/path.dsv
[0.311s] -- Up-to-date: /home/manel/psolar_ws/install/opennav_coverage_bt/share/opennav_coverage_bt/local_setup.bash
[0.311s] -- Up-to-date: /home/manel/psolar_ws/install/opennav_coverage_bt/share/opennav_coverage_bt/local_setup.sh
[0.311s] -- Up-to-date: /home/manel/psolar_ws/install/opennav_coverage_bt/share/opennav_coverage_bt/local_setup.zsh
[0.311s] -- Up-to-date: /home/manel/psolar_ws/install/opennav_coverage_bt/share/opennav_coverage_bt/local_setup.dsv
[0.312s] -- Installing: /home/manel/psolar_ws/install/opennav_coverage_bt/share/opennav_coverage_bt/package.dsv
[0.312s] -- Up-to-date: /home/manel/psolar_ws/install/opennav_coverage_bt/share/ament_index/resource_index/packages/opennav_coverage_bt
[0.312s] -- Up-to-date: /home/manel/psolar_ws/install/opennav_coverage_bt/share/opennav_coverage_bt/cmake/ament_cmake_export_include_directories-extras.cmake
[0.312s] -- Up-to-date: /home/manel/psolar_ws/install/opennav_coverage_bt/share/opennav_coverage_bt/cmake/ament_cmake_export_libraries-extras.cmake
[0.312s] -- Up-to-date: /home/manel/psolar_ws/install/opennav_coverage_bt/share/opennav_coverage_bt/cmake/ament_cmake_export_dependencies-extras.cmake
[0.313s] -- Up-to-date: /home/manel/psolar_ws/install/opennav_coverage_bt/share/opennav_coverage_bt/cmake/opennav_coverage_btConfig.cmake
[0.313s] -- Up-to-date: /home/manel/psolar_ws/install/opennav_coverage_bt/share/opennav_coverage_bt/cmake/opennav_coverage_btConfig-version.cmake
[0.313s] -- Up-to-date: /home/manel/psolar_ws/install/opennav_coverage_bt/share/opennav_coverage_bt/package.xml
[0.316s] Invoked command in '/home/manel/psolar_ws/build/opennav_coverage_bt' returned '0': AMENT_PREFIX_PATH=/home/manel/psolar_ws/install/opennav_coverage_msgs:${AMENT_PREFIX_PATH} CMAKE_PREFIX_PATH=/home/manel/psolar_ws/install/opennav_coverage_msgs:/opt/ros/humble LD_LIBRARY_PATH=/home/manel/psolar_ws/install/opennav_coverage_msgs/lib:${LD_LIBRARY_PATH} PYTHONPATH=/home/manel/psolar_ws/install/opennav_coverage_msgs/local/lib/python3.10/dist-packages:${PYTHONPATH} /usr/bin/cmake --install /home/manel/psolar_ws/build/opennav_coverage_bt
