[0.040s] Invoking command in '/home/manel/psolar_ws/build/psolar_bringup': AMENT_PREFIX_PATH=/home/manel/psolar_ws/install/psolar_localization:/home/manel/psolar_ws/install/psolar_gazebo:${AMENT_PREFIX_PATH} CMAKE_PREFIX_PATH=/home/manel/psolar_ws/install/psolar_localization:/home/manel/psolar_ws/install/psolar_gazebo:/opt/ros/humble /usr/bin/cmake --build /home/manel/psolar_ws/build/psolar_bringup -- -j12 -l12
[0.114s] Invoked command in '/home/manel/psolar_ws/build/psolar_bringup' returned '0': AMENT_PREFIX_PATH=/home/manel/psolar_ws/install/psolar_localization:/home/manel/psolar_ws/install/psolar_gazebo:${AMENT_PREFIX_PATH} CMAKE_PREFIX_PATH=/home/manel/psolar_ws/install/psolar_localization:/home/manel/psolar_ws/install/psolar_gazebo:/opt/ros/humble /usr/bin/cmake --build /home/manel/psolar_ws/build/psolar_bringup -- -j12 -l12
[0.117s] Invoking command in '/home/manel/psolar_ws/build/psolar_bringup': AMENT_PREFIX_PATH=/home/manel/psolar_ws/install/psolar_localization:/home/manel/psolar_ws/install/psolar_gazebo:${AMENT_PREFIX_PATH} CMAKE_PREFIX_PATH=/home/manel/psolar_ws/install/psolar_localization:/home/manel/psolar_ws/install/psolar_gazebo:/opt/ros/humble /usr/bin/cmake --install /home/manel/psolar_ws/build/psolar_bringup
[0.145s] -- Install configuration: ""
[0.145s] -- Up-to-date: /home/manel/psolar_ws/install/psolar_bringup/share/psolar_bringup//launch
[0.145s] -- Installing: /home/manel/psolar_ws/install/psolar_bringup/share/psolar_bringup//launch/psolar.launch.py
[0.146s] -- Up-to-date: /home/manel/psolar_ws/install/psolar_bringup/share/psolar_bringup//rviz
[0.146s] -- Up-to-date: /home/manel/psolar_ws/install/psolar_bringup/share/ament_index/resource_index/package_run_dependencies/psolar_bringup
[0.146s] -- Up-to-date: /home/manel/psolar_ws/install/psolar_bringup/share/ament_index/resource_index/parent_prefix_path/psolar_bringup
[0.146s] -- Up-to-date: /home/manel/psolar_ws/install/psolar_bringup/share/psolar_bringup/environment/ament_prefix_path.sh
[0.146s] -- Up-to-date: /home/manel/psolar_ws/install/psolar_bringup/share/psolar_bringup/environment/ament_prefix_path.dsv
[0.146s] -- Up-to-date: /home/manel/psolar_ws/install/psolar_bringup/share/psolar_bringup/environment/path.sh
[0.147s] -- Up-to-date: /home/manel/psolar_ws/install/psolar_bringup/share/psolar_bringup/environment/path.dsv
[0.147s] -- Up-to-date: /home/manel/psolar_ws/install/psolar_bringup/share/psolar_bringup/local_setup.bash
[0.147s] -- Up-to-date: /home/manel/psolar_ws/install/psolar_bringup/share/psolar_bringup/local_setup.sh
[0.147s] -- Up-to-date: /home/manel/psolar_ws/install/psolar_bringup/share/psolar_bringup/local_setup.zsh
[0.147s] -- Up-to-date: /home/manel/psolar_ws/install/psolar_bringup/share/psolar_bringup/local_setup.dsv
[0.148s] -- Installing: /home/manel/psolar_ws/install/psolar_bringup/share/psolar_bringup/package.dsv
[0.148s] -- Up-to-date: /home/manel/psolar_ws/install/psolar_bringup/share/ament_index/resource_index/packages/psolar_bringup
[0.148s] -- Up-to-date: /home/manel/psolar_ws/install/psolar_bringup/share/psolar_bringup/cmake/psolar_bringupConfig.cmake
[0.148s] -- Up-to-date: /home/manel/psolar_ws/install/psolar_bringup/share/psolar_bringup/cmake/psolar_bringupConfig-version.cmake
[0.149s] -- Up-to-date: /home/manel/psolar_ws/install/psolar_bringup/share/psolar_bringup/package.xml
[0.178s] Invoked command in '/home/manel/psolar_ws/build/psolar_bringup' returned '0': AMENT_PREFIX_PATH=/home/manel/psolar_ws/install/psolar_localization:/home/manel/psolar_ws/install/psolar_gazebo:${AMENT_PREFIX_PATH} CMAKE_PREFIX_PATH=/home/manel/psolar_ws/install/psolar_localization:/home/manel/psolar_ws/install/psolar_gazebo:/opt/ros/humble /usr/bin/cmake --install /home/manel/psolar_ws/build/psolar_bringup
