[0.959s] Invoking command in '/home/manel/psolar_ws/src/opennav_coverage/opennav_coverage_demo': AMENT_PREFIX_PATH=/home/manel/psolar_ws/install/opennav_row_coverage:/home/manel/psolar_ws/install/opennav_coverage_navigator:/home/manel/psolar_ws/install/opennav_coverage_bt:/home/manel/psolar_ws/install/opennav_coverage:/home/manel/psolar_ws/install/opennav_coverage_msgs:/home/manel/psolar_ws/install/backported_bt_navigator:${AMENT_PREFIX_PATH} CMAKE_PREFIX_PATH=/home/manel/psolar_ws/install/opennav_row_coverage:/home/manel/psolar_ws/install/opennav_coverage_navigator:/home/manel/psolar_ws/install/opennav_coverage_bt:/home/manel/psolar_ws/install/opennav_coverage:/home/manel/psolar_ws/install/opennav_coverage_msgs:/home/manel/psolar_ws/install/fields2cover:/home/manel/psolar_ws/install/backported_bt_navigator LD_LIBRARY_PATH=/home/manel/psolar_ws/install/opennav_row_coverage/lib:/home/manel/psolar_ws/install/opennav_coverage_navigator/lib:/home/manel/psolar_ws/install/opennav_coverage_bt/lib:/home/manel/psolar_ws/install/opennav_coverage/lib:/home/manel/psolar_ws/install/opennav_coverage_msgs/lib:/home/manel/psolar_ws/install/fields2cover/lib:/home/manel/psolar_ws/install/backported_bt_navigator/lib:${LD_LIBRARY_PATH} PKG_CONFIG_PATH=/home/manel/psolar_ws/install/fields2cover/lib/x86_64-linux-gnu/pkgconfig:/home/manel/psolar_ws/install/fields2cover/lib/pkgconfig PYTHONPATH=/home/manel/psolar_ws/build/opennav_coverage_demo/prefix_override:/usr/lib/python3/dist-packages/colcon_core/task/python/colcon_distutils_commands:/home/manel/psolar_ws/install/opennav_coverage_demo/lib/python3.10/site-packages:/home/manel/psolar_ws/install/opennav_coverage_msgs/local/lib/python3.10/dist-packages:${PYTHONPATH} /usr/bin/python3 -W ignore:setup.py install is deprecated -W ignore:easy_install command is deprecated setup.py egg_info --egg-base ../../../build/opennav_coverage_demo build --build-base /home/manel/psolar_ws/build/opennav_coverage_demo/build install --record /home/manel/psolar_ws/build/opennav_coverage_demo/install.log --single-version-externally-managed install_data
[1.327s] running egg_info
[1.328s] writing ../../../build/opennav_coverage_demo/opennav_coverage_demo.egg-info/PKG-INFO
[1.328s] writing dependency_links to ../../../build/opennav_coverage_demo/opennav_coverage_demo.egg-info/dependency_links.txt
[1.328s] writing entry points to ../../../build/opennav_coverage_demo/opennav_coverage_demo.egg-info/entry_points.txt
[1.328s] writing requirements to ../../../build/opennav_coverage_demo/opennav_coverage_demo.egg-info/requires.txt
[1.329s] writing top-level names to ../../../build/opennav_coverage_demo/opennav_coverage_demo.egg-info/top_level.txt
[1.331s] reading manifest file '../../../build/opennav_coverage_demo/opennav_coverage_demo.egg-info/SOURCES.txt'
[1.332s] writing manifest file '../../../build/opennav_coverage_demo/opennav_coverage_demo.egg-info/SOURCES.txt'
[1.333s] running build
[1.333s] running build_py
[1.333s] running install
[1.334s] running install_lib
[1.335s] running install_data
[1.336s] running install_egg_info
[1.338s] removing '/home/manel/psolar_ws/install/opennav_coverage_demo/lib/python3.10/site-packages/opennav_coverage_demo-1.0.0-py3.10.egg-info' (and everything under it)
[1.339s] Copying ../../../build/opennav_coverage_demo/opennav_coverage_demo.egg-info to /home/manel/psolar_ws/install/opennav_coverage_demo/lib/python3.10/site-packages/opennav_coverage_demo-1.0.0-py3.10.egg-info
[1.340s] running install_scripts
[1.369s] Installing demo_coverage script to /home/manel/psolar_ws/install/opennav_coverage_demo/lib/opennav_coverage_demo
[1.369s] Installing demo_row_coverage script to /home/manel/psolar_ws/install/opennav_coverage_demo/lib/opennav_coverage_demo
[1.370s] Installing test_compute_path script to /home/manel/psolar_ws/install/opennav_coverage_demo/lib/opennav_coverage_demo
[1.370s] writing list of installed files to '/home/manel/psolar_ws/build/opennav_coverage_demo/install.log'
[1.400s] Invoked command in '/home/manel/psolar_ws/src/opennav_coverage/opennav_coverage_demo' returned '0': AMENT_PREFIX_PATH=/home/manel/psolar_ws/install/opennav_row_coverage:/home/manel/psolar_ws/install/opennav_coverage_navigator:/home/manel/psolar_ws/install/opennav_coverage_bt:/home/manel/psolar_ws/install/opennav_coverage:/home/manel/psolar_ws/install/opennav_coverage_msgs:/home/manel/psolar_ws/install/backported_bt_navigator:${AMENT_PREFIX_PATH} CMAKE_PREFIX_PATH=/home/manel/psolar_ws/install/opennav_row_coverage:/home/manel/psolar_ws/install/opennav_coverage_navigator:/home/manel/psolar_ws/install/opennav_coverage_bt:/home/manel/psolar_ws/install/opennav_coverage:/home/manel/psolar_ws/install/opennav_coverage_msgs:/home/manel/psolar_ws/install/fields2cover:/home/manel/psolar_ws/install/backported_bt_navigator LD_LIBRARY_PATH=/home/manel/psolar_ws/install/opennav_row_coverage/lib:/home/manel/psolar_ws/install/opennav_coverage_navigator/lib:/home/manel/psolar_ws/install/opennav_coverage_bt/lib:/home/manel/psolar_ws/install/opennav_coverage/lib:/home/manel/psolar_ws/install/opennav_coverage_msgs/lib:/home/manel/psolar_ws/install/fields2cover/lib:/home/manel/psolar_ws/install/backported_bt_navigator/lib:${LD_LIBRARY_PATH} PKG_CONFIG_PATH=/home/manel/psolar_ws/install/fields2cover/lib/x86_64-linux-gnu/pkgconfig:/home/manel/psolar_ws/install/fields2cover/lib/pkgconfig PYTHONPATH=/home/manel/psolar_ws/build/opennav_coverage_demo/prefix_override:/usr/lib/python3/dist-packages/colcon_core/task/python/colcon_distutils_commands:/home/manel/psolar_ws/install/opennav_coverage_demo/lib/python3.10/site-packages:/home/manel/psolar_ws/install/opennav_coverage_msgs/local/lib/python3.10/dist-packages:${PYTHONPATH} /usr/bin/python3 -W ignore:setup.py install is deprecated -W ignore:easy_install command is deprecated setup.py egg_info --egg-base ../../../build/opennav_coverage_demo build --build-base /home/manel/psolar_ws/build/opennav_coverage_demo/build install --record /home/manel/psolar_ws/build/opennav_coverage_demo/install.log --single-version-externally-managed install_data
