[ 33%] Built target tilted_frames_publisher
[ 66%] Built target odom_tilted_publisher
[100%] Built target gps_tilted_publisher
-- Install configuration: ""
-- Up-to-date: /home/manel/psolar_ws/install/psolar_localization/share/psolar_localization//launch
-- Up-to-date: /home/manel/psolar_ws/install/psolar_localization/share/psolar_localization//launch/dual_ekf_navsat.launch.py
-- Up-to-date: /home/manel/psolar_ws/install/psolar_localization/share/psolar_localization//launch/localization_on_slope.launch.py
-- Up-to-date: /home/manel/psolar_ws/install/psolar_localization/share/psolar_localization//config
-- Up-to-date: /home/manel/psolar_ws/install/psolar_localization/share/psolar_localization//config/global_ekf_params_slope.yaml
-- Up-to-date: /home/manel/psolar_ws/install/psolar_localization/share/psolar_localization//config/global_ekf_params.yaml
-- Up-to-date: /home/manel/psolar_ws/install/psolar_localization/share/psolar_localization//config/navsat_params_slope.yaml
-- Up-to-date: /home/manel/psolar_ws/install/psolar_localization/share/psolar_localization//config/local_ekf_params.yaml
-- Up-to-date: /home/manel/psolar_ws/install/psolar_localization/share/psolar_localization//config/local_ekf_params_slope.yaml
-- Up-to-date: /home/manel/psolar_ws/install/psolar_localization/share/psolar_localization//config/navsat_params.yaml
-- Up-to-date: /home/manel/psolar_ws/install/psolar_localization/lib/psolar_localization/gps_tilted_publisher
-- Up-to-date: /home/manel/psolar_ws/install/psolar_localization/lib/psolar_localization/odom_tilted_publisher
-- Up-to-date: /home/manel/psolar_ws/install/psolar_localization/lib/psolar_localization/tilted_frames_publisher
-- Up-to-date: /home/manel/psolar_ws/install/psolar_localization/share/ament_index/resource_index/package_run_dependencies/psolar_localization
-- Up-to-date: /home/manel/psolar_ws/install/psolar_localization/share/ament_index/resource_index/parent_prefix_path/psolar_localization
-- Up-to-date: /home/manel/psolar_ws/install/psolar_localization/share/psolar_localization/environment/ament_prefix_path.sh
-- Up-to-date: /home/manel/psolar_ws/install/psolar_localization/share/psolar_localization/environment/ament_prefix_path.dsv
-- Up-to-date: /home/manel/psolar_ws/install/psolar_localization/share/psolar_localization/environment/path.sh
-- Up-to-date: /home/manel/psolar_ws/install/psolar_localization/share/psolar_localization/environment/path.dsv
-- Up-to-date: /home/manel/psolar_ws/install/psolar_localization/share/psolar_localization/local_setup.bash
-- Up-to-date: /home/manel/psolar_ws/install/psolar_localization/share/psolar_localization/local_setup.sh
-- Up-to-date: /home/manel/psolar_ws/install/psolar_localization/share/psolar_localization/local_setup.zsh
-- Up-to-date: /home/manel/psolar_ws/install/psolar_localization/share/psolar_localization/local_setup.dsv
-- Installing: /home/manel/psolar_ws/install/psolar_localization/share/psolar_localization/package.dsv
-- Up-to-date: /home/manel/psolar_ws/install/psolar_localization/share/ament_index/resource_index/packages/psolar_localization
-- Up-to-date: /home/manel/psolar_ws/install/psolar_localization/share/psolar_localization/cmake/psolar_localizationConfig.cmake
-- Up-to-date: /home/manel/psolar_ws/install/psolar_localization/share/psolar_localization/cmake/psolar_localizationConfig-version.cmake
-- Up-to-date: /home/manel/psolar_ws/install/psolar_localization/share/psolar_localization/package.xml
