[0.046s] Invoking command in '/home/manel/psolar_ws/build/psolar_bringup': AMENT_PREFIX_PATH=/home/manel/psolar_ws/install/psolar_localization:/home/manel/psolar_ws/install/psolar_gazebo:${AMENT_PREFIX_PATH} CMAKE_PREFIX_PATH=/home/manel/psolar_ws/install/psolar_localization:/home/manel/psolar_ws/install/psolar_gazebo:/opt/ros/humble /usr/bin/cmake --build /home/manel/psolar_ws/build/psolar_bringup -- -j12 -l12
[0.081s] -- Found ament_cmake: 1.3.11 (/opt/ros/humble/share/ament_cmake/cmake)
[0.262s] -- Found ament_lint_auto: 0.12.11 (/opt/ros/humble/share/ament_lint_auto/cmake)
[0.382s] -- Added test 'flake8' to check Python code syntax and style conventions
[0.384s] -- Added test 'lint_cmake' to check CMake code style
[0.384s] -- Added test 'pep257' to check Python code against some of the docstring style conventions in PEP 257
[0.385s] -- Added test 'xmllint' to check XML markup files
[0.387s] -- Configuring done
[0.401s] -- Generating done
[0.401s] -- Build files have been written to: /home/manel/psolar_ws/build/psolar_bringup
[0.470s] Invoked command in '/home/manel/psolar_ws/build/psolar_bringup' returned '0': AMENT_PREFIX_PATH=/home/manel/psolar_ws/install/psolar_localization:/home/manel/psolar_ws/install/psolar_gazebo:${AMENT_PREFIX_PATH} CMAKE_PREFIX_PATH=/home/manel/psolar_ws/install/psolar_localization:/home/manel/psolar_ws/install/psolar_gazebo:/opt/ros/humble /usr/bin/cmake --build /home/manel/psolar_ws/build/psolar_bringup -- -j12 -l12
[0.471s] Invoking command in '/home/manel/psolar_ws/build/psolar_bringup': AMENT_PREFIX_PATH=/home/manel/psolar_ws/install/psolar_localization:/home/manel/psolar_ws/install/psolar_gazebo:${AMENT_PREFIX_PATH} CMAKE_PREFIX_PATH=/home/manel/psolar_ws/install/psolar_localization:/home/manel/psolar_ws/install/psolar_gazebo:/opt/ros/humble /usr/bin/cmake --install /home/manel/psolar_ws/build/psolar_bringup
[0.472s] -- Install configuration: ""
[0.473s] -- Up-to-date: /home/manel/psolar_ws/install/psolar_bringup/share/psolar_bringup//launch
[0.473s] -- Up-to-date: /home/manel/psolar_ws/install/psolar_bringup/share/psolar_bringup//launch/psolar.launch.py
[0.474s] -- Up-to-date: /home/manel/psolar_ws/install/psolar_bringup/share/psolar_bringup//rviz
[0.474s] -- Installing: /home/manel/psolar_ws/install/psolar_bringup/share/ament_index/resource_index/package_run_dependencies/psolar_bringup
[0.474s] -- Installing: /home/manel/psolar_ws/install/psolar_bringup/share/ament_index/resource_index/parent_prefix_path/psolar_bringup
[0.474s] -- Up-to-date: /home/manel/psolar_ws/install/psolar_bringup/share/psolar_bringup/environment/ament_prefix_path.sh
[0.474s] -- Installing: /home/manel/psolar_ws/install/psolar_bringup/share/psolar_bringup/environment/ament_prefix_path.dsv
[0.474s] -- Up-to-date: /home/manel/psolar_ws/install/psolar_bringup/share/psolar_bringup/environment/path.sh
[0.474s] -- Installing: /home/manel/psolar_ws/install/psolar_bringup/share/psolar_bringup/environment/path.dsv
[0.475s] -- Up-to-date: /home/manel/psolar_ws/install/psolar_bringup/share/psolar_bringup/local_setup.bash
[0.475s] -- Up-to-date: /home/manel/psolar_ws/install/psolar_bringup/share/psolar_bringup/local_setup.sh
[0.475s] -- Up-to-date: /home/manel/psolar_ws/install/psolar_bringup/share/psolar_bringup/local_setup.zsh
[0.475s] -- Installing: /home/manel/psolar_ws/install/psolar_bringup/share/psolar_bringup/local_setup.dsv
[0.475s] -- Installing: /home/manel/psolar_ws/install/psolar_bringup/share/psolar_bringup/package.dsv
[0.475s] -- Up-to-date: /home/manel/psolar_ws/install/psolar_bringup/share/ament_index/resource_index/packages/psolar_bringup
[0.475s] -- Up-to-date: /home/manel/psolar_ws/install/psolar_bringup/share/psolar_bringup/cmake/psolar_bringupConfig.cmake
[0.475s] -- Up-to-date: /home/manel/psolar_ws/install/psolar_bringup/share/psolar_bringup/cmake/psolar_bringupConfig-version.cmake
[0.476s] -- Installing: /home/manel/psolar_ws/install/psolar_bringup/share/psolar_bringup/package.xml
[0.476s] Invoked command in '/home/manel/psolar_ws/build/psolar_bringup' returned '0': AMENT_PREFIX_PATH=/home/manel/psolar_ws/install/psolar_localization:/home/manel/psolar_ws/install/psolar_gazebo:${AMENT_PREFIX_PATH} CMAKE_PREFIX_PATH=/home/manel/psolar_ws/install/psolar_localization:/home/manel/psolar_ws/install/psolar_gazebo:/opt/ros/humble /usr/bin/cmake --install /home/manel/psolar_ws/build/psolar_bringup
