[0.061s] Invoking command in '/home/manel/psolar_ws/build/psolar_gazebo': CMAKE_PREFIX_PATH=/opt/ros/humble /usr/bin/cmake --build /home/manel/psolar_ws/build/psolar_gazebo -- -j12 -l12
[0.241s] [100%] Built target turtlebot3_drive
[0.474s] Invoked command in '/home/manel/psolar_ws/build/psolar_gazebo' returned '0': CMAKE_PREFIX_PATH=/opt/ros/humble /usr/bin/cmake --build /home/manel/psolar_ws/build/psolar_gazebo -- -j12 -l12
[0.476s] Invoking command in '/home/manel/psolar_ws/build/psolar_gazebo': CMAKE_PREFIX_PATH=/opt/ros/humble /usr/bin/cmake --install /home/manel/psolar_ws/build/psolar_gazebo
[0.519s] -- Install configuration: ""
[0.519s] -- Up-to-date: /home/manel/psolar_ws/install/psolar_gazebo/lib/psolar_gazebo/turtlebot3_drive
[0.519s] -- Up-to-date: /home/manel/psolar_ws/install/psolar_gazebo/share/psolar_gazebo//launch
[0.520s] -- Up-to-date: /home/manel/psolar_ws/install/psolar_gazebo/share/psolar_gazebo//launch/turtlebot3_world.launch.py
[0.531s] -- Up-to-date: /home/manel/psolar_ws/install/psolar_gazebo/share/psolar_gazebo//launch/robot_state_publisher.launch.py
[0.531s] -- Up-to-date: /home/manel/psolar_ws/install/psolar_gazebo/share/psolar_gazebo//launch/spawn_turtlebot3.launch.py
[0.531s] -- Up-to-date: /home/manel/psolar_ws/install/psolar_gazebo/share/psolar_gazebo//launch/empty_world.launch.py
[0.532s] -- Up-to-date: /home/manel/psolar_ws/install/psolar_gazebo/share/psolar_gazebo//models
[0.532s] -- Up-to-date: /home/manel/psolar_ws/install/psolar_gazebo/share/psolar_gazebo//models/turtlebot3_common
[0.532s] -- Up-to-date: /home/manel/psolar_ws/install/psolar_gazebo/share/psolar_gazebo//models/turtlebot3_common/model.config
[0.533s] -- Up-to-date: /home/manel/psolar_ws/install/psolar_gazebo/share/psolar_gazebo//models/turtlebot3_common/meshes
[0.533s] -- Up-to-date: /home/manel/psolar_ws/install/psolar_gazebo/share/psolar_gazebo//models/turtlebot3_common/meshes/solar_panel1.dae
[0.533s] -- Up-to-date: /home/manel/psolar_ws/install/psolar_gazebo/share/psolar_gazebo//models/turtlebot3_common/meshes/waffle_base.dae
[0.533s] -- Up-to-date: /home/manel/psolar_ws/install/psolar_gazebo/share/psolar_gazebo//models/turtlebot3_common/meshes/burger_base.dae
[0.537s] -- Up-to-date: /home/manel/psolar_ws/install/psolar_gazebo/share/psolar_gazebo//models/turtlebot3_common/meshes/gps.STL
[0.537s] -- Up-to-date: /home/manel/psolar_ws/install/psolar_gazebo/share/psolar_gazebo//models/turtlebot3_common/meshes/panel.dae
[0.538s] -- Up-to-date: /home/manel/psolar_ws/install/psolar_gazebo/share/psolar_gazebo//models/turtlebot3_common/meshes/bases
[0.538s] -- Up-to-date: /home/manel/psolar_ws/install/psolar_gazebo/share/psolar_gazebo//models/turtlebot3_common/meshes/bases/burger_base.stl
[0.538s] -- Up-to-date: /home/manel/psolar_ws/install/psolar_gazebo/share/psolar_gazebo//models/turtlebot3_common/meshes/bases/waffle_pi_base.stl
[0.538s] -- Up-to-date: /home/manel/psolar_ws/install/psolar_gazebo/share/psolar_gazebo//models/turtlebot3_common/meshes/bases/waffle_base.stl
[0.538s] -- Up-to-date: /home/manel/psolar_ws/install/psolar_gazebo/share/psolar_gazebo//models/turtlebot3_common/meshes/pp00.dae
[0.539s] -- Up-to-date: /home/manel/psolar_ws/install/psolar_gazebo/share/psolar_gazebo//models/turtlebot3_common/meshes/solar_origin.dae
[0.539s] -- Up-to-date: /home/manel/psolar_ws/install/psolar_gazebo/share/psolar_gazebo//models/turtlebot3_common/meshes/sensors
[0.551s] -- Up-to-date: /home/manel/psolar_ws/install/psolar_gazebo/share/psolar_gazebo//models/turtlebot3_common/meshes/sensors/lds.stl
[0.553s] -- Up-to-date: /home/manel/psolar_ws/install/psolar_gazebo/share/psolar_gazebo//models/turtlebot3_common/meshes/sensors/astra.jpg
[0.553s] -- Up-to-date: /home/manel/psolar_ws/install/psolar_gazebo/share/psolar_gazebo//models/turtlebot3_common/meshes/sensors/r200.dae
[0.555s] -- Up-to-date: /home/manel/psolar_ws/install/psolar_gazebo/share/psolar_gazebo//models/turtlebot3_common/meshes/sensors/astra.dae
[0.556s] -- Up-to-date: /home/manel/psolar_ws/install/psolar_gazebo/share/psolar_gazebo//models/turtlebot3_common/meshes/sensors/r200.jpg
[0.556s] -- Up-to-date: /home/manel/psolar_ws/install/psolar_gazebo/share/psolar_gazebo//models/turtlebot3_common/meshes/20degres.STL
[0.556s] -- Up-to-date: /home/manel/psolar_ws/install/psolar_gazebo/share/psolar_gazebo//models/turtlebot3_common/meshes/waffle_pi_base.dae
[0.556s] -- Up-to-date: /home/manel/psolar_ws/install/psolar_gazebo/share/psolar_gazebo//models/turtlebot3_common/meshes/r200.dae
[0.557s] -- Up-to-date: /home/manel/psolar_ws/install/psolar_gazebo/share/psolar_gazebo//models/turtlebot3_common/meshes/solar_panel1.blend
[0.557s] -- Up-to-date: /home/manel/psolar_ws/install/psolar_gazebo/share/psolar_gazebo//models/turtlebot3_common/meshes/solarpanel.dae
[0.557s] -- Up-to-date: /home/manel/psolar_ws/install/psolar_gazebo/share/psolar_gazebo//models/turtlebot3_common/meshes/solar_panel.dae
[0.557s] -- Up-to-date: /home/manel/psolar_ws/install/psolar_gazebo/share/psolar_gazebo//models/turtlebot3_common/meshes/solar_panel_10deg.dae
[0.557s] -- Up-to-date: /home/manel/psolar_ws/install/psolar_gazebo/share/psolar_gazebo//models/turtlebot3_common/meshes/lds.dae
[0.558s] -- Up-to-date: /home/manel/psolar_ws/install/psolar_gazebo/share/psolar_gazebo//models/turtlebot3_common/meshes/tire.dae
[0.558s] -- Up-to-date: /home/manel/psolar_ws/install/psolar_gazebo/share/psolar_gazebo//models/turtlebot3_common/meshes/wheels
[0.558s] -- Up-to-date: /home/manel/psolar_ws/install/psolar_gazebo/share/psolar_gazebo//models/turtlebot3_common/meshes/wheels/left_tire.stl
[0.558s] -- Up-to-date: /home/manel/psolar_ws/install/psolar_gazebo/share/psolar_gazebo//models/turtlebot3_common/meshes/wheels/right_tire.stl
[0.558s] -- Up-to-date: /home/manel/psolar_ws/install/psolar_gazebo/share/psolar_gazebo//models/turtlebot3_waffle
[0.559s] -- Up-to-date: /home/manel/psolar_ws/install/psolar_gazebo/share/psolar_gazebo//models/turtlebot3_waffle/model.sdf
[0.559s] -- Up-to-date: /home/manel/psolar_ws/install/psolar_gazebo/share/psolar_gazebo//models/turtlebot3_waffle/model.config
[0.560s] -- Up-to-date: /home/manel/psolar_ws/install/psolar_gazebo/share/psolar_gazebo//rviz
[0.561s] -- Up-to-date: /home/manel/psolar_ws/install/psolar_gazebo/share/psolar_gazebo//rviz/tb3_gazebo.rviz
[0.561s] -- Up-to-date: /home/manel/psolar_ws/install/psolar_gazebo/share/psolar_gazebo//urdf
[0.561s] -- Up-to-date: /home/manel/psolar_ws/install/psolar_gazebo/share/psolar_gazebo//urdf/turtlebot3_burger_cam.urdf
[0.561s] -- Up-to-date: /home/manel/psolar_ws/install/psolar_gazebo/share/psolar_gazebo//urdf/turtlebot3_waffle.urdf
[0.561s] -- Up-to-date: /home/manel/psolar_ws/install/psolar_gazebo/share/psolar_gazebo//urdf/common_properties.urdf
[0.562s] -- Up-to-date: /home/manel/psolar_ws/install/psolar_gazebo/share/psolar_gazebo//urdf/turtlebot3_waffle_pi.urdf
[0.562s] -- Up-to-date: /home/manel/psolar_ws/install/psolar_gazebo/share/psolar_gazebo//urdf/turtlebot3_burger.urdf
[0.562s] -- Up-to-date: /home/manel/psolar_ws/install/psolar_gazebo/share/psolar_gazebo//worlds
[0.562s] -- Up-to-date: /home/manel/psolar_ws/install/psolar_gazebo/share/psolar_gazebo//worlds/empty_world.world
[0.563s] -- Up-to-date: /home/manel/psolar_ws/install/psolar_gazebo/share/psolar_gazebo//worlds/solar_panel_model.xml
[0.563s] -- Up-to-date: /home/manel/psolar_ws/install/psolar_gazebo/share/psolar_gazebo//worlds/materials
[0.563s] -- Up-to-date: /home/manel/psolar_ws/install/psolar_gazebo/share/psolar_gazebo//worlds/materials/textures
[0.563s] -- Up-to-date: /home/manel/psolar_ws/install/psolar_gazebo/share/psolar_gazebo//worlds/materials/textures/solar_panel_img.jpg
[0.563s] -- Up-to-date: /home/manel/psolar_ws/install/psolar_gazebo/share/psolar_gazebo//params
[0.564s] -- Up-to-date: /home/manel/psolar_ws/install/psolar_gazebo/share/psolar_gazebo//params/turtlebot3_waffle_bridge.yaml
[0.564s] -- Up-to-date: /home/manel/psolar_ws/install/psolar_gazebo/include/
[0.564s] -- Up-to-date: /home/manel/psolar_ws/install/psolar_gazebo/include//psolar_gazebo
[0.564s] -- Up-to-date: /home/manel/psolar_ws/install/psolar_gazebo/include//psolar_gazebo/turtlebot3_drive.hpp
[0.565s] -- Up-to-date: /home/manel/psolar_ws/install/psolar_gazebo/share/ament_index/resource_index/package_run_dependencies/psolar_gazebo
[0.565s] -- Up-to-date: /home/manel/psolar_ws/install/psolar_gazebo/share/ament_index/resource_index/parent_prefix_path/psolar_gazebo
[0.565s] -- Up-to-date: /home/manel/psolar_ws/install/psolar_gazebo/share/psolar_gazebo/environment/ament_prefix_path.sh
[0.565s] -- Up-to-date: /home/manel/psolar_ws/install/psolar_gazebo/share/psolar_gazebo/environment/ament_prefix_path.dsv
[0.566s] -- Up-to-date: /home/manel/psolar_ws/install/psolar_gazebo/share/psolar_gazebo/environment/path.sh
[0.566s] -- Up-to-date: /home/manel/psolar_ws/install/psolar_gazebo/share/psolar_gazebo/environment/path.dsv
[0.566s] -- Up-to-date: /home/manel/psolar_ws/install/psolar_gazebo/share/psolar_gazebo/local_setup.bash
[0.567s] -- Up-to-date: /home/manel/psolar_ws/install/psolar_gazebo/share/psolar_gazebo/local_setup.sh
[0.567s] -- Up-to-date: /home/manel/psolar_ws/install/psolar_gazebo/share/psolar_gazebo/local_setup.zsh
[0.567s] -- Up-to-date: /home/manel/psolar_ws/install/psolar_gazebo/share/psolar_gazebo/local_setup.dsv
[0.567s] -- Installing: /home/manel/psolar_ws/install/psolar_gazebo/share/psolar_gazebo/package.dsv
[0.568s] -- Up-to-date: /home/manel/psolar_ws/install/psolar_gazebo/share/ament_index/resource_index/packages/psolar_gazebo
[0.568s] -- Up-to-date: /home/manel/psolar_ws/install/psolar_gazebo/share/psolar_gazebo/cmake/ament_cmake_export_include_directories-extras.cmake
[0.568s] -- Up-to-date: /home/manel/psolar_ws/install/psolar_gazebo/share/psolar_gazebo/cmake/ament_cmake_export_dependencies-extras.cmake
[0.569s] -- Up-to-date: /home/manel/psolar_ws/install/psolar_gazebo/share/psolar_gazebo/cmake/psolar_gazeboConfig.cmake
[0.569s] -- Up-to-date: /home/manel/psolar_ws/install/psolar_gazebo/share/psolar_gazebo/cmake/psolar_gazeboConfig-version.cmake
[0.569s] -- Up-to-date: /home/manel/psolar_ws/install/psolar_gazebo/share/psolar_gazebo/package.xml
[0.691s] Invoked command in '/home/manel/psolar_ws/build/psolar_gazebo' returned '0': CMAKE_PREFIX_PATH=/opt/ros/humble /usr/bin/cmake --install /home/manel/psolar_ws/build/psolar_gazebo
