[0.042s] Invoking command in '/home/manel/psolar_ws/build/psolar_path_planning': CMAKE_PREFIX_PATH=/opt/ros/humble /usr/bin/cmake --build /home/manel/psolar_ws/build/psolar_path_planning -- -j12 -l12
[0.158s] Invoked command in '/home/manel/psolar_ws/build/psolar_path_planning' returned '0': CMAKE_PREFIX_PATH=/opt/ros/humble /usr/bin/cmake --build /home/manel/psolar_ws/build/psolar_path_planning -- -j12 -l12
[0.160s] Invoking command in '/home/manel/psolar_ws/build/psolar_path_planning': CMAKE_PREFIX_PATH=/opt/ros/humble /usr/bin/cmake --install /home/manel/psolar_ws/build/psolar_path_planning
[0.192s] -- Install configuration: ""
[0.203s] -- Up-to-date: /home/manel/psolar_ws/install/psolar_path_planning/share/ament_index/resource_index/package_run_dependencies/psolar_path_planning
[0.204s] -- Up-to-date: /home/manel/psolar_ws/install/psolar_path_planning/share/ament_index/resource_index/parent_prefix_path/psolar_path_planning
[0.204s] -- Up-to-date: /home/manel/psolar_ws/install/psolar_path_planning/share/psolar_path_planning/environment/ament_prefix_path.sh
[0.204s] -- Up-to-date: /home/manel/psolar_ws/install/psolar_path_planning/share/psolar_path_planning/environment/ament_prefix_path.dsv
[0.205s] -- Up-to-date: /home/manel/psolar_ws/install/psolar_path_planning/share/psolar_path_planning/environment/path.sh
[0.205s] -- Up-to-date: /home/manel/psolar_ws/install/psolar_path_planning/share/psolar_path_planning/environment/path.dsv
[0.205s] -- Up-to-date: /home/manel/psolar_ws/install/psolar_path_planning/share/psolar_path_planning/local_setup.bash
[0.205s] -- Up-to-date: /home/manel/psolar_ws/install/psolar_path_planning/share/psolar_path_planning/local_setup.sh
[0.206s] -- Up-to-date: /home/manel/psolar_ws/install/psolar_path_planning/share/psolar_path_planning/local_setup.zsh
[0.206s] -- Up-to-date: /home/manel/psolar_ws/install/psolar_path_planning/share/psolar_path_planning/local_setup.dsv
[0.206s] -- Installing: /home/manel/psolar_ws/install/psolar_path_planning/share/psolar_path_planning/package.dsv
[0.206s] -- Up-to-date: /home/manel/psolar_ws/install/psolar_path_planning/share/ament_index/resource_index/packages/psolar_path_planning
[0.206s] -- Up-to-date: /home/manel/psolar_ws/install/psolar_path_planning/share/psolar_path_planning/cmake/psolar_path_planningConfig.cmake
[0.206s] -- Up-to-date: /home/manel/psolar_ws/install/psolar_path_planning/share/psolar_path_planning/cmake/psolar_path_planningConfig-version.cmake
[0.206s] -- Up-to-date: /home/manel/psolar_ws/install/psolar_path_planning/share/psolar_path_planning/package.xml
[0.288s] Invoked command in '/home/manel/psolar_ws/build/psolar_path_planning' returned '0': CMAKE_PREFIX_PATH=/opt/ros/humble /usr/bin/cmake --install /home/manel/psolar_ws/build/psolar_path_planning
