[0.062s] Invoking command in '/home/manel/psolar_ws/build/opennav_coverage_navigator': AMENT_PREFIX_PATH=/home/manel/psolar_ws/install/opennav_coverage_bt:/home/manel/psolar_ws/install/opennav_coverage:/home/manel/psolar_ws/install/opennav_coverage_msgs:/home/manel/psolar_ws/install/backported_bt_navigator:${AMENT_PREFIX_PATH} CMAKE_PREFIX_PATH=/home/manel/psolar_ws/install/opennav_coverage_bt:/home/manel/psolar_ws/install/opennav_coverage:/home/manel/psolar_ws/install/opennav_coverage_msgs:/home/manel/psolar_ws/install/fields2cover:/home/manel/psolar_ws/install/backported_bt_navigator:/opt/ros/humble LD_LIBRARY_PATH=/home/manel/psolar_ws/install/opennav_coverage_bt/lib:/home/manel/psolar_ws/install/opennav_coverage/lib:/home/manel/psolar_ws/install/opennav_coverage_msgs/lib:/home/manel/psolar_ws/install/fields2cover/lib:/home/manel/psolar_ws/install/backported_bt_navigator/lib:${LD_LIBRARY_PATH} PKG_CONFIG_PATH=/home/manel/psolar_ws/install/fields2cover/lib/x86_64-linux-gnu/pkgconfig:/home/manel/psolar_ws/install/fields2cover/lib/pkgconfig PYTHONPATH=/home/manel/psolar_ws/install/opennav_coverage_msgs/local/lib/python3.10/dist-packages:${PYTHONPATH} /usr/bin/cmake --build /home/manel/psolar_ws/build/opennav_coverage_navigator -- -j12 -l12
[0.281s] [ 25%] Built target gtest
[0.286s] [ 50%] Built target gtest_main
[0.328s] [ 75%] Built target opennav_coverage_navigator
[0.430s] [100%] Built target test_coverage_navigator
[0.470s] Invoked command in '/home/manel/psolar_ws/build/opennav_coverage_navigator' returned '0': AMENT_PREFIX_PATH=/home/manel/psolar_ws/install/opennav_coverage_bt:/home/manel/psolar_ws/install/opennav_coverage:/home/manel/psolar_ws/install/opennav_coverage_msgs:/home/manel/psolar_ws/install/backported_bt_navigator:${AMENT_PREFIX_PATH} CMAKE_PREFIX_PATH=/home/manel/psolar_ws/install/opennav_coverage_bt:/home/manel/psolar_ws/install/opennav_coverage:/home/manel/psolar_ws/install/opennav_coverage_msgs:/home/manel/psolar_ws/install/fields2cover:/home/manel/psolar_ws/install/backported_bt_navigator:/opt/ros/humble LD_LIBRARY_PATH=/home/manel/psolar_ws/install/opennav_coverage_bt/lib:/home/manel/psolar_ws/install/opennav_coverage/lib:/home/manel/psolar_ws/install/opennav_coverage_msgs/lib:/home/manel/psolar_ws/install/fields2cover/lib:/home/manel/psolar_ws/install/backported_bt_navigator/lib:${LD_LIBRARY_PATH} PKG_CONFIG_PATH=/home/manel/psolar_ws/install/fields2cover/lib/x86_64-linux-gnu/pkgconfig:/home/manel/psolar_ws/install/fields2cover/lib/pkgconfig PYTHONPATH=/home/manel/psolar_ws/install/opennav_coverage_msgs/local/lib/python3.10/dist-packages:${PYTHONPATH} /usr/bin/cmake --build /home/manel/psolar_ws/build/opennav_coverage_navigator -- -j12 -l12
[0.476s] Invoking command in '/home/manel/psolar_ws/build/opennav_coverage_navigator': AMENT_PREFIX_PATH=/home/manel/psolar_ws/install/opennav_coverage_bt:/home/manel/psolar_ws/install/opennav_coverage:/home/manel/psolar_ws/install/opennav_coverage_msgs:/home/manel/psolar_ws/install/backported_bt_navigator:${AMENT_PREFIX_PATH} CMAKE_PREFIX_PATH=/home/manel/psolar_ws/install/opennav_coverage_bt:/home/manel/psolar_ws/install/opennav_coverage:/home/manel/psolar_ws/install/opennav_coverage_msgs:/home/manel/psolar_ws/install/fields2cover:/home/manel/psolar_ws/install/backported_bt_navigator:/opt/ros/humble LD_LIBRARY_PATH=/home/manel/psolar_ws/install/opennav_coverage_bt/lib:/home/manel/psolar_ws/install/opennav_coverage/lib:/home/manel/psolar_ws/install/opennav_coverage_msgs/lib:/home/manel/psolar_ws/install/fields2cover/lib:/home/manel/psolar_ws/install/backported_bt_navigator/lib:${LD_LIBRARY_PATH} PKG_CONFIG_PATH=/home/manel/psolar_ws/install/fields2cover/lib/x86_64-linux-gnu/pkgconfig:/home/manel/psolar_ws/install/fields2cover/lib/pkgconfig PYTHONPATH=/home/manel/psolar_ws/install/opennav_coverage_msgs/local/lib/python3.10/dist-packages:${PYTHONPATH} /usr/bin/cmake --install /home/manel/psolar_ws/build/opennav_coverage_navigator
[0.505s] -- Install configuration: ""
[0.505s] -- Up-to-date: /home/manel/psolar_ws/install/opennav_coverage_navigator/share/opennav_coverage_navigator/navigator_plugins.xml
[0.505s] -- Up-to-date: /home/manel/psolar_ws/install/opennav_coverage_navigator/lib/libopennav_coverage_navigator.so
[0.506s] -- Up-to-date: /home/manel/psolar_ws/install/opennav_coverage_navigator/include/
[0.506s] -- Up-to-date: /home/manel/psolar_ws/install/opennav_coverage_navigator/include//opennav_coverage_navigator
[0.506s] -- Up-to-date: /home/manel/psolar_ws/install/opennav_coverage_navigator/include//opennav_coverage_navigator/coverage_navigator.hpp
[0.513s] -- Up-to-date: /home/manel/psolar_ws/install/opennav_coverage_navigator/share/opennav_coverage_navigator/environment/library_path.sh
[0.515s] -- Up-to-date: /home/manel/psolar_ws/install/opennav_coverage_navigator/share/opennav_coverage_navigator/environment/library_path.dsv
[0.515s] -- Up-to-date: /home/manel/psolar_ws/install/opennav_coverage_navigator/share/ament_index/resource_index/package_run_dependencies/opennav_coverage_navigator
[0.515s] -- Up-to-date: /home/manel/psolar_ws/install/opennav_coverage_navigator/share/ament_index/resource_index/parent_prefix_path/opennav_coverage_navigator
[0.515s] -- Up-to-date: /home/manel/psolar_ws/install/opennav_coverage_navigator/share/opennav_coverage_navigator/environment/ament_prefix_path.sh
[0.515s] -- Up-to-date: /home/manel/psolar_ws/install/opennav_coverage_navigator/share/opennav_coverage_navigator/environment/ament_prefix_path.dsv
[0.516s] -- Up-to-date: /home/manel/psolar_ws/install/opennav_coverage_navigator/share/opennav_coverage_navigator/environment/path.sh
[0.516s] -- Up-to-date: /home/manel/psolar_ws/install/opennav_coverage_navigator/share/opennav_coverage_navigator/environment/path.dsv
[0.516s] -- Up-to-date: /home/manel/psolar_ws/install/opennav_coverage_navigator/share/opennav_coverage_navigator/local_setup.bash
[0.516s] -- Up-to-date: /home/manel/psolar_ws/install/opennav_coverage_navigator/share/opennav_coverage_navigator/local_setup.sh
[0.517s] -- Up-to-date: /home/manel/psolar_ws/install/opennav_coverage_navigator/share/opennav_coverage_navigator/local_setup.zsh
[0.517s] -- Up-to-date: /home/manel/psolar_ws/install/opennav_coverage_navigator/share/opennav_coverage_navigator/local_setup.dsv
[0.521s] -- Installing: /home/manel/psolar_ws/install/opennav_coverage_navigator/share/opennav_coverage_navigator/package.dsv
[0.521s] -- Up-to-date: /home/manel/psolar_ws/install/opennav_coverage_navigator/share/ament_index/resource_index/packages/opennav_coverage_navigator
[0.522s] -- Up-to-date: /home/manel/psolar_ws/install/opennav_coverage_navigator/share/ament_index/resource_index/backported_bt_navigator__pluginlib__plugin/opennav_coverage_navigator
[0.522s] -- Up-to-date: /home/manel/psolar_ws/install/opennav_coverage_navigator/share/opennav_coverage_navigator/cmake/ament_cmake_export_include_directories-extras.cmake
[0.523s] -- Up-to-date: /home/manel/psolar_ws/install/opennav_coverage_navigator/share/opennav_coverage_navigator/cmake/ament_cmake_export_libraries-extras.cmake
[0.523s] -- Up-to-date: /home/manel/psolar_ws/install/opennav_coverage_navigator/share/opennav_coverage_navigator/cmake/ament_cmake_export_dependencies-extras.cmake
[0.523s] -- Up-to-date: /home/manel/psolar_ws/install/opennav_coverage_navigator/share/opennav_coverage_navigator/cmake/opennav_coverage_navigatorConfig.cmake
[0.523s] -- Up-to-date: /home/manel/psolar_ws/install/opennav_coverage_navigator/share/opennav_coverage_navigator/cmake/opennav_coverage_navigatorConfig-version.cmake
[0.523s] -- Up-to-date: /home/manel/psolar_ws/install/opennav_coverage_navigator/share/opennav_coverage_navigator/package.xml
[0.524s] Invoked command in '/home/manel/psolar_ws/build/opennav_coverage_navigator' returned '0': AMENT_PREFIX_PATH=/home/manel/psolar_ws/install/opennav_coverage_bt:/home/manel/psolar_ws/install/opennav_coverage:/home/manel/psolar_ws/install/opennav_coverage_msgs:/home/manel/psolar_ws/install/backported_bt_navigator:${AMENT_PREFIX_PATH} CMAKE_PREFIX_PATH=/home/manel/psolar_ws/install/opennav_coverage_bt:/home/manel/psolar_ws/install/opennav_coverage:/home/manel/psolar_ws/install/opennav_coverage_msgs:/home/manel/psolar_ws/install/fields2cover:/home/manel/psolar_ws/install/backported_bt_navigator:/opt/ros/humble LD_LIBRARY_PATH=/home/manel/psolar_ws/install/opennav_coverage_bt/lib:/home/manel/psolar_ws/install/opennav_coverage/lib:/home/manel/psolar_ws/install/opennav_coverage_msgs/lib:/home/manel/psolar_ws/install/fields2cover/lib:/home/manel/psolar_ws/install/backported_bt_navigator/lib:${LD_LIBRARY_PATH} PKG_CONFIG_PATH=/home/manel/psolar_ws/install/fields2cover/lib/x86_64-linux-gnu/pkgconfig:/home/manel/psolar_ws/install/fields2cover/lib/pkgconfig PYTHONPATH=/home/manel/psolar_ws/install/opennav_coverage_msgs/local/lib/python3.10/dist-packages:${PYTHONPATH} /usr/bin/cmake --install /home/manel/psolar_ws/build/opennav_coverage_navigator
