[0.011s] Invoking command in '/home/manel/psolar_ws/build/opennav_coverage_navigator': AMENT_PREFIX_PATH=/home/manel/psolar_ws/install/opennav_coverage_bt:/home/manel/psolar_ws/install/opennav_coverage:/home/manel/psolar_ws/install/opennav_coverage_msgs:/home/manel/psolar_ws/install/backported_bt_navigator:${AMENT_PREFIX_PATH} CMAKE_PREFIX_PATH=/home/manel/psolar_ws/install/opennav_coverage_bt:/home/manel/psolar_ws/install/opennav_coverage:/home/manel/psolar_ws/install/opennav_coverage_msgs:/home/manel/psolar_ws/install/fields2cover:/home/manel/psolar_ws/install/backported_bt_navigator:/opt/ros/humble LD_LIBRARY_PATH=/home/manel/psolar_ws/install/opennav_coverage_bt/lib:/home/manel/psolar_ws/install/opennav_coverage/lib:/home/manel/psolar_ws/install/opennav_coverage_msgs/lib:/home/manel/psolar_ws/install/fields2cover/lib:/home/manel/psolar_ws/install/backported_bt_navigator/lib:${LD_LIBRARY_PATH} PKG_CONFIG_PATH=/home/manel/psolar_ws/install/fields2cover/lib/x86_64-linux-gnu/pkgconfig:/home/manel/psolar_ws/install/fields2cover/lib/pkgconfig PYTHONPATH=/home/manel/psolar_ws/install/opennav_coverage_msgs/local/lib/python3.10/dist-packages:${PYTHONPATH} /usr/bin/cmake /home/manel/psolar_ws/src/opennav_coverage/opennav_coverage_navigator -DCMAKE_INSTALL_PREFIX=/home/manel/psolar_ws/install/opennav_coverage_navigator
[0.055s] -- The C compiler identification is GNU 11.4.0
[0.106s] -- The CXX compiler identification is GNU 11.4.0
[0.114s] -- Detecting C compiler ABI info
[0.175s] -- Detecting C compiler ABI info - done
[0.182s] -- Check for working C compiler: /usr/bin/cc - skipped
[0.182s] -- Detecting C compile features
[0.183s] -- Detecting C compile features - done
[0.185s] -- Detecting CXX compiler ABI info
[0.250s] -- Detecting CXX compiler ABI info - done
[0.258s] -- Check for working CXX compiler: /usr/bin/c++ - skipped
[0.259s] -- Detecting CXX compile features
[0.259s] -- Detecting CXX compile features - done
[0.262s] -- Found ament_cmake: 1.3.11 (/opt/ros/humble/share/ament_cmake/cmake)
[0.413s] -- Found Python3: /usr/bin/python3 (found version "3.10.12") found components: Interpreter 
[0.514s] -- Found rclcpp: 16.0.11 (/opt/ros/humble/share/rclcpp/cmake)
[0.576s] -- Found rosidl_generator_c: 3.1.6 (/opt/ros/humble/share/rosidl_generator_c/cmake)
[0.583s] -- Found rosidl_adapter: 3.1.6 (/opt/ros/humble/share/rosidl_adapter/cmake)
[0.595s] -- Found rosidl_generator_cpp: 3.1.6 (/opt/ros/humble/share/rosidl_generator_cpp/cmake)
[0.611s] -- Using all available rosidl_typesupport_c: rosidl_typesupport_fastrtps_c;rosidl_typesupport_introspection_c
[0.635s] -- Using all available rosidl_typesupport_cpp: rosidl_typesupport_fastrtps_cpp;rosidl_typesupport_introspection_cpp
[0.700s] -- Found rmw_implementation_cmake: 6.1.2 (/opt/ros/humble/share/rmw_implementation_cmake/cmake)
[0.704s] -- Found rmw_fastrtps_cpp: 6.2.7 (/opt/ros/humble/share/rmw_fastrtps_cpp/cmake)
[0.784s] -- Found OpenSSL: /usr/lib/x86_64-linux-gnu/libcrypto.so (found version "3.0.2")  
[0.800s] -- Found FastRTPS: /opt/ros/humble/include  
[0.819s] -- Using RMW implementation 'rmw_fastrtps_cpp' as default
[0.828s] -- Looking for pthread.h
[0.887s] -- Looking for pthread.h - found
[0.887s] -- Performing Test CMAKE_HAVE_LIBC_PTHREAD
[0.952s] -- Performing Test CMAKE_HAVE_LIBC_PTHREAD - Success
[0.953s] -- Found Threads: TRUE  
[1.007s] -- Found rclcpp_action: 16.0.11 (/opt/ros/humble/share/rclcpp_action/cmake)
[1.047s] -- Found nav2_util: 1.1.18 (/opt/ros/humble/share/nav2_util/cmake)
[1.206s] -- Found eigen3_cmake_module: 0.1.1 (/opt/ros/humble/share/eigen3_cmake_module/cmake)
[1.207s] -- Found Eigen3: TRUE (found version "3.4.0") 
[1.207s] -- Ensuring Eigen3 include directory is part of orocos-kdl CMake target
[1.267s] -- Found nav2_core: 1.1.18 (/opt/ros/humble/share/nav2_core/cmake)
[1.406s] -- Found nav2_behavior_tree: 1.1.18 (/opt/ros/humble/share/nav2_behavior_tree/cmake)
[1.429s] -- Found opennav_coverage_msgs: 0.0.1 (/home/manel/psolar_ws/install/opennav_coverage_msgs/share/opennav_coverage_msgs/cmake)
[1.455s] -- Found backported_bt_navigator: 1.2.0 (/home/manel/psolar_ws/install/backported_bt_navigator/share/backported_bt_navigator/cmake)
[2.609s] -- Found ament_lint_auto: 0.12.11 (/opt/ros/humble/share/ament_lint_auto/cmake)
[2.612s] -- Found ament_cmake_gtest: 1.3.11 (/opt/ros/humble/share/ament_cmake_gtest/cmake)
[2.785s] -- Found gtest sources under '/opt/ros/humble/src/gtest_vendor': C++ tests using 'Google Test' will be built
[3.331s] -- Added test 'copyright' to check source files copyright and LICENSE
[3.333s] -- Added test 'cppcheck' to perform static code analysis on C / C++ code
[3.333s] -- Configured cppcheck include dirs: /home/manel/psolar_ws/src/opennav_coverage/opennav_coverage_navigator/include
[3.333s] -- Configured cppcheck exclude dirs and/or files: 
[3.335s] -- Added test 'cpplint' to check C / C++ code against the Google style
[3.335s] -- Configured cpplint exclude dirs and/or files: 
[3.336s] -- Added test 'lint_cmake' to check CMake code style
[3.337s] -- Added test 'uncrustify' to check C / C++ code style
[3.337s] -- Configured uncrustify additional arguments: 
[3.338s] -- Added test 'xmllint' to check XML markup files
[3.342s] -- Configuring done
[3.485s] -- Generating done
[3.506s] -- Build files have been written to: /home/manel/psolar_ws/build/opennav_coverage_navigator
[3.523s] Invoked command in '/home/manel/psolar_ws/build/opennav_coverage_navigator' returned '0': AMENT_PREFIX_PATH=/home/manel/psolar_ws/install/opennav_coverage_bt:/home/manel/psolar_ws/install/opennav_coverage:/home/manel/psolar_ws/install/opennav_coverage_msgs:/home/manel/psolar_ws/install/backported_bt_navigator:${AMENT_PREFIX_PATH} CMAKE_PREFIX_PATH=/home/manel/psolar_ws/install/opennav_coverage_bt:/home/manel/psolar_ws/install/opennav_coverage:/home/manel/psolar_ws/install/opennav_coverage_msgs:/home/manel/psolar_ws/install/fields2cover:/home/manel/psolar_ws/install/backported_bt_navigator:/opt/ros/humble LD_LIBRARY_PATH=/home/manel/psolar_ws/install/opennav_coverage_bt/lib:/home/manel/psolar_ws/install/opennav_coverage/lib:/home/manel/psolar_ws/install/opennav_coverage_msgs/lib:/home/manel/psolar_ws/install/fields2cover/lib:/home/manel/psolar_ws/install/backported_bt_navigator/lib:${LD_LIBRARY_PATH} PKG_CONFIG_PATH=/home/manel/psolar_ws/install/fields2cover/lib/x86_64-linux-gnu/pkgconfig:/home/manel/psolar_ws/install/fields2cover/lib/pkgconfig PYTHONPATH=/home/manel/psolar_ws/install/opennav_coverage_msgs/local/lib/python3.10/dist-packages:${PYTHONPATH} /usr/bin/cmake /home/manel/psolar_ws/src/opennav_coverage/opennav_coverage_navigator -DCMAKE_INSTALL_PREFIX=/home/manel/psolar_ws/install/opennav_coverage_navigator
[3.525s] Invoking command in '/home/manel/psolar_ws/build/opennav_coverage_navigator': AMENT_PREFIX_PATH=/home/manel/psolar_ws/install/opennav_coverage_bt:/home/manel/psolar_ws/install/opennav_coverage:/home/manel/psolar_ws/install/opennav_coverage_msgs:/home/manel/psolar_ws/install/backported_bt_navigator:${AMENT_PREFIX_PATH} CMAKE_PREFIX_PATH=/home/manel/psolar_ws/install/opennav_coverage_bt:/home/manel/psolar_ws/install/opennav_coverage:/home/manel/psolar_ws/install/opennav_coverage_msgs:/home/manel/psolar_ws/install/fields2cover:/home/manel/psolar_ws/install/backported_bt_navigator:/opt/ros/humble LD_LIBRARY_PATH=/home/manel/psolar_ws/install/opennav_coverage_bt/lib:/home/manel/psolar_ws/install/opennav_coverage/lib:/home/manel/psolar_ws/install/opennav_coverage_msgs/lib:/home/manel/psolar_ws/install/fields2cover/lib:/home/manel/psolar_ws/install/backported_bt_navigator/lib:${LD_LIBRARY_PATH} PKG_CONFIG_PATH=/home/manel/psolar_ws/install/fields2cover/lib/x86_64-linux-gnu/pkgconfig:/home/manel/psolar_ws/install/fields2cover/lib/pkgconfig PYTHONPATH=/home/manel/psolar_ws/install/opennav_coverage_msgs/local/lib/python3.10/dist-packages:${PYTHONPATH} /usr/bin/cmake --build /home/manel/psolar_ws/build/opennav_coverage_navigator -- -j12 -l12
[3.588s] [ 12%] [32mBuilding CXX object gtest/CMakeFiles/gtest_main.dir/src/gtest_main.cc.o[0m
[3.589s] [ 25%] [32mBuilding CXX object gtest/CMakeFiles/gtest.dir/src/gtest-all.cc.o[0m
[3.591s] [ 37%] [32mBuilding CXX object CMakeFiles/opennav_coverage_navigator.dir/src/coverage_navigator.cpp.o[0m
[4.912s] [ 50%] [32m[1mLinking CXX static library libgtest_main.a[0m
[4.953s] [ 50%] Built target gtest_main
[8.119s] [ 62%] [32m[1mLinking CXX static library libgtest.a[0m
[8.177s] [ 62%] Built target gtest
[14.084s] [ 75%] [32m[1mLinking CXX shared library libopennav_coverage_navigator.so[0m
[14.959s] [ 75%] Built target opennav_coverage_navigator
[14.982s] [ 87%] [32mBuilding CXX object test/CMakeFiles/test_coverage_navigator.dir/test_coverage_navigator.cpp.o[0m
[31.974s] [100%] [32m[1mLinking CXX executable test_coverage_navigator[0m
[33.403s] [100%] Built target test_coverage_navigator
[33.414s] Invoked command in '/home/manel/psolar_ws/build/opennav_coverage_navigator' returned '0': AMENT_PREFIX_PATH=/home/manel/psolar_ws/install/opennav_coverage_bt:/home/manel/psolar_ws/install/opennav_coverage:/home/manel/psolar_ws/install/opennav_coverage_msgs:/home/manel/psolar_ws/install/backported_bt_navigator:${AMENT_PREFIX_PATH} CMAKE_PREFIX_PATH=/home/manel/psolar_ws/install/opennav_coverage_bt:/home/manel/psolar_ws/install/opennav_coverage:/home/manel/psolar_ws/install/opennav_coverage_msgs:/home/manel/psolar_ws/install/fields2cover:/home/manel/psolar_ws/install/backported_bt_navigator:/opt/ros/humble LD_LIBRARY_PATH=/home/manel/psolar_ws/install/opennav_coverage_bt/lib:/home/manel/psolar_ws/install/opennav_coverage/lib:/home/manel/psolar_ws/install/opennav_coverage_msgs/lib:/home/manel/psolar_ws/install/fields2cover/lib:/home/manel/psolar_ws/install/backported_bt_navigator/lib:${LD_LIBRARY_PATH} PKG_CONFIG_PATH=/home/manel/psolar_ws/install/fields2cover/lib/x86_64-linux-gnu/pkgconfig:/home/manel/psolar_ws/install/fields2cover/lib/pkgconfig PYTHONPATH=/home/manel/psolar_ws/install/opennav_coverage_msgs/local/lib/python3.10/dist-packages:${PYTHONPATH} /usr/bin/cmake --build /home/manel/psolar_ws/build/opennav_coverage_navigator -- -j12 -l12
[33.415s] Invoking command in '/home/manel/psolar_ws/build/opennav_coverage_navigator': AMENT_PREFIX_PATH=/home/manel/psolar_ws/install/opennav_coverage_bt:/home/manel/psolar_ws/install/opennav_coverage:/home/manel/psolar_ws/install/opennav_coverage_msgs:/home/manel/psolar_ws/install/backported_bt_navigator:${AMENT_PREFIX_PATH} CMAKE_PREFIX_PATH=/home/manel/psolar_ws/install/opennav_coverage_bt:/home/manel/psolar_ws/install/opennav_coverage:/home/manel/psolar_ws/install/opennav_coverage_msgs:/home/manel/psolar_ws/install/fields2cover:/home/manel/psolar_ws/install/backported_bt_navigator:/opt/ros/humble LD_LIBRARY_PATH=/home/manel/psolar_ws/install/opennav_coverage_bt/lib:/home/manel/psolar_ws/install/opennav_coverage/lib:/home/manel/psolar_ws/install/opennav_coverage_msgs/lib:/home/manel/psolar_ws/install/fields2cover/lib:/home/manel/psolar_ws/install/backported_bt_navigator/lib:${LD_LIBRARY_PATH} PKG_CONFIG_PATH=/home/manel/psolar_ws/install/fields2cover/lib/x86_64-linux-gnu/pkgconfig:/home/manel/psolar_ws/install/fields2cover/lib/pkgconfig PYTHONPATH=/home/manel/psolar_ws/install/opennav_coverage_msgs/local/lib/python3.10/dist-packages:${PYTHONPATH} /usr/bin/cmake --install /home/manel/psolar_ws/build/opennav_coverage_navigator
[33.420s] -- Install configuration: ""
[33.421s] -- Installing: /home/manel/psolar_ws/install/opennav_coverage_navigator/share/opennav_coverage_navigator/navigator_plugins.xml
[33.421s] -- Installing: /home/manel/psolar_ws/install/opennav_coverage_navigator/lib/libopennav_coverage_navigator.so
[33.424s] -- Set runtime path of "/home/manel/psolar_ws/install/opennav_coverage_navigator/lib/libopennav_coverage_navigator.so" to ""
[33.424s] -- Installing: /home/manel/psolar_ws/install/opennav_coverage_navigator/include/
[33.424s] -- Installing: /home/manel/psolar_ws/install/opennav_coverage_navigator/include//opennav_coverage_navigator
[33.425s] -- Installing: /home/manel/psolar_ws/install/opennav_coverage_navigator/include//opennav_coverage_navigator/coverage_navigator.hpp
[33.425s] -- Installing: /home/manel/psolar_ws/install/opennav_coverage_navigator/share/opennav_coverage_navigator/environment/library_path.sh
[33.425s] -- Installing: /home/manel/psolar_ws/install/opennav_coverage_navigator/share/opennav_coverage_navigator/environment/library_path.dsv
[33.425s] -- Installing: /home/manel/psolar_ws/install/opennav_coverage_navigator/share/ament_index/resource_index/package_run_dependencies/opennav_coverage_navigator
[33.425s] -- Installing: /home/manel/psolar_ws/install/opennav_coverage_navigator/share/ament_index/resource_index/parent_prefix_path/opennav_coverage_navigator
[33.425s] -- Installing: /home/manel/psolar_ws/install/opennav_coverage_navigator/share/opennav_coverage_navigator/environment/ament_prefix_path.sh
[33.425s] -- Installing: /home/manel/psolar_ws/install/opennav_coverage_navigator/share/opennav_coverage_navigator/environment/ament_prefix_path.dsv
[33.425s] -- Installing: /home/manel/psolar_ws/install/opennav_coverage_navigator/share/opennav_coverage_navigator/environment/path.sh
[33.425s] -- Installing: /home/manel/psolar_ws/install/opennav_coverage_navigator/share/opennav_coverage_navigator/environment/path.dsv
[33.425s] -- Installing: /home/manel/psolar_ws/install/opennav_coverage_navigator/share/opennav_coverage_navigator/local_setup.bash
[33.425s] -- Installing: /home/manel/psolar_ws/install/opennav_coverage_navigator/share/opennav_coverage_navigator/local_setup.sh
[33.426s] -- Installing: /home/manel/psolar_ws/install/opennav_coverage_navigator/share/opennav_coverage_navigator/local_setup.zsh
[33.426s] -- Installing: /home/manel/psolar_ws/install/opennav_coverage_navigator/share/opennav_coverage_navigator/local_setup.dsv
[33.426s] -- Installing: /home/manel/psolar_ws/install/opennav_coverage_navigator/share/opennav_coverage_navigator/package.dsv
[33.426s] -- Installing: /home/manel/psolar_ws/install/opennav_coverage_navigator/share/ament_index/resource_index/packages/opennav_coverage_navigator
[33.426s] -- Installing: /home/manel/psolar_ws/install/opennav_coverage_navigator/share/ament_index/resource_index/backported_bt_navigator__pluginlib__plugin/opennav_coverage_navigator
[33.426s] -- Installing: /home/manel/psolar_ws/install/opennav_coverage_navigator/share/opennav_coverage_navigator/cmake/ament_cmake_export_include_directories-extras.cmake
[33.426s] -- Installing: /home/manel/psolar_ws/install/opennav_coverage_navigator/share/opennav_coverage_navigator/cmake/ament_cmake_export_libraries-extras.cmake
[33.426s] -- Installing: /home/manel/psolar_ws/install/opennav_coverage_navigator/share/opennav_coverage_navigator/cmake/ament_cmake_export_dependencies-extras.cmake
[33.426s] -- Installing: /home/manel/psolar_ws/install/opennav_coverage_navigator/share/opennav_coverage_navigator/cmake/opennav_coverage_navigatorConfig.cmake
[33.426s] -- Installing: /home/manel/psolar_ws/install/opennav_coverage_navigator/share/opennav_coverage_navigator/cmake/opennav_coverage_navigatorConfig-version.cmake
[33.426s] -- Installing: /home/manel/psolar_ws/install/opennav_coverage_navigator/share/opennav_coverage_navigator/package.xml
[33.429s] Invoked command in '/home/manel/psolar_ws/build/opennav_coverage_navigator' returned '0': AMENT_PREFIX_PATH=/home/manel/psolar_ws/install/opennav_coverage_bt:/home/manel/psolar_ws/install/opennav_coverage:/home/manel/psolar_ws/install/opennav_coverage_msgs:/home/manel/psolar_ws/install/backported_bt_navigator:${AMENT_PREFIX_PATH} CMAKE_PREFIX_PATH=/home/manel/psolar_ws/install/opennav_coverage_bt:/home/manel/psolar_ws/install/opennav_coverage:/home/manel/psolar_ws/install/opennav_coverage_msgs:/home/manel/psolar_ws/install/fields2cover:/home/manel/psolar_ws/install/backported_bt_navigator:/opt/ros/humble LD_LIBRARY_PATH=/home/manel/psolar_ws/install/opennav_coverage_bt/lib:/home/manel/psolar_ws/install/opennav_coverage/lib:/home/manel/psolar_ws/install/opennav_coverage_msgs/lib:/home/manel/psolar_ws/install/fields2cover/lib:/home/manel/psolar_ws/install/backported_bt_navigator/lib:${LD_LIBRARY_PATH} PKG_CONFIG_PATH=/home/manel/psolar_ws/install/fields2cover/lib/x86_64-linux-gnu/pkgconfig:/home/manel/psolar_ws/install/fields2cover/lib/pkgconfig PYTHONPATH=/home/manel/psolar_ws/install/opennav_coverage_msgs/local/lib/python3.10/dist-packages:${PYTHONPATH} /usr/bin/cmake --install /home/manel/psolar_ws/build/opennav_coverage_navigator
