[35m[1mConsolidate compiler generated dependencies of target tinyxml2[0m
[35m[1mConsolidate compiler generated dependencies of target steering_functions[0m
[  2%] Built target tinyxml2
[35m[1mConsolidate compiler generated dependencies of target xmltest[0m
[  4%] Built target xmltest
[ 19%] Built target steering_functions
[35m[1mConsolidate compiler generated dependencies of target Fields2Cover[0m
[ 53%] Built target Fields2Cover
[35m[1mConsolidate compiler generated dependencies of target 3_headland_generator_tutorial[0m
[35m[1mConsolidate compiler generated dependencies of target 2_objective_functions_tutorial[0m
[35m[1mConsolidate compiler generated dependencies of target 1_basic_types_tutorial[0m
[35m[1mConsolidate compiler generated dependencies of target 6_path_planning_tutorial[0m
[35m[1mConsolidate compiler generated dependencies of target 4_swath_generator_tutorial[0m
[35m[1mConsolidate compiler generated dependencies of target 7_complete_flow[0m
[35m[1mConsolidate compiler generated dependencies of target 5_route_planning_tutorial[0m
[ 54%] Built target 1_basic_types_tutorial
[ 55%] Built target 3_headland_generator_tutorial
[ 56%] Built target 6_path_planning_tutorial
[ 58%] Built target 4_swath_generator_tutorial
[ 60%] Built target 7_complete_flow
[ 62%] Built target 2_objective_functions_tutorial
[ 64%] Built target 5_route_planning_tutorial
[35m[1mConsolidate compiler generated dependencies of target unittests[0m
[100%] Built target unittests
