[0.007s] Invoking command in '/home/manel/psolar_ws/build/opennav_coverage': AMENT_PREFIX_PATH=/home/manel/psolar_ws/install/opennav_coverage_msgs:${AMENT_PREFIX_PATH} CMAKE_PREFIX_PATH=/home/manel/psolar_ws/install/opennav_coverage_msgs:/home/manel/psolar_ws/install/fields2cover:/opt/ros/humble LD_LIBRARY_PATH=/home/manel/psolar_ws/install/opennav_coverage_msgs/lib:/home/manel/psolar_ws/install/fields2cover/lib:${LD_LIBRARY_PATH} PKG_CONFIG_PATH=/home/manel/psolar_ws/install/fields2cover/lib/x86_64-linux-gnu/pkgconfig:/home/manel/psolar_ws/install/fields2cover/lib/pkgconfig PYTHONPATH=/home/manel/psolar_ws/install/opennav_coverage_msgs/local/lib/python3.10/dist-packages:${PYTHONPATH} /usr/bin/cmake /home/manel/psolar_ws/src/opennav_coverage/opennav_coverage -DCMAKE_INSTALL_PREFIX=/home/manel/psolar_ws/install/opennav_coverage
[0.050s] -- The C compiler identification is GNU 11.4.0
[0.094s] -- The CXX compiler identification is GNU 11.4.0
[0.100s] -- Detecting C compiler ABI info
[0.148s] -- Detecting C compiler ABI info - done
[0.155s] -- Check for working C compiler: /usr/bin/cc - skipped
[0.155s] -- Detecting C compile features
[0.155s] -- Detecting C compile features - done
[0.158s] -- Detecting CXX compiler ABI info
[0.218s] -- Detecting CXX compiler ABI info - done
[0.225s] -- Check for working CXX compiler: /usr/bin/c++ - skipped
[0.225s] -- Detecting CXX compile features
[0.226s] -- Detecting CXX compile features - done
[0.228s] -- Found ament_cmake: 1.3.11 (/opt/ros/humble/share/ament_cmake/cmake)
[0.370s] -- Found Python3: /usr/bin/python3 (found version "3.10.12") found components: Interpreter 
[0.467s] -- Found rclcpp: 16.0.11 (/opt/ros/humble/share/rclcpp/cmake)
[0.514s] -- Found rosidl_generator_c: 3.1.6 (/opt/ros/humble/share/rosidl_generator_c/cmake)
[0.520s] -- Found rosidl_adapter: 3.1.6 (/opt/ros/humble/share/rosidl_adapter/cmake)
[0.529s] -- Found rosidl_generator_cpp: 3.1.6 (/opt/ros/humble/share/rosidl_generator_cpp/cmake)
[0.543s] -- Using all available rosidl_typesupport_c: rosidl_typesupport_fastrtps_c;rosidl_typesupport_introspection_c
[0.561s] -- Using all available rosidl_typesupport_cpp: rosidl_typesupport_fastrtps_cpp;rosidl_typesupport_introspection_cpp
[0.612s] -- Found rmw_implementation_cmake: 6.1.2 (/opt/ros/humble/share/rmw_implementation_cmake/cmake)
[0.615s] -- Found rmw_fastrtps_cpp: 6.2.7 (/opt/ros/humble/share/rmw_fastrtps_cpp/cmake)
[0.689s] -- Found OpenSSL: /usr/lib/x86_64-linux-gnu/libcrypto.so (found version "3.0.2")  
[0.707s] -- Found FastRTPS: /opt/ros/humble/include  
[0.730s] -- Using RMW implementation 'rmw_fastrtps_cpp' as default
[0.740s] -- Looking for pthread.h
[0.807s] -- Looking for pthread.h - found
[0.807s] -- Performing Test CMAKE_HAVE_LIBC_PTHREAD
[0.883s] -- Performing Test CMAKE_HAVE_LIBC_PTHREAD - Success
[0.884s] -- Found Threads: TRUE  
[0.944s] -- Found rclcpp_action: 16.0.11 (/opt/ros/humble/share/rclcpp_action/cmake)
[0.984s] -- Found rclcpp_lifecycle: 16.0.11 (/opt/ros/humble/share/rclcpp_lifecycle/cmake)
[1.007s] -- Found rclcpp_components: 16.0.11 (/opt/ros/humble/share/rclcpp_components/cmake)
[1.039s] -- Found visualization_msgs: 4.2.4 (/opt/ros/humble/share/visualization_msgs/cmake)
[1.099s] -- Found nav2_util: 1.1.18 (/opt/ros/humble/share/nav2_util/cmake)
[1.205s] -- Found eigen3_cmake_module: 0.1.1 (/opt/ros/humble/share/eigen3_cmake_module/cmake)
[1.207s] -- Found Eigen3: TRUE (found version "3.4.0") 
[1.207s] -- Ensuring Eigen3 include directory is part of orocos-kdl CMake target
[1.246s] -- Found opennav_coverage_msgs: 0.0.1 (/home/manel/psolar_ws/install/opennav_coverage_msgs/share/opennav_coverage_msgs/cmake)
[1.298s] -- Found GDAL: /usr/lib/libgdal.so (found suitable version "3.4.1", minimum required is "3.0") 
[1.352s] -- Found ament_lint_auto: 0.12.11 (/opt/ros/humble/share/ament_lint_auto/cmake)
[1.354s] -- Found ament_cmake_gtest: 1.3.11 (/opt/ros/humble/share/ament_cmake_gtest/cmake)
[1.459s] -- Found gtest sources under '/opt/ros/humble/src/gtest_vendor': C++ tests using 'Google Test' will be built
[1.678s] -- Added test 'copyright' to check source files copyright and LICENSE
[1.680s] -- Added test 'cppcheck' to perform static code analysis on C / C++ code
[1.681s] -- Configured cppcheck include dirs: /home/manel/psolar_ws/src/opennav_coverage/opennav_coverage/include
[1.681s] -- Configured cppcheck exclude dirs and/or files: 
[1.682s] -- Added test 'cpplint' to check C / C++ code against the Google style
[1.682s] -- Configured cpplint exclude dirs and/or files: 
[1.683s] -- Added test 'flake8' to check Python code syntax and style conventions
[1.684s] -- Added test 'lint_cmake' to check CMake code style
[1.684s] -- Added test 'pep257' to check Python code against some of the docstring style conventions in PEP 257
[1.686s] -- Added test 'uncrustify' to check C / C++ code style
[1.686s] -- Configured uncrustify additional arguments: 
[1.686s] -- Added test 'xmllint' to check XML markup files
[1.689s] -- Configuring done
[1.970s] -- Generating done
[2.015s] -- Build files have been written to: /home/manel/psolar_ws/build/opennav_coverage
[2.029s] Invoked command in '/home/manel/psolar_ws/build/opennav_coverage' returned '0': AMENT_PREFIX_PATH=/home/manel/psolar_ws/install/opennav_coverage_msgs:${AMENT_PREFIX_PATH} CMAKE_PREFIX_PATH=/home/manel/psolar_ws/install/opennav_coverage_msgs:/home/manel/psolar_ws/install/fields2cover:/opt/ros/humble LD_LIBRARY_PATH=/home/manel/psolar_ws/install/opennav_coverage_msgs/lib:/home/manel/psolar_ws/install/fields2cover/lib:${LD_LIBRARY_PATH} PKG_CONFIG_PATH=/home/manel/psolar_ws/install/fields2cover/lib/x86_64-linux-gnu/pkgconfig:/home/manel/psolar_ws/install/fields2cover/lib/pkgconfig PYTHONPATH=/home/manel/psolar_ws/install/opennav_coverage_msgs/local/lib/python3.10/dist-packages:${PYTHONPATH} /usr/bin/cmake /home/manel/psolar_ws/src/opennav_coverage/opennav_coverage -DCMAKE_INSTALL_PREFIX=/home/manel/psolar_ws/install/opennav_coverage
[2.031s] Invoking command in '/home/manel/psolar_ws/build/opennav_coverage': AMENT_PREFIX_PATH=/home/manel/psolar_ws/install/opennav_coverage_msgs:${AMENT_PREFIX_PATH} CMAKE_PREFIX_PATH=/home/manel/psolar_ws/install/opennav_coverage_msgs:/home/manel/psolar_ws/install/fields2cover:/opt/ros/humble LD_LIBRARY_PATH=/home/manel/psolar_ws/install/opennav_coverage_msgs/lib:/home/manel/psolar_ws/install/fields2cover/lib:${LD_LIBRARY_PATH} PKG_CONFIG_PATH=/home/manel/psolar_ws/install/fields2cover/lib/x86_64-linux-gnu/pkgconfig:/home/manel/psolar_ws/install/fields2cover/lib/pkgconfig PYTHONPATH=/home/manel/psolar_ws/install/opennav_coverage_msgs/local/lib/python3.10/dist-packages:${PYTHONPATH} /usr/bin/cmake --build /home/manel/psolar_ws/build/opennav_coverage -- -j12 -l12
[2.080s] [  3%] [32mBuilding CXX object CMakeFiles/opennav_coverage_core.dir/src/headland_generator.cpp.o[0m
[2.080s] [  6%] [32mBuilding CXX object gtest/CMakeFiles/gtest_main.dir/src/gtest_main.cc.o[0m
[2.080s] [ 10%] [32mBuilding CXX object gtest/CMakeFiles/gtest.dir/src/gtest-all.cc.o[0m
[2.082s] [ 13%] [32mBuilding CXX object CMakeFiles/opennav_coverage_core.dir/src/coverage_server.cpp.o[0m
[2.083s] [ 17%] [32mBuilding CXX object CMakeFiles/opennav_coverage_core.dir/src/path_generator.cpp.o[0m
[2.083s] [ 20%] [32mBuilding CXX object CMakeFiles/opennav_coverage_core.dir/src/route_generator.cpp.o[0m
[2.083s] [ 24%] [32mBuilding CXX object CMakeFiles/opennav_coverage_core.dir/src/swath_generator.cpp.o[0m
[2.084s] [ 27%] [32mBuilding CXX object CMakeFiles/opennav_coverage_core.dir/src/visualizer.cpp.o[0m
[3.848s] [ 31%] [32m[1mLinking CXX static library libgtest_main.a[0m
[3.892s] [ 31%] Built target gtest_main
[9.156s] [ 34%] [32m[1mLinking CXX static library libgtest.a[0m
[9.263s] [ 34%] Built target gtest
[15.295s] [ 37%] [32m[1mLinking CXX shared library libopennav_coverage_core.so[0m
[15.889s] [ 37%] Built target opennav_coverage_core
[15.917s] [ 44%] [32mBuilding CXX object test/CMakeFiles/test_robot.dir/test_robot.cpp.o[0m
[15.917s] [ 44%] [32mBuilding CXX object test/CMakeFiles/test_headland.dir/test_headland.cpp.o[0m
[15.918s] [ 48%] [32mBuilding CXX object test/CMakeFiles/test_viz.dir/test_viz.cpp.o[0m
[15.918s] [ 51%] [32mBuilding CXX object CMakeFiles/opennav_coverage.dir/src/main.cpp.o[0m
[15.920s] [ 55%] [32mBuilding CXX object test/CMakeFiles/test_route.dir/test_route.cpp.o[0m
[15.920s] [ 58%] [32mBuilding CXX object test/CMakeFiles/test_utils.dir/test_utils.cpp.o[0m
[15.920s] [ 62%] [32mBuilding CXX object test/CMakeFiles/test_server.dir/test_server.cpp.o[0m
[15.920s] [ 65%] [32mBuilding CXX object test/CMakeFiles/test_path.dir/test_path.cpp.o[0m
[15.921s] [ 68%] [32mBuilding CXX object test/CMakeFiles/test_swath.dir/test_swath.cpp.o[0m
[24.091s] [ 72%] [32m[1mLinking CXX executable opennav_coverage[0m
[25.033s] [ 72%] Built target opennav_coverage
[25.561s] [ 75%] [32m[1mLinking CXX executable test_swath[0m
[25.913s] [ 79%] [32m[1mLinking CXX executable test_headland[0m
[27.067s] [ 79%] Built target test_swath
[27.286s] [ 79%] Built target test_headland
[27.545s] [ 82%] [32m[1mLinking CXX executable test_utils[0m
[28.403s] [ 82%] Built target test_utils
[28.721s] [ 86%] [32m[1mLinking CXX executable test_path[0m
[28.759s] [ 89%] [32m[1mLinking CXX executable test_robot[0m
[29.305s] [ 89%] Built target test_robot
[29.365s] [ 93%] [32m[1mLinking CXX executable test_route[0m
[29.807s] [ 93%] Built target test_path
[30.283s] [ 93%] Built target test_route
[31.080s] [ 96%] [32m[1mLinking CXX executable test_server[0m
[32.024s] [ 96%] Built target test_server
[39.801s] [100%] [32m[1mLinking CXX executable test_viz[0m
[41.439s] [100%] Built target test_viz
[41.450s] Invoked command in '/home/manel/psolar_ws/build/opennav_coverage' returned '0': AMENT_PREFIX_PATH=/home/manel/psolar_ws/install/opennav_coverage_msgs:${AMENT_PREFIX_PATH} CMAKE_PREFIX_PATH=/home/manel/psolar_ws/install/opennav_coverage_msgs:/home/manel/psolar_ws/install/fields2cover:/opt/ros/humble LD_LIBRARY_PATH=/home/manel/psolar_ws/install/opennav_coverage_msgs/lib:/home/manel/psolar_ws/install/fields2cover/lib:${LD_LIBRARY_PATH} PKG_CONFIG_PATH=/home/manel/psolar_ws/install/fields2cover/lib/x86_64-linux-gnu/pkgconfig:/home/manel/psolar_ws/install/fields2cover/lib/pkgconfig PYTHONPATH=/home/manel/psolar_ws/install/opennav_coverage_msgs/local/lib/python3.10/dist-packages:${PYTHONPATH} /usr/bin/cmake --build /home/manel/psolar_ws/build/opennav_coverage -- -j12 -l12
[41.451s] Invoking command in '/home/manel/psolar_ws/build/opennav_coverage': AMENT_PREFIX_PATH=/home/manel/psolar_ws/install/opennav_coverage_msgs:${AMENT_PREFIX_PATH} CMAKE_PREFIX_PATH=/home/manel/psolar_ws/install/opennav_coverage_msgs:/home/manel/psolar_ws/install/fields2cover:/opt/ros/humble LD_LIBRARY_PATH=/home/manel/psolar_ws/install/opennav_coverage_msgs/lib:/home/manel/psolar_ws/install/fields2cover/lib:${LD_LIBRARY_PATH} PKG_CONFIG_PATH=/home/manel/psolar_ws/install/fields2cover/lib/x86_64-linux-gnu/pkgconfig:/home/manel/psolar_ws/install/fields2cover/lib/pkgconfig PYTHONPATH=/home/manel/psolar_ws/install/opennav_coverage_msgs/local/lib/python3.10/dist-packages:${PYTHONPATH} /usr/bin/cmake --install /home/manel/psolar_ws/build/opennav_coverage
[41.457s] -- Install configuration: ""
[41.457s] -- Installing: /home/manel/psolar_ws/install/opennav_coverage/lib/libopennav_coverage_core.so
[41.460s] -- Set runtime path of "/home/manel/psolar_ws/install/opennav_coverage/lib/libopennav_coverage_core.so" to ""
[41.460s] -- Installing: /home/manel/psolar_ws/install/opennav_coverage/lib/opennav_coverage/opennav_coverage
[41.460s] -- Set runtime path of "/home/manel/psolar_ws/install/opennav_coverage/lib/opennav_coverage/opennav_coverage" to ""
[41.460s] -- Installing: /home/manel/psolar_ws/install/opennav_coverage/include/
[41.460s] -- Installing: /home/manel/psolar_ws/install/opennav_coverage/include//opennav_coverage
[41.460s] -- Installing: /home/manel/psolar_ws/install/opennav_coverage/include//opennav_coverage/robot_params.hpp
[41.460s] -- Installing: /home/manel/psolar_ws/install/opennav_coverage/include//opennav_coverage/swath_generator.hpp
[41.461s] -- Installing: /home/manel/psolar_ws/install/opennav_coverage/include//opennav_coverage/route_generator.hpp
[41.461s] -- Installing: /home/manel/psolar_ws/install/opennav_coverage/include//opennav_coverage/headland_generator.hpp
[41.461s] -- Installing: /home/manel/psolar_ws/install/opennav_coverage/include//opennav_coverage/visualizer.hpp
[41.461s] -- Installing: /home/manel/psolar_ws/install/opennav_coverage/include//opennav_coverage/utils.hpp
[41.461s] -- Installing: /home/manel/psolar_ws/install/opennav_coverage/include//opennav_coverage/coverage_server.hpp
[41.461s] -- Installing: /home/manel/psolar_ws/install/opennav_coverage/include//opennav_coverage/path_generator.hpp
[41.461s] -- Installing: /home/manel/psolar_ws/install/opennav_coverage/include//opennav_coverage/types.hpp
[41.461s] -- Installing: /home/manel/psolar_ws/install/opennav_coverage/share/opennav_coverage/test_field.xml
[41.461s] -- Installing: /home/manel/psolar_ws/install/opennav_coverage/share/opennav_coverage/cartesian_test_field.xml
[41.461s] -- Installing: /home/manel/psolar_ws/install/opennav_coverage/share/opennav_coverage/irregular_test_field.xml
[41.461s] -- Installing: /home/manel/psolar_ws/install/opennav_coverage/share/opennav_coverage/environment/library_path.sh
[41.461s] -- Installing: /home/manel/psolar_ws/install/opennav_coverage/share/opennav_coverage/environment/library_path.dsv
[41.462s] -- Installing: /home/manel/psolar_ws/install/opennav_coverage/share/ament_index/resource_index/package_run_dependencies/opennav_coverage
[41.462s] -- Installing: /home/manel/psolar_ws/install/opennav_coverage/share/ament_index/resource_index/parent_prefix_path/opennav_coverage
[41.462s] -- Installing: /home/manel/psolar_ws/install/opennav_coverage/share/opennav_coverage/environment/ament_prefix_path.sh
[41.462s] -- Installing: /home/manel/psolar_ws/install/opennav_coverage/share/opennav_coverage/environment/ament_prefix_path.dsv
[41.462s] -- Installing: /home/manel/psolar_ws/install/opennav_coverage/share/opennav_coverage/environment/path.sh
[41.462s] -- Installing: /home/manel/psolar_ws/install/opennav_coverage/share/opennav_coverage/environment/path.dsv
[41.462s] -- Installing: /home/manel/psolar_ws/install/opennav_coverage/share/opennav_coverage/local_setup.bash
[41.462s] -- Installing: /home/manel/psolar_ws/install/opennav_coverage/share/opennav_coverage/local_setup.sh
[41.462s] -- Installing: /home/manel/psolar_ws/install/opennav_coverage/share/opennav_coverage/local_setup.zsh
[41.463s] -- Installing: /home/manel/psolar_ws/install/opennav_coverage/share/opennav_coverage/local_setup.dsv
[41.463s] -- Installing: /home/manel/psolar_ws/install/opennav_coverage/share/opennav_coverage/package.dsv
[41.463s] -- Installing: /home/manel/psolar_ws/install/opennav_coverage/share/ament_index/resource_index/packages/opennav_coverage
[41.463s] -- Installing: /home/manel/psolar_ws/install/opennav_coverage/share/ament_index/resource_index/rclcpp_components/opennav_coverage
[41.463s] -- Installing: /home/manel/psolar_ws/install/opennav_coverage/share/opennav_coverage/cmake/ament_cmake_export_include_directories-extras.cmake
[41.463s] -- Installing: /home/manel/psolar_ws/install/opennav_coverage/share/opennav_coverage/cmake/ament_cmake_export_libraries-extras.cmake
[41.463s] -- Installing: /home/manel/psolar_ws/install/opennav_coverage/share/opennav_coverage/cmake/ament_cmake_export_dependencies-extras.cmake
[41.463s] -- Installing: /home/manel/psolar_ws/install/opennav_coverage/share/opennav_coverage/cmake/opennav_coverageConfig.cmake
[41.463s] -- Installing: /home/manel/psolar_ws/install/opennav_coverage/share/opennav_coverage/cmake/opennav_coverageConfig-version.cmake
[41.464s] -- Installing: /home/manel/psolar_ws/install/opennav_coverage/share/opennav_coverage/package.xml
[41.466s] Invoked command in '/home/manel/psolar_ws/build/opennav_coverage' returned '0': AMENT_PREFIX_PATH=/home/manel/psolar_ws/install/opennav_coverage_msgs:${AMENT_PREFIX_PATH} CMAKE_PREFIX_PATH=/home/manel/psolar_ws/install/opennav_coverage_msgs:/home/manel/psolar_ws/install/fields2cover:/opt/ros/humble LD_LIBRARY_PATH=/home/manel/psolar_ws/install/opennav_coverage_msgs/lib:/home/manel/psolar_ws/install/fields2cover/lib:${LD_LIBRARY_PATH} PKG_CONFIG_PATH=/home/manel/psolar_ws/install/fields2cover/lib/x86_64-linux-gnu/pkgconfig:/home/manel/psolar_ws/install/fields2cover/lib/pkgconfig PYTHONPATH=/home/manel/psolar_ws/install/opennav_coverage_msgs/local/lib/python3.10/dist-packages:${PYTHONPATH} /usr/bin/cmake --install /home/manel/psolar_ws/build/opennav_coverage
