[1.796s] Invoking command in '/home/manel/psolar_ws/src/opennav_coverage/opennav_coverage_demo': AMENT_PREFIX_PATH=/home/manel/psolar_ws/install/opennav_row_coverage:/home/manel/psolar_ws/install/opennav_coverage_navigator:/home/manel/psolar_ws/install/opennav_coverage_bt:/home/manel/psolar_ws/install/opennav_coverage:/home/manel/psolar_ws/install/opennav_coverage_msgs:/home/manel/psolar_ws/install/backported_bt_navigator:${AMENT_PREFIX_PATH} CMAKE_PREFIX_PATH=/home/manel/psolar_ws/install/opennav_row_coverage:/home/manel/psolar_ws/install/opennav_coverage_navigator:/home/manel/psolar_ws/install/opennav_coverage_bt:/home/manel/psolar_ws/install/opennav_coverage:/home/manel/psolar_ws/install/opennav_coverage_msgs:/home/manel/psolar_ws/install/fields2cover:/home/manel/psolar_ws/install/backported_bt_navigator LD_LIBRARY_PATH=/home/manel/psolar_ws/install/opennav_row_coverage/lib:/home/manel/psolar_ws/install/opennav_coverage_navigator/lib:/home/manel/psolar_ws/install/opennav_coverage_bt/lib:/home/manel/psolar_ws/install/opennav_coverage/lib:/home/manel/psolar_ws/install/opennav_coverage_msgs/lib:/home/manel/psolar_ws/install/fields2cover/lib:/home/manel/psolar_ws/install/backported_bt_navigator/lib:${LD_LIBRARY_PATH} PKG_CONFIG_PATH=/home/manel/psolar_ws/install/fields2cover/lib/x86_64-linux-gnu/pkgconfig:/home/manel/psolar_ws/install/fields2cover/lib/pkgconfig PYTHONPATH=/home/manel/psolar_ws/build/opennav_coverage_demo/prefix_override:/usr/lib/python3/dist-packages/colcon_core/task/python/colcon_distutils_commands:/home/manel/psolar_ws/install/opennav_coverage_demo/lib/python3.10/site-packages:/home/manel/psolar_ws/install/opennav_coverage_msgs/local/lib/python3.10/dist-packages:${PYTHONPATH} /usr/bin/python3 -W ignore:setup.py install is deprecated -W ignore:easy_install command is deprecated setup.py egg_info --egg-base ../../../build/opennav_coverage_demo build --build-base /home/manel/psolar_ws/build/opennav_coverage_demo/build install --record /home/manel/psolar_ws/build/opennav_coverage_demo/install.log --single-version-externally-managed install_data
[2.291s] running egg_info
[2.293s] writing ../../../build/opennav_coverage_demo/opennav_coverage_demo.egg-info/PKG-INFO
[2.293s] writing dependency_links to ../../../build/opennav_coverage_demo/opennav_coverage_demo.egg-info/dependency_links.txt
[2.294s] writing entry points to ../../../build/opennav_coverage_demo/opennav_coverage_demo.egg-info/entry_points.txt
[2.294s] writing requirements to ../../../build/opennav_coverage_demo/opennav_coverage_demo.egg-info/requires.txt
[2.294s] writing top-level names to ../../../build/opennav_coverage_demo/opennav_coverage_demo.egg-info/top_level.txt
[2.297s] reading manifest file '../../../build/opennav_coverage_demo/opennav_coverage_demo.egg-info/SOURCES.txt'
[2.298s] writing manifest file '../../../build/opennav_coverage_demo/opennav_coverage_demo.egg-info/SOURCES.txt'
[2.299s] running build
[2.299s] running build_py
[2.299s] running install
[2.300s] running install_lib
[2.302s] running install_data
[2.302s] running install_egg_info
[2.305s] removing '/home/manel/psolar_ws/install/opennav_coverage_demo/lib/python3.10/site-packages/opennav_coverage_demo-1.0.0-py3.10.egg-info' (and everything under it)
[2.305s] Copying ../../../build/opennav_coverage_demo/opennav_coverage_demo.egg-info to /home/manel/psolar_ws/install/opennav_coverage_demo/lib/python3.10/site-packages/opennav_coverage_demo-1.0.0-py3.10.egg-info
[2.306s] running install_scripts
[2.338s] Installing demo_coverage script to /home/manel/psolar_ws/install/opennav_coverage_demo/lib/opennav_coverage_demo
[2.339s] Installing demo_row_coverage script to /home/manel/psolar_ws/install/opennav_coverage_demo/lib/opennav_coverage_demo
[2.339s] Installing test_compute_path script to /home/manel/psolar_ws/install/opennav_coverage_demo/lib/opennav_coverage_demo
[2.339s] writing list of installed files to '/home/manel/psolar_ws/build/opennav_coverage_demo/install.log'
[2.368s] Invoked command in '/home/manel/psolar_ws/src/opennav_coverage/opennav_coverage_demo' returned '0': AMENT_PREFIX_PATH=/home/manel/psolar_ws/install/opennav_row_coverage:/home/manel/psolar_ws/install/opennav_coverage_navigator:/home/manel/psolar_ws/install/opennav_coverage_bt:/home/manel/psolar_ws/install/opennav_coverage:/home/manel/psolar_ws/install/opennav_coverage_msgs:/home/manel/psolar_ws/install/backported_bt_navigator:${AMENT_PREFIX_PATH} CMAKE_PREFIX_PATH=/home/manel/psolar_ws/install/opennav_row_coverage:/home/manel/psolar_ws/install/opennav_coverage_navigator:/home/manel/psolar_ws/install/opennav_coverage_bt:/home/manel/psolar_ws/install/opennav_coverage:/home/manel/psolar_ws/install/opennav_coverage_msgs:/home/manel/psolar_ws/install/fields2cover:/home/manel/psolar_ws/install/backported_bt_navigator LD_LIBRARY_PATH=/home/manel/psolar_ws/install/opennav_row_coverage/lib:/home/manel/psolar_ws/install/opennav_coverage_navigator/lib:/home/manel/psolar_ws/install/opennav_coverage_bt/lib:/home/manel/psolar_ws/install/opennav_coverage/lib:/home/manel/psolar_ws/install/opennav_coverage_msgs/lib:/home/manel/psolar_ws/install/fields2cover/lib:/home/manel/psolar_ws/install/backported_bt_navigator/lib:${LD_LIBRARY_PATH} PKG_CONFIG_PATH=/home/manel/psolar_ws/install/fields2cover/lib/x86_64-linux-gnu/pkgconfig:/home/manel/psolar_ws/install/fields2cover/lib/pkgconfig PYTHONPATH=/home/manel/psolar_ws/build/opennav_coverage_demo/prefix_override:/usr/lib/python3/dist-packages/colcon_core/task/python/colcon_distutils_commands:/home/manel/psolar_ws/install/opennav_coverage_demo/lib/python3.10/site-packages:/home/manel/psolar_ws/install/opennav_coverage_msgs/local/lib/python3.10/dist-packages:${PYTHONPATH} /usr/bin/python3 -W ignore:setup.py install is deprecated -W ignore:easy_install command is deprecated setup.py egg_info --egg-base ../../../build/opennav_coverage_demo build --build-base /home/manel/psolar_ws/build/opennav_coverage_demo/build install --record /home/manel/psolar_ws/build/opennav_coverage_demo/install.log --single-version-externally-managed install_data
