[0.033s] Invoking command in '/home/manel/psolar_ws/build/psolar_bringup': CMAKE_PREFIX_PATH=/opt/ros/humble /usr/bin/cmake /home/manel/psolar_ws/src/psolar_bringup -DCMAKE_INSTALL_PREFIX=/home/manel/psolar_ws/install/psolar_bringup
[0.139s] -- The C compiler identification is GNU 11.4.0
[0.243s] -- The CXX compiler identification is GNU 11.4.0
[0.272s] -- Detecting C compiler ABI info
[0.396s] -- Detecting C compiler ABI info - done
[0.415s] -- Check for working C compiler: /usr/bin/cc - skipped
[0.415s] -- Detecting C compile features
[0.416s] -- Detecting C compile features - done
[0.421s] -- Detecting CXX compiler ABI info
[0.515s] -- Detecting CXX compiler ABI info - done
[0.534s] -- Check for working CXX compiler: /usr/bin/c++ - skipped
[0.534s] -- Detecting CXX compile features
[0.535s] -- Detecting CXX compile features - done
[0.539s] -- Found ament_cmake: 1.3.11 (/opt/ros/humble/share/ament_cmake/cmake)
[0.804s] -- Found Python3: /usr/bin/python3 (found version "3.10.12") found components: Interpreter 
[0.955s] -- Found ament_lint_auto: 0.12.11 (/opt/ros/humble/share/ament_lint_auto/cmake)
[1.104s] -- Added test 'flake8' to check Python code syntax and style conventions
[1.105s] -- Added test 'lint_cmake' to check CMake code style
[1.105s] -- Added test 'pep257' to check Python code against some of the docstring style conventions in PEP 257
[1.108s] -- Added test 'xmllint' to check XML markup files
[1.110s] -- Configuring done
[1.112s] -- Generating done
[1.113s] -- Build files have been written to: /home/manel/psolar_ws/build/psolar_bringup
[1.147s] Invoked command in '/home/manel/psolar_ws/build/psolar_bringup' returned '0': CMAKE_PREFIX_PATH=/opt/ros/humble /usr/bin/cmake /home/manel/psolar_ws/src/psolar_bringup -DCMAKE_INSTALL_PREFIX=/home/manel/psolar_ws/install/psolar_bringup
[1.149s] Invoking command in '/home/manel/psolar_ws/build/psolar_bringup': CMAKE_PREFIX_PATH=/opt/ros/humble /usr/bin/cmake --build /home/manel/psolar_ws/build/psolar_bringup -- -j12 -l12
[1.203s] Invoked command in '/home/manel/psolar_ws/build/psolar_bringup' returned '0': CMAKE_PREFIX_PATH=/opt/ros/humble /usr/bin/cmake --build /home/manel/psolar_ws/build/psolar_bringup -- -j12 -l12
[1.207s] Invoking command in '/home/manel/psolar_ws/build/psolar_bringup': CMAKE_PREFIX_PATH=/opt/ros/humble /usr/bin/cmake --install /home/manel/psolar_ws/build/psolar_bringup
[1.219s] -- Install configuration: ""
[1.219s] -- Installing: /home/manel/psolar_ws/install/psolar_bringup/share/psolar_bringup//launch
[1.219s] -- Installing: /home/manel/psolar_ws/install/psolar_bringup/share/psolar_bringup//launch/psolar.launch.py
[1.220s] -- Installing: /home/manel/psolar_ws/install/psolar_bringup/share/psolar_bringup//rviz
[1.220s] -- Installing: /home/manel/psolar_ws/install/psolar_bringup/share/ament_index/resource_index/package_run_dependencies/psolar_bringup
[1.220s] -- Installing: /home/manel/psolar_ws/install/psolar_bringup/share/ament_index/resource_index/parent_prefix_path/psolar_bringup
[1.221s] -- Installing: /home/manel/psolar_ws/install/psolar_bringup/share/psolar_bringup/environment/ament_prefix_path.sh
[1.221s] -- Installing: /home/manel/psolar_ws/install/psolar_bringup/share/psolar_bringup/environment/ament_prefix_path.dsv
[1.221s] -- Installing: /home/manel/psolar_ws/install/psolar_bringup/share/psolar_bringup/environment/path.sh
[1.222s] -- Installing: /home/manel/psolar_ws/install/psolar_bringup/share/psolar_bringup/environment/path.dsv
[1.222s] -- Installing: /home/manel/psolar_ws/install/psolar_bringup/share/psolar_bringup/local_setup.bash
[1.222s] -- Installing: /home/manel/psolar_ws/install/psolar_bringup/share/psolar_bringup/local_setup.sh
[1.222s] -- Installing: /home/manel/psolar_ws/install/psolar_bringup/share/psolar_bringup/local_setup.zsh
[1.223s] -- Installing: /home/manel/psolar_ws/install/psolar_bringup/share/psolar_bringup/local_setup.dsv
[1.223s] -- Installing: /home/manel/psolar_ws/install/psolar_bringup/share/psolar_bringup/package.dsv
[1.223s] -- Installing: /home/manel/psolar_ws/install/psolar_bringup/share/ament_index/resource_index/packages/psolar_bringup
[1.223s] -- Installing: /home/manel/psolar_ws/install/psolar_bringup/share/psolar_bringup/cmake/psolar_bringupConfig.cmake
[1.223s] -- Installing: /home/manel/psolar_ws/install/psolar_bringup/share/psolar_bringup/cmake/psolar_bringupConfig-version.cmake
[1.224s] -- Installing: /home/manel/psolar_ws/install/psolar_bringup/share/psolar_bringup/package.xml
[1.227s] Invoked command in '/home/manel/psolar_ws/build/psolar_bringup' returned '0': CMAKE_PREFIX_PATH=/opt/ros/humble /usr/bin/cmake --install /home/manel/psolar_ws/build/psolar_bringup
