[0.039s] Invoking command in '/home/manel/psolar_ws/build/psolar_gazebo': CMAKE_PREFIX_PATH=/opt/ros/humble /usr/bin/cmake --build /home/manel/psolar_ws/build/psolar_gazebo -- -j12 -l12
[0.236s] [100%] Built target turtlebot3_drive
[0.326s] Invoked command in '/home/manel/psolar_ws/build/psolar_gazebo' returned '0': CMAKE_PREFIX_PATH=/opt/ros/humble /usr/bin/cmake --build /home/manel/psolar_ws/build/psolar_gazebo -- -j12 -l12
[0.331s] Invoking command in '/home/manel/psolar_ws/build/psolar_gazebo': CMAKE_PREFIX_PATH=/opt/ros/humble /usr/bin/cmake --install /home/manel/psolar_ws/build/psolar_gazebo
[0.359s] -- Install configuration: ""
[0.359s] -- Up-to-date: /home/manel/psolar_ws/install/psolar_gazebo/lib/psolar_gazebo/turtlebot3_drive
[0.360s] -- Up-to-date: /home/manel/psolar_ws/install/psolar_gazebo/share/psolar_gazebo//launch
[0.360s] -- Up-to-date: /home/manel/psolar_ws/install/psolar_gazebo/share/psolar_gazebo//launch/turtlebot3_world.launch.py
[0.360s] -- Up-to-date: /home/manel/psolar_ws/install/psolar_gazebo/share/psolar_gazebo//launch/robot_state_publisher.launch.py
[0.360s] -- Up-to-date: /home/manel/psolar_ws/install/psolar_gazebo/share/psolar_gazebo//launch/spawn_turtlebot3.launch.py
[0.360s] -- Up-to-date: /home/manel/psolar_ws/install/psolar_gazebo/share/psolar_gazebo//launch/empty_world.launch.py
[0.360s] -- Up-to-date: /home/manel/psolar_ws/install/psolar_gazebo/share/psolar_gazebo//models
[0.361s] -- Up-to-date: /home/manel/psolar_ws/install/psolar_gazebo/share/psolar_gazebo//models/turtlebot3_common
[0.361s] -- Up-to-date: /home/manel/psolar_ws/install/psolar_gazebo/share/psolar_gazebo//models/turtlebot3_common/model.config
[0.361s] -- Up-to-date: /home/manel/psolar_ws/install/psolar_gazebo/share/psolar_gazebo//models/turtlebot3_common/meshes
[0.361s] -- Up-to-date: /home/manel/psolar_ws/install/psolar_gazebo/share/psolar_gazebo//models/turtlebot3_common/meshes/solar_panel1.dae
[0.361s] -- Up-to-date: /home/manel/psolar_ws/install/psolar_gazebo/share/psolar_gazebo//models/turtlebot3_common/meshes/waffle_base.dae
[0.361s] -- Up-to-date: /home/manel/psolar_ws/install/psolar_gazebo/share/psolar_gazebo//models/turtlebot3_common/meshes/burger_base.dae
[0.362s] -- Up-to-date: /home/manel/psolar_ws/install/psolar_gazebo/share/psolar_gazebo//models/turtlebot3_common/meshes/gps.STL
[0.362s] -- Up-to-date: /home/manel/psolar_ws/install/psolar_gazebo/share/psolar_gazebo//models/turtlebot3_common/meshes/panel.dae
[0.362s] -- Up-to-date: /home/manel/psolar_ws/install/psolar_gazebo/share/psolar_gazebo//models/turtlebot3_common/meshes/bases
[0.363s] -- Up-to-date: /home/manel/psolar_ws/install/psolar_gazebo/share/psolar_gazebo//models/turtlebot3_common/meshes/bases/burger_base.stl
[0.364s] -- Up-to-date: /home/manel/psolar_ws/install/psolar_gazebo/share/psolar_gazebo//models/turtlebot3_common/meshes/bases/waffle_pi_base.stl
[0.364s] -- Up-to-date: /home/manel/psolar_ws/install/psolar_gazebo/share/psolar_gazebo//models/turtlebot3_common/meshes/bases/waffle_base.stl
[0.365s] -- Up-to-date: /home/manel/psolar_ws/install/psolar_gazebo/share/psolar_gazebo//models/turtlebot3_common/meshes/pp00.dae
[0.367s] -- Up-to-date: /home/manel/psolar_ws/install/psolar_gazebo/share/psolar_gazebo//models/turtlebot3_common/meshes/solar_origin.dae
[0.368s] -- Up-to-date: /home/manel/psolar_ws/install/psolar_gazebo/share/psolar_gazebo//models/turtlebot3_common/meshes/sensors
[0.368s] -- Up-to-date: /home/manel/psolar_ws/install/psolar_gazebo/share/psolar_gazebo//models/turtlebot3_common/meshes/sensors/lds.stl
[0.368s] -- Up-to-date: /home/manel/psolar_ws/install/psolar_gazebo/share/psolar_gazebo//models/turtlebot3_common/meshes/sensors/astra.jpg
[0.369s] -- Up-to-date: /home/manel/psolar_ws/install/psolar_gazebo/share/psolar_gazebo//models/turtlebot3_common/meshes/sensors/r200.dae
[0.369s] -- Up-to-date: /home/manel/psolar_ws/install/psolar_gazebo/share/psolar_gazebo//models/turtlebot3_common/meshes/sensors/astra.dae
[0.369s] -- Up-to-date: /home/manel/psolar_ws/install/psolar_gazebo/share/psolar_gazebo//models/turtlebot3_common/meshes/sensors/r200.jpg
[0.369s] -- Up-to-date: /home/manel/psolar_ws/install/psolar_gazebo/share/psolar_gazebo//models/turtlebot3_common/meshes/20degres.STL
[0.369s] -- Up-to-date: /home/manel/psolar_ws/install/psolar_gazebo/share/psolar_gazebo//models/turtlebot3_common/meshes/waffle_pi_base.dae
[0.371s] -- Up-to-date: /home/manel/psolar_ws/install/psolar_gazebo/share/psolar_gazebo//models/turtlebot3_common/meshes/r200.dae
[0.371s] -- Up-to-date: /home/manel/psolar_ws/install/psolar_gazebo/share/psolar_gazebo//models/turtlebot3_common/meshes/solar_panel1.blend
[0.371s] -- Up-to-date: /home/manel/psolar_ws/install/psolar_gazebo/share/psolar_gazebo//models/turtlebot3_common/meshes/solarpanel.dae
[0.371s] -- Up-to-date: /home/manel/psolar_ws/install/psolar_gazebo/share/psolar_gazebo//models/turtlebot3_common/meshes/solar_panel.dae
[0.372s] -- Up-to-date: /home/manel/psolar_ws/install/psolar_gazebo/share/psolar_gazebo//models/turtlebot3_common/meshes/solar_panel_10deg.dae
[0.372s] -- Up-to-date: /home/manel/psolar_ws/install/psolar_gazebo/share/psolar_gazebo//models/turtlebot3_common/meshes/lds.dae
[0.372s] -- Up-to-date: /home/manel/psolar_ws/install/psolar_gazebo/share/psolar_gazebo//models/turtlebot3_common/meshes/tire.dae
[0.373s] -- Up-to-date: /home/manel/psolar_ws/install/psolar_gazebo/share/psolar_gazebo//models/turtlebot3_common/meshes/wheels
[0.373s] -- Up-to-date: /home/manel/psolar_ws/install/psolar_gazebo/share/psolar_gazebo//models/turtlebot3_common/meshes/wheels/left_tire.stl
[0.373s] -- Up-to-date: /home/manel/psolar_ws/install/psolar_gazebo/share/psolar_gazebo//models/turtlebot3_common/meshes/wheels/right_tire.stl
[0.373s] -- Up-to-date: /home/manel/psolar_ws/install/psolar_gazebo/share/psolar_gazebo//models/turtlebot3_waffle
[0.373s] -- Up-to-date: /home/manel/psolar_ws/install/psolar_gazebo/share/psolar_gazebo//models/turtlebot3_waffle/model.sdf
[0.373s] -- Up-to-date: /home/manel/psolar_ws/install/psolar_gazebo/share/psolar_gazebo//models/turtlebot3_waffle/model.config
[0.374s] -- Up-to-date: /home/manel/psolar_ws/install/psolar_gazebo/share/psolar_gazebo//rviz
[0.374s] -- Up-to-date: /home/manel/psolar_ws/install/psolar_gazebo/share/psolar_gazebo//rviz/tb3_gazebo.rviz
[0.374s] -- Up-to-date: /home/manel/psolar_ws/install/psolar_gazebo/share/psolar_gazebo//urdf
[0.375s] -- Up-to-date: /home/manel/psolar_ws/install/psolar_gazebo/share/psolar_gazebo//urdf/turtlebot3_burger_cam.urdf
[0.375s] -- Up-to-date: /home/manel/psolar_ws/install/psolar_gazebo/share/psolar_gazebo//urdf/turtlebot3_waffle.urdf
[0.375s] -- Up-to-date: /home/manel/psolar_ws/install/psolar_gazebo/share/psolar_gazebo//urdf/common_properties.urdf
[0.375s] -- Up-to-date: /home/manel/psolar_ws/install/psolar_gazebo/share/psolar_gazebo//urdf/turtlebot3_waffle_pi.urdf
[0.375s] -- Up-to-date: /home/manel/psolar_ws/install/psolar_gazebo/share/psolar_gazebo//urdf/turtlebot3_burger.urdf
[0.375s] -- Up-to-date: /home/manel/psolar_ws/install/psolar_gazebo/share/psolar_gazebo//worlds
[0.375s] -- Up-to-date: /home/manel/psolar_ws/install/psolar_gazebo/share/psolar_gazebo//worlds/empty_world.world
[0.375s] -- Up-to-date: /home/manel/psolar_ws/install/psolar_gazebo/share/psolar_gazebo//worlds/solar_panel_model.xml
[0.375s] -- Up-to-date: /home/manel/psolar_ws/install/psolar_gazebo/share/psolar_gazebo//worlds/materials
[0.375s] -- Up-to-date: /home/manel/psolar_ws/install/psolar_gazebo/share/psolar_gazebo//worlds/materials/textures
[0.376s] -- Up-to-date: /home/manel/psolar_ws/install/psolar_gazebo/share/psolar_gazebo//worlds/materials/textures/solar_panel_img.jpg
[0.376s] -- Up-to-date: /home/manel/psolar_ws/install/psolar_gazebo/share/psolar_gazebo//params
[0.376s] -- Up-to-date: /home/manel/psolar_ws/install/psolar_gazebo/share/psolar_gazebo//params/turtlebot3_waffle_bridge.yaml
[0.376s] -- Up-to-date: /home/manel/psolar_ws/install/psolar_gazebo/include/
[0.376s] -- Up-to-date: /home/manel/psolar_ws/install/psolar_gazebo/include//psolar_gazebo
[0.376s] -- Up-to-date: /home/manel/psolar_ws/install/psolar_gazebo/include//psolar_gazebo/turtlebot3_drive.hpp
[0.376s] -- Up-to-date: /home/manel/psolar_ws/install/psolar_gazebo/share/ament_index/resource_index/package_run_dependencies/psolar_gazebo
[0.376s] -- Up-to-date: /home/manel/psolar_ws/install/psolar_gazebo/share/ament_index/resource_index/parent_prefix_path/psolar_gazebo
[0.376s] -- Up-to-date: /home/manel/psolar_ws/install/psolar_gazebo/share/psolar_gazebo/environment/ament_prefix_path.sh
[0.377s] -- Up-to-date: /home/manel/psolar_ws/install/psolar_gazebo/share/psolar_gazebo/environment/ament_prefix_path.dsv
[0.377s] -- Up-to-date: /home/manel/psolar_ws/install/psolar_gazebo/share/psolar_gazebo/environment/path.sh
[0.377s] -- Up-to-date: /home/manel/psolar_ws/install/psolar_gazebo/share/psolar_gazebo/environment/path.dsv
[0.377s] -- Up-to-date: /home/manel/psolar_ws/install/psolar_gazebo/share/psolar_gazebo/local_setup.bash
[0.377s] -- Up-to-date: /home/manel/psolar_ws/install/psolar_gazebo/share/psolar_gazebo/local_setup.sh
[0.378s] -- Up-to-date: /home/manel/psolar_ws/install/psolar_gazebo/share/psolar_gazebo/local_setup.zsh
[0.380s] -- Up-to-date: /home/manel/psolar_ws/install/psolar_gazebo/share/psolar_gazebo/local_setup.dsv
[0.381s] -- Installing: /home/manel/psolar_ws/install/psolar_gazebo/share/psolar_gazebo/package.dsv
[0.381s] -- Up-to-date: /home/manel/psolar_ws/install/psolar_gazebo/share/ament_index/resource_index/packages/psolar_gazebo
[0.381s] -- Up-to-date: /home/manel/psolar_ws/install/psolar_gazebo/share/psolar_gazebo/cmake/ament_cmake_export_include_directories-extras.cmake
[0.381s] -- Up-to-date: /home/manel/psolar_ws/install/psolar_gazebo/share/psolar_gazebo/cmake/ament_cmake_export_dependencies-extras.cmake
[0.382s] -- Up-to-date: /home/manel/psolar_ws/install/psolar_gazebo/share/psolar_gazebo/cmake/psolar_gazeboConfig.cmake
[0.382s] -- Up-to-date: /home/manel/psolar_ws/install/psolar_gazebo/share/psolar_gazebo/cmake/psolar_gazeboConfig-version.cmake
[0.382s] -- Up-to-date: /home/manel/psolar_ws/install/psolar_gazebo/share/psolar_gazebo/package.xml
[0.407s] Invoked command in '/home/manel/psolar_ws/build/psolar_gazebo' returned '0': CMAKE_PREFIX_PATH=/opt/ros/humble /usr/bin/cmake --install /home/manel/psolar_ws/build/psolar_gazebo
