[0.050s] Invoking command in '/home/manel/psolar_ws/build/opennav_coverage_msgs': CMAKE_PREFIX_PATH=/opt/ros/humble /usr/bin/cmake --build /home/manel/psolar_ws/build/opennav_coverage_msgs -- -j12 -l12
[0.162s] [  0%] Built target opennav_coverage_msgs__cpp
[0.274s] [  0%] Built target ament_cmake_python_copy_opennav_coverage_msgs
[0.321s] [ 12%] Built target opennav_coverage_msgs__rosidl_typesupport_introspection_cpp
[1.141s] running egg_info
[1.143s] writing opennav_coverage_msgs.egg-info/PKG-INFO
[1.143s] writing dependency_links to opennav_coverage_msgs.egg-info/dependency_links.txt
[1.143s] writing top-level names to opennav_coverage_msgs.egg-info/top_level.txt
[1.150s] reading manifest file 'opennav_coverage_msgs.egg-info/SOURCES.txt'
[1.152s] writing manifest file 'opennav_coverage_msgs.egg-info/SOURCES.txt'
[1.224s] [ 12%] Built target ament_cmake_python_build_opennav_coverage_msgs_egg
[1.268s] [ 23%] Built target opennav_coverage_msgs__rosidl_typesupport_fastrtps_cpp
[1.313s] [ 35%] Built target opennav_coverage_msgs__rosidl_typesupport_cpp
[1.349s] [ 47%] Built target opennav_coverage_msgs__rosidl_generator_c
[1.405s] [ 59%] Built target opennav_coverage_msgs__rosidl_typesupport_fastrtps_c
[1.438s] [ 71%] Built target opennav_coverage_msgs__rosidl_typesupport_c
[1.475s] [ 83%] Built target opennav_coverage_msgs__rosidl_typesupport_introspection_c
[1.496s] [ 83%] Built target opennav_coverage_msgs
[1.525s] [ 84%] Built target opennav_coverage_msgs__py
[1.559s] [ 95%] Built target opennav_coverage_msgs__rosidl_generator_py
[1.586s] [ 97%] Built target opennav_coverage_msgs__rosidl_typesupport_fastrtps_c__pyext
[1.612s] [ 98%] Built target opennav_coverage_msgs__rosidl_typesupport_c__pyext
[1.642s] [100%] Built target opennav_coverage_msgs__rosidl_typesupport_introspection_c__pyext
[1.657s] Invoked command in '/home/manel/psolar_ws/build/opennav_coverage_msgs' returned '0': CMAKE_PREFIX_PATH=/opt/ros/humble /usr/bin/cmake --build /home/manel/psolar_ws/build/opennav_coverage_msgs -- -j12 -l12
[1.659s] Invoking command in '/home/manel/psolar_ws/build/opennav_coverage_msgs': CMAKE_PREFIX_PATH=/opt/ros/humble /usr/bin/cmake --install /home/manel/psolar_ws/build/opennav_coverage_msgs
[1.674s] -- Install configuration: ""
[1.675s] -- Up-to-date: /home/manel/psolar_ws/install/opennav_coverage_msgs/share/ament_index/resource_index/rosidl_interfaces/opennav_coverage_msgs
[1.675s] -- Up-to-date: /home/manel/psolar_ws/install/opennav_coverage_msgs/include/opennav_coverage_msgs/opennav_coverage_msgs
[1.675s] -- Up-to-date: /home/manel/psolar_ws/install/opennav_coverage_msgs/include/opennav_coverage_msgs/opennav_coverage_msgs/action
[1.675s] -- Up-to-date: /home/manel/psolar_ws/install/opennav_coverage_msgs/include/opennav_coverage_msgs/opennav_coverage_msgs/action/compute_coverage_path.h
[1.675s] -- Up-to-date: /home/manel/psolar_ws/install/opennav_coverage_msgs/include/opennav_coverage_msgs/opennav_coverage_msgs/action/navigate_complete_coverage.h
[1.675s] -- Up-to-date: /home/manel/psolar_ws/install/opennav_coverage_msgs/include/opennav_coverage_msgs/opennav_coverage_msgs/action/detail
[1.675s] -- Up-to-date: /home/manel/psolar_ws/install/opennav_coverage_msgs/include/opennav_coverage_msgs/opennav_coverage_msgs/action/detail/navigate_complete_coverage__functions.h
[1.676s] -- Up-to-date: /home/manel/psolar_ws/install/opennav_coverage_msgs/include/opennav_coverage_msgs/opennav_coverage_msgs/action/detail/compute_coverage_path__functions.c
[1.676s] -- Up-to-date: /home/manel/psolar_ws/install/opennav_coverage_msgs/include/opennav_coverage_msgs/opennav_coverage_msgs/action/detail/compute_coverage_path__functions.h
[1.676s] -- Up-to-date: /home/manel/psolar_ws/install/opennav_coverage_msgs/include/opennav_coverage_msgs/opennav_coverage_msgs/action/detail/navigate_complete_coverage__type_support.h
[1.676s] -- Up-to-date: /home/manel/psolar_ws/install/opennav_coverage_msgs/include/opennav_coverage_msgs/opennav_coverage_msgs/action/detail/compute_coverage_path__type_support.h
[1.676s] -- Up-to-date: /home/manel/psolar_ws/install/opennav_coverage_msgs/include/opennav_coverage_msgs/opennav_coverage_msgs/action/detail/compute_coverage_path__struct.h
[1.676s] -- Up-to-date: /home/manel/psolar_ws/install/opennav_coverage_msgs/include/opennav_coverage_msgs/opennav_coverage_msgs/action/detail/navigate_complete_coverage__functions.c
[1.677s] -- Up-to-date: /home/manel/psolar_ws/install/opennav_coverage_msgs/include/opennav_coverage_msgs/opennav_coverage_msgs/action/detail/navigate_complete_coverage__struct.h
[1.677s] -- Up-to-date: /home/manel/psolar_ws/install/opennav_coverage_msgs/include/opennav_coverage_msgs/opennav_coverage_msgs/msg
[1.677s] -- Up-to-date: /home/manel/psolar_ws/install/opennav_coverage_msgs/include/opennav_coverage_msgs/opennav_coverage_msgs/msg/coordinate.h
[1.677s] -- Up-to-date: /home/manel/psolar_ws/install/opennav_coverage_msgs/include/opennav_coverage_msgs/opennav_coverage_msgs/msg/row_swath_mode.h
[1.677s] -- Up-to-date: /home/manel/psolar_ws/install/opennav_coverage_msgs/include/opennav_coverage_msgs/opennav_coverage_msgs/msg/path_mode.h
[1.677s] -- Up-to-date: /home/manel/psolar_ws/install/opennav_coverage_msgs/include/opennav_coverage_msgs/opennav_coverage_msgs/msg/rosidl_generator_c__visibility_control.h
[1.677s] -- Up-to-date: /home/manel/psolar_ws/install/opennav_coverage_msgs/include/opennav_coverage_msgs/opennav_coverage_msgs/msg/swath_mode.h
[1.678s] -- Up-to-date: /home/manel/psolar_ws/install/opennav_coverage_msgs/include/opennav_coverage_msgs/opennav_coverage_msgs/msg/swath.h
[1.678s] -- Up-to-date: /home/manel/psolar_ws/install/opennav_coverage_msgs/include/opennav_coverage_msgs/opennav_coverage_msgs/msg/route_mode.h
[1.678s] -- Up-to-date: /home/manel/psolar_ws/install/opennav_coverage_msgs/include/opennav_coverage_msgs/opennav_coverage_msgs/msg/path_components.h
[1.678s] -- Up-to-date: /home/manel/psolar_ws/install/opennav_coverage_msgs/include/opennav_coverage_msgs/opennav_coverage_msgs/msg/detail
[1.678s] -- Up-to-date: /home/manel/psolar_ws/install/opennav_coverage_msgs/include/opennav_coverage_msgs/opennav_coverage_msgs/msg/detail/swath__functions.h
[1.679s] -- Up-to-date: /home/manel/psolar_ws/install/opennav_coverage_msgs/include/opennav_coverage_msgs/opennav_coverage_msgs/msg/detail/path_components__functions.h
[1.679s] -- Up-to-date: /home/manel/psolar_ws/install/opennav_coverage_msgs/include/opennav_coverage_msgs/opennav_coverage_msgs/msg/detail/row_swath_mode__type_support.h
[1.679s] -- Up-to-date: /home/manel/psolar_ws/install/opennav_coverage_msgs/include/opennav_coverage_msgs/opennav_coverage_msgs/msg/detail/headland_mode__functions.h
[1.679s] -- Up-to-date: /home/manel/psolar_ws/install/opennav_coverage_msgs/include/opennav_coverage_msgs/opennav_coverage_msgs/msg/detail/swath_mode__type_support.h
[1.679s] -- Up-to-date: /home/manel/psolar_ws/install/opennav_coverage_msgs/include/opennav_coverage_msgs/opennav_coverage_msgs/msg/detail/row_swath_mode__functions.h
[1.679s] -- Up-to-date: /home/manel/psolar_ws/install/opennav_coverage_msgs/include/opennav_coverage_msgs/opennav_coverage_msgs/msg/detail/route_mode__type_support.h
[1.679s] -- Up-to-date: /home/manel/psolar_ws/install/opennav_coverage_msgs/include/opennav_coverage_msgs/opennav_coverage_msgs/msg/detail/coordinate__type_support.h
[1.680s] -- Up-to-date: /home/manel/psolar_ws/install/opennav_coverage_msgs/include/opennav_coverage_msgs/opennav_coverage_msgs/msg/detail/swath_mode__struct.h
[1.680s] -- Up-to-date: /home/manel/psolar_ws/install/opennav_coverage_msgs/include/opennav_coverage_msgs/opennav_coverage_msgs/msg/detail/coordinate__functions.c
[1.680s] -- Up-to-date: /home/manel/psolar_ws/install/opennav_coverage_msgs/include/opennav_coverage_msgs/opennav_coverage_msgs/msg/detail/coordinate__functions.h
[1.680s] -- Up-to-date: /home/manel/psolar_ws/install/opennav_coverage_msgs/include/opennav_coverage_msgs/opennav_coverage_msgs/msg/detail/path_components__type_support.h
[1.680s] -- Up-to-date: /home/manel/psolar_ws/install/opennav_coverage_msgs/include/opennav_coverage_msgs/opennav_coverage_msgs/msg/detail/route_mode__functions.c
[1.680s] -- Up-to-date: /home/manel/psolar_ws/install/opennav_coverage_msgs/include/opennav_coverage_msgs/opennav_coverage_msgs/msg/detail/path_mode__struct.h
[1.680s] -- Up-to-date: /home/manel/psolar_ws/install/opennav_coverage_msgs/include/opennav_coverage_msgs/opennav_coverage_msgs/msg/detail/swath__struct.h
[1.681s] -- Up-to-date: /home/manel/psolar_ws/install/opennav_coverage_msgs/include/opennav_coverage_msgs/opennav_coverage_msgs/msg/detail/headland_mode__struct.h
[1.681s] -- Up-to-date: /home/manel/psolar_ws/install/opennav_coverage_msgs/include/opennav_coverage_msgs/opennav_coverage_msgs/msg/detail/coordinates__struct.h
[1.681s] -- Up-to-date: /home/manel/psolar_ws/install/opennav_coverage_msgs/include/opennav_coverage_msgs/opennav_coverage_msgs/msg/detail/row_swath_mode__functions.c
[1.681s] -- Up-to-date: /home/manel/psolar_ws/install/opennav_coverage_msgs/include/opennav_coverage_msgs/opennav_coverage_msgs/msg/detail/swath_mode__functions.c
[1.681s] -- Up-to-date: /home/manel/psolar_ws/install/opennav_coverage_msgs/include/opennav_coverage_msgs/opennav_coverage_msgs/msg/detail/path_components__struct.h
[1.681s] -- Up-to-date: /home/manel/psolar_ws/install/opennav_coverage_msgs/include/opennav_coverage_msgs/opennav_coverage_msgs/msg/detail/coordinate__struct.h
[1.682s] -- Up-to-date: /home/manel/psolar_ws/install/opennav_coverage_msgs/include/opennav_coverage_msgs/opennav_coverage_msgs/msg/detail/path_components__functions.c
[1.682s] -- Up-to-date: /home/manel/psolar_ws/install/opennav_coverage_msgs/include/opennav_coverage_msgs/opennav_coverage_msgs/msg/detail/path_mode__functions.h
[1.682s] -- Up-to-date: /home/manel/psolar_ws/install/opennav_coverage_msgs/include/opennav_coverage_msgs/opennav_coverage_msgs/msg/detail/swath__type_support.h
[1.682s] -- Up-to-date: /home/manel/psolar_ws/install/opennav_coverage_msgs/include/opennav_coverage_msgs/opennav_coverage_msgs/msg/detail/coordinates__functions.c
[1.682s] -- Up-to-date: /home/manel/psolar_ws/install/opennav_coverage_msgs/include/opennav_coverage_msgs/opennav_coverage_msgs/msg/detail/headland_mode__type_support.h
[1.682s] -- Up-to-date: /home/manel/psolar_ws/install/opennav_coverage_msgs/include/opennav_coverage_msgs/opennav_coverage_msgs/msg/detail/route_mode__functions.h
[1.682s] -- Up-to-date: /home/manel/psolar_ws/install/opennav_coverage_msgs/include/opennav_coverage_msgs/opennav_coverage_msgs/msg/detail/path_mode__type_support.h
[1.682s] -- Up-to-date: /home/manel/psolar_ws/install/opennav_coverage_msgs/include/opennav_coverage_msgs/opennav_coverage_msgs/msg/detail/path_mode__functions.c
[1.683s] -- Up-to-date: /home/manel/psolar_ws/install/opennav_coverage_msgs/include/opennav_coverage_msgs/opennav_coverage_msgs/msg/detail/row_swath_mode__struct.h
[1.683s] -- Up-to-date: /home/manel/psolar_ws/install/opennav_coverage_msgs/include/opennav_coverage_msgs/opennav_coverage_msgs/msg/detail/route_mode__struct.h
[1.683s] -- Up-to-date: /home/manel/psolar_ws/install/opennav_coverage_msgs/include/opennav_coverage_msgs/opennav_coverage_msgs/msg/detail/coordinates__functions.h
[1.683s] -- Up-to-date: /home/manel/psolar_ws/install/opennav_coverage_msgs/include/opennav_coverage_msgs/opennav_coverage_msgs/msg/detail/headland_mode__functions.c
[1.683s] -- Up-to-date: /home/manel/psolar_ws/install/opennav_coverage_msgs/include/opennav_coverage_msgs/opennav_coverage_msgs/msg/detail/swath__functions.c
[1.683s] -- Up-to-date: /home/manel/psolar_ws/install/opennav_coverage_msgs/include/opennav_coverage_msgs/opennav_coverage_msgs/msg/detail/coordinates__type_support.h
[1.684s] -- Up-to-date: /home/manel/psolar_ws/install/opennav_coverage_msgs/include/opennav_coverage_msgs/opennav_coverage_msgs/msg/detail/swath_mode__functions.h
[1.684s] -- Up-to-date: /home/manel/psolar_ws/install/opennav_coverage_msgs/include/opennav_coverage_msgs/opennav_coverage_msgs/msg/headland_mode.h
[1.684s] -- Up-to-date: /home/manel/psolar_ws/install/opennav_coverage_msgs/include/opennav_coverage_msgs/opennav_coverage_msgs/msg/coordinates.h
[1.684s] -- Up-to-date: /home/manel/psolar_ws/install/opennav_coverage_msgs/share/opennav_coverage_msgs/environment/library_path.sh
[1.685s] -- Up-to-date: /home/manel/psolar_ws/install/opennav_coverage_msgs/share/opennav_coverage_msgs/environment/library_path.dsv
[1.685s] -- Up-to-date: /home/manel/psolar_ws/install/opennav_coverage_msgs/lib/libopennav_coverage_msgs__rosidl_generator_c.so
[1.685s] -- Up-to-date: /home/manel/psolar_ws/install/opennav_coverage_msgs/include/opennav_coverage_msgs/opennav_coverage_msgs
[1.685s] -- Up-to-date: /home/manel/psolar_ws/install/opennav_coverage_msgs/include/opennav_coverage_msgs/opennav_coverage_msgs/action
[1.685s] -- Up-to-date: /home/manel/psolar_ws/install/opennav_coverage_msgs/include/opennav_coverage_msgs/opennav_coverage_msgs/action/detail
[1.686s] -- Up-to-date: /home/manel/psolar_ws/install/opennav_coverage_msgs/include/opennav_coverage_msgs/opennav_coverage_msgs/action/detail/compute_coverage_path__rosidl_typesupport_fastrtps_c.h
[1.686s] -- Up-to-date: /home/manel/psolar_ws/install/opennav_coverage_msgs/include/opennav_coverage_msgs/opennav_coverage_msgs/action/detail/navigate_complete_coverage__rosidl_typesupport_fastrtps_c.h
[1.686s] -- Up-to-date: /home/manel/psolar_ws/install/opennav_coverage_msgs/include/opennav_coverage_msgs/opennav_coverage_msgs/msg
[1.686s] -- Up-to-date: /home/manel/psolar_ws/install/opennav_coverage_msgs/include/opennav_coverage_msgs/opennav_coverage_msgs/msg/rosidl_typesupport_fastrtps_c__visibility_control.h
[1.686s] -- Up-to-date: /home/manel/psolar_ws/install/opennav_coverage_msgs/include/opennav_coverage_msgs/opennav_coverage_msgs/msg/detail
[1.687s] -- Up-to-date: /home/manel/psolar_ws/install/opennav_coverage_msgs/include/opennav_coverage_msgs/opennav_coverage_msgs/msg/detail/path_components__rosidl_typesupport_fastrtps_c.h
[1.687s] -- Up-to-date: /home/manel/psolar_ws/install/opennav_coverage_msgs/include/opennav_coverage_msgs/opennav_coverage_msgs/msg/detail/swath_mode__rosidl_typesupport_fastrtps_c.h
[1.687s] -- Up-to-date: /home/manel/psolar_ws/install/opennav_coverage_msgs/include/opennav_coverage_msgs/opennav_coverage_msgs/msg/detail/path_mode__rosidl_typesupport_fastrtps_c.h
[1.687s] -- Up-to-date: /home/manel/psolar_ws/install/opennav_coverage_msgs/include/opennav_coverage_msgs/opennav_coverage_msgs/msg/detail/coordinates__rosidl_typesupport_fastrtps_c.h
[1.687s] -- Up-to-date: /home/manel/psolar_ws/install/opennav_coverage_msgs/include/opennav_coverage_msgs/opennav_coverage_msgs/msg/detail/headland_mode__rosidl_typesupport_fastrtps_c.h
[1.687s] -- Up-to-date: /home/manel/psolar_ws/install/opennav_coverage_msgs/include/opennav_coverage_msgs/opennav_coverage_msgs/msg/detail/row_swath_mode__rosidl_typesupport_fastrtps_c.h
[1.687s] -- Up-to-date: /home/manel/psolar_ws/install/opennav_coverage_msgs/include/opennav_coverage_msgs/opennav_coverage_msgs/msg/detail/swath__rosidl_typesupport_fastrtps_c.h
[1.688s] -- Up-to-date: /home/manel/psolar_ws/install/opennav_coverage_msgs/include/opennav_coverage_msgs/opennav_coverage_msgs/msg/detail/coordinate__rosidl_typesupport_fastrtps_c.h
[1.688s] -- Up-to-date: /home/manel/psolar_ws/install/opennav_coverage_msgs/include/opennav_coverage_msgs/opennav_coverage_msgs/msg/detail/route_mode__rosidl_typesupport_fastrtps_c.h
[1.688s] -- Up-to-date: /home/manel/psolar_ws/install/opennav_coverage_msgs/lib/libopennav_coverage_msgs__rosidl_typesupport_fastrtps_c.so
[1.688s] -- Up-to-date: /home/manel/psolar_ws/install/opennav_coverage_msgs/include/opennav_coverage_msgs/opennav_coverage_msgs
[1.688s] -- Up-to-date: /home/manel/psolar_ws/install/opennav_coverage_msgs/include/opennav_coverage_msgs/opennav_coverage_msgs/action
[1.688s] -- Up-to-date: /home/manel/psolar_ws/install/opennav_coverage_msgs/include/opennav_coverage_msgs/opennav_coverage_msgs/action/compute_coverage_path.hpp
[1.689s] -- Up-to-date: /home/manel/psolar_ws/install/opennav_coverage_msgs/include/opennav_coverage_msgs/opennav_coverage_msgs/action/detail
[1.689s] -- Up-to-date: /home/manel/psolar_ws/install/opennav_coverage_msgs/include/opennav_coverage_msgs/opennav_coverage_msgs/action/detail/compute_coverage_path__builder.hpp
[1.689s] -- Up-to-date: /home/manel/psolar_ws/install/opennav_coverage_msgs/include/opennav_coverage_msgs/opennav_coverage_msgs/action/detail/navigate_complete_coverage__type_support.hpp
[1.689s] -- Up-to-date: /home/manel/psolar_ws/install/opennav_coverage_msgs/include/opennav_coverage_msgs/opennav_coverage_msgs/action/detail/navigate_complete_coverage__builder.hpp
[1.689s] -- Up-to-date: /home/manel/psolar_ws/install/opennav_coverage_msgs/include/opennav_coverage_msgs/opennav_coverage_msgs/action/detail/compute_coverage_path__type_support.hpp
[1.690s] -- Up-to-date: /home/manel/psolar_ws/install/opennav_coverage_msgs/include/opennav_coverage_msgs/opennav_coverage_msgs/action/detail/navigate_complete_coverage__traits.hpp
[1.690s] -- Up-to-date: /home/manel/psolar_ws/install/opennav_coverage_msgs/include/opennav_coverage_msgs/opennav_coverage_msgs/action/detail/compute_coverage_path__struct.hpp
[1.690s] -- Up-to-date: /home/manel/psolar_ws/install/opennav_coverage_msgs/include/opennav_coverage_msgs/opennav_coverage_msgs/action/detail/navigate_complete_coverage__struct.hpp
[1.690s] -- Up-to-date: /home/manel/psolar_ws/install/opennav_coverage_msgs/include/opennav_coverage_msgs/opennav_coverage_msgs/action/detail/compute_coverage_path__traits.hpp
[1.690s] -- Up-to-date: /home/manel/psolar_ws/install/opennav_coverage_msgs/include/opennav_coverage_msgs/opennav_coverage_msgs/action/navigate_complete_coverage.hpp
[1.690s] -- Up-to-date: /home/manel/psolar_ws/install/opennav_coverage_msgs/include/opennav_coverage_msgs/opennav_coverage_msgs/msg
[1.690s] -- Up-to-date: /home/manel/psolar_ws/install/opennav_coverage_msgs/include/opennav_coverage_msgs/opennav_coverage_msgs/msg/headland_mode.hpp
[1.690s] -- Up-to-date: /home/manel/psolar_ws/install/opennav_coverage_msgs/include/opennav_coverage_msgs/opennav_coverage_msgs/msg/path_components.hpp
[1.690s] -- Up-to-date: /home/manel/psolar_ws/install/opennav_coverage_msgs/include/opennav_coverage_msgs/opennav_coverage_msgs/msg/coordinate.hpp
[1.691s] -- Up-to-date: /home/manel/psolar_ws/install/opennav_coverage_msgs/include/opennav_coverage_msgs/opennav_coverage_msgs/msg/coordinates.hpp
[1.691s] -- Up-to-date: /home/manel/psolar_ws/install/opennav_coverage_msgs/include/opennav_coverage_msgs/opennav_coverage_msgs/msg/path_mode.hpp
[1.691s] -- Up-to-date: /home/manel/psolar_ws/install/opennav_coverage_msgs/include/opennav_coverage_msgs/opennav_coverage_msgs/msg/swath_mode.hpp
[1.691s] -- Up-to-date: /home/manel/psolar_ws/install/opennav_coverage_msgs/include/opennav_coverage_msgs/opennav_coverage_msgs/msg/row_swath_mode.hpp
[1.691s] -- Up-to-date: /home/manel/psolar_ws/install/opennav_coverage_msgs/include/opennav_coverage_msgs/opennav_coverage_msgs/msg/rosidl_generator_cpp__visibility_control.hpp
[1.691s] -- Up-to-date: /home/manel/psolar_ws/install/opennav_coverage_msgs/include/opennav_coverage_msgs/opennav_coverage_msgs/msg/route_mode.hpp
[1.691s] -- Up-to-date: /home/manel/psolar_ws/install/opennav_coverage_msgs/include/opennav_coverage_msgs/opennav_coverage_msgs/msg/swath.hpp
[1.691s] -- Up-to-date: /home/manel/psolar_ws/install/opennav_coverage_msgs/include/opennav_coverage_msgs/opennav_coverage_msgs/msg/detail
[1.691s] -- Up-to-date: /home/manel/psolar_ws/install/opennav_coverage_msgs/include/opennav_coverage_msgs/opennav_coverage_msgs/msg/detail/coordinate__traits.hpp
[1.691s] -- Up-to-date: /home/manel/psolar_ws/install/opennav_coverage_msgs/include/opennav_coverage_msgs/opennav_coverage_msgs/msg/detail/headland_mode__type_support.hpp
[1.692s] -- Up-to-date: /home/manel/psolar_ws/install/opennav_coverage_msgs/include/opennav_coverage_msgs/opennav_coverage_msgs/msg/detail/swath__builder.hpp
[1.692s] -- Up-to-date: /home/manel/psolar_ws/install/opennav_coverage_msgs/include/opennav_coverage_msgs/opennav_coverage_msgs/msg/detail/path_components__type_support.hpp
[1.692s] -- Up-to-date: /home/manel/psolar_ws/install/opennav_coverage_msgs/include/opennav_coverage_msgs/opennav_coverage_msgs/msg/detail/coordinates__traits.hpp
[1.692s] -- Up-to-date: /home/manel/psolar_ws/install/opennav_coverage_msgs/include/opennav_coverage_msgs/opennav_coverage_msgs/msg/detail/swath_mode__traits.hpp
[1.692s] -- Up-to-date: /home/manel/psolar_ws/install/opennav_coverage_msgs/include/opennav_coverage_msgs/opennav_coverage_msgs/msg/detail/headland_mode__struct.hpp
[1.692s] -- Up-to-date: /home/manel/psolar_ws/install/opennav_coverage_msgs/include/opennav_coverage_msgs/opennav_coverage_msgs/msg/detail/row_swath_mode__traits.hpp
[1.692s] -- Up-to-date: /home/manel/psolar_ws/install/opennav_coverage_msgs/include/opennav_coverage_msgs/opennav_coverage_msgs/msg/detail/swath_mode__struct.hpp
[1.692s] -- Up-to-date: /home/manel/psolar_ws/install/opennav_coverage_msgs/include/opennav_coverage_msgs/opennav_coverage_msgs/msg/detail/path_components__builder.hpp
[1.692s] -- Up-to-date: /home/manel/psolar_ws/install/opennav_coverage_msgs/include/opennav_coverage_msgs/opennav_coverage_msgs/msg/detail/path_mode__type_support.hpp
[1.692s] -- Up-to-date: /home/manel/psolar_ws/install/opennav_coverage_msgs/include/opennav_coverage_msgs/opennav_coverage_msgs/msg/detail/swath__type_support.hpp
[1.693s] -- Up-to-date: /home/manel/psolar_ws/install/opennav_coverage_msgs/include/opennav_coverage_msgs/opennav_coverage_msgs/msg/detail/coordinate__struct.hpp
[1.693s] -- Up-to-date: /home/manel/psolar_ws/install/opennav_coverage_msgs/include/opennav_coverage_msgs/opennav_coverage_msgs/msg/detail/swath_mode__type_support.hpp
[1.693s] -- Up-to-date: /home/manel/psolar_ws/install/opennav_coverage_msgs/include/opennav_coverage_msgs/opennav_coverage_msgs/msg/detail/route_mode__traits.hpp
[1.693s] -- Up-to-date: /home/manel/psolar_ws/install/opennav_coverage_msgs/include/opennav_coverage_msgs/opennav_coverage_msgs/msg/detail/swath__struct.hpp
[1.693s] -- Up-to-date: /home/manel/psolar_ws/install/opennav_coverage_msgs/include/opennav_coverage_msgs/opennav_coverage_msgs/msg/detail/path_mode__builder.hpp
[1.693s] -- Up-to-date: /home/manel/psolar_ws/install/opennav_coverage_msgs/include/opennav_coverage_msgs/opennav_coverage_msgs/msg/detail/path_mode__traits.hpp
[1.693s] -- Up-to-date: /home/manel/psolar_ws/install/opennav_coverage_msgs/include/opennav_coverage_msgs/opennav_coverage_msgs/msg/detail/headland_mode__traits.hpp
[1.693s] -- Up-to-date: /home/manel/psolar_ws/install/opennav_coverage_msgs/include/opennav_coverage_msgs/opennav_coverage_msgs/msg/detail/coordinate__builder.hpp
[1.693s] -- Up-to-date: /home/manel/psolar_ws/install/opennav_coverage_msgs/include/opennav_coverage_msgs/opennav_coverage_msgs/msg/detail/coordinate__type_support.hpp
[1.693s] -- Up-to-date: /home/manel/psolar_ws/install/opennav_coverage_msgs/include/opennav_coverage_msgs/opennav_coverage_msgs/msg/detail/path_mode__struct.hpp
[1.693s] -- Up-to-date: /home/manel/psolar_ws/install/opennav_coverage_msgs/include/opennav_coverage_msgs/opennav_coverage_msgs/msg/detail/swath__traits.hpp
[1.694s] -- Up-to-date: /home/manel/psolar_ws/install/opennav_coverage_msgs/include/opennav_coverage_msgs/opennav_coverage_msgs/msg/detail/row_swath_mode__struct.hpp
[1.694s] -- Up-to-date: /home/manel/psolar_ws/install/opennav_coverage_msgs/include/opennav_coverage_msgs/opennav_coverage_msgs/msg/detail/headland_mode__builder.hpp
[1.694s] -- Up-to-date: /home/manel/psolar_ws/install/opennav_coverage_msgs/include/opennav_coverage_msgs/opennav_coverage_msgs/msg/detail/path_components__struct.hpp
[1.694s] -- Up-to-date: /home/manel/psolar_ws/install/opennav_coverage_msgs/include/opennav_coverage_msgs/opennav_coverage_msgs/msg/detail/route_mode__struct.hpp
[1.694s] -- Up-to-date: /home/manel/psolar_ws/install/opennav_coverage_msgs/include/opennav_coverage_msgs/opennav_coverage_msgs/msg/detail/path_components__traits.hpp
[1.694s] -- Up-to-date: /home/manel/psolar_ws/install/opennav_coverage_msgs/include/opennav_coverage_msgs/opennav_coverage_msgs/msg/detail/coordinates__struct.hpp
[1.694s] -- Up-to-date: /home/manel/psolar_ws/install/opennav_coverage_msgs/include/opennav_coverage_msgs/opennav_coverage_msgs/msg/detail/row_swath_mode__builder.hpp
[1.694s] -- Up-to-date: /home/manel/psolar_ws/install/opennav_coverage_msgs/include/opennav_coverage_msgs/opennav_coverage_msgs/msg/detail/coordinates__type_support.hpp
[1.694s] -- Up-to-date: /home/manel/psolar_ws/install/opennav_coverage_msgs/include/opennav_coverage_msgs/opennav_coverage_msgs/msg/detail/coordinates__builder.hpp
[1.694s] -- Up-to-date: /home/manel/psolar_ws/install/opennav_coverage_msgs/include/opennav_coverage_msgs/opennav_coverage_msgs/msg/detail/route_mode__builder.hpp
[1.695s] -- Up-to-date: /home/manel/psolar_ws/install/opennav_coverage_msgs/include/opennav_coverage_msgs/opennav_coverage_msgs/msg/detail/row_swath_mode__type_support.hpp
[1.695s] -- Up-to-date: /home/manel/psolar_ws/install/opennav_coverage_msgs/include/opennav_coverage_msgs/opennav_coverage_msgs/msg/detail/swath_mode__builder.hpp
[1.695s] -- Up-to-date: /home/manel/psolar_ws/install/opennav_coverage_msgs/include/opennav_coverage_msgs/opennav_coverage_msgs/msg/detail/route_mode__type_support.hpp
[1.695s] -- Up-to-date: /home/manel/psolar_ws/install/opennav_coverage_msgs/include/opennav_coverage_msgs/opennav_coverage_msgs
[1.695s] -- Up-to-date: /home/manel/psolar_ws/install/opennav_coverage_msgs/include/opennav_coverage_msgs/opennav_coverage_msgs/action
[1.695s] -- Up-to-date: /home/manel/psolar_ws/install/opennav_coverage_msgs/include/opennav_coverage_msgs/opennav_coverage_msgs/action/detail
[1.695s] -- Up-to-date: /home/manel/psolar_ws/install/opennav_coverage_msgs/include/opennav_coverage_msgs/opennav_coverage_msgs/action/detail/compute_coverage_path__rosidl_typesupport_fastrtps_cpp.hpp
[1.696s] -- Up-to-date: /home/manel/psolar_ws/install/opennav_coverage_msgs/include/opennav_coverage_msgs/opennav_coverage_msgs/action/detail/navigate_complete_coverage__rosidl_typesupport_fastrtps_cpp.hpp
[1.696s] -- Up-to-date: /home/manel/psolar_ws/install/opennav_coverage_msgs/include/opennav_coverage_msgs/opennav_coverage_msgs/action/detail/dds_fastrtps
[1.696s] -- Up-to-date: /home/manel/psolar_ws/install/opennav_coverage_msgs/include/opennav_coverage_msgs/opennav_coverage_msgs/msg
[1.696s] -- Up-to-date: /home/manel/psolar_ws/install/opennav_coverage_msgs/include/opennav_coverage_msgs/opennav_coverage_msgs/msg/rosidl_typesupport_fastrtps_cpp__visibility_control.h
[1.696s] -- Up-to-date: /home/manel/psolar_ws/install/opennav_coverage_msgs/include/opennav_coverage_msgs/opennav_coverage_msgs/msg/detail
[1.696s] -- Up-to-date: /home/manel/psolar_ws/install/opennav_coverage_msgs/include/opennav_coverage_msgs/opennav_coverage_msgs/msg/detail/dds_fastrtps
[1.696s] -- Up-to-date: /home/manel/psolar_ws/install/opennav_coverage_msgs/include/opennav_coverage_msgs/opennav_coverage_msgs/msg/detail/swath__rosidl_typesupport_fastrtps_cpp.hpp
[1.696s] -- Up-to-date: /home/manel/psolar_ws/install/opennav_coverage_msgs/include/opennav_coverage_msgs/opennav_coverage_msgs/msg/detail/route_mode__rosidl_typesupport_fastrtps_cpp.hpp
[1.696s] -- Up-to-date: /home/manel/psolar_ws/install/opennav_coverage_msgs/include/opennav_coverage_msgs/opennav_coverage_msgs/msg/detail/headland_mode__rosidl_typesupport_fastrtps_cpp.hpp
[1.696s] -- Up-to-date: /home/manel/psolar_ws/install/opennav_coverage_msgs/include/opennav_coverage_msgs/opennav_coverage_msgs/msg/detail/swath_mode__rosidl_typesupport_fastrtps_cpp.hpp
[1.697s] -- Up-to-date: /home/manel/psolar_ws/install/opennav_coverage_msgs/include/opennav_coverage_msgs/opennav_coverage_msgs/msg/detail/path_mode__rosidl_typesupport_fastrtps_cpp.hpp
[1.697s] -- Up-to-date: /home/manel/psolar_ws/install/opennav_coverage_msgs/include/opennav_coverage_msgs/opennav_coverage_msgs/msg/detail/coordinates__rosidl_typesupport_fastrtps_cpp.hpp
[1.697s] -- Up-to-date: /home/manel/psolar_ws/install/opennav_coverage_msgs/include/opennav_coverage_msgs/opennav_coverage_msgs/msg/detail/coordinate__rosidl_typesupport_fastrtps_cpp.hpp
[1.697s] -- Up-to-date: /home/manel/psolar_ws/install/opennav_coverage_msgs/include/opennav_coverage_msgs/opennav_coverage_msgs/msg/detail/row_swath_mode__rosidl_typesupport_fastrtps_cpp.hpp
[1.697s] -- Up-to-date: /home/manel/psolar_ws/install/opennav_coverage_msgs/include/opennav_coverage_msgs/opennav_coverage_msgs/msg/detail/path_components__rosidl_typesupport_fastrtps_cpp.hpp
[1.697s] -- Up-to-date: /home/manel/psolar_ws/install/opennav_coverage_msgs/lib/libopennav_coverage_msgs__rosidl_typesupport_fastrtps_cpp.so
[1.697s] -- Up-to-date: /home/manel/psolar_ws/install/opennav_coverage_msgs/include/opennav_coverage_msgs/opennav_coverage_msgs
[1.697s] -- Up-to-date: /home/manel/psolar_ws/install/opennav_coverage_msgs/include/opennav_coverage_msgs/opennav_coverage_msgs/action
[1.697s] -- Up-to-date: /home/manel/psolar_ws/install/opennav_coverage_msgs/include/opennav_coverage_msgs/opennav_coverage_msgs/action/detail
[1.697s] -- Up-to-date: /home/manel/psolar_ws/install/opennav_coverage_msgs/include/opennav_coverage_msgs/opennav_coverage_msgs/action/detail/navigate_complete_coverage__rosidl_typesupport_introspection_c.h
[1.698s] -- Up-to-date: /home/manel/psolar_ws/install/opennav_coverage_msgs/include/opennav_coverage_msgs/opennav_coverage_msgs/action/detail/navigate_complete_coverage__type_support.c
[1.698s] -- Up-to-date: /home/manel/psolar_ws/install/opennav_coverage_msgs/include/opennav_coverage_msgs/opennav_coverage_msgs/action/detail/compute_coverage_path__type_support.c
[1.698s] -- Up-to-date: /home/manel/psolar_ws/install/opennav_coverage_msgs/include/opennav_coverage_msgs/opennav_coverage_msgs/action/detail/compute_coverage_path__rosidl_typesupport_introspection_c.h
[1.698s] -- Up-to-date: /home/manel/psolar_ws/install/opennav_coverage_msgs/include/opennav_coverage_msgs/opennav_coverage_msgs/msg
[1.698s] -- Up-to-date: /home/manel/psolar_ws/install/opennav_coverage_msgs/include/opennav_coverage_msgs/opennav_coverage_msgs/msg/rosidl_typesupport_introspection_c__visibility_control.h
[1.698s] -- Up-to-date: /home/manel/psolar_ws/install/opennav_coverage_msgs/include/opennav_coverage_msgs/opennav_coverage_msgs/msg/detail
[1.698s] -- Up-to-date: /home/manel/psolar_ws/install/opennav_coverage_msgs/include/opennav_coverage_msgs/opennav_coverage_msgs/msg/detail/swath_mode__type_support.c
[1.698s] -- Up-to-date: /home/manel/psolar_ws/install/opennav_coverage_msgs/include/opennav_coverage_msgs/opennav_coverage_msgs/msg/detail/path_mode__type_support.c
[1.698s] -- Up-to-date: /home/manel/psolar_ws/install/opennav_coverage_msgs/include/opennav_coverage_msgs/opennav_coverage_msgs/msg/detail/coordinate__type_support.c
[1.698s] -- Up-to-date: /home/manel/psolar_ws/install/opennav_coverage_msgs/include/opennav_coverage_msgs/opennav_coverage_msgs/msg/detail/path_components__rosidl_typesupport_introspection_c.h
[1.699s] -- Up-to-date: /home/manel/psolar_ws/install/opennav_coverage_msgs/include/opennav_coverage_msgs/opennav_coverage_msgs/msg/detail/swath_mode__rosidl_typesupport_introspection_c.h
[1.699s] -- Up-to-date: /home/manel/psolar_ws/install/opennav_coverage_msgs/include/opennav_coverage_msgs/opennav_coverage_msgs/msg/detail/row_swath_mode__type_support.c
[1.699s] -- Up-to-date: /home/manel/psolar_ws/install/opennav_coverage_msgs/include/opennav_coverage_msgs/opennav_coverage_msgs/msg/detail/path_components__type_support.c
[1.699s] -- Up-to-date: /home/manel/psolar_ws/install/opennav_coverage_msgs/include/opennav_coverage_msgs/opennav_coverage_msgs/msg/detail/path_mode__rosidl_typesupport_introspection_c.h
[1.699s] -- Up-to-date: /home/manel/psolar_ws/install/opennav_coverage_msgs/include/opennav_coverage_msgs/opennav_coverage_msgs/msg/detail/route_mode__type_support.c
[1.699s] -- Up-to-date: /home/manel/psolar_ws/install/opennav_coverage_msgs/include/opennav_coverage_msgs/opennav_coverage_msgs/msg/detail/coordinate__rosidl_typesupport_introspection_c.h
[1.699s] -- Up-to-date: /home/manel/psolar_ws/install/opennav_coverage_msgs/include/opennav_coverage_msgs/opennav_coverage_msgs/msg/detail/row_swath_mode__rosidl_typesupport_introspection_c.h
[1.699s] -- Up-to-date: /home/manel/psolar_ws/install/opennav_coverage_msgs/include/opennav_coverage_msgs/opennav_coverage_msgs/msg/detail/headland_mode__rosidl_typesupport_introspection_c.h
[1.699s] -- Up-to-date: /home/manel/psolar_ws/install/opennav_coverage_msgs/include/opennav_coverage_msgs/opennav_coverage_msgs/msg/detail/swath__type_support.c
[1.700s] -- Up-to-date: /home/manel/psolar_ws/install/opennav_coverage_msgs/include/opennav_coverage_msgs/opennav_coverage_msgs/msg/detail/coordinates__type_support.c
[1.700s] -- Up-to-date: /home/manel/psolar_ws/install/opennav_coverage_msgs/include/opennav_coverage_msgs/opennav_coverage_msgs/msg/detail/route_mode__rosidl_typesupport_introspection_c.h
[1.700s] -- Up-to-date: /home/manel/psolar_ws/install/opennav_coverage_msgs/include/opennav_coverage_msgs/opennav_coverage_msgs/msg/detail/swath__rosidl_typesupport_introspection_c.h
[1.700s] -- Up-to-date: /home/manel/psolar_ws/install/opennav_coverage_msgs/include/opennav_coverage_msgs/opennav_coverage_msgs/msg/detail/coordinates__rosidl_typesupport_introspection_c.h
[1.700s] -- Up-to-date: /home/manel/psolar_ws/install/opennav_coverage_msgs/include/opennav_coverage_msgs/opennav_coverage_msgs/msg/detail/headland_mode__type_support.c
[1.700s] -- Up-to-date: /home/manel/psolar_ws/install/opennav_coverage_msgs/lib/libopennav_coverage_msgs__rosidl_typesupport_introspection_c.so
[1.700s] -- Up-to-date: /home/manel/psolar_ws/install/opennav_coverage_msgs/lib/libopennav_coverage_msgs__rosidl_typesupport_c.so
[1.700s] -- Up-to-date: /home/manel/psolar_ws/install/opennav_coverage_msgs/include/opennav_coverage_msgs/opennav_coverage_msgs
[1.700s] -- Up-to-date: /home/manel/psolar_ws/install/opennav_coverage_msgs/include/opennav_coverage_msgs/opennav_coverage_msgs/action
[1.700s] -- Up-to-date: /home/manel/psolar_ws/install/opennav_coverage_msgs/include/opennav_coverage_msgs/opennav_coverage_msgs/action/detail
[1.700s] -- Up-to-date: /home/manel/psolar_ws/install/opennav_coverage_msgs/include/opennav_coverage_msgs/opennav_coverage_msgs/action/detail/navigate_complete_coverage__type_support.cpp
[1.701s] -- Up-to-date: /home/manel/psolar_ws/install/opennav_coverage_msgs/include/opennav_coverage_msgs/opennav_coverage_msgs/action/detail/navigate_complete_coverage__rosidl_typesupport_introspection_cpp.hpp
[1.701s] -- Up-to-date: /home/manel/psolar_ws/install/opennav_coverage_msgs/include/opennav_coverage_msgs/opennav_coverage_msgs/action/detail/compute_coverage_path__rosidl_typesupport_introspection_cpp.hpp
[1.701s] -- Up-to-date: /home/manel/psolar_ws/install/opennav_coverage_msgs/include/opennav_coverage_msgs/opennav_coverage_msgs/action/detail/compute_coverage_path__type_support.cpp
[1.701s] -- Up-to-date: /home/manel/psolar_ws/install/opennav_coverage_msgs/include/opennav_coverage_msgs/opennav_coverage_msgs/msg
[1.701s] -- Up-to-date: /home/manel/psolar_ws/install/opennav_coverage_msgs/include/opennav_coverage_msgs/opennav_coverage_msgs/msg/detail
[1.701s] -- Up-to-date: /home/manel/psolar_ws/install/opennav_coverage_msgs/include/opennav_coverage_msgs/opennav_coverage_msgs/msg/detail/swath_mode__rosidl_typesupport_introspection_cpp.hpp
[1.701s] -- Up-to-date: /home/manel/psolar_ws/install/opennav_coverage_msgs/include/opennav_coverage_msgs/opennav_coverage_msgs/msg/detail/swath__type_support.cpp
[1.701s] -- Up-to-date: /home/manel/psolar_ws/install/opennav_coverage_msgs/include/opennav_coverage_msgs/opennav_coverage_msgs/msg/detail/swath_mode__type_support.cpp
[1.701s] -- Up-to-date: /home/manel/psolar_ws/install/opennav_coverage_msgs/include/opennav_coverage_msgs/opennav_coverage_msgs/msg/detail/swath__rosidl_typesupport_introspection_cpp.hpp
[1.702s] -- Up-to-date: /home/manel/psolar_ws/install/opennav_coverage_msgs/include/opennav_coverage_msgs/opennav_coverage_msgs/msg/detail/row_swath_mode__type_support.cpp
[1.702s] -- Up-to-date: /home/manel/psolar_ws/install/opennav_coverage_msgs/include/opennav_coverage_msgs/opennav_coverage_msgs/msg/detail/route_mode__type_support.cpp
[1.702s] -- Up-to-date: /home/manel/psolar_ws/install/opennav_coverage_msgs/include/opennav_coverage_msgs/opennav_coverage_msgs/msg/detail/headland_mode__type_support.cpp
[1.702s] -- Up-to-date: /home/manel/psolar_ws/install/opennav_coverage_msgs/include/opennav_coverage_msgs/opennav_coverage_msgs/msg/detail/path_components__rosidl_typesupport_introspection_cpp.hpp
[1.702s] -- Up-to-date: /home/manel/psolar_ws/install/opennav_coverage_msgs/include/opennav_coverage_msgs/opennav_coverage_msgs/msg/detail/path_mode__type_support.cpp
[1.702s] -- Up-to-date: /home/manel/psolar_ws/install/opennav_coverage_msgs/include/opennav_coverage_msgs/opennav_coverage_msgs/msg/detail/headland_mode__rosidl_typesupport_introspection_cpp.hpp
[1.702s] -- Up-to-date: /home/manel/psolar_ws/install/opennav_coverage_msgs/include/opennav_coverage_msgs/opennav_coverage_msgs/msg/detail/route_mode__rosidl_typesupport_introspection_cpp.hpp
[1.702s] -- Up-to-date: /home/manel/psolar_ws/install/opennav_coverage_msgs/include/opennav_coverage_msgs/opennav_coverage_msgs/msg/detail/coordinates__type_support.cpp
[1.702s] -- Up-to-date: /home/manel/psolar_ws/install/opennav_coverage_msgs/include/opennav_coverage_msgs/opennav_coverage_msgs/msg/detail/path_mode__rosidl_typesupport_introspection_cpp.hpp
[1.703s] -- Up-to-date: /home/manel/psolar_ws/install/opennav_coverage_msgs/include/opennav_coverage_msgs/opennav_coverage_msgs/msg/detail/coordinate__type_support.cpp
[1.703s] -- Up-to-date: /home/manel/psolar_ws/install/opennav_coverage_msgs/include/opennav_coverage_msgs/opennav_coverage_msgs/msg/detail/path_components__type_support.cpp
[1.703s] -- Up-to-date: /home/manel/psolar_ws/install/opennav_coverage_msgs/include/opennav_coverage_msgs/opennav_coverage_msgs/msg/detail/row_swath_mode__rosidl_typesupport_introspection_cpp.hpp
[1.703s] -- Up-to-date: /home/manel/psolar_ws/install/opennav_coverage_msgs/include/opennav_coverage_msgs/opennav_coverage_msgs/msg/detail/coordinates__rosidl_typesupport_introspection_cpp.hpp
[1.703s] -- Up-to-date: /home/manel/psolar_ws/install/opennav_coverage_msgs/include/opennav_coverage_msgs/opennav_coverage_msgs/msg/detail/coordinate__rosidl_typesupport_introspection_cpp.hpp
[1.703s] -- Up-to-date: /home/manel/psolar_ws/install/opennav_coverage_msgs/lib/libopennav_coverage_msgs__rosidl_typesupport_introspection_cpp.so
[1.703s] -- Up-to-date: /home/manel/psolar_ws/install/opennav_coverage_msgs/lib/libopennav_coverage_msgs__rosidl_typesupport_cpp.so
[1.703s] -- Up-to-date: /home/manel/psolar_ws/install/opennav_coverage_msgs/share/opennav_coverage_msgs/environment/pythonpath.sh
[1.703s] -- Up-to-date: /home/manel/psolar_ws/install/opennav_coverage_msgs/share/opennav_coverage_msgs/environment/pythonpath.dsv
[1.703s] -- Up-to-date: /home/manel/psolar_ws/install/opennav_coverage_msgs/local/lib/python3.10/dist-packages/opennav_coverage_msgs-0.0.1-py3.10.egg-info
[1.704s] -- Installing: /home/manel/psolar_ws/install/opennav_coverage_msgs/local/lib/python3.10/dist-packages/opennav_coverage_msgs-0.0.1-py3.10.egg-info/PKG-INFO
[1.704s] -- Installing: /home/manel/psolar_ws/install/opennav_coverage_msgs/local/lib/python3.10/dist-packages/opennav_coverage_msgs-0.0.1-py3.10.egg-info/top_level.txt
[1.704s] -- Installing: /home/manel/psolar_ws/install/opennav_coverage_msgs/local/lib/python3.10/dist-packages/opennav_coverage_msgs-0.0.1-py3.10.egg-info/dependency_links.txt
[1.704s] -- Installing: /home/manel/psolar_ws/install/opennav_coverage_msgs/local/lib/python3.10/dist-packages/opennav_coverage_msgs-0.0.1-py3.10.egg-info/SOURCES.txt
[1.704s] -- Up-to-date: /home/manel/psolar_ws/install/opennav_coverage_msgs/local/lib/python3.10/dist-packages/opennav_coverage_msgs
[1.704s] -- Up-to-date: /home/manel/psolar_ws/install/opennav_coverage_msgs/local/lib/python3.10/dist-packages/opennav_coverage_msgs/_opennav_coverage_msgs_s.ep.rosidl_typesupport_introspection_c.c
[1.704s] -- Up-to-date: /home/manel/psolar_ws/install/opennav_coverage_msgs/local/lib/python3.10/dist-packages/opennav_coverage_msgs/action
[1.704s] -- Up-to-date: /home/manel/psolar_ws/install/opennav_coverage_msgs/local/lib/python3.10/dist-packages/opennav_coverage_msgs/action/__init__.py
[1.705s] -- Up-to-date: /home/manel/psolar_ws/install/opennav_coverage_msgs/local/lib/python3.10/dist-packages/opennav_coverage_msgs/action/_compute_coverage_path_s.c
[1.705s] -- Up-to-date: /home/manel/psolar_ws/install/opennav_coverage_msgs/local/lib/python3.10/dist-packages/opennav_coverage_msgs/action/_navigate_complete_coverage.py
[1.705s] -- Up-to-date: /home/manel/psolar_ws/install/opennav_coverage_msgs/local/lib/python3.10/dist-packages/opennav_coverage_msgs/action/_compute_coverage_path.py
[1.705s] -- Up-to-date: /home/manel/psolar_ws/install/opennav_coverage_msgs/local/lib/python3.10/dist-packages/opennav_coverage_msgs/action/_navigate_complete_coverage_s.c
[1.705s] -- Up-to-date: /home/manel/psolar_ws/install/opennav_coverage_msgs/local/lib/python3.10/dist-packages/opennav_coverage_msgs/opennav_coverage_msgs_s__rosidl_typesupport_fastrtps_c.cpython-310-x86_64-linux-gnu.so
[1.705s] -- Up-to-date: /home/manel/psolar_ws/install/opennav_coverage_msgs/local/lib/python3.10/dist-packages/opennav_coverage_msgs/__init__.py
[1.705s] -- Up-to-date: /home/manel/psolar_ws/install/opennav_coverage_msgs/local/lib/python3.10/dist-packages/opennav_coverage_msgs/opennav_coverage_msgs_s__rosidl_typesupport_c.cpython-310-x86_64-linux-gnu.so
[1.705s] -- Up-to-date: /home/manel/psolar_ws/install/opennav_coverage_msgs/local/lib/python3.10/dist-packages/opennav_coverage_msgs/libopennav_coverage_msgs__rosidl_generator_py.so
[1.705s] -- Up-to-date: /home/manel/psolar_ws/install/opennav_coverage_msgs/local/lib/python3.10/dist-packages/opennav_coverage_msgs/opennav_coverage_msgs_s__rosidl_typesupport_introspection_c.cpython-310-x86_64-linux-gnu.so
[1.706s] -- Up-to-date: /home/manel/psolar_ws/install/opennav_coverage_msgs/local/lib/python3.10/dist-packages/opennav_coverage_msgs/_opennav_coverage_msgs_s.ep.rosidl_typesupport_fastrtps_c.c
[1.706s] -- Up-to-date: /home/manel/psolar_ws/install/opennav_coverage_msgs/local/lib/python3.10/dist-packages/opennav_coverage_msgs/_opennav_coverage_msgs_s.ep.rosidl_typesupport_c.c
[1.706s] -- Up-to-date: /home/manel/psolar_ws/install/opennav_coverage_msgs/local/lib/python3.10/dist-packages/opennav_coverage_msgs/msg
[1.706s] -- Up-to-date: /home/manel/psolar_ws/install/opennav_coverage_msgs/local/lib/python3.10/dist-packages/opennav_coverage_msgs/msg/_row_swath_mode.py
[1.706s] -- Up-to-date: /home/manel/psolar_ws/install/opennav_coverage_msgs/local/lib/python3.10/dist-packages/opennav_coverage_msgs/msg/_swath_mode.py
[1.706s] -- Up-to-date: /home/manel/psolar_ws/install/opennav_coverage_msgs/local/lib/python3.10/dist-packages/opennav_coverage_msgs/msg/_headland_mode_s.c
[1.706s] -- Up-to-date: /home/manel/psolar_ws/install/opennav_coverage_msgs/local/lib/python3.10/dist-packages/opennav_coverage_msgs/msg/_path_mode_s.c
[1.706s] -- Up-to-date: /home/manel/psolar_ws/install/opennav_coverage_msgs/local/lib/python3.10/dist-packages/opennav_coverage_msgs/msg/_row_swath_mode_s.c
[1.706s] -- Up-to-date: /home/manel/psolar_ws/install/opennav_coverage_msgs/local/lib/python3.10/dist-packages/opennav_coverage_msgs/msg/_route_mode.py
[1.706s] -- Up-to-date: /home/manel/psolar_ws/install/opennav_coverage_msgs/local/lib/python3.10/dist-packages/opennav_coverage_msgs/msg/__init__.py
[1.707s] -- Up-to-date: /home/manel/psolar_ws/install/opennav_coverage_msgs/local/lib/python3.10/dist-packages/opennav_coverage_msgs/msg/_path_mode.py
[1.707s] -- Up-to-date: /home/manel/psolar_ws/install/opennav_coverage_msgs/local/lib/python3.10/dist-packages/opennav_coverage_msgs/msg/_swath_mode_s.c
[1.707s] -- Up-to-date: /home/manel/psolar_ws/install/opennav_coverage_msgs/local/lib/python3.10/dist-packages/opennav_coverage_msgs/msg/_path_components.py
[1.707s] -- Up-to-date: /home/manel/psolar_ws/install/opennav_coverage_msgs/local/lib/python3.10/dist-packages/opennav_coverage_msgs/msg/_headland_mode.py
[1.707s] -- Up-to-date: /home/manel/psolar_ws/install/opennav_coverage_msgs/local/lib/python3.10/dist-packages/opennav_coverage_msgs/msg/_path_components_s.c
[1.707s] -- Up-to-date: /home/manel/psolar_ws/install/opennav_coverage_msgs/local/lib/python3.10/dist-packages/opennav_coverage_msgs/msg/_swath.py
[1.707s] -- Up-to-date: /home/manel/psolar_ws/install/opennav_coverage_msgs/local/lib/python3.10/dist-packages/opennav_coverage_msgs/msg/_coordinate.py
[1.707s] -- Up-to-date: /home/manel/psolar_ws/install/opennav_coverage_msgs/local/lib/python3.10/dist-packages/opennav_coverage_msgs/msg/_coordinate_s.c
[1.707s] -- Up-to-date: /home/manel/psolar_ws/install/opennav_coverage_msgs/local/lib/python3.10/dist-packages/opennav_coverage_msgs/msg/_coordinates_s.c
[1.708s] -- Up-to-date: /home/manel/psolar_ws/install/opennav_coverage_msgs/local/lib/python3.10/dist-packages/opennav_coverage_msgs/msg/_route_mode_s.c
[1.708s] -- Up-to-date: /home/manel/psolar_ws/install/opennav_coverage_msgs/local/lib/python3.10/dist-packages/opennav_coverage_msgs/msg/_swath_s.c
[1.708s] -- Up-to-date: /home/manel/psolar_ws/install/opennav_coverage_msgs/local/lib/python3.10/dist-packages/opennav_coverage_msgs/msg/_coordinates.py
[1.757s] Listing '/home/manel/psolar_ws/install/opennav_coverage_msgs/local/lib/python3.10/dist-packages/opennav_coverage_msgs'...
[1.758s] Listing '/home/manel/psolar_ws/install/opennav_coverage_msgs/local/lib/python3.10/dist-packages/opennav_coverage_msgs/action'...
[1.759s] Listing '/home/manel/psolar_ws/install/opennav_coverage_msgs/local/lib/python3.10/dist-packages/opennav_coverage_msgs/msg'...
[1.775s] -- Up-to-date: /home/manel/psolar_ws/install/opennav_coverage_msgs/local/lib/python3.10/dist-packages/opennav_coverage_msgs/opennav_coverage_msgs_s__rosidl_typesupport_fastrtps_c.cpython-310-x86_64-linux-gnu.so
[1.779s] -- Up-to-date: /home/manel/psolar_ws/install/opennav_coverage_msgs/local/lib/python3.10/dist-packages/opennav_coverage_msgs/opennav_coverage_msgs_s__rosidl_typesupport_introspection_c.cpython-310-x86_64-linux-gnu.so
[1.779s] -- Up-to-date: /home/manel/psolar_ws/install/opennav_coverage_msgs/local/lib/python3.10/dist-packages/opennav_coverage_msgs/opennav_coverage_msgs_s__rosidl_typesupport_c.cpython-310-x86_64-linux-gnu.so
[1.779s] -- Up-to-date: /home/manel/psolar_ws/install/opennav_coverage_msgs/lib/libopennav_coverage_msgs__rosidl_generator_py.so
[1.779s] -- Up-to-date: /home/manel/psolar_ws/install/opennav_coverage_msgs/share/opennav_coverage_msgs/msg/Coordinate.idl
[1.780s] -- Up-to-date: /home/manel/psolar_ws/install/opennav_coverage_msgs/share/opennav_coverage_msgs/msg/Coordinates.idl
[1.780s] -- Up-to-date: /home/manel/psolar_ws/install/opennav_coverage_msgs/share/opennav_coverage_msgs/msg/HeadlandMode.idl
[1.780s] -- Up-to-date: /home/manel/psolar_ws/install/opennav_coverage_msgs/share/opennav_coverage_msgs/msg/SwathMode.idl
[1.781s] -- Up-to-date: /home/manel/psolar_ws/install/opennav_coverage_msgs/share/opennav_coverage_msgs/msg/RowSwathMode.idl
[1.781s] -- Up-to-date: /home/manel/psolar_ws/install/opennav_coverage_msgs/share/opennav_coverage_msgs/msg/RouteMode.idl
[1.781s] -- Up-to-date: /home/manel/psolar_ws/install/opennav_coverage_msgs/share/opennav_coverage_msgs/msg/PathMode.idl
[1.781s] -- Up-to-date: /home/manel/psolar_ws/install/opennav_coverage_msgs/share/opennav_coverage_msgs/msg/Swath.idl
[1.781s] -- Up-to-date: /home/manel/psolar_ws/install/opennav_coverage_msgs/share/opennav_coverage_msgs/msg/PathComponents.idl
[1.781s] -- Up-to-date: /home/manel/psolar_ws/install/opennav_coverage_msgs/share/opennav_coverage_msgs/action/ComputeCoveragePath.idl
[1.782s] -- Up-to-date: /home/manel/psolar_ws/install/opennav_coverage_msgs/share/opennav_coverage_msgs/action/NavigateCompleteCoverage.idl
[1.782s] -- Up-to-date: /home/manel/psolar_ws/install/opennav_coverage_msgs/share/opennav_coverage_msgs/msg/Coordinate.msg
[1.782s] -- Up-to-date: /home/manel/psolar_ws/install/opennav_coverage_msgs/share/opennav_coverage_msgs/msg/Coordinates.msg
[1.782s] -- Up-to-date: /home/manel/psolar_ws/install/opennav_coverage_msgs/share/opennav_coverage_msgs/msg/HeadlandMode.msg
[1.782s] -- Up-to-date: /home/manel/psolar_ws/install/opennav_coverage_msgs/share/opennav_coverage_msgs/msg/SwathMode.msg
[1.783s] -- Up-to-date: /home/manel/psolar_ws/install/opennav_coverage_msgs/share/opennav_coverage_msgs/msg/RowSwathMode.msg
[1.783s] -- Up-to-date: /home/manel/psolar_ws/install/opennav_coverage_msgs/share/opennav_coverage_msgs/msg/RouteMode.msg
[1.783s] -- Up-to-date: /home/manel/psolar_ws/install/opennav_coverage_msgs/share/opennav_coverage_msgs/msg/PathMode.msg
[1.783s] -- Up-to-date: /home/manel/psolar_ws/install/opennav_coverage_msgs/share/opennav_coverage_msgs/msg/Swath.msg
[1.783s] -- Up-to-date: /home/manel/psolar_ws/install/opennav_coverage_msgs/share/opennav_coverage_msgs/msg/PathComponents.msg
[1.787s] -- Up-to-date: /home/manel/psolar_ws/install/opennav_coverage_msgs/share/opennav_coverage_msgs/action/ComputeCoveragePath.action
[1.787s] -- Up-to-date: /home/manel/psolar_ws/install/opennav_coverage_msgs/share/opennav_coverage_msgs/action/NavigateCompleteCoverage.action
[1.787s] -- Up-to-date: /home/manel/psolar_ws/install/opennav_coverage_msgs/share/ament_index/resource_index/package_run_dependencies/opennav_coverage_msgs
[1.787s] -- Up-to-date: /home/manel/psolar_ws/install/opennav_coverage_msgs/share/ament_index/resource_index/parent_prefix_path/opennav_coverage_msgs
[1.788s] -- Up-to-date: /home/manel/psolar_ws/install/opennav_coverage_msgs/share/opennav_coverage_msgs/environment/ament_prefix_path.sh
[1.788s] -- Up-to-date: /home/manel/psolar_ws/install/opennav_coverage_msgs/share/opennav_coverage_msgs/environment/ament_prefix_path.dsv
[1.788s] -- Up-to-date: /home/manel/psolar_ws/install/opennav_coverage_msgs/share/opennav_coverage_msgs/environment/path.sh
[1.788s] -- Up-to-date: /home/manel/psolar_ws/install/opennav_coverage_msgs/share/opennav_coverage_msgs/environment/path.dsv
[1.788s] -- Up-to-date: /home/manel/psolar_ws/install/opennav_coverage_msgs/share/opennav_coverage_msgs/local_setup.bash
[1.788s] -- Up-to-date: /home/manel/psolar_ws/install/opennav_coverage_msgs/share/opennav_coverage_msgs/local_setup.sh
[1.788s] -- Up-to-date: /home/manel/psolar_ws/install/opennav_coverage_msgs/share/opennav_coverage_msgs/local_setup.zsh
[1.788s] -- Up-to-date: /home/manel/psolar_ws/install/opennav_coverage_msgs/share/opennav_coverage_msgs/local_setup.dsv
[1.789s] -- Installing: /home/manel/psolar_ws/install/opennav_coverage_msgs/share/opennav_coverage_msgs/package.dsv
[1.789s] -- Up-to-date: /home/manel/psolar_ws/install/opennav_coverage_msgs/share/ament_index/resource_index/packages/opennav_coverage_msgs
[1.789s] -- Up-to-date: /home/manel/psolar_ws/install/opennav_coverage_msgs/share/opennav_coverage_msgs/cmake/export_opennav_coverage_msgs__rosidl_generator_cExport.cmake
[1.789s] -- Up-to-date: /home/manel/psolar_ws/install/opennav_coverage_msgs/share/opennav_coverage_msgs/cmake/export_opennav_coverage_msgs__rosidl_generator_cExport-noconfig.cmake
[1.789s] -- Up-to-date: /home/manel/psolar_ws/install/opennav_coverage_msgs/share/opennav_coverage_msgs/cmake/export_opennav_coverage_msgs__rosidl_typesupport_fastrtps_cExport.cmake
[1.789s] -- Up-to-date: /home/manel/psolar_ws/install/opennav_coverage_msgs/share/opennav_coverage_msgs/cmake/export_opennav_coverage_msgs__rosidl_typesupport_fastrtps_cExport-noconfig.cmake
[1.790s] -- Up-to-date: /home/manel/psolar_ws/install/opennav_coverage_msgs/share/opennav_coverage_msgs/cmake/export_opennav_coverage_msgs__rosidl_generator_cppExport.cmake
[1.790s] -- Up-to-date: /home/manel/psolar_ws/install/opennav_coverage_msgs/share/opennav_coverage_msgs/cmake/export_opennav_coverage_msgs__rosidl_typesupport_fastrtps_cppExport.cmake
[1.790s] -- Up-to-date: /home/manel/psolar_ws/install/opennav_coverage_msgs/share/opennav_coverage_msgs/cmake/export_opennav_coverage_msgs__rosidl_typesupport_fastrtps_cppExport-noconfig.cmake
[1.791s] -- Up-to-date: /home/manel/psolar_ws/install/opennav_coverage_msgs/share/opennav_coverage_msgs/cmake/opennav_coverage_msgs__rosidl_typesupport_introspection_cExport.cmake
[1.791s] -- Up-to-date: /home/manel/psolar_ws/install/opennav_coverage_msgs/share/opennav_coverage_msgs/cmake/opennav_coverage_msgs__rosidl_typesupport_introspection_cExport-noconfig.cmake
[1.791s] -- Up-to-date: /home/manel/psolar_ws/install/opennav_coverage_msgs/share/opennav_coverage_msgs/cmake/opennav_coverage_msgs__rosidl_typesupport_cExport.cmake
[1.791s] -- Up-to-date: /home/manel/psolar_ws/install/opennav_coverage_msgs/share/opennav_coverage_msgs/cmake/opennav_coverage_msgs__rosidl_typesupport_cExport-noconfig.cmake
[1.791s] -- Up-to-date: /home/manel/psolar_ws/install/opennav_coverage_msgs/share/opennav_coverage_msgs/cmake/opennav_coverage_msgs__rosidl_typesupport_introspection_cppExport.cmake
[1.792s] -- Up-to-date: /home/manel/psolar_ws/install/opennav_coverage_msgs/share/opennav_coverage_msgs/cmake/opennav_coverage_msgs__rosidl_typesupport_introspection_cppExport-noconfig.cmake
[1.792s] -- Up-to-date: /home/manel/psolar_ws/install/opennav_coverage_msgs/share/opennav_coverage_msgs/cmake/opennav_coverage_msgs__rosidl_typesupport_cppExport.cmake
[1.792s] -- Up-to-date: /home/manel/psolar_ws/install/opennav_coverage_msgs/share/opennav_coverage_msgs/cmake/opennav_coverage_msgs__rosidl_typesupport_cppExport-noconfig.cmake
[1.792s] -- Up-to-date: /home/manel/psolar_ws/install/opennav_coverage_msgs/share/opennav_coverage_msgs/cmake/export_opennav_coverage_msgs__rosidl_generator_pyExport.cmake
[1.792s] -- Up-to-date: /home/manel/psolar_ws/install/opennav_coverage_msgs/share/opennav_coverage_msgs/cmake/export_opennav_coverage_msgs__rosidl_generator_pyExport-noconfig.cmake
[1.792s] -- Up-to-date: /home/manel/psolar_ws/install/opennav_coverage_msgs/share/opennav_coverage_msgs/cmake/rosidl_cmake-extras.cmake
[1.792s] -- Up-to-date: /home/manel/psolar_ws/install/opennav_coverage_msgs/share/opennav_coverage_msgs/cmake/ament_cmake_export_dependencies-extras.cmake
[1.793s] -- Up-to-date: /home/manel/psolar_ws/install/opennav_coverage_msgs/share/opennav_coverage_msgs/cmake/ament_cmake_export_include_directories-extras.cmake
[1.793s] -- Up-to-date: /home/manel/psolar_ws/install/opennav_coverage_msgs/share/opennav_coverage_msgs/cmake/ament_cmake_export_libraries-extras.cmake
[1.793s] -- Up-to-date: /home/manel/psolar_ws/install/opennav_coverage_msgs/share/opennav_coverage_msgs/cmake/ament_cmake_export_targets-extras.cmake
[1.793s] -- Up-to-date: /home/manel/psolar_ws/install/opennav_coverage_msgs/share/opennav_coverage_msgs/cmake/rosidl_cmake_export_typesupport_targets-extras.cmake
[1.793s] -- Up-to-date: /home/manel/psolar_ws/install/opennav_coverage_msgs/share/opennav_coverage_msgs/cmake/rosidl_cmake_export_typesupport_libraries-extras.cmake
[1.793s] -- Up-to-date: /home/manel/psolar_ws/install/opennav_coverage_msgs/share/opennav_coverage_msgs/cmake/opennav_coverage_msgsConfig.cmake
[1.794s] -- Up-to-date: /home/manel/psolar_ws/install/opennav_coverage_msgs/share/opennav_coverage_msgs/cmake/opennav_coverage_msgsConfig-version.cmake
[1.794s] -- Up-to-date: /home/manel/psolar_ws/install/opennav_coverage_msgs/share/opennav_coverage_msgs/package.xml
[1.799s] Invoked command in '/home/manel/psolar_ws/build/opennav_coverage_msgs' returned '0': CMAKE_PREFIX_PATH=/opt/ros/humble /usr/bin/cmake --install /home/manel/psolar_ws/build/opennav_coverage_msgs
