[0.040s] Invoking command in '/home/manel/psolar_ws/build/psolar_localization': CMAKE_PREFIX_PATH=/opt/ros/humble /usr/bin/cmake --build /home/manel/psolar_ws/build/psolar_localization -- -j12 -l12
[0.154s] [ 33%] Built target gps_tilted_publisher
[0.190s] [ 66%] Built target tilted_frames_publisher
[0.272s] [100%] Built target odom_tilted_publisher
[0.336s] Invoked command in '/home/manel/psolar_ws/build/psolar_localization' returned '0': CMAKE_PREFIX_PATH=/opt/ros/humble /usr/bin/cmake --build /home/manel/psolar_ws/build/psolar_localization -- -j12 -l12
[0.342s] Invoking command in '/home/manel/psolar_ws/build/psolar_localization': CMAKE_PREFIX_PATH=/opt/ros/humble /usr/bin/cmake --install /home/manel/psolar_ws/build/psolar_localization
[0.366s] -- Install configuration: ""
[0.367s] -- Up-to-date: /home/manel/psolar_ws/install/psolar_localization/share/psolar_localization//launch
[0.368s] -- Installing: /home/manel/psolar_ws/install/psolar_localization/share/psolar_localization//launch/dual_ekf_navsat.launch.py
[0.368s] -- Up-to-date: /home/manel/psolar_ws/install/psolar_localization/share/psolar_localization//launch/localization_on_slope.launch.py
[0.368s] -- Up-to-date: /home/manel/psolar_ws/install/psolar_localization/share/psolar_localization//config
[0.368s] -- Up-to-date: /home/manel/psolar_ws/install/psolar_localization/share/psolar_localization//config/global_ekf_params_slope.yaml
[0.378s] -- Up-to-date: /home/manel/psolar_ws/install/psolar_localization/share/psolar_localization//config/global_ekf_params.yaml
[0.378s] -- Up-to-date: /home/manel/psolar_ws/install/psolar_localization/share/psolar_localization//config/navsat_params_slope.yaml
[0.378s] -- Up-to-date: /home/manel/psolar_ws/install/psolar_localization/share/psolar_localization//config/local_ekf_params.yaml
[0.378s] -- Up-to-date: /home/manel/psolar_ws/install/psolar_localization/share/psolar_localization//config/local_ekf_params_slope.yaml
[0.379s] -- Up-to-date: /home/manel/psolar_ws/install/psolar_localization/share/psolar_localization//config/navsat_params.yaml
[0.379s] -- Up-to-date: /home/manel/psolar_ws/install/psolar_localization/lib/psolar_localization/gps_tilted_publisher
[0.379s] -- Up-to-date: /home/manel/psolar_ws/install/psolar_localization/lib/psolar_localization/odom_tilted_publisher
[0.379s] -- Up-to-date: /home/manel/psolar_ws/install/psolar_localization/lib/psolar_localization/tilted_frames_publisher
[0.380s] -- Up-to-date: /home/manel/psolar_ws/install/psolar_localization/share/ament_index/resource_index/package_run_dependencies/psolar_localization
[0.380s] -- Up-to-date: /home/manel/psolar_ws/install/psolar_localization/share/ament_index/resource_index/parent_prefix_path/psolar_localization
[0.380s] -- Up-to-date: /home/manel/psolar_ws/install/psolar_localization/share/psolar_localization/environment/ament_prefix_path.sh
[0.381s] -- Up-to-date: /home/manel/psolar_ws/install/psolar_localization/share/psolar_localization/environment/ament_prefix_path.dsv
[0.381s] -- Up-to-date: /home/manel/psolar_ws/install/psolar_localization/share/psolar_localization/environment/path.sh
[0.381s] -- Up-to-date: /home/manel/psolar_ws/install/psolar_localization/share/psolar_localization/environment/path.dsv
[0.381s] -- Up-to-date: /home/manel/psolar_ws/install/psolar_localization/share/psolar_localization/local_setup.bash
[0.382s] -- Up-to-date: /home/manel/psolar_ws/install/psolar_localization/share/psolar_localization/local_setup.sh
[0.382s] -- Up-to-date: /home/manel/psolar_ws/install/psolar_localization/share/psolar_localization/local_setup.zsh
[0.382s] -- Up-to-date: /home/manel/psolar_ws/install/psolar_localization/share/psolar_localization/local_setup.dsv
[0.382s] -- Installing: /home/manel/psolar_ws/install/psolar_localization/share/psolar_localization/package.dsv
[0.383s] -- Up-to-date: /home/manel/psolar_ws/install/psolar_localization/share/ament_index/resource_index/packages/psolar_localization
[0.383s] -- Up-to-date: /home/manel/psolar_ws/install/psolar_localization/share/psolar_localization/cmake/psolar_localizationConfig.cmake
[0.383s] -- Up-to-date: /home/manel/psolar_ws/install/psolar_localization/share/psolar_localization/cmake/psolar_localizationConfig-version.cmake
[0.388s] -- Up-to-date: /home/manel/psolar_ws/install/psolar_localization/share/psolar_localization/package.xml
[0.389s] Invoked command in '/home/manel/psolar_ws/build/psolar_localization' returned '0': CMAKE_PREFIX_PATH=/opt/ros/humble /usr/bin/cmake --install /home/manel/psolar_ws/build/psolar_localization
