[0.028s] Invoking command in '/home/manel/psolar_ws/build/opennav_coverage': AMENT_PREFIX_PATH=/home/manel/psolar_ws/install/opennav_coverage_msgs:${AMENT_PREFIX_PATH} CMAKE_PREFIX_PATH=/home/manel/psolar_ws/install/opennav_coverage_msgs:/home/manel/psolar_ws/install/fields2cover:/opt/ros/humble LD_LIBRARY_PATH=/home/manel/psolar_ws/install/opennav_coverage_msgs/lib:/home/manel/psolar_ws/install/fields2cover/lib:${LD_LIBRARY_PATH} PKG_CONFIG_PATH=/home/manel/psolar_ws/install/fields2cover/lib/x86_64-linux-gnu/pkgconfig:/home/manel/psolar_ws/install/fields2cover/lib/pkgconfig PYTHONPATH=/home/manel/psolar_ws/install/opennav_coverage_msgs/local/lib/python3.10/dist-packages:${PYTHONPATH} /usr/bin/cmake --build /home/manel/psolar_ws/build/opennav_coverage -- -j12 -l12
[0.174s] [ 24%] Built target opennav_coverage_core
[0.199s] [ 31%] Built target gtest
[0.248s] [ 37%] Built target opennav_coverage
[0.283s] [ 44%] Built target gtest_main
[0.341s] [ 51%] Built target test_utils
[0.395s] [ 58%] Built target test_server
[0.436s] [ 65%] Built target test_path
[0.484s] [ 72%] Built target test_route
[0.542s] [ 79%] Built target test_swath
[0.585s] [ 86%] Built target test_headland
[0.649s] [ 93%] Built target test_viz
[0.708s] [100%] Built target test_robot
[0.728s] Invoked command in '/home/manel/psolar_ws/build/opennav_coverage' returned '0': AMENT_PREFIX_PATH=/home/manel/psolar_ws/install/opennav_coverage_msgs:${AMENT_PREFIX_PATH} CMAKE_PREFIX_PATH=/home/manel/psolar_ws/install/opennav_coverage_msgs:/home/manel/psolar_ws/install/fields2cover:/opt/ros/humble LD_LIBRARY_PATH=/home/manel/psolar_ws/install/opennav_coverage_msgs/lib:/home/manel/psolar_ws/install/fields2cover/lib:${LD_LIBRARY_PATH} PKG_CONFIG_PATH=/home/manel/psolar_ws/install/fields2cover/lib/x86_64-linux-gnu/pkgconfig:/home/manel/psolar_ws/install/fields2cover/lib/pkgconfig PYTHONPATH=/home/manel/psolar_ws/install/opennav_coverage_msgs/local/lib/python3.10/dist-packages:${PYTHONPATH} /usr/bin/cmake --build /home/manel/psolar_ws/build/opennav_coverage -- -j12 -l12
[0.731s] Invoking command in '/home/manel/psolar_ws/build/opennav_coverage': AMENT_PREFIX_PATH=/home/manel/psolar_ws/install/opennav_coverage_msgs:${AMENT_PREFIX_PATH} CMAKE_PREFIX_PATH=/home/manel/psolar_ws/install/opennav_coverage_msgs:/home/manel/psolar_ws/install/fields2cover:/opt/ros/humble LD_LIBRARY_PATH=/home/manel/psolar_ws/install/opennav_coverage_msgs/lib:/home/manel/psolar_ws/install/fields2cover/lib:${LD_LIBRARY_PATH} PKG_CONFIG_PATH=/home/manel/psolar_ws/install/fields2cover/lib/x86_64-linux-gnu/pkgconfig:/home/manel/psolar_ws/install/fields2cover/lib/pkgconfig PYTHONPATH=/home/manel/psolar_ws/install/opennav_coverage_msgs/local/lib/python3.10/dist-packages:${PYTHONPATH} /usr/bin/cmake --install /home/manel/psolar_ws/build/opennav_coverage
[0.743s] -- Install configuration: ""
[0.743s] -- Up-to-date: /home/manel/psolar_ws/install/opennav_coverage/lib/libopennav_coverage_core.so
[0.744s] -- Up-to-date: /home/manel/psolar_ws/install/opennav_coverage/lib/opennav_coverage/opennav_coverage
[0.744s] -- Up-to-date: /home/manel/psolar_ws/install/opennav_coverage/include/
[0.744s] -- Up-to-date: /home/manel/psolar_ws/install/opennav_coverage/include//opennav_coverage
[0.744s] -- Up-to-date: /home/manel/psolar_ws/install/opennav_coverage/include//opennav_coverage/robot_params.hpp
[0.744s] -- Up-to-date: /home/manel/psolar_ws/install/opennav_coverage/include//opennav_coverage/swath_generator.hpp
[0.745s] -- Up-to-date: /home/manel/psolar_ws/install/opennav_coverage/include//opennav_coverage/route_generator.hpp
[0.745s] -- Up-to-date: /home/manel/psolar_ws/install/opennav_coverage/include//opennav_coverage/headland_generator.hpp
[0.745s] -- Up-to-date: /home/manel/psolar_ws/install/opennav_coverage/include//opennav_coverage/visualizer.hpp
[0.745s] -- Up-to-date: /home/manel/psolar_ws/install/opennav_coverage/include//opennav_coverage/utils.hpp
[0.745s] -- Up-to-date: /home/manel/psolar_ws/install/opennav_coverage/include//opennav_coverage/coverage_server.hpp
[0.745s] -- Up-to-date: /home/manel/psolar_ws/install/opennav_coverage/include//opennav_coverage/path_generator.hpp
[0.745s] -- Up-to-date: /home/manel/psolar_ws/install/opennav_coverage/include//opennav_coverage/types.hpp
[0.746s] -- Up-to-date: /home/manel/psolar_ws/install/opennav_coverage/share/opennav_coverage/test_field.xml
[0.746s] -- Up-to-date: /home/manel/psolar_ws/install/opennav_coverage/share/opennav_coverage/cartesian_test_field.xml
[0.746s] -- Up-to-date: /home/manel/psolar_ws/install/opennav_coverage/share/opennav_coverage/irregular_test_field.xml
[0.746s] -- Up-to-date: /home/manel/psolar_ws/install/opennav_coverage/share/opennav_coverage/environment/library_path.sh
[0.746s] -- Up-to-date: /home/manel/psolar_ws/install/opennav_coverage/share/opennav_coverage/environment/library_path.dsv
[0.746s] -- Up-to-date: /home/manel/psolar_ws/install/opennav_coverage/share/ament_index/resource_index/package_run_dependencies/opennav_coverage
[0.747s] -- Up-to-date: /home/manel/psolar_ws/install/opennav_coverage/share/ament_index/resource_index/parent_prefix_path/opennav_coverage
[0.747s] -- Up-to-date: /home/manel/psolar_ws/install/opennav_coverage/share/opennav_coverage/environment/ament_prefix_path.sh
[0.747s] -- Up-to-date: /home/manel/psolar_ws/install/opennav_coverage/share/opennav_coverage/environment/ament_prefix_path.dsv
[0.747s] -- Up-to-date: /home/manel/psolar_ws/install/opennav_coverage/share/opennav_coverage/environment/path.sh
[0.747s] -- Up-to-date: /home/manel/psolar_ws/install/opennav_coverage/share/opennav_coverage/environment/path.dsv
[0.747s] -- Up-to-date: /home/manel/psolar_ws/install/opennav_coverage/share/opennav_coverage/local_setup.bash
[0.747s] -- Up-to-date: /home/manel/psolar_ws/install/opennav_coverage/share/opennav_coverage/local_setup.sh
[0.748s] -- Up-to-date: /home/manel/psolar_ws/install/opennav_coverage/share/opennav_coverage/local_setup.zsh
[0.748s] -- Up-to-date: /home/manel/psolar_ws/install/opennav_coverage/share/opennav_coverage/local_setup.dsv
[0.748s] -- Installing: /home/manel/psolar_ws/install/opennav_coverage/share/opennav_coverage/package.dsv
[0.748s] -- Up-to-date: /home/manel/psolar_ws/install/opennav_coverage/share/ament_index/resource_index/packages/opennav_coverage
[0.748s] -- Up-to-date: /home/manel/psolar_ws/install/opennav_coverage/share/ament_index/resource_index/rclcpp_components/opennav_coverage
[0.748s] -- Up-to-date: /home/manel/psolar_ws/install/opennav_coverage/share/opennav_coverage/cmake/ament_cmake_export_include_directories-extras.cmake
[0.748s] -- Up-to-date: /home/manel/psolar_ws/install/opennav_coverage/share/opennav_coverage/cmake/ament_cmake_export_libraries-extras.cmake
[0.748s] -- Up-to-date: /home/manel/psolar_ws/install/opennav_coverage/share/opennav_coverage/cmake/ament_cmake_export_dependencies-extras.cmake
[0.748s] -- Up-to-date: /home/manel/psolar_ws/install/opennav_coverage/share/opennav_coverage/cmake/opennav_coverageConfig.cmake
[0.749s] -- Up-to-date: /home/manel/psolar_ws/install/opennav_coverage/share/opennav_coverage/cmake/opennav_coverageConfig-version.cmake
[0.749s] -- Up-to-date: /home/manel/psolar_ws/install/opennav_coverage/share/opennav_coverage/package.xml
[0.751s] Invoked command in '/home/manel/psolar_ws/build/opennav_coverage' returned '0': AMENT_PREFIX_PATH=/home/manel/psolar_ws/install/opennav_coverage_msgs:${AMENT_PREFIX_PATH} CMAKE_PREFIX_PATH=/home/manel/psolar_ws/install/opennav_coverage_msgs:/home/manel/psolar_ws/install/fields2cover:/opt/ros/humble LD_LIBRARY_PATH=/home/manel/psolar_ws/install/opennav_coverage_msgs/lib:/home/manel/psolar_ws/install/fields2cover/lib:${LD_LIBRARY_PATH} PKG_CONFIG_PATH=/home/manel/psolar_ws/install/fields2cover/lib/x86_64-linux-gnu/pkgconfig:/home/manel/psolar_ws/install/fields2cover/lib/pkgconfig PYTHONPATH=/home/manel/psolar_ws/install/opennav_coverage_msgs/local/lib/python3.10/dist-packages:${PYTHONPATH} /usr/bin/cmake --install /home/manel/psolar_ws/build/opennav_coverage
