[0.091s] Invoking command in '/home/manel/psolar_ws/build/opennav_coverage_msgs': CMAKE_PREFIX_PATH=/opt/ros/humble /usr/bin/cmake --build /home/manel/psolar_ws/build/opennav_coverage_msgs -- -j12 -l12
[0.286s] [ 12%] Built target opennav_coverage_msgs__rosidl_generator_c
[0.313s] [ 12%] Built target ament_cmake_python_copy_opennav_coverage_msgs
[0.321s] [ 12%] Built target opennav_coverage_msgs__cpp
[0.463s] [ 24%] Built target opennav_coverage_msgs__rosidl_typesupport_introspection_cpp
[0.469s] [ 36%] Built target opennav_coverage_msgs__rosidl_typesupport_introspection_c
[0.491s] [ 48%] Built target opennav_coverage_msgs__rosidl_typesupport_fastrtps_c
[0.491s] [ 60%] Built target opennav_coverage_msgs__rosidl_typesupport_c
[0.509s] [ 72%] Built target opennav_coverage_msgs__rosidl_typesupport_cpp
[0.509s] [ 83%] Built target opennav_coverage_msgs__rosidl_typesupport_fastrtps_cpp
[0.615s] [ 83%] Built target opennav_coverage_msgs
[0.682s] [ 84%] Built target opennav_coverage_msgs__py
[0.774s] [ 95%] Built target opennav_coverage_msgs__rosidl_generator_py
[0.984s] [ 97%] Built target opennav_coverage_msgs__rosidl_typesupport_introspection_c__pyext
[0.986s] [ 99%] Built target opennav_coverage_msgs__rosidl_typesupport_fastrtps_c__pyext
[0.996s] [100%] Built target opennav_coverage_msgs__rosidl_typesupport_c__pyext
[1.410s] running egg_info
[1.413s] writing opennav_coverage_msgs.egg-info/PKG-INFO
[1.415s] writing dependency_links to opennav_coverage_msgs.egg-info/dependency_links.txt
[1.415s] writing top-level names to opennav_coverage_msgs.egg-info/top_level.txt
[1.423s] reading manifest file 'opennav_coverage_msgs.egg-info/SOURCES.txt'
[1.425s] writing manifest file 'opennav_coverage_msgs.egg-info/SOURCES.txt'
[1.490s] [100%] Built target ament_cmake_python_build_opennav_coverage_msgs_egg
[1.521s] Invoked command in '/home/manel/psolar_ws/build/opennav_coverage_msgs' returned '0': CMAKE_PREFIX_PATH=/opt/ros/humble /usr/bin/cmake --build /home/manel/psolar_ws/build/opennav_coverage_msgs -- -j12 -l12
[1.522s] Invoking command in '/home/manel/psolar_ws/build/opennav_coverage_msgs': CMAKE_PREFIX_PATH=/opt/ros/humble /usr/bin/cmake --install /home/manel/psolar_ws/build/opennav_coverage_msgs
[1.538s] -- Install configuration: ""
[1.539s] -- Up-to-date: /home/manel/psolar_ws/install/opennav_coverage_msgs/share/ament_index/resource_index/rosidl_interfaces/opennav_coverage_msgs
[1.539s] -- Up-to-date: /home/manel/psolar_ws/install/opennav_coverage_msgs/include/opennav_coverage_msgs/opennav_coverage_msgs
[1.539s] -- Up-to-date: /home/manel/psolar_ws/install/opennav_coverage_msgs/include/opennav_coverage_msgs/opennav_coverage_msgs/action
[1.539s] -- Up-to-date: /home/manel/psolar_ws/install/opennav_coverage_msgs/include/opennav_coverage_msgs/opennav_coverage_msgs/action/compute_coverage_path.h
[1.539s] -- Up-to-date: /home/manel/psolar_ws/install/opennav_coverage_msgs/include/opennav_coverage_msgs/opennav_coverage_msgs/action/navigate_complete_coverage.h
[1.540s] -- Up-to-date: /home/manel/psolar_ws/install/opennav_coverage_msgs/include/opennav_coverage_msgs/opennav_coverage_msgs/action/detail
[1.540s] -- Up-to-date: /home/manel/psolar_ws/install/opennav_coverage_msgs/include/opennav_coverage_msgs/opennav_coverage_msgs/action/detail/navigate_complete_coverage__functions.h
[1.540s] -- Up-to-date: /home/manel/psolar_ws/install/opennav_coverage_msgs/include/opennav_coverage_msgs/opennav_coverage_msgs/action/detail/compute_coverage_path__functions.c
[1.540s] -- Up-to-date: /home/manel/psolar_ws/install/opennav_coverage_msgs/include/opennav_coverage_msgs/opennav_coverage_msgs/action/detail/compute_coverage_path__functions.h
[1.540s] -- Up-to-date: /home/manel/psolar_ws/install/opennav_coverage_msgs/include/opennav_coverage_msgs/opennav_coverage_msgs/action/detail/navigate_complete_coverage__type_support.h
[1.541s] -- Up-to-date: /home/manel/psolar_ws/install/opennav_coverage_msgs/include/opennav_coverage_msgs/opennav_coverage_msgs/action/detail/compute_coverage_path__type_support.h
[1.541s] -- Up-to-date: /home/manel/psolar_ws/install/opennav_coverage_msgs/include/opennav_coverage_msgs/opennav_coverage_msgs/action/detail/compute_coverage_path__struct.h
[1.541s] -- Up-to-date: /home/manel/psolar_ws/install/opennav_coverage_msgs/include/opennav_coverage_msgs/opennav_coverage_msgs/action/detail/navigate_complete_coverage__functions.c
[1.541s] -- Up-to-date: /home/manel/psolar_ws/install/opennav_coverage_msgs/include/opennav_coverage_msgs/opennav_coverage_msgs/action/detail/navigate_complete_coverage__struct.h
[1.541s] -- Up-to-date: /home/manel/psolar_ws/install/opennav_coverage_msgs/include/opennav_coverage_msgs/opennav_coverage_msgs/msg
[1.541s] -- Up-to-date: /home/manel/psolar_ws/install/opennav_coverage_msgs/include/opennav_coverage_msgs/opennav_coverage_msgs/msg/coordinate.h
[1.542s] -- Up-to-date: /home/manel/psolar_ws/install/opennav_coverage_msgs/include/opennav_coverage_msgs/opennav_coverage_msgs/msg/row_swath_mode.h
[1.542s] -- Up-to-date: /home/manel/psolar_ws/install/opennav_coverage_msgs/include/opennav_coverage_msgs/opennav_coverage_msgs/msg/path_mode.h
[1.542s] -- Up-to-date: /home/manel/psolar_ws/install/opennav_coverage_msgs/include/opennav_coverage_msgs/opennav_coverage_msgs/msg/rosidl_generator_c__visibility_control.h
[1.542s] -- Up-to-date: /home/manel/psolar_ws/install/opennav_coverage_msgs/include/opennav_coverage_msgs/opennav_coverage_msgs/msg/swath_mode.h
[1.542s] -- Up-to-date: /home/manel/psolar_ws/install/opennav_coverage_msgs/include/opennav_coverage_msgs/opennav_coverage_msgs/msg/swath.h
[1.542s] -- Up-to-date: /home/manel/psolar_ws/install/opennav_coverage_msgs/include/opennav_coverage_msgs/opennav_coverage_msgs/msg/route_mode.h
[1.543s] -- Up-to-date: /home/manel/psolar_ws/install/opennav_coverage_msgs/include/opennav_coverage_msgs/opennav_coverage_msgs/msg/path_components.h
[1.543s] -- Up-to-date: /home/manel/psolar_ws/install/opennav_coverage_msgs/include/opennav_coverage_msgs/opennav_coverage_msgs/msg/detail
[1.543s] -- Up-to-date: /home/manel/psolar_ws/install/opennav_coverage_msgs/include/opennav_coverage_msgs/opennav_coverage_msgs/msg/detail/swath__functions.h
[1.543s] -- Up-to-date: /home/manel/psolar_ws/install/opennav_coverage_msgs/include/opennav_coverage_msgs/opennav_coverage_msgs/msg/detail/path_components__functions.h
[1.544s] -- Up-to-date: /home/manel/psolar_ws/install/opennav_coverage_msgs/include/opennav_coverage_msgs/opennav_coverage_msgs/msg/detail/row_swath_mode__type_support.h
[1.544s] -- Up-to-date: /home/manel/psolar_ws/install/opennav_coverage_msgs/include/opennav_coverage_msgs/opennav_coverage_msgs/msg/detail/headland_mode__functions.h
[1.544s] -- Up-to-date: /home/manel/psolar_ws/install/opennav_coverage_msgs/include/opennav_coverage_msgs/opennav_coverage_msgs/msg/detail/swath_mode__type_support.h
[1.544s] -- Up-to-date: /home/manel/psolar_ws/install/opennav_coverage_msgs/include/opennav_coverage_msgs/opennav_coverage_msgs/msg/detail/row_swath_mode__functions.h
[1.544s] -- Up-to-date: /home/manel/psolar_ws/install/opennav_coverage_msgs/include/opennav_coverage_msgs/opennav_coverage_msgs/msg/detail/route_mode__type_support.h
[1.546s] -- Up-to-date: /home/manel/psolar_ws/install/opennav_coverage_msgs/include/opennav_coverage_msgs/opennav_coverage_msgs/msg/detail/coordinate__type_support.h
[1.546s] -- Up-to-date: /home/manel/psolar_ws/install/opennav_coverage_msgs/include/opennav_coverage_msgs/opennav_coverage_msgs/msg/detail/swath_mode__struct.h
[1.546s] -- Up-to-date: /home/manel/psolar_ws/install/opennav_coverage_msgs/include/opennav_coverage_msgs/opennav_coverage_msgs/msg/detail/coordinate__functions.c
[1.546s] -- Up-to-date: /home/manel/psolar_ws/install/opennav_coverage_msgs/include/opennav_coverage_msgs/opennav_coverage_msgs/msg/detail/coordinate__functions.h
[1.547s] -- Up-to-date: /home/manel/psolar_ws/install/opennav_coverage_msgs/include/opennav_coverage_msgs/opennav_coverage_msgs/msg/detail/path_components__type_support.h
[1.547s] -- Up-to-date: /home/manel/psolar_ws/install/opennav_coverage_msgs/include/opennav_coverage_msgs/opennav_coverage_msgs/msg/detail/route_mode__functions.c
[1.547s] -- Up-to-date: /home/manel/psolar_ws/install/opennav_coverage_msgs/include/opennav_coverage_msgs/opennav_coverage_msgs/msg/detail/path_mode__struct.h
[1.547s] -- Up-to-date: /home/manel/psolar_ws/install/opennav_coverage_msgs/include/opennav_coverage_msgs/opennav_coverage_msgs/msg/detail/swath__struct.h
[1.547s] -- Up-to-date: /home/manel/psolar_ws/install/opennav_coverage_msgs/include/opennav_coverage_msgs/opennav_coverage_msgs/msg/detail/headland_mode__struct.h
[1.547s] -- Up-to-date: /home/manel/psolar_ws/install/opennav_coverage_msgs/include/opennav_coverage_msgs/opennav_coverage_msgs/msg/detail/coordinates__struct.h
[1.547s] -- Up-to-date: /home/manel/psolar_ws/install/opennav_coverage_msgs/include/opennav_coverage_msgs/opennav_coverage_msgs/msg/detail/row_swath_mode__functions.c
[1.547s] -- Up-to-date: /home/manel/psolar_ws/install/opennav_coverage_msgs/include/opennav_coverage_msgs/opennav_coverage_msgs/msg/detail/swath_mode__functions.c
[1.547s] -- Up-to-date: /home/manel/psolar_ws/install/opennav_coverage_msgs/include/opennav_coverage_msgs/opennav_coverage_msgs/msg/detail/path_components__struct.h
[1.548s] -- Up-to-date: /home/manel/psolar_ws/install/opennav_coverage_msgs/include/opennav_coverage_msgs/opennav_coverage_msgs/msg/detail/coordinate__struct.h
[1.548s] -- Up-to-date: /home/manel/psolar_ws/install/opennav_coverage_msgs/include/opennav_coverage_msgs/opennav_coverage_msgs/msg/detail/path_components__functions.c
[1.548s] -- Up-to-date: /home/manel/psolar_ws/install/opennav_coverage_msgs/include/opennav_coverage_msgs/opennav_coverage_msgs/msg/detail/path_mode__functions.h
[1.548s] -- Up-to-date: /home/manel/psolar_ws/install/opennav_coverage_msgs/include/opennav_coverage_msgs/opennav_coverage_msgs/msg/detail/swath__type_support.h
[1.548s] -- Up-to-date: /home/manel/psolar_ws/install/opennav_coverage_msgs/include/opennav_coverage_msgs/opennav_coverage_msgs/msg/detail/coordinates__functions.c
[1.548s] -- Up-to-date: /home/manel/psolar_ws/install/opennav_coverage_msgs/include/opennav_coverage_msgs/opennav_coverage_msgs/msg/detail/headland_mode__type_support.h
[1.548s] -- Up-to-date: /home/manel/psolar_ws/install/opennav_coverage_msgs/include/opennav_coverage_msgs/opennav_coverage_msgs/msg/detail/route_mode__functions.h
[1.549s] -- Up-to-date: /home/manel/psolar_ws/install/opennav_coverage_msgs/include/opennav_coverage_msgs/opennav_coverage_msgs/msg/detail/path_mode__type_support.h
[1.549s] -- Up-to-date: /home/manel/psolar_ws/install/opennav_coverage_msgs/include/opennav_coverage_msgs/opennav_coverage_msgs/msg/detail/path_mode__functions.c
[1.549s] -- Up-to-date: /home/manel/psolar_ws/install/opennav_coverage_msgs/include/opennav_coverage_msgs/opennav_coverage_msgs/msg/detail/row_swath_mode__struct.h
[1.549s] -- Up-to-date: /home/manel/psolar_ws/install/opennav_coverage_msgs/include/opennav_coverage_msgs/opennav_coverage_msgs/msg/detail/route_mode__struct.h
[1.550s] -- Up-to-date: /home/manel/psolar_ws/install/opennav_coverage_msgs/include/opennav_coverage_msgs/opennav_coverage_msgs/msg/detail/coordinates__functions.h
[1.550s] -- Up-to-date: /home/manel/psolar_ws/install/opennav_coverage_msgs/include/opennav_coverage_msgs/opennav_coverage_msgs/msg/detail/headland_mode__functions.c
[1.550s] -- Up-to-date: /home/manel/psolar_ws/install/opennav_coverage_msgs/include/opennav_coverage_msgs/opennav_coverage_msgs/msg/detail/swath__functions.c
[1.550s] -- Up-to-date: /home/manel/psolar_ws/install/opennav_coverage_msgs/include/opennav_coverage_msgs/opennav_coverage_msgs/msg/detail/coordinates__type_support.h
[1.550s] -- Up-to-date: /home/manel/psolar_ws/install/opennav_coverage_msgs/include/opennav_coverage_msgs/opennav_coverage_msgs/msg/detail/swath_mode__functions.h
[1.550s] -- Up-to-date: /home/manel/psolar_ws/install/opennav_coverage_msgs/include/opennav_coverage_msgs/opennav_coverage_msgs/msg/headland_mode.h
[1.551s] -- Up-to-date: /home/manel/psolar_ws/install/opennav_coverage_msgs/include/opennav_coverage_msgs/opennav_coverage_msgs/msg/coordinates.h
[1.551s] -- Up-to-date: /home/manel/psolar_ws/install/opennav_coverage_msgs/share/opennav_coverage_msgs/environment/library_path.sh
[1.551s] -- Up-to-date: /home/manel/psolar_ws/install/opennav_coverage_msgs/share/opennav_coverage_msgs/environment/library_path.dsv
[1.551s] -- Up-to-date: /home/manel/psolar_ws/install/opennav_coverage_msgs/lib/libopennav_coverage_msgs__rosidl_generator_c.so
[1.551s] -- Up-to-date: /home/manel/psolar_ws/install/opennav_coverage_msgs/include/opennav_coverage_msgs/opennav_coverage_msgs
[1.552s] -- Up-to-date: /home/manel/psolar_ws/install/opennav_coverage_msgs/include/opennav_coverage_msgs/opennav_coverage_msgs/action
[1.552s] -- Up-to-date: /home/manel/psolar_ws/install/opennav_coverage_msgs/include/opennav_coverage_msgs/opennav_coverage_msgs/action/detail
[1.552s] -- Up-to-date: /home/manel/psolar_ws/install/opennav_coverage_msgs/include/opennav_coverage_msgs/opennav_coverage_msgs/action/detail/compute_coverage_path__rosidl_typesupport_fastrtps_c.h
[1.552s] -- Up-to-date: /home/manel/psolar_ws/install/opennav_coverage_msgs/include/opennav_coverage_msgs/opennav_coverage_msgs/action/detail/navigate_complete_coverage__rosidl_typesupport_fastrtps_c.h
[1.552s] -- Up-to-date: /home/manel/psolar_ws/install/opennav_coverage_msgs/include/opennav_coverage_msgs/opennav_coverage_msgs/msg
[1.552s] -- Up-to-date: /home/manel/psolar_ws/install/opennav_coverage_msgs/include/opennav_coverage_msgs/opennav_coverage_msgs/msg/rosidl_typesupport_fastrtps_c__visibility_control.h
[1.553s] -- Up-to-date: /home/manel/psolar_ws/install/opennav_coverage_msgs/include/opennav_coverage_msgs/opennav_coverage_msgs/msg/detail
[1.553s] -- Up-to-date: /home/manel/psolar_ws/install/opennav_coverage_msgs/include/opennav_coverage_msgs/opennav_coverage_msgs/msg/detail/path_components__rosidl_typesupport_fastrtps_c.h
[1.554s] -- Up-to-date: /home/manel/psolar_ws/install/opennav_coverage_msgs/include/opennav_coverage_msgs/opennav_coverage_msgs/msg/detail/swath_mode__rosidl_typesupport_fastrtps_c.h
[1.554s] -- Up-to-date: /home/manel/psolar_ws/install/opennav_coverage_msgs/include/opennav_coverage_msgs/opennav_coverage_msgs/msg/detail/path_mode__rosidl_typesupport_fastrtps_c.h
[1.554s] -- Up-to-date: /home/manel/psolar_ws/install/opennav_coverage_msgs/include/opennav_coverage_msgs/opennav_coverage_msgs/msg/detail/coordinates__rosidl_typesupport_fastrtps_c.h
[1.554s] -- Up-to-date: /home/manel/psolar_ws/install/opennav_coverage_msgs/include/opennav_coverage_msgs/opennav_coverage_msgs/msg/detail/headland_mode__rosidl_typesupport_fastrtps_c.h
[1.554s] -- Up-to-date: /home/manel/psolar_ws/install/opennav_coverage_msgs/include/opennav_coverage_msgs/opennav_coverage_msgs/msg/detail/row_swath_mode__rosidl_typesupport_fastrtps_c.h
[1.555s] -- Up-to-date: /home/manel/psolar_ws/install/opennav_coverage_msgs/include/opennav_coverage_msgs/opennav_coverage_msgs/msg/detail/swath__rosidl_typesupport_fastrtps_c.h
[1.555s] -- Up-to-date: /home/manel/psolar_ws/install/opennav_coverage_msgs/include/opennav_coverage_msgs/opennav_coverage_msgs/msg/detail/coordinate__rosidl_typesupport_fastrtps_c.h
[1.555s] -- Up-to-date: /home/manel/psolar_ws/install/opennav_coverage_msgs/include/opennav_coverage_msgs/opennav_coverage_msgs/msg/detail/route_mode__rosidl_typesupport_fastrtps_c.h
[1.555s] -- Up-to-date: /home/manel/psolar_ws/install/opennav_coverage_msgs/lib/libopennav_coverage_msgs__rosidl_typesupport_fastrtps_c.so
[1.555s] -- Up-to-date: /home/manel/psolar_ws/install/opennav_coverage_msgs/include/opennav_coverage_msgs/opennav_coverage_msgs
[1.555s] -- Up-to-date: /home/manel/psolar_ws/install/opennav_coverage_msgs/include/opennav_coverage_msgs/opennav_coverage_msgs/action
[1.555s] -- Up-to-date: /home/manel/psolar_ws/install/opennav_coverage_msgs/include/opennav_coverage_msgs/opennav_coverage_msgs/action/compute_coverage_path.hpp
[1.556s] -- Up-to-date: /home/manel/psolar_ws/install/opennav_coverage_msgs/include/opennav_coverage_msgs/opennav_coverage_msgs/action/detail
[1.556s] -- Up-to-date: /home/manel/psolar_ws/install/opennav_coverage_msgs/include/opennav_coverage_msgs/opennav_coverage_msgs/action/detail/compute_coverage_path__builder.hpp
[1.556s] -- Up-to-date: /home/manel/psolar_ws/install/opennav_coverage_msgs/include/opennav_coverage_msgs/opennav_coverage_msgs/action/detail/navigate_complete_coverage__type_support.hpp
[1.556s] -- Up-to-date: /home/manel/psolar_ws/install/opennav_coverage_msgs/include/opennav_coverage_msgs/opennav_coverage_msgs/action/detail/navigate_complete_coverage__builder.hpp
[1.556s] -- Up-to-date: /home/manel/psolar_ws/install/opennav_coverage_msgs/include/opennav_coverage_msgs/opennav_coverage_msgs/action/detail/compute_coverage_path__type_support.hpp
[1.557s] -- Up-to-date: /home/manel/psolar_ws/install/opennav_coverage_msgs/include/opennav_coverage_msgs/opennav_coverage_msgs/action/detail/navigate_complete_coverage__traits.hpp
[1.557s] -- Up-to-date: /home/manel/psolar_ws/install/opennav_coverage_msgs/include/opennav_coverage_msgs/opennav_coverage_msgs/action/detail/compute_coverage_path__struct.hpp
[1.557s] -- Up-to-date: /home/manel/psolar_ws/install/opennav_coverage_msgs/include/opennav_coverage_msgs/opennav_coverage_msgs/action/detail/navigate_complete_coverage__struct.hpp
[1.557s] -- Up-to-date: /home/manel/psolar_ws/install/opennav_coverage_msgs/include/opennav_coverage_msgs/opennav_coverage_msgs/action/detail/compute_coverage_path__traits.hpp
[1.557s] -- Up-to-date: /home/manel/psolar_ws/install/opennav_coverage_msgs/include/opennav_coverage_msgs/opennav_coverage_msgs/action/navigate_complete_coverage.hpp
[1.557s] -- Up-to-date: /home/manel/psolar_ws/install/opennav_coverage_msgs/include/opennav_coverage_msgs/opennav_coverage_msgs/msg
[1.558s] -- Up-to-date: /home/manel/psolar_ws/install/opennav_coverage_msgs/include/opennav_coverage_msgs/opennav_coverage_msgs/msg/headland_mode.hpp
[1.558s] -- Up-to-date: /home/manel/psolar_ws/install/opennav_coverage_msgs/include/opennav_coverage_msgs/opennav_coverage_msgs/msg/path_components.hpp
[1.559s] -- Up-to-date: /home/manel/psolar_ws/install/opennav_coverage_msgs/include/opennav_coverage_msgs/opennav_coverage_msgs/msg/coordinate.hpp
[1.559s] -- Up-to-date: /home/manel/psolar_ws/install/opennav_coverage_msgs/include/opennav_coverage_msgs/opennav_coverage_msgs/msg/coordinates.hpp
[1.559s] -- Up-to-date: /home/manel/psolar_ws/install/opennav_coverage_msgs/include/opennav_coverage_msgs/opennav_coverage_msgs/msg/path_mode.hpp
[1.559s] -- Up-to-date: /home/manel/psolar_ws/install/opennav_coverage_msgs/include/opennav_coverage_msgs/opennav_coverage_msgs/msg/swath_mode.hpp
[1.559s] -- Up-to-date: /home/manel/psolar_ws/install/opennav_coverage_msgs/include/opennav_coverage_msgs/opennav_coverage_msgs/msg/row_swath_mode.hpp
[1.560s] -- Up-to-date: /home/manel/psolar_ws/install/opennav_coverage_msgs/include/opennav_coverage_msgs/opennav_coverage_msgs/msg/rosidl_generator_cpp__visibility_control.hpp
[1.560s] -- Up-to-date: /home/manel/psolar_ws/install/opennav_coverage_msgs/include/opennav_coverage_msgs/opennav_coverage_msgs/msg/route_mode.hpp
[1.560s] -- Up-to-date: /home/manel/psolar_ws/install/opennav_coverage_msgs/include/opennav_coverage_msgs/opennav_coverage_msgs/msg/swath.hpp
[1.560s] -- Up-to-date: /home/manel/psolar_ws/install/opennav_coverage_msgs/include/opennav_coverage_msgs/opennav_coverage_msgs/msg/detail
[1.560s] -- Up-to-date: /home/manel/psolar_ws/install/opennav_coverage_msgs/include/opennav_coverage_msgs/opennav_coverage_msgs/msg/detail/coordinate__traits.hpp
[1.561s] -- Up-to-date: /home/manel/psolar_ws/install/opennav_coverage_msgs/include/opennav_coverage_msgs/opennav_coverage_msgs/msg/detail/headland_mode__type_support.hpp
[1.561s] -- Up-to-date: /home/manel/psolar_ws/install/opennav_coverage_msgs/include/opennav_coverage_msgs/opennav_coverage_msgs/msg/detail/swath__builder.hpp
[1.561s] -- Up-to-date: /home/manel/psolar_ws/install/opennav_coverage_msgs/include/opennav_coverage_msgs/opennav_coverage_msgs/msg/detail/path_components__type_support.hpp
[1.561s] -- Up-to-date: /home/manel/psolar_ws/install/opennav_coverage_msgs/include/opennav_coverage_msgs/opennav_coverage_msgs/msg/detail/coordinates__traits.hpp
[1.561s] -- Up-to-date: /home/manel/psolar_ws/install/opennav_coverage_msgs/include/opennav_coverage_msgs/opennav_coverage_msgs/msg/detail/swath_mode__traits.hpp
[1.562s] -- Up-to-date: /home/manel/psolar_ws/install/opennav_coverage_msgs/include/opennav_coverage_msgs/opennav_coverage_msgs/msg/detail/headland_mode__struct.hpp
[1.562s] -- Up-to-date: /home/manel/psolar_ws/install/opennav_coverage_msgs/include/opennav_coverage_msgs/opennav_coverage_msgs/msg/detail/row_swath_mode__traits.hpp
[1.562s] -- Up-to-date: /home/manel/psolar_ws/install/opennav_coverage_msgs/include/opennav_coverage_msgs/opennav_coverage_msgs/msg/detail/swath_mode__struct.hpp
[1.562s] -- Up-to-date: /home/manel/psolar_ws/install/opennav_coverage_msgs/include/opennav_coverage_msgs/opennav_coverage_msgs/msg/detail/path_components__builder.hpp
[1.563s] -- Up-to-date: /home/manel/psolar_ws/install/opennav_coverage_msgs/include/opennav_coverage_msgs/opennav_coverage_msgs/msg/detail/path_mode__type_support.hpp
[1.563s] -- Up-to-date: /home/manel/psolar_ws/install/opennav_coverage_msgs/include/opennav_coverage_msgs/opennav_coverage_msgs/msg/detail/swath__type_support.hpp
[1.563s] -- Up-to-date: /home/manel/psolar_ws/install/opennav_coverage_msgs/include/opennav_coverage_msgs/opennav_coverage_msgs/msg/detail/coordinate__struct.hpp
[1.564s] -- Up-to-date: /home/manel/psolar_ws/install/opennav_coverage_msgs/include/opennav_coverage_msgs/opennav_coverage_msgs/msg/detail/swath_mode__type_support.hpp
[1.564s] -- Up-to-date: /home/manel/psolar_ws/install/opennav_coverage_msgs/include/opennav_coverage_msgs/opennav_coverage_msgs/msg/detail/route_mode__traits.hpp
[1.565s] -- Up-to-date: /home/manel/psolar_ws/install/opennav_coverage_msgs/include/opennav_coverage_msgs/opennav_coverage_msgs/msg/detail/swath__struct.hpp
[1.565s] -- Up-to-date: /home/manel/psolar_ws/install/opennav_coverage_msgs/include/opennav_coverage_msgs/opennav_coverage_msgs/msg/detail/path_mode__builder.hpp
[1.566s] -- Up-to-date: /home/manel/psolar_ws/install/opennav_coverage_msgs/include/opennav_coverage_msgs/opennav_coverage_msgs/msg/detail/path_mode__traits.hpp
[1.566s] -- Up-to-date: /home/manel/psolar_ws/install/opennav_coverage_msgs/include/opennav_coverage_msgs/opennav_coverage_msgs/msg/detail/headland_mode__traits.hpp
[1.566s] -- Up-to-date: /home/manel/psolar_ws/install/opennav_coverage_msgs/include/opennav_coverage_msgs/opennav_coverage_msgs/msg/detail/coordinate__builder.hpp
[1.566s] -- Up-to-date: /home/manel/psolar_ws/install/opennav_coverage_msgs/include/opennav_coverage_msgs/opennav_coverage_msgs/msg/detail/coordinate__type_support.hpp
[1.566s] -- Up-to-date: /home/manel/psolar_ws/install/opennav_coverage_msgs/include/opennav_coverage_msgs/opennav_coverage_msgs/msg/detail/path_mode__struct.hpp
[1.567s] -- Up-to-date: /home/manel/psolar_ws/install/opennav_coverage_msgs/include/opennav_coverage_msgs/opennav_coverage_msgs/msg/detail/swath__traits.hpp
[1.567s] -- Up-to-date: /home/manel/psolar_ws/install/opennav_coverage_msgs/include/opennav_coverage_msgs/opennav_coverage_msgs/msg/detail/row_swath_mode__struct.hpp
[1.567s] -- Up-to-date: /home/manel/psolar_ws/install/opennav_coverage_msgs/include/opennav_coverage_msgs/opennav_coverage_msgs/msg/detail/headland_mode__builder.hpp
[1.567s] -- Up-to-date: /home/manel/psolar_ws/install/opennav_coverage_msgs/include/opennav_coverage_msgs/opennav_coverage_msgs/msg/detail/path_components__struct.hpp
[1.567s] -- Up-to-date: /home/manel/psolar_ws/install/opennav_coverage_msgs/include/opennav_coverage_msgs/opennav_coverage_msgs/msg/detail/route_mode__struct.hpp
[1.568s] -- Up-to-date: /home/manel/psolar_ws/install/opennav_coverage_msgs/include/opennav_coverage_msgs/opennav_coverage_msgs/msg/detail/path_components__traits.hpp
[1.568s] -- Up-to-date: /home/manel/psolar_ws/install/opennav_coverage_msgs/include/opennav_coverage_msgs/opennav_coverage_msgs/msg/detail/coordinates__struct.hpp
[1.568s] -- Up-to-date: /home/manel/psolar_ws/install/opennav_coverage_msgs/include/opennav_coverage_msgs/opennav_coverage_msgs/msg/detail/row_swath_mode__builder.hpp
[1.568s] -- Up-to-date: /home/manel/psolar_ws/install/opennav_coverage_msgs/include/opennav_coverage_msgs/opennav_coverage_msgs/msg/detail/coordinates__type_support.hpp
[1.568s] -- Up-to-date: /home/manel/psolar_ws/install/opennav_coverage_msgs/include/opennav_coverage_msgs/opennav_coverage_msgs/msg/detail/coordinates__builder.hpp
[1.569s] -- Up-to-date: /home/manel/psolar_ws/install/opennav_coverage_msgs/include/opennav_coverage_msgs/opennav_coverage_msgs/msg/detail/route_mode__builder.hpp
[1.569s] -- Up-to-date: /home/manel/psolar_ws/install/opennav_coverage_msgs/include/opennav_coverage_msgs/opennav_coverage_msgs/msg/detail/row_swath_mode__type_support.hpp
[1.569s] -- Up-to-date: /home/manel/psolar_ws/install/opennav_coverage_msgs/include/opennav_coverage_msgs/opennav_coverage_msgs/msg/detail/swath_mode__builder.hpp
[1.569s] -- Up-to-date: /home/manel/psolar_ws/install/opennav_coverage_msgs/include/opennav_coverage_msgs/opennav_coverage_msgs/msg/detail/route_mode__type_support.hpp
[1.570s] -- Up-to-date: /home/manel/psolar_ws/install/opennav_coverage_msgs/include/opennav_coverage_msgs/opennav_coverage_msgs
[1.570s] -- Up-to-date: /home/manel/psolar_ws/install/opennav_coverage_msgs/include/opennav_coverage_msgs/opennav_coverage_msgs/action
[1.570s] -- Up-to-date: /home/manel/psolar_ws/install/opennav_coverage_msgs/include/opennav_coverage_msgs/opennav_coverage_msgs/action/detail
[1.570s] -- Up-to-date: /home/manel/psolar_ws/install/opennav_coverage_msgs/include/opennav_coverage_msgs/opennav_coverage_msgs/action/detail/compute_coverage_path__rosidl_typesupport_fastrtps_cpp.hpp
[1.570s] -- Up-to-date: /home/manel/psolar_ws/install/opennav_coverage_msgs/include/opennav_coverage_msgs/opennav_coverage_msgs/action/detail/navigate_complete_coverage__rosidl_typesupport_fastrtps_cpp.hpp
[1.571s] -- Up-to-date: /home/manel/psolar_ws/install/opennav_coverage_msgs/include/opennav_coverage_msgs/opennav_coverage_msgs/action/detail/dds_fastrtps
[1.571s] -- Up-to-date: /home/manel/psolar_ws/install/opennav_coverage_msgs/include/opennav_coverage_msgs/opennav_coverage_msgs/msg
[1.571s] -- Up-to-date: /home/manel/psolar_ws/install/opennav_coverage_msgs/include/opennav_coverage_msgs/opennav_coverage_msgs/msg/rosidl_typesupport_fastrtps_cpp__visibility_control.h
[1.571s] -- Up-to-date: /home/manel/psolar_ws/install/opennav_coverage_msgs/include/opennav_coverage_msgs/opennav_coverage_msgs/msg/detail
[1.571s] -- Up-to-date: /home/manel/psolar_ws/install/opennav_coverage_msgs/include/opennav_coverage_msgs/opennav_coverage_msgs/msg/detail/dds_fastrtps
[1.572s] -- Up-to-date: /home/manel/psolar_ws/install/opennav_coverage_msgs/include/opennav_coverage_msgs/opennav_coverage_msgs/msg/detail/swath__rosidl_typesupport_fastrtps_cpp.hpp
[1.572s] -- Up-to-date: /home/manel/psolar_ws/install/opennav_coverage_msgs/include/opennav_coverage_msgs/opennav_coverage_msgs/msg/detail/route_mode__rosidl_typesupport_fastrtps_cpp.hpp
[1.572s] -- Up-to-date: /home/manel/psolar_ws/install/opennav_coverage_msgs/include/opennav_coverage_msgs/opennav_coverage_msgs/msg/detail/headland_mode__rosidl_typesupport_fastrtps_cpp.hpp
[1.572s] -- Up-to-date: /home/manel/psolar_ws/install/opennav_coverage_msgs/include/opennav_coverage_msgs/opennav_coverage_msgs/msg/detail/swath_mode__rosidl_typesupport_fastrtps_cpp.hpp
[1.573s] -- Up-to-date: /home/manel/psolar_ws/install/opennav_coverage_msgs/include/opennav_coverage_msgs/opennav_coverage_msgs/msg/detail/path_mode__rosidl_typesupport_fastrtps_cpp.hpp
[1.573s] -- Up-to-date: /home/manel/psolar_ws/install/opennav_coverage_msgs/include/opennav_coverage_msgs/opennav_coverage_msgs/msg/detail/coordinates__rosidl_typesupport_fastrtps_cpp.hpp
[1.573s] -- Up-to-date: /home/manel/psolar_ws/install/opennav_coverage_msgs/include/opennav_coverage_msgs/opennav_coverage_msgs/msg/detail/coordinate__rosidl_typesupport_fastrtps_cpp.hpp
[1.573s] -- Up-to-date: /home/manel/psolar_ws/install/opennav_coverage_msgs/include/opennav_coverage_msgs/opennav_coverage_msgs/msg/detail/row_swath_mode__rosidl_typesupport_fastrtps_cpp.hpp
[1.573s] -- Up-to-date: /home/manel/psolar_ws/install/opennav_coverage_msgs/include/opennav_coverage_msgs/opennav_coverage_msgs/msg/detail/path_components__rosidl_typesupport_fastrtps_cpp.hpp
[1.574s] -- Up-to-date: /home/manel/psolar_ws/install/opennav_coverage_msgs/lib/libopennav_coverage_msgs__rosidl_typesupport_fastrtps_cpp.so
[1.574s] -- Up-to-date: /home/manel/psolar_ws/install/opennav_coverage_msgs/include/opennav_coverage_msgs/opennav_coverage_msgs
[1.574s] -- Up-to-date: /home/manel/psolar_ws/install/opennav_coverage_msgs/include/opennav_coverage_msgs/opennav_coverage_msgs/action
[1.574s] -- Up-to-date: /home/manel/psolar_ws/install/opennav_coverage_msgs/include/opennav_coverage_msgs/opennav_coverage_msgs/action/detail
[1.574s] -- Up-to-date: /home/manel/psolar_ws/install/opennav_coverage_msgs/include/opennav_coverage_msgs/opennav_coverage_msgs/action/detail/navigate_complete_coverage__rosidl_typesupport_introspection_c.h
[1.575s] -- Up-to-date: /home/manel/psolar_ws/install/opennav_coverage_msgs/include/opennav_coverage_msgs/opennav_coverage_msgs/action/detail/navigate_complete_coverage__type_support.c
[1.575s] -- Up-to-date: /home/manel/psolar_ws/install/opennav_coverage_msgs/include/opennav_coverage_msgs/opennav_coverage_msgs/action/detail/compute_coverage_path__type_support.c
[1.575s] -- Up-to-date: /home/manel/psolar_ws/install/opennav_coverage_msgs/include/opennav_coverage_msgs/opennav_coverage_msgs/action/detail/compute_coverage_path__rosidl_typesupport_introspection_c.h
[1.575s] -- Up-to-date: /home/manel/psolar_ws/install/opennav_coverage_msgs/include/opennav_coverage_msgs/opennav_coverage_msgs/msg
[1.575s] -- Up-to-date: /home/manel/psolar_ws/install/opennav_coverage_msgs/include/opennav_coverage_msgs/opennav_coverage_msgs/msg/rosidl_typesupport_introspection_c__visibility_control.h
[1.576s] -- Up-to-date: /home/manel/psolar_ws/install/opennav_coverage_msgs/include/opennav_coverage_msgs/opennav_coverage_msgs/msg/detail
[1.576s] -- Up-to-date: /home/manel/psolar_ws/install/opennav_coverage_msgs/include/opennav_coverage_msgs/opennav_coverage_msgs/msg/detail/swath_mode__type_support.c
[1.576s] -- Up-to-date: /home/manel/psolar_ws/install/opennav_coverage_msgs/include/opennav_coverage_msgs/opennav_coverage_msgs/msg/detail/path_mode__type_support.c
[1.576s] -- Up-to-date: /home/manel/psolar_ws/install/opennav_coverage_msgs/include/opennav_coverage_msgs/opennav_coverage_msgs/msg/detail/coordinate__type_support.c
[1.576s] -- Up-to-date: /home/manel/psolar_ws/install/opennav_coverage_msgs/include/opennav_coverage_msgs/opennav_coverage_msgs/msg/detail/path_components__rosidl_typesupport_introspection_c.h
[1.577s] -- Up-to-date: /home/manel/psolar_ws/install/opennav_coverage_msgs/include/opennav_coverage_msgs/opennav_coverage_msgs/msg/detail/swath_mode__rosidl_typesupport_introspection_c.h
[1.577s] -- Up-to-date: /home/manel/psolar_ws/install/opennav_coverage_msgs/include/opennav_coverage_msgs/opennav_coverage_msgs/msg/detail/row_swath_mode__type_support.c
[1.577s] -- Up-to-date: /home/manel/psolar_ws/install/opennav_coverage_msgs/include/opennav_coverage_msgs/opennav_coverage_msgs/msg/detail/path_components__type_support.c
[1.577s] -- Up-to-date: /home/manel/psolar_ws/install/opennav_coverage_msgs/include/opennav_coverage_msgs/opennav_coverage_msgs/msg/detail/path_mode__rosidl_typesupport_introspection_c.h
[1.578s] -- Up-to-date: /home/manel/psolar_ws/install/opennav_coverage_msgs/include/opennav_coverage_msgs/opennav_coverage_msgs/msg/detail/route_mode__type_support.c
[1.578s] -- Up-to-date: /home/manel/psolar_ws/install/opennav_coverage_msgs/include/opennav_coverage_msgs/opennav_coverage_msgs/msg/detail/coordinate__rosidl_typesupport_introspection_c.h
[1.578s] -- Up-to-date: /home/manel/psolar_ws/install/opennav_coverage_msgs/include/opennav_coverage_msgs/opennav_coverage_msgs/msg/detail/row_swath_mode__rosidl_typesupport_introspection_c.h
[1.578s] -- Up-to-date: /home/manel/psolar_ws/install/opennav_coverage_msgs/include/opennav_coverage_msgs/opennav_coverage_msgs/msg/detail/headland_mode__rosidl_typesupport_introspection_c.h
[1.578s] -- Up-to-date: /home/manel/psolar_ws/install/opennav_coverage_msgs/include/opennav_coverage_msgs/opennav_coverage_msgs/msg/detail/swath__type_support.c
[1.579s] -- Up-to-date: /home/manel/psolar_ws/install/opennav_coverage_msgs/include/opennav_coverage_msgs/opennav_coverage_msgs/msg/detail/coordinates__type_support.c
[1.579s] -- Up-to-date: /home/manel/psolar_ws/install/opennav_coverage_msgs/include/opennav_coverage_msgs/opennav_coverage_msgs/msg/detail/route_mode__rosidl_typesupport_introspection_c.h
[1.579s] -- Up-to-date: /home/manel/psolar_ws/install/opennav_coverage_msgs/include/opennav_coverage_msgs/opennav_coverage_msgs/msg/detail/swath__rosidl_typesupport_introspection_c.h
[1.579s] -- Up-to-date: /home/manel/psolar_ws/install/opennav_coverage_msgs/include/opennav_coverage_msgs/opennav_coverage_msgs/msg/detail/coordinates__rosidl_typesupport_introspection_c.h
[1.579s] -- Up-to-date: /home/manel/psolar_ws/install/opennav_coverage_msgs/include/opennav_coverage_msgs/opennav_coverage_msgs/msg/detail/headland_mode__type_support.c
[1.580s] -- Up-to-date: /home/manel/psolar_ws/install/opennav_coverage_msgs/lib/libopennav_coverage_msgs__rosidl_typesupport_introspection_c.so
[1.580s] -- Up-to-date: /home/manel/psolar_ws/install/opennav_coverage_msgs/lib/libopennav_coverage_msgs__rosidl_typesupport_c.so
[1.580s] -- Up-to-date: /home/manel/psolar_ws/install/opennav_coverage_msgs/include/opennav_coverage_msgs/opennav_coverage_msgs
[1.580s] -- Up-to-date: /home/manel/psolar_ws/install/opennav_coverage_msgs/include/opennav_coverage_msgs/opennav_coverage_msgs/action
[1.580s] -- Up-to-date: /home/manel/psolar_ws/install/opennav_coverage_msgs/include/opennav_coverage_msgs/opennav_coverage_msgs/action/detail
[1.581s] -- Up-to-date: /home/manel/psolar_ws/install/opennav_coverage_msgs/include/opennav_coverage_msgs/opennav_coverage_msgs/action/detail/navigate_complete_coverage__type_support.cpp
[1.581s] -- Up-to-date: /home/manel/psolar_ws/install/opennav_coverage_msgs/include/opennav_coverage_msgs/opennav_coverage_msgs/action/detail/navigate_complete_coverage__rosidl_typesupport_introspection_cpp.hpp
[1.581s] -- Up-to-date: /home/manel/psolar_ws/install/opennav_coverage_msgs/include/opennav_coverage_msgs/opennav_coverage_msgs/action/detail/compute_coverage_path__rosidl_typesupport_introspection_cpp.hpp
[1.581s] -- Up-to-date: /home/manel/psolar_ws/install/opennav_coverage_msgs/include/opennav_coverage_msgs/opennav_coverage_msgs/action/detail/compute_coverage_path__type_support.cpp
[1.582s] -- Up-to-date: /home/manel/psolar_ws/install/opennav_coverage_msgs/include/opennav_coverage_msgs/opennav_coverage_msgs/msg
[1.582s] -- Up-to-date: /home/manel/psolar_ws/install/opennav_coverage_msgs/include/opennav_coverage_msgs/opennav_coverage_msgs/msg/detail
[1.582s] -- Up-to-date: /home/manel/psolar_ws/install/opennav_coverage_msgs/include/opennav_coverage_msgs/opennav_coverage_msgs/msg/detail/swath_mode__rosidl_typesupport_introspection_cpp.hpp
[1.583s] -- Up-to-date: /home/manel/psolar_ws/install/opennav_coverage_msgs/include/opennav_coverage_msgs/opennav_coverage_msgs/msg/detail/swath__type_support.cpp
[1.583s] -- Up-to-date: /home/manel/psolar_ws/install/opennav_coverage_msgs/include/opennav_coverage_msgs/opennav_coverage_msgs/msg/detail/swath_mode__type_support.cpp
[1.583s] -- Up-to-date: /home/manel/psolar_ws/install/opennav_coverage_msgs/include/opennav_coverage_msgs/opennav_coverage_msgs/msg/detail/swath__rosidl_typesupport_introspection_cpp.hpp
[1.583s] -- Up-to-date: /home/manel/psolar_ws/install/opennav_coverage_msgs/include/opennav_coverage_msgs/opennav_coverage_msgs/msg/detail/row_swath_mode__type_support.cpp
[1.584s] -- Up-to-date: /home/manel/psolar_ws/install/opennav_coverage_msgs/include/opennav_coverage_msgs/opennav_coverage_msgs/msg/detail/route_mode__type_support.cpp
[1.584s] -- Up-to-date: /home/manel/psolar_ws/install/opennav_coverage_msgs/include/opennav_coverage_msgs/opennav_coverage_msgs/msg/detail/headland_mode__type_support.cpp
[1.585s] -- Up-to-date: /home/manel/psolar_ws/install/opennav_coverage_msgs/include/opennav_coverage_msgs/opennav_coverage_msgs/msg/detail/path_components__rosidl_typesupport_introspection_cpp.hpp
[1.585s] -- Up-to-date: /home/manel/psolar_ws/install/opennav_coverage_msgs/include/opennav_coverage_msgs/opennav_coverage_msgs/msg/detail/path_mode__type_support.cpp
[1.586s] -- Up-to-date: /home/manel/psolar_ws/install/opennav_coverage_msgs/include/opennav_coverage_msgs/opennav_coverage_msgs/msg/detail/headland_mode__rosidl_typesupport_introspection_cpp.hpp
[1.586s] -- Up-to-date: /home/manel/psolar_ws/install/opennav_coverage_msgs/include/opennav_coverage_msgs/opennav_coverage_msgs/msg/detail/route_mode__rosidl_typesupport_introspection_cpp.hpp
[1.586s] -- Up-to-date: /home/manel/psolar_ws/install/opennav_coverage_msgs/include/opennav_coverage_msgs/opennav_coverage_msgs/msg/detail/coordinates__type_support.cpp
[1.586s] -- Up-to-date: /home/manel/psolar_ws/install/opennav_coverage_msgs/include/opennav_coverage_msgs/opennav_coverage_msgs/msg/detail/path_mode__rosidl_typesupport_introspection_cpp.hpp
[1.586s] -- Up-to-date: /home/manel/psolar_ws/install/opennav_coverage_msgs/include/opennav_coverage_msgs/opennav_coverage_msgs/msg/detail/coordinate__type_support.cpp
[1.587s] -- Up-to-date: /home/manel/psolar_ws/install/opennav_coverage_msgs/include/opennav_coverage_msgs/opennav_coverage_msgs/msg/detail/path_components__type_support.cpp
[1.587s] -- Up-to-date: /home/manel/psolar_ws/install/opennav_coverage_msgs/include/opennav_coverage_msgs/opennav_coverage_msgs/msg/detail/row_swath_mode__rosidl_typesupport_introspection_cpp.hpp
[1.587s] -- Up-to-date: /home/manel/psolar_ws/install/opennav_coverage_msgs/include/opennav_coverage_msgs/opennav_coverage_msgs/msg/detail/coordinates__rosidl_typesupport_introspection_cpp.hpp
[1.587s] -- Up-to-date: /home/manel/psolar_ws/install/opennav_coverage_msgs/include/opennav_coverage_msgs/opennav_coverage_msgs/msg/detail/coordinate__rosidl_typesupport_introspection_cpp.hpp
[1.588s] -- Up-to-date: /home/manel/psolar_ws/install/opennav_coverage_msgs/lib/libopennav_coverage_msgs__rosidl_typesupport_introspection_cpp.so
[1.588s] -- Up-to-date: /home/manel/psolar_ws/install/opennav_coverage_msgs/lib/libopennav_coverage_msgs__rosidl_typesupport_cpp.so
[1.588s] -- Up-to-date: /home/manel/psolar_ws/install/opennav_coverage_msgs/share/opennav_coverage_msgs/environment/pythonpath.sh
[1.588s] -- Up-to-date: /home/manel/psolar_ws/install/opennav_coverage_msgs/share/opennav_coverage_msgs/environment/pythonpath.dsv
[1.589s] -- Up-to-date: /home/manel/psolar_ws/install/opennav_coverage_msgs/local/lib/python3.10/dist-packages/opennav_coverage_msgs-0.0.1-py3.10.egg-info
[1.589s] -- Installing: /home/manel/psolar_ws/install/opennav_coverage_msgs/local/lib/python3.10/dist-packages/opennav_coverage_msgs-0.0.1-py3.10.egg-info/PKG-INFO
[1.589s] -- Installing: /home/manel/psolar_ws/install/opennav_coverage_msgs/local/lib/python3.10/dist-packages/opennav_coverage_msgs-0.0.1-py3.10.egg-info/top_level.txt
[1.589s] -- Installing: /home/manel/psolar_ws/install/opennav_coverage_msgs/local/lib/python3.10/dist-packages/opennav_coverage_msgs-0.0.1-py3.10.egg-info/dependency_links.txt
[1.589s] -- Installing: /home/manel/psolar_ws/install/opennav_coverage_msgs/local/lib/python3.10/dist-packages/opennav_coverage_msgs-0.0.1-py3.10.egg-info/SOURCES.txt
[1.590s] -- Up-to-date: /home/manel/psolar_ws/install/opennav_coverage_msgs/local/lib/python3.10/dist-packages/opennav_coverage_msgs
[1.590s] -- Up-to-date: /home/manel/psolar_ws/install/opennav_coverage_msgs/local/lib/python3.10/dist-packages/opennav_coverage_msgs/_opennav_coverage_msgs_s.ep.rosidl_typesupport_introspection_c.c
[1.590s] -- Up-to-date: /home/manel/psolar_ws/install/opennav_coverage_msgs/local/lib/python3.10/dist-packages/opennav_coverage_msgs/action
[1.590s] -- Up-to-date: /home/manel/psolar_ws/install/opennav_coverage_msgs/local/lib/python3.10/dist-packages/opennav_coverage_msgs/action/__init__.py
[1.590s] -- Up-to-date: /home/manel/psolar_ws/install/opennav_coverage_msgs/local/lib/python3.10/dist-packages/opennav_coverage_msgs/action/_compute_coverage_path_s.c
[1.591s] -- Up-to-date: /home/manel/psolar_ws/install/opennav_coverage_msgs/local/lib/python3.10/dist-packages/opennav_coverage_msgs/action/_navigate_complete_coverage.py
[1.591s] -- Up-to-date: /home/manel/psolar_ws/install/opennav_coverage_msgs/local/lib/python3.10/dist-packages/opennav_coverage_msgs/action/_compute_coverage_path.py
[1.591s] -- Up-to-date: /home/manel/psolar_ws/install/opennav_coverage_msgs/local/lib/python3.10/dist-packages/opennav_coverage_msgs/action/_navigate_complete_coverage_s.c
[1.591s] -- Up-to-date: /home/manel/psolar_ws/install/opennav_coverage_msgs/local/lib/python3.10/dist-packages/opennav_coverage_msgs/opennav_coverage_msgs_s__rosidl_typesupport_fastrtps_c.cpython-310-x86_64-linux-gnu.so
[1.591s] -- Up-to-date: /home/manel/psolar_ws/install/opennav_coverage_msgs/local/lib/python3.10/dist-packages/opennav_coverage_msgs/__init__.py
[1.592s] -- Up-to-date: /home/manel/psolar_ws/install/opennav_coverage_msgs/local/lib/python3.10/dist-packages/opennav_coverage_msgs/opennav_coverage_msgs_s__rosidl_typesupport_c.cpython-310-x86_64-linux-gnu.so
[1.592s] -- Up-to-date: /home/manel/psolar_ws/install/opennav_coverage_msgs/local/lib/python3.10/dist-packages/opennav_coverage_msgs/libopennav_coverage_msgs__rosidl_generator_py.so
[1.592s] -- Up-to-date: /home/manel/psolar_ws/install/opennav_coverage_msgs/local/lib/python3.10/dist-packages/opennav_coverage_msgs/opennav_coverage_msgs_s__rosidl_typesupport_introspection_c.cpython-310-x86_64-linux-gnu.so
[1.592s] -- Up-to-date: /home/manel/psolar_ws/install/opennav_coverage_msgs/local/lib/python3.10/dist-packages/opennav_coverage_msgs/_opennav_coverage_msgs_s.ep.rosidl_typesupport_fastrtps_c.c
[1.592s] -- Up-to-date: /home/manel/psolar_ws/install/opennav_coverage_msgs/local/lib/python3.10/dist-packages/opennav_coverage_msgs/_opennav_coverage_msgs_s.ep.rosidl_typesupport_c.c
[1.593s] -- Up-to-date: /home/manel/psolar_ws/install/opennav_coverage_msgs/local/lib/python3.10/dist-packages/opennav_coverage_msgs/msg
[1.593s] -- Up-to-date: /home/manel/psolar_ws/install/opennav_coverage_msgs/local/lib/python3.10/dist-packages/opennav_coverage_msgs/msg/_row_swath_mode.py
[1.593s] -- Up-to-date: /home/manel/psolar_ws/install/opennav_coverage_msgs/local/lib/python3.10/dist-packages/opennav_coverage_msgs/msg/_swath_mode.py
[1.593s] -- Up-to-date: /home/manel/psolar_ws/install/opennav_coverage_msgs/local/lib/python3.10/dist-packages/opennav_coverage_msgs/msg/_headland_mode_s.c
[1.594s] -- Up-to-date: /home/manel/psolar_ws/install/opennav_coverage_msgs/local/lib/python3.10/dist-packages/opennav_coverage_msgs/msg/_path_mode_s.c
[1.594s] -- Up-to-date: /home/manel/psolar_ws/install/opennav_coverage_msgs/local/lib/python3.10/dist-packages/opennav_coverage_msgs/msg/_row_swath_mode_s.c
[1.594s] -- Up-to-date: /home/manel/psolar_ws/install/opennav_coverage_msgs/local/lib/python3.10/dist-packages/opennav_coverage_msgs/msg/_route_mode.py
[1.594s] -- Up-to-date: /home/manel/psolar_ws/install/opennav_coverage_msgs/local/lib/python3.10/dist-packages/opennav_coverage_msgs/msg/__init__.py
[1.594s] -- Up-to-date: /home/manel/psolar_ws/install/opennav_coverage_msgs/local/lib/python3.10/dist-packages/opennav_coverage_msgs/msg/_path_mode.py
[1.595s] -- Up-to-date: /home/manel/psolar_ws/install/opennav_coverage_msgs/local/lib/python3.10/dist-packages/opennav_coverage_msgs/msg/_swath_mode_s.c
[1.595s] -- Up-to-date: /home/manel/psolar_ws/install/opennav_coverage_msgs/local/lib/python3.10/dist-packages/opennav_coverage_msgs/msg/_path_components.py
[1.595s] -- Up-to-date: /home/manel/psolar_ws/install/opennav_coverage_msgs/local/lib/python3.10/dist-packages/opennav_coverage_msgs/msg/_headland_mode.py
[1.595s] -- Up-to-date: /home/manel/psolar_ws/install/opennav_coverage_msgs/local/lib/python3.10/dist-packages/opennav_coverage_msgs/msg/_path_components_s.c
[1.595s] -- Up-to-date: /home/manel/psolar_ws/install/opennav_coverage_msgs/local/lib/python3.10/dist-packages/opennav_coverage_msgs/msg/_swath.py
[1.596s] -- Up-to-date: /home/manel/psolar_ws/install/opennav_coverage_msgs/local/lib/python3.10/dist-packages/opennav_coverage_msgs/msg/_coordinate.py
[1.596s] -- Up-to-date: /home/manel/psolar_ws/install/opennav_coverage_msgs/local/lib/python3.10/dist-packages/opennav_coverage_msgs/msg/_coordinate_s.c
[1.596s] -- Up-to-date: /home/manel/psolar_ws/install/opennav_coverage_msgs/local/lib/python3.10/dist-packages/opennav_coverage_msgs/msg/_coordinates_s.c
[1.596s] -- Up-to-date: /home/manel/psolar_ws/install/opennav_coverage_msgs/local/lib/python3.10/dist-packages/opennav_coverage_msgs/msg/_route_mode_s.c
[1.597s] -- Up-to-date: /home/manel/psolar_ws/install/opennav_coverage_msgs/local/lib/python3.10/dist-packages/opennav_coverage_msgs/msg/_swath_s.c
[1.597s] -- Up-to-date: /home/manel/psolar_ws/install/opennav_coverage_msgs/local/lib/python3.10/dist-packages/opennav_coverage_msgs/msg/_coordinates.py
[1.644s] Listing '/home/manel/psolar_ws/install/opennav_coverage_msgs/local/lib/python3.10/dist-packages/opennav_coverage_msgs'...
[1.644s] Listing '/home/manel/psolar_ws/install/opennav_coverage_msgs/local/lib/python3.10/dist-packages/opennav_coverage_msgs/action'...
[1.644s] Listing '/home/manel/psolar_ws/install/opennav_coverage_msgs/local/lib/python3.10/dist-packages/opennav_coverage_msgs/msg'...
[1.653s] -- Up-to-date: /home/manel/psolar_ws/install/opennav_coverage_msgs/local/lib/python3.10/dist-packages/opennav_coverage_msgs/opennav_coverage_msgs_s__rosidl_typesupport_fastrtps_c.cpython-310-x86_64-linux-gnu.so
[1.654s] -- Up-to-date: /home/manel/psolar_ws/install/opennav_coverage_msgs/local/lib/python3.10/dist-packages/opennav_coverage_msgs/opennav_coverage_msgs_s__rosidl_typesupport_introspection_c.cpython-310-x86_64-linux-gnu.so
[1.654s] -- Up-to-date: /home/manel/psolar_ws/install/opennav_coverage_msgs/local/lib/python3.10/dist-packages/opennav_coverage_msgs/opennav_coverage_msgs_s__rosidl_typesupport_c.cpython-310-x86_64-linux-gnu.so
[1.655s] -- Up-to-date: /home/manel/psolar_ws/install/opennav_coverage_msgs/lib/libopennav_coverage_msgs__rosidl_generator_py.so
[1.656s] -- Up-to-date: /home/manel/psolar_ws/install/opennav_coverage_msgs/share/opennav_coverage_msgs/msg/Coordinate.idl
[1.656s] -- Up-to-date: /home/manel/psolar_ws/install/opennav_coverage_msgs/share/opennav_coverage_msgs/msg/Coordinates.idl
[1.657s] -- Up-to-date: /home/manel/psolar_ws/install/opennav_coverage_msgs/share/opennav_coverage_msgs/msg/HeadlandMode.idl
[1.657s] -- Up-to-date: /home/manel/psolar_ws/install/opennav_coverage_msgs/share/opennav_coverage_msgs/msg/SwathMode.idl
[1.657s] -- Up-to-date: /home/manel/psolar_ws/install/opennav_coverage_msgs/share/opennav_coverage_msgs/msg/RowSwathMode.idl
[1.657s] -- Up-to-date: /home/manel/psolar_ws/install/opennav_coverage_msgs/share/opennav_coverage_msgs/msg/RouteMode.idl
[1.658s] -- Up-to-date: /home/manel/psolar_ws/install/opennav_coverage_msgs/share/opennav_coverage_msgs/msg/PathMode.idl
[1.658s] -- Up-to-date: /home/manel/psolar_ws/install/opennav_coverage_msgs/share/opennav_coverage_msgs/msg/Swath.idl
[1.658s] -- Up-to-date: /home/manel/psolar_ws/install/opennav_coverage_msgs/share/opennav_coverage_msgs/msg/PathComponents.idl
[1.658s] -- Up-to-date: /home/manel/psolar_ws/install/opennav_coverage_msgs/share/opennav_coverage_msgs/action/ComputeCoveragePath.idl
[1.659s] -- Up-to-date: /home/manel/psolar_ws/install/opennav_coverage_msgs/share/opennav_coverage_msgs/action/NavigateCompleteCoverage.idl
[1.659s] -- Up-to-date: /home/manel/psolar_ws/install/opennav_coverage_msgs/share/opennav_coverage_msgs/msg/Coordinate.msg
[1.659s] -- Up-to-date: /home/manel/psolar_ws/install/opennav_coverage_msgs/share/opennav_coverage_msgs/msg/Coordinates.msg
[1.659s] -- Up-to-date: /home/manel/psolar_ws/install/opennav_coverage_msgs/share/opennav_coverage_msgs/msg/HeadlandMode.msg
[1.660s] -- Up-to-date: /home/manel/psolar_ws/install/opennav_coverage_msgs/share/opennav_coverage_msgs/msg/SwathMode.msg
[1.660s] -- Up-to-date: /home/manel/psolar_ws/install/opennav_coverage_msgs/share/opennav_coverage_msgs/msg/RowSwathMode.msg
[1.660s] -- Up-to-date: /home/manel/psolar_ws/install/opennav_coverage_msgs/share/opennav_coverage_msgs/msg/RouteMode.msg
[1.660s] -- Up-to-date: /home/manel/psolar_ws/install/opennav_coverage_msgs/share/opennav_coverage_msgs/msg/PathMode.msg
[1.661s] -- Up-to-date: /home/manel/psolar_ws/install/opennav_coverage_msgs/share/opennav_coverage_msgs/msg/Swath.msg
[1.661s] -- Up-to-date: /home/manel/psolar_ws/install/opennav_coverage_msgs/share/opennav_coverage_msgs/msg/PathComponents.msg
[1.661s] -- Up-to-date: /home/manel/psolar_ws/install/opennav_coverage_msgs/share/opennav_coverage_msgs/action/ComputeCoveragePath.action
[1.662s] -- Up-to-date: /home/manel/psolar_ws/install/opennav_coverage_msgs/share/opennav_coverage_msgs/action/NavigateCompleteCoverage.action
[1.662s] -- Up-to-date: /home/manel/psolar_ws/install/opennav_coverage_msgs/share/ament_index/resource_index/package_run_dependencies/opennav_coverage_msgs
[1.662s] -- Up-to-date: /home/manel/psolar_ws/install/opennav_coverage_msgs/share/ament_index/resource_index/parent_prefix_path/opennav_coverage_msgs
[1.662s] -- Up-to-date: /home/manel/psolar_ws/install/opennav_coverage_msgs/share/opennav_coverage_msgs/environment/ament_prefix_path.sh
[1.663s] -- Up-to-date: /home/manel/psolar_ws/install/opennav_coverage_msgs/share/opennav_coverage_msgs/environment/ament_prefix_path.dsv
[1.663s] -- Up-to-date: /home/manel/psolar_ws/install/opennav_coverage_msgs/share/opennav_coverage_msgs/environment/path.sh
[1.664s] -- Up-to-date: /home/manel/psolar_ws/install/opennav_coverage_msgs/share/opennav_coverage_msgs/environment/path.dsv
[1.664s] -- Up-to-date: /home/manel/psolar_ws/install/opennav_coverage_msgs/share/opennav_coverage_msgs/local_setup.bash
[1.664s] -- Up-to-date: /home/manel/psolar_ws/install/opennav_coverage_msgs/share/opennav_coverage_msgs/local_setup.sh
[1.664s] -- Up-to-date: /home/manel/psolar_ws/install/opennav_coverage_msgs/share/opennav_coverage_msgs/local_setup.zsh
[1.665s] -- Up-to-date: /home/manel/psolar_ws/install/opennav_coverage_msgs/share/opennav_coverage_msgs/local_setup.dsv
[1.665s] -- Installing: /home/manel/psolar_ws/install/opennav_coverage_msgs/share/opennav_coverage_msgs/package.dsv
[1.665s] -- Up-to-date: /home/manel/psolar_ws/install/opennav_coverage_msgs/share/ament_index/resource_index/packages/opennav_coverage_msgs
[1.666s] -- Up-to-date: /home/manel/psolar_ws/install/opennav_coverage_msgs/share/opennav_coverage_msgs/cmake/export_opennav_coverage_msgs__rosidl_generator_cExport.cmake
[1.666s] -- Up-to-date: /home/manel/psolar_ws/install/opennav_coverage_msgs/share/opennav_coverage_msgs/cmake/export_opennav_coverage_msgs__rosidl_generator_cExport-noconfig.cmake
[1.666s] -- Up-to-date: /home/manel/psolar_ws/install/opennav_coverage_msgs/share/opennav_coverage_msgs/cmake/export_opennav_coverage_msgs__rosidl_typesupport_fastrtps_cExport.cmake
[1.666s] -- Up-to-date: /home/manel/psolar_ws/install/opennav_coverage_msgs/share/opennav_coverage_msgs/cmake/export_opennav_coverage_msgs__rosidl_typesupport_fastrtps_cExport-noconfig.cmake
[1.666s] -- Up-to-date: /home/manel/psolar_ws/install/opennav_coverage_msgs/share/opennav_coverage_msgs/cmake/export_opennav_coverage_msgs__rosidl_generator_cppExport.cmake
[1.667s] -- Up-to-date: /home/manel/psolar_ws/install/opennav_coverage_msgs/share/opennav_coverage_msgs/cmake/export_opennav_coverage_msgs__rosidl_typesupport_fastrtps_cppExport.cmake
[1.667s] -- Up-to-date: /home/manel/psolar_ws/install/opennav_coverage_msgs/share/opennav_coverage_msgs/cmake/export_opennav_coverage_msgs__rosidl_typesupport_fastrtps_cppExport-noconfig.cmake
[1.667s] -- Up-to-date: /home/manel/psolar_ws/install/opennav_coverage_msgs/share/opennav_coverage_msgs/cmake/opennav_coverage_msgs__rosidl_typesupport_introspection_cExport.cmake
[1.667s] -- Up-to-date: /home/manel/psolar_ws/install/opennav_coverage_msgs/share/opennav_coverage_msgs/cmake/opennav_coverage_msgs__rosidl_typesupport_introspection_cExport-noconfig.cmake
[1.668s] -- Up-to-date: /home/manel/psolar_ws/install/opennav_coverage_msgs/share/opennav_coverage_msgs/cmake/opennav_coverage_msgs__rosidl_typesupport_cExport.cmake
[1.668s] -- Up-to-date: /home/manel/psolar_ws/install/opennav_coverage_msgs/share/opennav_coverage_msgs/cmake/opennav_coverage_msgs__rosidl_typesupport_cExport-noconfig.cmake
[1.668s] -- Up-to-date: /home/manel/psolar_ws/install/opennav_coverage_msgs/share/opennav_coverage_msgs/cmake/opennav_coverage_msgs__rosidl_typesupport_introspection_cppExport.cmake
[1.669s] -- Up-to-date: /home/manel/psolar_ws/install/opennav_coverage_msgs/share/opennav_coverage_msgs/cmake/opennav_coverage_msgs__rosidl_typesupport_introspection_cppExport-noconfig.cmake
[1.669s] -- Up-to-date: /home/manel/psolar_ws/install/opennav_coverage_msgs/share/opennav_coverage_msgs/cmake/opennav_coverage_msgs__rosidl_typesupport_cppExport.cmake
[1.670s] -- Up-to-date: /home/manel/psolar_ws/install/opennav_coverage_msgs/share/opennav_coverage_msgs/cmake/opennav_coverage_msgs__rosidl_typesupport_cppExport-noconfig.cmake
[1.670s] -- Up-to-date: /home/manel/psolar_ws/install/opennav_coverage_msgs/share/opennav_coverage_msgs/cmake/export_opennav_coverage_msgs__rosidl_generator_pyExport.cmake
[1.670s] -- Up-to-date: /home/manel/psolar_ws/install/opennav_coverage_msgs/share/opennav_coverage_msgs/cmake/export_opennav_coverage_msgs__rosidl_generator_pyExport-noconfig.cmake
[1.671s] -- Up-to-date: /home/manel/psolar_ws/install/opennav_coverage_msgs/share/opennav_coverage_msgs/cmake/rosidl_cmake-extras.cmake
[1.671s] -- Up-to-date: /home/manel/psolar_ws/install/opennav_coverage_msgs/share/opennav_coverage_msgs/cmake/ament_cmake_export_dependencies-extras.cmake
[1.671s] -- Up-to-date: /home/manel/psolar_ws/install/opennav_coverage_msgs/share/opennav_coverage_msgs/cmake/ament_cmake_export_include_directories-extras.cmake
[1.671s] -- Up-to-date: /home/manel/psolar_ws/install/opennav_coverage_msgs/share/opennav_coverage_msgs/cmake/ament_cmake_export_libraries-extras.cmake
[1.671s] -- Up-to-date: /home/manel/psolar_ws/install/opennav_coverage_msgs/share/opennav_coverage_msgs/cmake/ament_cmake_export_targets-extras.cmake
[1.672s] -- Up-to-date: /home/manel/psolar_ws/install/opennav_coverage_msgs/share/opennav_coverage_msgs/cmake/rosidl_cmake_export_typesupport_targets-extras.cmake
[1.672s] -- Up-to-date: /home/manel/psolar_ws/install/opennav_coverage_msgs/share/opennav_coverage_msgs/cmake/rosidl_cmake_export_typesupport_libraries-extras.cmake
[1.672s] -- Up-to-date: /home/manel/psolar_ws/install/opennav_coverage_msgs/share/opennav_coverage_msgs/cmake/opennav_coverage_msgsConfig.cmake
[1.672s] -- Up-to-date: /home/manel/psolar_ws/install/opennav_coverage_msgs/share/opennav_coverage_msgs/cmake/opennav_coverage_msgsConfig-version.cmake
[1.673s] -- Up-to-date: /home/manel/psolar_ws/install/opennav_coverage_msgs/share/opennav_coverage_msgs/package.xml
[1.678s] Invoked command in '/home/manel/psolar_ws/build/opennav_coverage_msgs' returned '0': CMAKE_PREFIX_PATH=/opt/ros/humble /usr/bin/cmake --install /home/manel/psolar_ws/build/opennav_coverage_msgs
