[0.042s] Invoking command in '/home/manel/psolar_ws/build/backported_bt_navigator': CMAKE_PREFIX_PATH=/opt/ros/humble /usr/bin/cmake --build /home/manel/psolar_ws/build/backported_bt_navigator -- -j12 -l12
[0.216s] [ 25%] Built target bt_navigator_core
[0.280s] [ 50%] Built target nav2_navigate_through_poses
[0.349s] [ 75%] Built target bt_navigator
[0.432s] [100%] Built target nav2_navigate_to_pose_navigator
[0.495s] Invoked command in '/home/manel/psolar_ws/build/backported_bt_navigator' returned '0': CMAKE_PREFIX_PATH=/opt/ros/humble /usr/bin/cmake --build /home/manel/psolar_ws/build/backported_bt_navigator -- -j12 -l12
[0.497s] Invoking command in '/home/manel/psolar_ws/build/backported_bt_navigator': CMAKE_PREFIX_PATH=/opt/ros/humble /usr/bin/cmake --install /home/manel/psolar_ws/build/backported_bt_navigator
[0.507s] -- Install configuration: "Release"
[0.508s] -- Up-to-date: /home/manel/psolar_ws/install/backported_bt_navigator/share/backported_bt_navigator/navigator_plugins.xml
[0.508s] -- Up-to-date: /home/manel/psolar_ws/install/backported_bt_navigator/lib/libbt_navigator_core.so
[0.509s] -- Up-to-date: /home/manel/psolar_ws/install/backported_bt_navigator/lib/libnav2_navigate_to_pose_navigator.so
[0.509s] -- Up-to-date: /home/manel/psolar_ws/install/backported_bt_navigator/lib/libnav2_navigate_through_poses.so
[0.509s] -- Up-to-date: /home/manel/psolar_ws/install/backported_bt_navigator/lib/backported_bt_navigator/bt_navigator
[0.509s] -- Up-to-date: /home/manel/psolar_ws/install/backported_bt_navigator/include/
[0.509s] -- Up-to-date: /home/manel/psolar_ws/install/backported_bt_navigator/include//backported_bt_navigator
[0.509s] -- Up-to-date: /home/manel/psolar_ws/install/backported_bt_navigator/include//backported_bt_navigator/navigators
[0.510s] -- Up-to-date: /home/manel/psolar_ws/install/backported_bt_navigator/include//backported_bt_navigator/navigators/navigate_to_pose.hpp
[0.510s] -- Up-to-date: /home/manel/psolar_ws/install/backported_bt_navigator/include//backported_bt_navigator/navigators/navigate_through_poses.hpp
[0.510s] -- Up-to-date: /home/manel/psolar_ws/install/backported_bt_navigator/include//backported_bt_navigator/bt_navigator.hpp
[0.510s] -- Up-to-date: /home/manel/psolar_ws/install/backported_bt_navigator/include//backported_bt_navigator/behavior_tree_navigator.hpp
[0.510s] -- Up-to-date: /home/manel/psolar_ws/install/backported_bt_navigator/share/backported_bt_navigator/environment/library_path.sh
[0.510s] -- Up-to-date: /home/manel/psolar_ws/install/backported_bt_navigator/share/backported_bt_navigator/environment/library_path.dsv
[0.510s] -- Up-to-date: /home/manel/psolar_ws/install/backported_bt_navigator/share/ament_index/resource_index/package_run_dependencies/backported_bt_navigator
[0.510s] -- Up-to-date: /home/manel/psolar_ws/install/backported_bt_navigator/share/ament_index/resource_index/parent_prefix_path/backported_bt_navigator
[0.511s] -- Up-to-date: /home/manel/psolar_ws/install/backported_bt_navigator/share/backported_bt_navigator/environment/ament_prefix_path.sh
[0.511s] -- Up-to-date: /home/manel/psolar_ws/install/backported_bt_navigator/share/backported_bt_navigator/environment/ament_prefix_path.dsv
[0.511s] -- Up-to-date: /home/manel/psolar_ws/install/backported_bt_navigator/share/backported_bt_navigator/environment/path.sh
[0.511s] -- Up-to-date: /home/manel/psolar_ws/install/backported_bt_navigator/share/backported_bt_navigator/environment/path.dsv
[0.511s] -- Up-to-date: /home/manel/psolar_ws/install/backported_bt_navigator/share/backported_bt_navigator/local_setup.bash
[0.511s] -- Up-to-date: /home/manel/psolar_ws/install/backported_bt_navigator/share/backported_bt_navigator/local_setup.sh
[0.511s] -- Up-to-date: /home/manel/psolar_ws/install/backported_bt_navigator/share/backported_bt_navigator/local_setup.zsh
[0.511s] -- Up-to-date: /home/manel/psolar_ws/install/backported_bt_navigator/share/backported_bt_navigator/local_setup.dsv
[0.511s] -- Installing: /home/manel/psolar_ws/install/backported_bt_navigator/share/backported_bt_navigator/package.dsv
[0.512s] -- Up-to-date: /home/manel/psolar_ws/install/backported_bt_navigator/share/ament_index/resource_index/packages/backported_bt_navigator
[0.512s] -- Up-to-date: /home/manel/psolar_ws/install/backported_bt_navigator/share/ament_index/resource_index/backported_bt_navigator__pluginlib__plugin/backported_bt_navigator
[0.512s] -- Up-to-date: /home/manel/psolar_ws/install/backported_bt_navigator/share/ament_index/resource_index/rclcpp_components/backported_bt_navigator
[0.512s] -- Up-to-date: /home/manel/psolar_ws/install/backported_bt_navigator/share/backported_bt_navigator/cmake/ament_cmake_export_include_directories-extras.cmake
[0.512s] -- Up-to-date: /home/manel/psolar_ws/install/backported_bt_navigator/share/backported_bt_navigator/cmake/ament_cmake_export_libraries-extras.cmake
[0.512s] -- Up-to-date: /home/manel/psolar_ws/install/backported_bt_navigator/share/backported_bt_navigator/cmake/ament_cmake_export_dependencies-extras.cmake
[0.512s] -- Up-to-date: /home/manel/psolar_ws/install/backported_bt_navigator/share/backported_bt_navigator/cmake/backported_bt_navigatorConfig.cmake
[0.512s] -- Up-to-date: /home/manel/psolar_ws/install/backported_bt_navigator/share/backported_bt_navigator/cmake/backported_bt_navigatorConfig-version.cmake
[0.513s] -- Up-to-date: /home/manel/psolar_ws/install/backported_bt_navigator/share/backported_bt_navigator/package.xml
[0.515s] Invoked command in '/home/manel/psolar_ws/build/backported_bt_navigator' returned '0': CMAKE_PREFIX_PATH=/opt/ros/humble /usr/bin/cmake --install /home/manel/psolar_ws/build/backported_bt_navigator
