[0.018s] Invoking command in '/home/manel/psolar_ws/build/psolar_gazebo': CMAKE_PREFIX_PATH=/opt/ros/humble /usr/bin/cmake /home/manel/psolar_ws/src/psolar_gazebo -DCMAKE_INSTALL_PREFIX=/home/manel/psolar_ws/install/psolar_gazebo
[0.065s] -- The C compiler identification is GNU 11.4.0
[0.138s] -- The CXX compiler identification is GNU 11.4.0
[0.145s] -- Detecting C compiler ABI info
[0.213s] -- Detecting C compiler ABI info - done
[0.227s] -- Check for working C compiler: /usr/bin/cc - skipped
[0.227s] -- Detecting C compile features
[0.227s] -- Detecting C compile features - done
[0.232s] -- Detecting CXX compiler ABI info
[0.318s] -- Detecting CXX compiler ABI info - done
[0.330s] -- Check for working CXX compiler: /usr/bin/c++ - skipped
[0.331s] -- Detecting CXX compile features
[0.331s] -- Detecting CXX compile features - done
[0.334s] -- Found ament_cmake: 1.3.11 (/opt/ros/humble/share/ament_cmake/cmake)
[0.519s] -- Found Python3: /usr/bin/python3 (found version "3.10.12") found components: Interpreter 
[0.637s] -- Found geometry_msgs: 4.2.4 (/opt/ros/humble/share/geometry_msgs/cmake)
[0.688s] -- Found rosidl_generator_c: 3.1.6 (/opt/ros/humble/share/rosidl_generator_c/cmake)
[0.695s] -- Found rosidl_adapter: 3.1.6 (/opt/ros/humble/share/rosidl_adapter/cmake)
[0.707s] -- Found rosidl_generator_cpp: 3.1.6 (/opt/ros/humble/share/rosidl_generator_cpp/cmake)
[0.730s] -- Using all available rosidl_typesupport_c: rosidl_typesupport_fastrtps_c;rosidl_typesupport_introspection_c
[0.754s] -- Using all available rosidl_typesupport_cpp: rosidl_typesupport_fastrtps_cpp;rosidl_typesupport_introspection_cpp
[0.813s] -- Found nav_msgs: 4.2.4 (/opt/ros/humble/share/nav_msgs/cmake)
[0.839s] -- Found rclcpp: 16.0.11 (/opt/ros/humble/share/rclcpp/cmake)
[0.890s] -- Found rmw_implementation_cmake: 6.1.2 (/opt/ros/humble/share/rmw_implementation_cmake/cmake)
[0.893s] -- Found rmw_fastrtps_cpp: 6.2.7 (/opt/ros/humble/share/rmw_fastrtps_cpp/cmake)
[0.982s] -- Found OpenSSL: /usr/lib/x86_64-linux-gnu/libcrypto.so (found version "3.0.2")  
[1.012s] -- Found FastRTPS: /opt/ros/humble/include  
[1.072s] -- Using RMW implementation 'rmw_fastrtps_cpp' as default
[1.082s] -- Looking for pthread.h
[1.149s] -- Looking for pthread.h - found
[1.149s] -- Performing Test CMAKE_HAVE_LIBC_PTHREAD
[1.211s] -- Performing Test CMAKE_HAVE_LIBC_PTHREAD - Success
[1.212s] -- Found Threads: TRUE  
[1.260s] -- Found sensor_msgs: 4.2.4 (/opt/ros/humble/share/sensor_msgs/cmake)
[1.285s] -- Found tf2: 0.25.12 (/opt/ros/humble/share/tf2/cmake)
[1.386s] -- Configuring done
[1.398s] -- Generating done
[1.403s] -- Build files have been written to: /home/manel/psolar_ws/build/psolar_gazebo
[1.414s] Invoked command in '/home/manel/psolar_ws/build/psolar_gazebo' returned '0': CMAKE_PREFIX_PATH=/opt/ros/humble /usr/bin/cmake /home/manel/psolar_ws/src/psolar_gazebo -DCMAKE_INSTALL_PREFIX=/home/manel/psolar_ws/install/psolar_gazebo
[1.416s] Invoking command in '/home/manel/psolar_ws/build/psolar_gazebo': CMAKE_PREFIX_PATH=/opt/ros/humble /usr/bin/cmake --build /home/manel/psolar_ws/build/psolar_gazebo -- -j12 -l12
[1.461s] [ 50%] [32mBuilding CXX object CMakeFiles/turtlebot3_drive.dir/src/turtlebot3_drive.cpp.o[0m
[22.394s] [100%] [32m[1mLinking CXX executable turtlebot3_drive[0m
[23.249s] [100%] Built target turtlebot3_drive
[23.262s] Invoked command in '/home/manel/psolar_ws/build/psolar_gazebo' returned '0': CMAKE_PREFIX_PATH=/opt/ros/humble /usr/bin/cmake --build /home/manel/psolar_ws/build/psolar_gazebo -- -j12 -l12
[23.264s] Invoking command in '/home/manel/psolar_ws/build/psolar_gazebo': CMAKE_PREFIX_PATH=/opt/ros/humble /usr/bin/cmake --install /home/manel/psolar_ws/build/psolar_gazebo
[23.273s] -- Install configuration: ""
[23.273s] -- Installing: /home/manel/psolar_ws/install/psolar_gazebo/lib/psolar_gazebo/turtlebot3_drive
[23.278s] -- Set runtime path of "/home/manel/psolar_ws/install/psolar_gazebo/lib/psolar_gazebo/turtlebot3_drive" to ""
[23.278s] -- Installing: /home/manel/psolar_ws/install/psolar_gazebo/share/psolar_gazebo//launch
[23.278s] -- Installing: /home/manel/psolar_ws/install/psolar_gazebo/share/psolar_gazebo//launch/turtlebot3_world.launch.py
[23.279s] -- Installing: /home/manel/psolar_ws/install/psolar_gazebo/share/psolar_gazebo//launch/robot_state_publisher.launch.py
[23.279s] -- Installing: /home/manel/psolar_ws/install/psolar_gazebo/share/psolar_gazebo//launch/spawn_turtlebot3.launch.py
[23.279s] -- Installing: /home/manel/psolar_ws/install/psolar_gazebo/share/psolar_gazebo//launch/empty_world.launch.py
[23.279s] -- Installing: /home/manel/psolar_ws/install/psolar_gazebo/share/psolar_gazebo//models
[23.279s] -- Installing: /home/manel/psolar_ws/install/psolar_gazebo/share/psolar_gazebo//models/turtlebot3_common
[23.279s] -- Installing: /home/manel/psolar_ws/install/psolar_gazebo/share/psolar_gazebo//models/turtlebot3_common/model.config
[23.279s] -- Installing: /home/manel/psolar_ws/install/psolar_gazebo/share/psolar_gazebo//models/turtlebot3_common/meshes
[23.280s] -- Installing: /home/manel/psolar_ws/install/psolar_gazebo/share/psolar_gazebo//models/turtlebot3_common/meshes/solar_panel1.dae
[23.280s] -- Installing: /home/manel/psolar_ws/install/psolar_gazebo/share/psolar_gazebo//models/turtlebot3_common/meshes/waffle_base.dae
[23.280s] -- Installing: /home/manel/psolar_ws/install/psolar_gazebo/share/psolar_gazebo//models/turtlebot3_common/meshes/burger_base.dae
[23.280s] -- Installing: /home/manel/psolar_ws/install/psolar_gazebo/share/psolar_gazebo//models/turtlebot3_common/meshes/gps.STL
[23.280s] -- Installing: /home/manel/psolar_ws/install/psolar_gazebo/share/psolar_gazebo//models/turtlebot3_common/meshes/panel.dae
[23.281s] -- Installing: /home/manel/psolar_ws/install/psolar_gazebo/share/psolar_gazebo//models/turtlebot3_common/meshes/bases
[23.281s] -- Installing: /home/manel/psolar_ws/install/psolar_gazebo/share/psolar_gazebo//models/turtlebot3_common/meshes/bases/burger_base.stl
[23.285s] -- Installing: /home/manel/psolar_ws/install/psolar_gazebo/share/psolar_gazebo//models/turtlebot3_common/meshes/bases/waffle_pi_base.stl
[23.293s] -- Installing: /home/manel/psolar_ws/install/psolar_gazebo/share/psolar_gazebo//models/turtlebot3_common/meshes/bases/waffle_base.stl
[23.307s] -- Installing: /home/manel/psolar_ws/install/psolar_gazebo/share/psolar_gazebo//models/turtlebot3_common/meshes/pp00.dae
[23.308s] -- Installing: /home/manel/psolar_ws/install/psolar_gazebo/share/psolar_gazebo//models/turtlebot3_common/meshes/solar_origin.dae
[23.308s] -- Installing: /home/manel/psolar_ws/install/psolar_gazebo/share/psolar_gazebo//models/turtlebot3_common/meshes/sensors
[23.308s] -- Installing: /home/manel/psolar_ws/install/psolar_gazebo/share/psolar_gazebo//models/turtlebot3_common/meshes/sensors/lds.stl
[23.308s] -- Installing: /home/manel/psolar_ws/install/psolar_gazebo/share/psolar_gazebo//models/turtlebot3_common/meshes/sensors/astra.jpg
[23.309s] -- Installing: /home/manel/psolar_ws/install/psolar_gazebo/share/psolar_gazebo//models/turtlebot3_common/meshes/sensors/r200.dae
[23.309s] -- Installing: /home/manel/psolar_ws/install/psolar_gazebo/share/psolar_gazebo//models/turtlebot3_common/meshes/sensors/astra.dae
[23.317s] -- Installing: /home/manel/psolar_ws/install/psolar_gazebo/share/psolar_gazebo//models/turtlebot3_common/meshes/sensors/r200.jpg
[23.317s] -- Installing: /home/manel/psolar_ws/install/psolar_gazebo/share/psolar_gazebo//models/turtlebot3_common/meshes/20degres.STL
[23.317s] -- Installing: /home/manel/psolar_ws/install/psolar_gazebo/share/psolar_gazebo//models/turtlebot3_common/meshes/waffle_pi_base.dae
[23.317s] -- Installing: /home/manel/psolar_ws/install/psolar_gazebo/share/psolar_gazebo//models/turtlebot3_common/meshes/r200.dae
[23.318s] -- Installing: /home/manel/psolar_ws/install/psolar_gazebo/share/psolar_gazebo//models/turtlebot3_common/meshes/solar_panel1.blend
[23.318s] -- Installing: /home/manel/psolar_ws/install/psolar_gazebo/share/psolar_gazebo//models/turtlebot3_common/meshes/solarpanel.dae
[23.318s] -- Installing: /home/manel/psolar_ws/install/psolar_gazebo/share/psolar_gazebo//models/turtlebot3_common/meshes/solar_panel.dae
[23.318s] -- Installing: /home/manel/psolar_ws/install/psolar_gazebo/share/psolar_gazebo//models/turtlebot3_common/meshes/solar_panel_10deg.dae
[23.319s] -- Installing: /home/manel/psolar_ws/install/psolar_gazebo/share/psolar_gazebo//models/turtlebot3_common/meshes/lds.dae
[23.319s] -- Installing: /home/manel/psolar_ws/install/psolar_gazebo/share/psolar_gazebo//models/turtlebot3_common/meshes/tire.dae
[23.319s] -- Installing: /home/manel/psolar_ws/install/psolar_gazebo/share/psolar_gazebo//models/turtlebot3_common/meshes/wheels
[23.319s] -- Installing: /home/manel/psolar_ws/install/psolar_gazebo/share/psolar_gazebo//models/turtlebot3_common/meshes/wheels/left_tire.stl
[23.320s] -- Installing: /home/manel/psolar_ws/install/psolar_gazebo/share/psolar_gazebo//models/turtlebot3_common/meshes/wheels/right_tire.stl
[23.321s] -- Installing: /home/manel/psolar_ws/install/psolar_gazebo/share/psolar_gazebo//models/turtlebot3_waffle
[23.321s] -- Installing: /home/manel/psolar_ws/install/psolar_gazebo/share/psolar_gazebo//models/turtlebot3_waffle/model.sdf
[23.322s] -- Installing: /home/manel/psolar_ws/install/psolar_gazebo/share/psolar_gazebo//models/turtlebot3_waffle/model.config
[23.322s] -- Installing: /home/manel/psolar_ws/install/psolar_gazebo/share/psolar_gazebo//rviz
[23.322s] -- Installing: /home/manel/psolar_ws/install/psolar_gazebo/share/psolar_gazebo//rviz/tb3_gazebo.rviz
[23.322s] -- Installing: /home/manel/psolar_ws/install/psolar_gazebo/share/psolar_gazebo//urdf
[23.322s] -- Installing: /home/manel/psolar_ws/install/psolar_gazebo/share/psolar_gazebo//urdf/turtlebot3_burger_cam.urdf
[23.323s] -- Installing: /home/manel/psolar_ws/install/psolar_gazebo/share/psolar_gazebo//urdf/turtlebot3_waffle.urdf
[23.323s] -- Installing: /home/manel/psolar_ws/install/psolar_gazebo/share/psolar_gazebo//urdf/common_properties.urdf
[23.323s] -- Installing: /home/manel/psolar_ws/install/psolar_gazebo/share/psolar_gazebo//urdf/turtlebot3_waffle_pi.urdf
[23.323s] -- Installing: /home/manel/psolar_ws/install/psolar_gazebo/share/psolar_gazebo//urdf/turtlebot3_burger.urdf
[23.323s] -- Installing: /home/manel/psolar_ws/install/psolar_gazebo/share/psolar_gazebo//worlds
[23.323s] -- Installing: /home/manel/psolar_ws/install/psolar_gazebo/share/psolar_gazebo//worlds/empty_world.world
[23.323s] -- Installing: /home/manel/psolar_ws/install/psolar_gazebo/share/psolar_gazebo//worlds/solar_panel_model.xml
[23.323s] -- Installing: /home/manel/psolar_ws/install/psolar_gazebo/share/psolar_gazebo//worlds/materials
[23.324s] -- Installing: /home/manel/psolar_ws/install/psolar_gazebo/share/psolar_gazebo//worlds/materials/textures
[23.324s] -- Installing: /home/manel/psolar_ws/install/psolar_gazebo/share/psolar_gazebo//worlds/materials/textures/solar_panel_img.jpg
[23.329s] -- Installing: /home/manel/psolar_ws/install/psolar_gazebo/share/psolar_gazebo//params
[23.330s] -- Installing: /home/manel/psolar_ws/install/psolar_gazebo/share/psolar_gazebo//params/turtlebot3_waffle_bridge.yaml
[23.330s] -- Installing: /home/manel/psolar_ws/install/psolar_gazebo/include/
[23.330s] -- Installing: /home/manel/psolar_ws/install/psolar_gazebo/include//psolar_gazebo
[23.330s] -- Installing: /home/manel/psolar_ws/install/psolar_gazebo/include//psolar_gazebo/turtlebot3_drive.hpp
[23.330s] -- Installing: /home/manel/psolar_ws/install/psolar_gazebo/share/ament_index/resource_index/package_run_dependencies/psolar_gazebo
[23.330s] -- Installing: /home/manel/psolar_ws/install/psolar_gazebo/share/ament_index/resource_index/parent_prefix_path/psolar_gazebo
[23.331s] -- Installing: /home/manel/psolar_ws/install/psolar_gazebo/share/psolar_gazebo/environment/ament_prefix_path.sh
[23.331s] -- Installing: /home/manel/psolar_ws/install/psolar_gazebo/share/psolar_gazebo/environment/ament_prefix_path.dsv
[23.331s] -- Installing: /home/manel/psolar_ws/install/psolar_gazebo/share/psolar_gazebo/environment/path.sh
[23.331s] -- Installing: /home/manel/psolar_ws/install/psolar_gazebo/share/psolar_gazebo/environment/path.dsv
[23.331s] -- Installing: /home/manel/psolar_ws/install/psolar_gazebo/share/psolar_gazebo/local_setup.bash
[23.331s] -- Installing: /home/manel/psolar_ws/install/psolar_gazebo/share/psolar_gazebo/local_setup.sh
[23.332s] -- Installing: /home/manel/psolar_ws/install/psolar_gazebo/share/psolar_gazebo/local_setup.zsh
[23.332s] -- Installing: /home/manel/psolar_ws/install/psolar_gazebo/share/psolar_gazebo/local_setup.dsv
[23.332s] -- Installing: /home/manel/psolar_ws/install/psolar_gazebo/share/psolar_gazebo/package.dsv
[23.332s] -- Installing: /home/manel/psolar_ws/install/psolar_gazebo/share/ament_index/resource_index/packages/psolar_gazebo
[23.332s] -- Installing: /home/manel/psolar_ws/install/psolar_gazebo/share/psolar_gazebo/cmake/ament_cmake_export_include_directories-extras.cmake
[23.332s] -- Installing: /home/manel/psolar_ws/install/psolar_gazebo/share/psolar_gazebo/cmake/ament_cmake_export_dependencies-extras.cmake
[23.333s] -- Installing: /home/manel/psolar_ws/install/psolar_gazebo/share/psolar_gazebo/cmake/psolar_gazeboConfig.cmake
[23.333s] -- Installing: /home/manel/psolar_ws/install/psolar_gazebo/share/psolar_gazebo/cmake/psolar_gazeboConfig-version.cmake
[23.333s] -- Installing: /home/manel/psolar_ws/install/psolar_gazebo/share/psolar_gazebo/package.xml
[23.336s] Invoked command in '/home/manel/psolar_ws/build/psolar_gazebo' returned '0': CMAKE_PREFIX_PATH=/opt/ros/humble /usr/bin/cmake --install /home/manel/psolar_ws/build/psolar_gazebo
