[0.032s] Invoking command in '/home/manel/psolar_ws/build/psolar_bringup': CMAKE_PREFIX_PATH=/opt/ros/humble /usr/bin/cmake --build /home/manel/psolar_ws/build/psolar_bringup -- -j12 -l12
[0.080s] Invoked command in '/home/manel/psolar_ws/build/psolar_bringup' returned '0': CMAKE_PREFIX_PATH=/opt/ros/humble /usr/bin/cmake --build /home/manel/psolar_ws/build/psolar_bringup -- -j12 -l12
[0.099s] Invoking command in '/home/manel/psolar_ws/build/psolar_bringup': CMAKE_PREFIX_PATH=/opt/ros/humble /usr/bin/cmake --install /home/manel/psolar_ws/build/psolar_bringup
[0.136s] -- Install configuration: ""
[0.136s] -- Up-to-date: /home/manel/psolar_ws/install/psolar_bringup/share/psolar_bringup//launch
[0.137s] -- Installing: /home/manel/psolar_ws/install/psolar_bringup/share/psolar_bringup//launch/psolar.launch.py
[0.137s] -- Up-to-date: /home/manel/psolar_ws/install/psolar_bringup/share/psolar_bringup//rviz
[0.137s] -- Up-to-date: /home/manel/psolar_ws/install/psolar_bringup/share/ament_index/resource_index/package_run_dependencies/psolar_bringup
[0.138s] -- Up-to-date: /home/manel/psolar_ws/install/psolar_bringup/share/ament_index/resource_index/parent_prefix_path/psolar_bringup
[0.139s] -- Up-to-date: /home/manel/psolar_ws/install/psolar_bringup/share/psolar_bringup/environment/ament_prefix_path.sh
[0.139s] -- Up-to-date: /home/manel/psolar_ws/install/psolar_bringup/share/psolar_bringup/environment/ament_prefix_path.dsv
[0.139s] -- Up-to-date: /home/manel/psolar_ws/install/psolar_bringup/share/psolar_bringup/environment/path.sh
[0.139s] -- Up-to-date: /home/manel/psolar_ws/install/psolar_bringup/share/psolar_bringup/environment/path.dsv
[0.139s] -- Up-to-date: /home/manel/psolar_ws/install/psolar_bringup/share/psolar_bringup/local_setup.bash
[0.140s] -- Up-to-date: /home/manel/psolar_ws/install/psolar_bringup/share/psolar_bringup/local_setup.sh
[0.140s] -- Up-to-date: /home/manel/psolar_ws/install/psolar_bringup/share/psolar_bringup/local_setup.zsh
[0.140s] -- Up-to-date: /home/manel/psolar_ws/install/psolar_bringup/share/psolar_bringup/local_setup.dsv
[0.140s] -- Up-to-date: /home/manel/psolar_ws/install/psolar_bringup/share/psolar_bringup/package.dsv
[0.140s] -- Up-to-date: /home/manel/psolar_ws/install/psolar_bringup/share/ament_index/resource_index/packages/psolar_bringup
[0.140s] -- Up-to-date: /home/manel/psolar_ws/install/psolar_bringup/share/psolar_bringup/cmake/psolar_bringupConfig.cmake
[0.140s] -- Up-to-date: /home/manel/psolar_ws/install/psolar_bringup/share/psolar_bringup/cmake/psolar_bringupConfig-version.cmake
[0.141s] -- Up-to-date: /home/manel/psolar_ws/install/psolar_bringup/share/psolar_bringup/package.xml
[0.150s] Invoked command in '/home/manel/psolar_ws/build/psolar_bringup' returned '0': CMAKE_PREFIX_PATH=/opt/ros/humble /usr/bin/cmake --install /home/manel/psolar_ws/build/psolar_bringup
