-- The C compiler identification is GNU 11.4.0
-- The CXX compiler identification is GNU 11.4.0
-- Detecting C compiler ABI info
-- Detecting C compiler ABI info - done
-- Check for working C compiler: /usr/bin/cc - skipped
-- Detecting C compile features
-- Detecting C compile features - done
-- Detecting CXX compiler ABI info
-- Detecting CXX compiler ABI info - done
-- Check for working CXX compiler: /usr/bin/c++ - skipped
-- Detecting CXX compile features
-- Detecting CXX compile features - done
-- Found ament_cmake: 1.3.11 (/opt/ros/humble/share/ament_cmake/cmake)
-- Found Python3: /usr/bin/python3 (found version "3.10.12") found components: Interpreter 
-- Found rclcpp: 16.0.11 (/opt/ros/humble/share/rclcpp/cmake)
-- Found rosidl_generator_c: 3.1.6 (/opt/ros/humble/share/rosidl_generator_c/cmake)
-- Found rosidl_adapter: 3.1.6 (/opt/ros/humble/share/rosidl_adapter/cmake)
-- Found rosidl_generator_cpp: 3.1.6 (/opt/ros/humble/share/rosidl_generator_cpp/cmake)
-- Using all available rosidl_typesupport_c: rosidl_typesupport_fastrtps_c;rosidl_typesupport_introspection_c
-- Using all available rosidl_typesupport_cpp: rosidl_typesupport_fastrtps_cpp;rosidl_typesupport_introspection_cpp
-- Found rmw_implementation_cmake: 6.1.2 (/opt/ros/humble/share/rmw_implementation_cmake/cmake)
-- Found rmw_fastrtps_cpp: 6.2.7 (/opt/ros/humble/share/rmw_fastrtps_cpp/cmake)
-- Found OpenSSL: /usr/lib/x86_64-linux-gnu/libcrypto.so (found version "3.0.2")  
-- Found FastRTPS: /opt/ros/humble/include  
-- Using RMW implementation 'rmw_fastrtps_cpp' as default
-- Looking for pthread.h
-- Looking for pthread.h - found
-- Performing Test CMAKE_HAVE_LIBC_PTHREAD
-- Performing Test CMAKE_HAVE_LIBC_PTHREAD - Success
-- Found Threads: TRUE  
-- Found rclcpp_action: 16.0.11 (/opt/ros/humble/share/rclcpp_action/cmake)
-- Found nav2_util: 1.1.18 (/opt/ros/humble/share/nav2_util/cmake)
-- Found eigen3_cmake_module: 0.1.1 (/opt/ros/humble/share/eigen3_cmake_module/cmake)
-- Found Eigen3: TRUE (found version "3.4.0") 
-- Ensuring Eigen3 include directory is part of orocos-kdl CMake target
-- Found nav2_core: 1.1.18 (/opt/ros/humble/share/nav2_core/cmake)
-- Found nav2_behavior_tree: 1.1.18 (/opt/ros/humble/share/nav2_behavior_tree/cmake)
-- Found opennav_coverage_msgs: 0.0.1 (/home/manel/psolar_ws/install/opennav_coverage_msgs/share/opennav_coverage_msgs/cmake)
-- Found ament_lint_auto: 0.12.11 (/opt/ros/humble/share/ament_lint_auto/cmake)
-- Found ament_cmake_gtest: 1.3.11 (/opt/ros/humble/share/ament_cmake_gtest/cmake)
-- Added test 'copyright' to check source files copyright and LICENSE
-- Added test 'cppcheck' to perform static code analysis on C / C++ code
-- Configured cppcheck include dirs: /home/manel/psolar_ws/src/opennav_coverage/opennav_coverage_bt/include
-- Configured cppcheck exclude dirs and/or files: 
-- Added test 'cpplint' to check C / C++ code against the Google style
-- Configured cpplint exclude dirs and/or files: 
-- Added test 'lint_cmake' to check CMake code style
-- Added test 'uncrustify' to check C / C++ code style
-- Configured uncrustify additional arguments: 
-- Added test 'xmllint' to check XML markup files
-- Configuring done
-- Generating done
-- Build files have been written to: /home/manel/psolar_ws/build/opennav_coverage_bt
[ 25%] [32mBuilding CXX object CMakeFiles/opennav_cancel_complete_coverage_action_bt_node.dir/src/cancel_complete_coverage_path.cpp.o[0m
[ 50%] [32mBuilding CXX object CMakeFiles/opennav_compute_complete_coverage_action_bt_node.dir/src/compute_complete_coverage_path.cpp.o[0m
[ 75%] [32m[1mLinking CXX shared library libopennav_cancel_complete_coverage_action_bt_node.so[0m
[ 75%] Built target opennav_cancel_complete_coverage_action_bt_node
[100%] [32m[1mLinking CXX shared library libopennav_compute_complete_coverage_action_bt_node.so[0m
[100%] Built target opennav_compute_complete_coverage_action_bt_node
-- Install configuration: ""
-- Installing: /home/manel/psolar_ws/install/opennav_coverage_bt/lib/libopennav_compute_complete_coverage_action_bt_node.so
-- Set runtime path of "/home/manel/psolar_ws/install/opennav_coverage_bt/lib/libopennav_compute_complete_coverage_action_bt_node.so" to ""
-- Installing: /home/manel/psolar_ws/install/opennav_coverage_bt/lib/libopennav_cancel_complete_coverage_action_bt_node.so
-- Set runtime path of "/home/manel/psolar_ws/install/opennav_coverage_bt/lib/libopennav_cancel_complete_coverage_action_bt_node.so" to ""
-- Installing: /home/manel/psolar_ws/install/opennav_coverage_bt/include/
-- Installing: /home/manel/psolar_ws/install/opennav_coverage_bt/include//opennav_coverage_bt
-- Installing: /home/manel/psolar_ws/install/opennav_coverage_bt/include//opennav_coverage_bt/compute_complete_coverage_path.hpp
-- Installing: /home/manel/psolar_ws/install/opennav_coverage_bt/include//opennav_coverage_bt/cancel_complete_coverage_path.hpp
-- Installing: /home/manel/psolar_ws/install/opennav_coverage_bt/include//opennav_coverage_bt/utils.hpp
-- Installing: /home/manel/psolar_ws/install/opennav_coverage_bt/share/opennav_coverage_bt/behavior_trees
-- Installing: /home/manel/psolar_ws/install/opennav_coverage_bt/share/opennav_coverage_bt/behavior_trees/navigate_w_basic_complete_coverage.xml
-- Installing: /home/manel/psolar_ws/install/opennav_coverage_bt/share/opennav_coverage_bt/behavior_trees/navigate_w_basic_row_complete_coverage.xml
-- Installing: /home/manel/psolar_ws/install/opennav_coverage_bt/share/opennav_coverage_bt/environment/library_path.sh
-- Installing: /home/manel/psolar_ws/install/opennav_coverage_bt/share/opennav_coverage_bt/environment/library_path.dsv
-- Installing: /home/manel/psolar_ws/install/opennav_coverage_bt/share/ament_index/resource_index/package_run_dependencies/opennav_coverage_bt
-- Installing: /home/manel/psolar_ws/install/opennav_coverage_bt/share/ament_index/resource_index/parent_prefix_path/opennav_coverage_bt
-- Installing: /home/manel/psolar_ws/install/opennav_coverage_bt/share/opennav_coverage_bt/environment/ament_prefix_path.sh
-- Installing: /home/manel/psolar_ws/install/opennav_coverage_bt/share/opennav_coverage_bt/environment/ament_prefix_path.dsv
-- Installing: /home/manel/psolar_ws/install/opennav_coverage_bt/share/opennav_coverage_bt/environment/path.sh
-- Installing: /home/manel/psolar_ws/install/opennav_coverage_bt/share/opennav_coverage_bt/environment/path.dsv
-- Installing: /home/manel/psolar_ws/install/opennav_coverage_bt/share/opennav_coverage_bt/local_setup.bash
-- Installing: /home/manel/psolar_ws/install/opennav_coverage_bt/share/opennav_coverage_bt/local_setup.sh
-- Installing: /home/manel/psolar_ws/install/opennav_coverage_bt/share/opennav_coverage_bt/local_setup.zsh
-- Installing: /home/manel/psolar_ws/install/opennav_coverage_bt/share/opennav_coverage_bt/local_setup.dsv
-- Installing: /home/manel/psolar_ws/install/opennav_coverage_bt/share/opennav_coverage_bt/package.dsv
-- Installing: /home/manel/psolar_ws/install/opennav_coverage_bt/share/ament_index/resource_index/packages/opennav_coverage_bt
-- Installing: /home/manel/psolar_ws/install/opennav_coverage_bt/share/opennav_coverage_bt/cmake/ament_cmake_export_include_directories-extras.cmake
-- Installing: /home/manel/psolar_ws/install/opennav_coverage_bt/share/opennav_coverage_bt/cmake/ament_cmake_export_libraries-extras.cmake
-- Installing: /home/manel/psolar_ws/install/opennav_coverage_bt/share/opennav_coverage_bt/cmake/ament_cmake_export_dependencies-extras.cmake
-- Installing: /home/manel/psolar_ws/install/opennav_coverage_bt/share/opennav_coverage_bt/cmake/opennav_coverage_btConfig.cmake
-- Installing: /home/manel/psolar_ws/install/opennav_coverage_bt/share/opennav_coverage_bt/cmake/opennav_coverage_btConfig-version.cmake
-- Installing: /home/manel/psolar_ws/install/opennav_coverage_bt/share/opennav_coverage_bt/package.xml
