[0.013s] Invoking command in '/home/manel/psolar_ws/build/opennav_coverage_bt': AMENT_PREFIX_PATH=/home/manel/psolar_ws/install/opennav_coverage_msgs:${AMENT_PREFIX_PATH} CMAKE_PREFIX_PATH=/home/manel/psolar_ws/install/opennav_coverage_msgs:/opt/ros/humble LD_LIBRARY_PATH=/home/manel/psolar_ws/install/opennav_coverage_msgs/lib:${LD_LIBRARY_PATH} PYTHONPATH=/home/manel/psolar_ws/install/opennav_coverage_msgs/local/lib/python3.10/dist-packages:${PYTHONPATH} /usr/bin/cmake /home/manel/psolar_ws/src/opennav_coverage/opennav_coverage_bt -DCMAKE_INSTALL_PREFIX=/home/manel/psolar_ws/install/opennav_coverage_bt
[0.080s] -- The C compiler identification is GNU 11.4.0
[0.149s] -- The CXX compiler identification is GNU 11.4.0
[0.158s] -- Detecting C compiler ABI info
[0.255s] -- Detecting C compiler ABI info - done
[0.269s] -- Check for working C compiler: /usr/bin/cc - skipped
[0.269s] -- Detecting C compile features
[0.270s] -- Detecting C compile features - done
[0.274s] -- Detecting CXX compiler ABI info
[0.380s] -- Detecting CXX compiler ABI info - done
[0.394s] -- Check for working CXX compiler: /usr/bin/c++ - skipped
[0.394s] -- Detecting CXX compile features
[0.395s] -- Detecting CXX compile features - done
[0.399s] -- Found ament_cmake: 1.3.11 (/opt/ros/humble/share/ament_cmake/cmake)
[0.664s] -- Found Python3: /usr/bin/python3 (found version "3.10.12") found components: Interpreter 
[0.860s] -- Found rclcpp: 16.0.11 (/opt/ros/humble/share/rclcpp/cmake)
[0.925s] -- Found rosidl_generator_c: 3.1.6 (/opt/ros/humble/share/rosidl_generator_c/cmake)
[0.932s] -- Found rosidl_adapter: 3.1.6 (/opt/ros/humble/share/rosidl_adapter/cmake)
[0.952s] -- Found rosidl_generator_cpp: 3.1.6 (/opt/ros/humble/share/rosidl_generator_cpp/cmake)
[0.976s] -- Using all available rosidl_typesupport_c: rosidl_typesupport_fastrtps_c;rosidl_typesupport_introspection_c
[1.003s] -- Using all available rosidl_typesupport_cpp: rosidl_typesupport_fastrtps_cpp;rosidl_typesupport_introspection_cpp
[1.073s] -- Found rmw_implementation_cmake: 6.1.2 (/opt/ros/humble/share/rmw_implementation_cmake/cmake)
[1.076s] -- Found rmw_fastrtps_cpp: 6.2.7 (/opt/ros/humble/share/rmw_fastrtps_cpp/cmake)
[1.195s] -- Found OpenSSL: /usr/lib/x86_64-linux-gnu/libcrypto.so (found version "3.0.2")  
[1.246s] -- Found FastRTPS: /opt/ros/humble/include  
[1.305s] -- Using RMW implementation 'rmw_fastrtps_cpp' as default
[1.317s] -- Looking for pthread.h
[1.408s] -- Looking for pthread.h - found
[1.409s] -- Performing Test CMAKE_HAVE_LIBC_PTHREAD
[1.516s] -- Performing Test CMAKE_HAVE_LIBC_PTHREAD - Success
[1.517s] -- Found Threads: TRUE  
[1.591s] -- Found rclcpp_action: 16.0.11 (/opt/ros/humble/share/rclcpp_action/cmake)
[1.640s] -- Found nav2_util: 1.1.18 (/opt/ros/humble/share/nav2_util/cmake)
[1.830s] -- Found eigen3_cmake_module: 0.1.1 (/opt/ros/humble/share/eigen3_cmake_module/cmake)
[1.831s] -- Found Eigen3: TRUE (found version "3.4.0") 
[1.832s] -- Ensuring Eigen3 include directory is part of orocos-kdl CMake target
[1.906s] -- Found nav2_core: 1.1.18 (/opt/ros/humble/share/nav2_core/cmake)
[2.101s] -- Found nav2_behavior_tree: 1.1.18 (/opt/ros/humble/share/nav2_behavior_tree/cmake)
[2.129s] -- Found opennav_coverage_msgs: 0.0.1 (/home/manel/psolar_ws/install/opennav_coverage_msgs/share/opennav_coverage_msgs/cmake)
[2.795s] -- Found ament_lint_auto: 0.12.11 (/opt/ros/humble/share/ament_lint_auto/cmake)
[2.798s] -- Found ament_cmake_gtest: 1.3.11 (/opt/ros/humble/share/ament_cmake_gtest/cmake)
[2.919s] -- Added test 'copyright' to check source files copyright and LICENSE
[2.921s] -- Added test 'cppcheck' to perform static code analysis on C / C++ code
[2.921s] -- Configured cppcheck include dirs: /home/manel/psolar_ws/src/opennav_coverage/opennav_coverage_bt/include
[2.922s] -- Configured cppcheck exclude dirs and/or files: 
[2.923s] -- Added test 'cpplint' to check C / C++ code against the Google style
[2.923s] -- Configured cpplint exclude dirs and/or files: 
[2.924s] -- Added test 'lint_cmake' to check CMake code style
[2.925s] -- Added test 'uncrustify' to check C / C++ code style
[2.925s] -- Configured uncrustify additional arguments: 
[2.926s] -- Added test 'xmllint' to check XML markup files
[2.930s] -- Configuring done
[3.056s] -- Generating done
[3.074s] -- Build files have been written to: /home/manel/psolar_ws/build/opennav_coverage_bt
[3.096s] Invoked command in '/home/manel/psolar_ws/build/opennav_coverage_bt' returned '0': AMENT_PREFIX_PATH=/home/manel/psolar_ws/install/opennav_coverage_msgs:${AMENT_PREFIX_PATH} CMAKE_PREFIX_PATH=/home/manel/psolar_ws/install/opennav_coverage_msgs:/opt/ros/humble LD_LIBRARY_PATH=/home/manel/psolar_ws/install/opennav_coverage_msgs/lib:${LD_LIBRARY_PATH} PYTHONPATH=/home/manel/psolar_ws/install/opennav_coverage_msgs/local/lib/python3.10/dist-packages:${PYTHONPATH} /usr/bin/cmake /home/manel/psolar_ws/src/opennav_coverage/opennav_coverage_bt -DCMAKE_INSTALL_PREFIX=/home/manel/psolar_ws/install/opennav_coverage_bt
[3.099s] Invoking command in '/home/manel/psolar_ws/build/opennav_coverage_bt': AMENT_PREFIX_PATH=/home/manel/psolar_ws/install/opennav_coverage_msgs:${AMENT_PREFIX_PATH} CMAKE_PREFIX_PATH=/home/manel/psolar_ws/install/opennav_coverage_msgs:/opt/ros/humble LD_LIBRARY_PATH=/home/manel/psolar_ws/install/opennav_coverage_msgs/lib:${LD_LIBRARY_PATH} PYTHONPATH=/home/manel/psolar_ws/install/opennav_coverage_msgs/local/lib/python3.10/dist-packages:${PYTHONPATH} /usr/bin/cmake --build /home/manel/psolar_ws/build/opennav_coverage_bt -- -j12 -l12
[3.169s] [ 25%] [32mBuilding CXX object CMakeFiles/opennav_cancel_complete_coverage_action_bt_node.dir/src/cancel_complete_coverage_path.cpp.o[0m
[3.172s] [ 50%] [32mBuilding CXX object CMakeFiles/opennav_compute_complete_coverage_action_bt_node.dir/src/compute_complete_coverage_path.cpp.o[0m
[9.862s] [ 75%] [32m[1mLinking CXX shared library libopennav_cancel_complete_coverage_action_bt_node.so[0m
[10.351s] [ 75%] Built target opennav_cancel_complete_coverage_action_bt_node
[11.855s] [100%] [32m[1mLinking CXX shared library libopennav_compute_complete_coverage_action_bt_node.so[0m
[12.446s] [100%] Built target opennav_compute_complete_coverage_action_bt_node
[12.460s] Invoked command in '/home/manel/psolar_ws/build/opennav_coverage_bt' returned '0': AMENT_PREFIX_PATH=/home/manel/psolar_ws/install/opennav_coverage_msgs:${AMENT_PREFIX_PATH} CMAKE_PREFIX_PATH=/home/manel/psolar_ws/install/opennav_coverage_msgs:/opt/ros/humble LD_LIBRARY_PATH=/home/manel/psolar_ws/install/opennav_coverage_msgs/lib:${LD_LIBRARY_PATH} PYTHONPATH=/home/manel/psolar_ws/install/opennav_coverage_msgs/local/lib/python3.10/dist-packages:${PYTHONPATH} /usr/bin/cmake --build /home/manel/psolar_ws/build/opennav_coverage_bt -- -j12 -l12
[12.463s] Invoking command in '/home/manel/psolar_ws/build/opennav_coverage_bt': AMENT_PREFIX_PATH=/home/manel/psolar_ws/install/opennav_coverage_msgs:${AMENT_PREFIX_PATH} CMAKE_PREFIX_PATH=/home/manel/psolar_ws/install/opennav_coverage_msgs:/opt/ros/humble LD_LIBRARY_PATH=/home/manel/psolar_ws/install/opennav_coverage_msgs/lib:${LD_LIBRARY_PATH} PYTHONPATH=/home/manel/psolar_ws/install/opennav_coverage_msgs/local/lib/python3.10/dist-packages:${PYTHONPATH} /usr/bin/cmake --install /home/manel/psolar_ws/build/opennav_coverage_bt
[12.472s] -- Install configuration: ""
[12.472s] -- Installing: /home/manel/psolar_ws/install/opennav_coverage_bt/lib/libopennav_compute_complete_coverage_action_bt_node.so
[12.474s] -- Set runtime path of "/home/manel/psolar_ws/install/opennav_coverage_bt/lib/libopennav_compute_complete_coverage_action_bt_node.so" to ""
[12.475s] -- Installing: /home/manel/psolar_ws/install/opennav_coverage_bt/lib/libopennav_cancel_complete_coverage_action_bt_node.so
[12.476s] -- Set runtime path of "/home/manel/psolar_ws/install/opennav_coverage_bt/lib/libopennav_cancel_complete_coverage_action_bt_node.so" to ""
[12.476s] -- Installing: /home/manel/psolar_ws/install/opennav_coverage_bt/include/
[12.476s] -- Installing: /home/manel/psolar_ws/install/opennav_coverage_bt/include//opennav_coverage_bt
[12.476s] -- Installing: /home/manel/psolar_ws/install/opennav_coverage_bt/include//opennav_coverage_bt/compute_complete_coverage_path.hpp
[12.476s] -- Installing: /home/manel/psolar_ws/install/opennav_coverage_bt/include//opennav_coverage_bt/cancel_complete_coverage_path.hpp
[12.477s] -- Installing: /home/manel/psolar_ws/install/opennav_coverage_bt/include//opennav_coverage_bt/utils.hpp
[12.477s] -- Installing: /home/manel/psolar_ws/install/opennav_coverage_bt/share/opennav_coverage_bt/behavior_trees
[12.477s] -- Installing: /home/manel/psolar_ws/install/opennav_coverage_bt/share/opennav_coverage_bt/behavior_trees/navigate_w_basic_complete_coverage.xml
[12.477s] -- Installing: /home/manel/psolar_ws/install/opennav_coverage_bt/share/opennav_coverage_bt/behavior_trees/navigate_w_basic_row_complete_coverage.xml
[12.477s] -- Installing: /home/manel/psolar_ws/install/opennav_coverage_bt/share/opennav_coverage_bt/environment/library_path.sh
[12.477s] -- Installing: /home/manel/psolar_ws/install/opennav_coverage_bt/share/opennav_coverage_bt/environment/library_path.dsv
[12.477s] -- Installing: /home/manel/psolar_ws/install/opennav_coverage_bt/share/ament_index/resource_index/package_run_dependencies/opennav_coverage_bt
[12.478s] -- Installing: /home/manel/psolar_ws/install/opennav_coverage_bt/share/ament_index/resource_index/parent_prefix_path/opennav_coverage_bt
[12.478s] -- Installing: /home/manel/psolar_ws/install/opennav_coverage_bt/share/opennav_coverage_bt/environment/ament_prefix_path.sh
[12.478s] -- Installing: /home/manel/psolar_ws/install/opennav_coverage_bt/share/opennav_coverage_bt/environment/ament_prefix_path.dsv
[12.478s] -- Installing: /home/manel/psolar_ws/install/opennav_coverage_bt/share/opennav_coverage_bt/environment/path.sh
[12.478s] -- Installing: /home/manel/psolar_ws/install/opennav_coverage_bt/share/opennav_coverage_bt/environment/path.dsv
[12.478s] -- Installing: /home/manel/psolar_ws/install/opennav_coverage_bt/share/opennav_coverage_bt/local_setup.bash
[12.478s] -- Installing: /home/manel/psolar_ws/install/opennav_coverage_bt/share/opennav_coverage_bt/local_setup.sh
[12.479s] -- Installing: /home/manel/psolar_ws/install/opennav_coverage_bt/share/opennav_coverage_bt/local_setup.zsh
[12.479s] -- Installing: /home/manel/psolar_ws/install/opennav_coverage_bt/share/opennav_coverage_bt/local_setup.dsv
[12.479s] -- Installing: /home/manel/psolar_ws/install/opennav_coverage_bt/share/opennav_coverage_bt/package.dsv
[12.479s] -- Installing: /home/manel/psolar_ws/install/opennav_coverage_bt/share/ament_index/resource_index/packages/opennav_coverage_bt
[12.479s] -- Installing: /home/manel/psolar_ws/install/opennav_coverage_bt/share/opennav_coverage_bt/cmake/ament_cmake_export_include_directories-extras.cmake
[12.479s] -- Installing: /home/manel/psolar_ws/install/opennav_coverage_bt/share/opennav_coverage_bt/cmake/ament_cmake_export_libraries-extras.cmake
[12.479s] -- Installing: /home/manel/psolar_ws/install/opennav_coverage_bt/share/opennav_coverage_bt/cmake/ament_cmake_export_dependencies-extras.cmake
[12.480s] -- Installing: /home/manel/psolar_ws/install/opennav_coverage_bt/share/opennav_coverage_bt/cmake/opennav_coverage_btConfig.cmake
[12.480s] -- Installing: /home/manel/psolar_ws/install/opennav_coverage_bt/share/opennav_coverage_bt/cmake/opennav_coverage_btConfig-version.cmake
[12.480s] -- Installing: /home/manel/psolar_ws/install/opennav_coverage_bt/share/opennav_coverage_bt/package.xml
[12.483s] Invoked command in '/home/manel/psolar_ws/build/opennav_coverage_bt' returned '0': AMENT_PREFIX_PATH=/home/manel/psolar_ws/install/opennav_coverage_msgs:${AMENT_PREFIX_PATH} CMAKE_PREFIX_PATH=/home/manel/psolar_ws/install/opennav_coverage_msgs:/opt/ros/humble LD_LIBRARY_PATH=/home/manel/psolar_ws/install/opennav_coverage_msgs/lib:${LD_LIBRARY_PATH} PYTHONPATH=/home/manel/psolar_ws/install/opennav_coverage_msgs/local/lib/python3.10/dist-packages:${PYTHONPATH} /usr/bin/cmake --install /home/manel/psolar_ws/build/opennav_coverage_bt
