[0.039s] Invoking command in '/home/manel/psolar_ws/build/opennav_coverage_msgs': CMAKE_PREFIX_PATH=/opt/ros/humble /usr/bin/cmake --build /home/manel/psolar_ws/build/opennav_coverage_msgs -- -j12 -l12
[0.118s] [  0%] Built target opennav_coverage_msgs__cpp
[0.134s] [ 12%] Built target opennav_coverage_msgs__rosidl_generator_c
[0.155s] [ 12%] Built target ament_cmake_python_copy_opennav_coverage_msgs
[0.183s] [ 24%] Built target opennav_coverage_msgs__rosidl_typesupport_cpp
[0.196s] [ 48%] Built target opennav_coverage_msgs__rosidl_typesupport_introspection_c
[0.197s] [ 48%] Built target opennav_coverage_msgs__rosidl_typesupport_c
[0.197s] [ 60%] Built target opennav_coverage_msgs__rosidl_typesupport_fastrtps_c
[0.197s] [ 72%] Built target opennav_coverage_msgs__rosidl_typesupport_introspection_cpp
[0.198s] [ 83%] Built target opennav_coverage_msgs__rosidl_typesupport_fastrtps_cpp
[0.221s] [ 83%] Built target opennav_coverage_msgs
[0.243s] [ 84%] Built target opennav_coverage_msgs__py
[0.288s] [ 95%] Built target opennav_coverage_msgs__rosidl_generator_py
[0.330s] [ 96%] Built target opennav_coverage_msgs__rosidl_typesupport_c__pyext
[0.333s] [ 98%] Built target opennav_coverage_msgs__rosidl_typesupport_fastrtps_c__pyext
[0.351s] [100%] Built target opennav_coverage_msgs__rosidl_typesupport_introspection_c__pyext
[0.572s] running egg_info
[0.573s] writing opennav_coverage_msgs.egg-info/PKG-INFO
[0.573s] writing dependency_links to opennav_coverage_msgs.egg-info/dependency_links.txt
[0.573s] writing top-level names to opennav_coverage_msgs.egg-info/top_level.txt
[0.576s] reading manifest file 'opennav_coverage_msgs.egg-info/SOURCES.txt'
[0.577s] writing manifest file 'opennav_coverage_msgs.egg-info/SOURCES.txt'
[0.601s] [100%] Built target ament_cmake_python_build_opennav_coverage_msgs_egg
[0.612s] Invoked command in '/home/manel/psolar_ws/build/opennav_coverage_msgs' returned '0': CMAKE_PREFIX_PATH=/opt/ros/humble /usr/bin/cmake --build /home/manel/psolar_ws/build/opennav_coverage_msgs -- -j12 -l12
[0.614s] Invoking command in '/home/manel/psolar_ws/build/opennav_coverage_msgs': CMAKE_PREFIX_PATH=/opt/ros/humble /usr/bin/cmake --install /home/manel/psolar_ws/build/opennav_coverage_msgs
[0.621s] -- Install configuration: ""
[0.622s] -- Up-to-date: /home/manel/psolar_ws/install/opennav_coverage_msgs/share/ament_index/resource_index/rosidl_interfaces/opennav_coverage_msgs
[0.622s] -- Up-to-date: /home/manel/psolar_ws/install/opennav_coverage_msgs/include/opennav_coverage_msgs/opennav_coverage_msgs
[0.622s] -- Up-to-date: /home/manel/psolar_ws/install/opennav_coverage_msgs/include/opennav_coverage_msgs/opennav_coverage_msgs/action
[0.622s] -- Up-to-date: /home/manel/psolar_ws/install/opennav_coverage_msgs/include/opennav_coverage_msgs/opennav_coverage_msgs/action/compute_coverage_path.h
[0.622s] -- Up-to-date: /home/manel/psolar_ws/install/opennav_coverage_msgs/include/opennav_coverage_msgs/opennav_coverage_msgs/action/navigate_complete_coverage.h
[0.622s] -- Up-to-date: /home/manel/psolar_ws/install/opennav_coverage_msgs/include/opennav_coverage_msgs/opennav_coverage_msgs/action/detail
[0.622s] -- Up-to-date: /home/manel/psolar_ws/install/opennav_coverage_msgs/include/opennav_coverage_msgs/opennav_coverage_msgs/action/detail/navigate_complete_coverage__functions.h
[0.623s] -- Up-to-date: /home/manel/psolar_ws/install/opennav_coverage_msgs/include/opennav_coverage_msgs/opennav_coverage_msgs/action/detail/compute_coverage_path__functions.c
[0.623s] -- Up-to-date: /home/manel/psolar_ws/install/opennav_coverage_msgs/include/opennav_coverage_msgs/opennav_coverage_msgs/action/detail/compute_coverage_path__functions.h
[0.623s] -- Up-to-date: /home/manel/psolar_ws/install/opennav_coverage_msgs/include/opennav_coverage_msgs/opennav_coverage_msgs/action/detail/navigate_complete_coverage__type_support.h
[0.623s] -- Up-to-date: /home/manel/psolar_ws/install/opennav_coverage_msgs/include/opennav_coverage_msgs/opennav_coverage_msgs/action/detail/compute_coverage_path__type_support.h
[0.623s] -- Up-to-date: /home/manel/psolar_ws/install/opennav_coverage_msgs/include/opennav_coverage_msgs/opennav_coverage_msgs/action/detail/compute_coverage_path__struct.h
[0.623s] -- Up-to-date: /home/manel/psolar_ws/install/opennav_coverage_msgs/include/opennav_coverage_msgs/opennav_coverage_msgs/action/detail/navigate_complete_coverage__functions.c
[0.623s] -- Up-to-date: /home/manel/psolar_ws/install/opennav_coverage_msgs/include/opennav_coverage_msgs/opennav_coverage_msgs/action/detail/navigate_complete_coverage__struct.h
[0.623s] -- Up-to-date: /home/manel/psolar_ws/install/opennav_coverage_msgs/include/opennav_coverage_msgs/opennav_coverage_msgs/msg
[0.623s] -- Up-to-date: /home/manel/psolar_ws/install/opennav_coverage_msgs/include/opennav_coverage_msgs/opennav_coverage_msgs/msg/coordinate.h
[0.623s] -- Up-to-date: /home/manel/psolar_ws/install/opennav_coverage_msgs/include/opennav_coverage_msgs/opennav_coverage_msgs/msg/row_swath_mode.h
[0.624s] -- Up-to-date: /home/manel/psolar_ws/install/opennav_coverage_msgs/include/opennav_coverage_msgs/opennav_coverage_msgs/msg/path_mode.h
[0.624s] -- Up-to-date: /home/manel/psolar_ws/install/opennav_coverage_msgs/include/opennav_coverage_msgs/opennav_coverage_msgs/msg/rosidl_generator_c__visibility_control.h
[0.624s] -- Up-to-date: /home/manel/psolar_ws/install/opennav_coverage_msgs/include/opennav_coverage_msgs/opennav_coverage_msgs/msg/swath_mode.h
[0.624s] -- Up-to-date: /home/manel/psolar_ws/install/opennav_coverage_msgs/include/opennav_coverage_msgs/opennav_coverage_msgs/msg/swath.h
[0.624s] -- Up-to-date: /home/manel/psolar_ws/install/opennav_coverage_msgs/include/opennav_coverage_msgs/opennav_coverage_msgs/msg/route_mode.h
[0.624s] -- Up-to-date: /home/manel/psolar_ws/install/opennav_coverage_msgs/include/opennav_coverage_msgs/opennav_coverage_msgs/msg/path_components.h
[0.624s] -- Up-to-date: /home/manel/psolar_ws/install/opennav_coverage_msgs/include/opennav_coverage_msgs/opennav_coverage_msgs/msg/detail
[0.624s] -- Up-to-date: /home/manel/psolar_ws/install/opennav_coverage_msgs/include/opennav_coverage_msgs/opennav_coverage_msgs/msg/detail/swath__functions.h
[0.625s] -- Up-to-date: /home/manel/psolar_ws/install/opennav_coverage_msgs/include/opennav_coverage_msgs/opennav_coverage_msgs/msg/detail/path_components__functions.h
[0.625s] -- Up-to-date: /home/manel/psolar_ws/install/opennav_coverage_msgs/include/opennav_coverage_msgs/opennav_coverage_msgs/msg/detail/row_swath_mode__type_support.h
[0.625s] -- Up-to-date: /home/manel/psolar_ws/install/opennav_coverage_msgs/include/opennav_coverage_msgs/opennav_coverage_msgs/msg/detail/headland_mode__functions.h
[0.625s] -- Up-to-date: /home/manel/psolar_ws/install/opennav_coverage_msgs/include/opennav_coverage_msgs/opennav_coverage_msgs/msg/detail/swath_mode__type_support.h
[0.625s] -- Up-to-date: /home/manel/psolar_ws/install/opennav_coverage_msgs/include/opennav_coverage_msgs/opennav_coverage_msgs/msg/detail/row_swath_mode__functions.h
[0.626s] -- Up-to-date: /home/manel/psolar_ws/install/opennav_coverage_msgs/include/opennav_coverage_msgs/opennav_coverage_msgs/msg/detail/route_mode__type_support.h
[0.626s] -- Up-to-date: /home/manel/psolar_ws/install/opennav_coverage_msgs/include/opennav_coverage_msgs/opennav_coverage_msgs/msg/detail/coordinate__type_support.h
[0.626s] -- Up-to-date: /home/manel/psolar_ws/install/opennav_coverage_msgs/include/opennav_coverage_msgs/opennav_coverage_msgs/msg/detail/swath_mode__struct.h
[0.626s] -- Up-to-date: /home/manel/psolar_ws/install/opennav_coverage_msgs/include/opennav_coverage_msgs/opennav_coverage_msgs/msg/detail/coordinate__functions.c
[0.626s] -- Up-to-date: /home/manel/psolar_ws/install/opennav_coverage_msgs/include/opennav_coverage_msgs/opennav_coverage_msgs/msg/detail/coordinate__functions.h
[0.626s] -- Up-to-date: /home/manel/psolar_ws/install/opennav_coverage_msgs/include/opennav_coverage_msgs/opennav_coverage_msgs/msg/detail/path_components__type_support.h
[0.626s] -- Up-to-date: /home/manel/psolar_ws/install/opennav_coverage_msgs/include/opennav_coverage_msgs/opennav_coverage_msgs/msg/detail/route_mode__functions.c
[0.626s] -- Up-to-date: /home/manel/psolar_ws/install/opennav_coverage_msgs/include/opennav_coverage_msgs/opennav_coverage_msgs/msg/detail/path_mode__struct.h
[0.626s] -- Up-to-date: /home/manel/psolar_ws/install/opennav_coverage_msgs/include/opennav_coverage_msgs/opennav_coverage_msgs/msg/detail/swath__struct.h
[0.627s] -- Up-to-date: /home/manel/psolar_ws/install/opennav_coverage_msgs/include/opennav_coverage_msgs/opennav_coverage_msgs/msg/detail/headland_mode__struct.h
[0.627s] -- Up-to-date: /home/manel/psolar_ws/install/opennav_coverage_msgs/include/opennav_coverage_msgs/opennav_coverage_msgs/msg/detail/coordinates__struct.h
[0.627s] -- Up-to-date: /home/manel/psolar_ws/install/opennav_coverage_msgs/include/opennav_coverage_msgs/opennav_coverage_msgs/msg/detail/row_swath_mode__functions.c
[0.627s] -- Up-to-date: /home/manel/psolar_ws/install/opennav_coverage_msgs/include/opennav_coverage_msgs/opennav_coverage_msgs/msg/detail/swath_mode__functions.c
[0.627s] -- Up-to-date: /home/manel/psolar_ws/install/opennav_coverage_msgs/include/opennav_coverage_msgs/opennav_coverage_msgs/msg/detail/path_components__struct.h
[0.627s] -- Up-to-date: /home/manel/psolar_ws/install/opennav_coverage_msgs/include/opennav_coverage_msgs/opennav_coverage_msgs/msg/detail/coordinate__struct.h
[0.627s] -- Up-to-date: /home/manel/psolar_ws/install/opennav_coverage_msgs/include/opennav_coverage_msgs/opennav_coverage_msgs/msg/detail/path_components__functions.c
[0.627s] -- Up-to-date: /home/manel/psolar_ws/install/opennav_coverage_msgs/include/opennav_coverage_msgs/opennav_coverage_msgs/msg/detail/path_mode__functions.h
[0.627s] -- Up-to-date: /home/manel/psolar_ws/install/opennav_coverage_msgs/include/opennav_coverage_msgs/opennav_coverage_msgs/msg/detail/swath__type_support.h
[0.627s] -- Up-to-date: /home/manel/psolar_ws/install/opennav_coverage_msgs/include/opennav_coverage_msgs/opennav_coverage_msgs/msg/detail/coordinates__functions.c
[0.628s] -- Up-to-date: /home/manel/psolar_ws/install/opennav_coverage_msgs/include/opennav_coverage_msgs/opennav_coverage_msgs/msg/detail/headland_mode__type_support.h
[0.628s] -- Up-to-date: /home/manel/psolar_ws/install/opennav_coverage_msgs/include/opennav_coverage_msgs/opennav_coverage_msgs/msg/detail/route_mode__functions.h
[0.628s] -- Up-to-date: /home/manel/psolar_ws/install/opennav_coverage_msgs/include/opennav_coverage_msgs/opennav_coverage_msgs/msg/detail/path_mode__type_support.h
[0.628s] -- Up-to-date: /home/manel/psolar_ws/install/opennav_coverage_msgs/include/opennav_coverage_msgs/opennav_coverage_msgs/msg/detail/path_mode__functions.c
[0.628s] -- Up-to-date: /home/manel/psolar_ws/install/opennav_coverage_msgs/include/opennav_coverage_msgs/opennav_coverage_msgs/msg/detail/row_swath_mode__struct.h
[0.628s] -- Up-to-date: /home/manel/psolar_ws/install/opennav_coverage_msgs/include/opennav_coverage_msgs/opennav_coverage_msgs/msg/detail/route_mode__struct.h
[0.628s] -- Up-to-date: /home/manel/psolar_ws/install/opennav_coverage_msgs/include/opennav_coverage_msgs/opennav_coverage_msgs/msg/detail/coordinates__functions.h
[0.628s] -- Up-to-date: /home/manel/psolar_ws/install/opennav_coverage_msgs/include/opennav_coverage_msgs/opennav_coverage_msgs/msg/detail/headland_mode__functions.c
[0.628s] -- Up-to-date: /home/manel/psolar_ws/install/opennav_coverage_msgs/include/opennav_coverage_msgs/opennav_coverage_msgs/msg/detail/swath__functions.c
[0.628s] -- Up-to-date: /home/manel/psolar_ws/install/opennav_coverage_msgs/include/opennav_coverage_msgs/opennav_coverage_msgs/msg/detail/coordinates__type_support.h
[0.628s] -- Up-to-date: /home/manel/psolar_ws/install/opennav_coverage_msgs/include/opennav_coverage_msgs/opennav_coverage_msgs/msg/detail/swath_mode__functions.h
[0.628s] -- Up-to-date: /home/manel/psolar_ws/install/opennav_coverage_msgs/include/opennav_coverage_msgs/opennav_coverage_msgs/msg/headland_mode.h
[0.628s] -- Up-to-date: /home/manel/psolar_ws/install/opennav_coverage_msgs/include/opennav_coverage_msgs/opennav_coverage_msgs/msg/coordinates.h
[0.629s] -- Up-to-date: /home/manel/psolar_ws/install/opennav_coverage_msgs/share/opennav_coverage_msgs/environment/library_path.sh
[0.629s] -- Up-to-date: /home/manel/psolar_ws/install/opennav_coverage_msgs/share/opennav_coverage_msgs/environment/library_path.dsv
[0.629s] -- Up-to-date: /home/manel/psolar_ws/install/opennav_coverage_msgs/lib/libopennav_coverage_msgs__rosidl_generator_c.so
[0.629s] -- Up-to-date: /home/manel/psolar_ws/install/opennav_coverage_msgs/include/opennav_coverage_msgs/opennav_coverage_msgs
[0.629s] -- Up-to-date: /home/manel/psolar_ws/install/opennav_coverage_msgs/include/opennav_coverage_msgs/opennav_coverage_msgs/action
[0.629s] -- Up-to-date: /home/manel/psolar_ws/install/opennav_coverage_msgs/include/opennav_coverage_msgs/opennav_coverage_msgs/action/detail
[0.629s] -- Up-to-date: /home/manel/psolar_ws/install/opennav_coverage_msgs/include/opennav_coverage_msgs/opennav_coverage_msgs/action/detail/compute_coverage_path__rosidl_typesupport_fastrtps_c.h
[0.629s] -- Up-to-date: /home/manel/psolar_ws/install/opennav_coverage_msgs/include/opennav_coverage_msgs/opennav_coverage_msgs/action/detail/navigate_complete_coverage__rosidl_typesupport_fastrtps_c.h
[0.629s] -- Up-to-date: /home/manel/psolar_ws/install/opennav_coverage_msgs/include/opennav_coverage_msgs/opennav_coverage_msgs/msg
[0.630s] -- Up-to-date: /home/manel/psolar_ws/install/opennav_coverage_msgs/include/opennav_coverage_msgs/opennav_coverage_msgs/msg/rosidl_typesupport_fastrtps_c__visibility_control.h
[0.630s] -- Up-to-date: /home/manel/psolar_ws/install/opennav_coverage_msgs/include/opennav_coverage_msgs/opennav_coverage_msgs/msg/detail
[0.630s] -- Up-to-date: /home/manel/psolar_ws/install/opennav_coverage_msgs/include/opennav_coverage_msgs/opennav_coverage_msgs/msg/detail/path_components__rosidl_typesupport_fastrtps_c.h
[0.630s] -- Up-to-date: /home/manel/psolar_ws/install/opennav_coverage_msgs/include/opennav_coverage_msgs/opennav_coverage_msgs/msg/detail/swath_mode__rosidl_typesupport_fastrtps_c.h
[0.630s] -- Up-to-date: /home/manel/psolar_ws/install/opennav_coverage_msgs/include/opennav_coverage_msgs/opennav_coverage_msgs/msg/detail/path_mode__rosidl_typesupport_fastrtps_c.h
[0.630s] -- Up-to-date: /home/manel/psolar_ws/install/opennav_coverage_msgs/include/opennav_coverage_msgs/opennav_coverage_msgs/msg/detail/coordinates__rosidl_typesupport_fastrtps_c.h
[0.630s] -- Up-to-date: /home/manel/psolar_ws/install/opennav_coverage_msgs/include/opennav_coverage_msgs/opennav_coverage_msgs/msg/detail/headland_mode__rosidl_typesupport_fastrtps_c.h
[0.630s] -- Up-to-date: /home/manel/psolar_ws/install/opennav_coverage_msgs/include/opennav_coverage_msgs/opennav_coverage_msgs/msg/detail/row_swath_mode__rosidl_typesupport_fastrtps_c.h
[0.630s] -- Up-to-date: /home/manel/psolar_ws/install/opennav_coverage_msgs/include/opennav_coverage_msgs/opennav_coverage_msgs/msg/detail/swath__rosidl_typesupport_fastrtps_c.h
[0.630s] -- Up-to-date: /home/manel/psolar_ws/install/opennav_coverage_msgs/include/opennav_coverage_msgs/opennav_coverage_msgs/msg/detail/coordinate__rosidl_typesupport_fastrtps_c.h
[0.630s] -- Up-to-date: /home/manel/psolar_ws/install/opennav_coverage_msgs/include/opennav_coverage_msgs/opennav_coverage_msgs/msg/detail/route_mode__rosidl_typesupport_fastrtps_c.h
[0.630s] -- Up-to-date: /home/manel/psolar_ws/install/opennav_coverage_msgs/lib/libopennav_coverage_msgs__rosidl_typesupport_fastrtps_c.so
[0.630s] -- Up-to-date: /home/manel/psolar_ws/install/opennav_coverage_msgs/include/opennav_coverage_msgs/opennav_coverage_msgs
[0.631s] -- Up-to-date: /home/manel/psolar_ws/install/opennav_coverage_msgs/include/opennav_coverage_msgs/opennav_coverage_msgs/action
[0.631s] -- Up-to-date: /home/manel/psolar_ws/install/opennav_coverage_msgs/include/opennav_coverage_msgs/opennav_coverage_msgs/action/compute_coverage_path.hpp
[0.631s] -- Up-to-date: /home/manel/psolar_ws/install/opennav_coverage_msgs/include/opennav_coverage_msgs/opennav_coverage_msgs/action/detail
[0.631s] -- Up-to-date: /home/manel/psolar_ws/install/opennav_coverage_msgs/include/opennav_coverage_msgs/opennav_coverage_msgs/action/detail/compute_coverage_path__builder.hpp
[0.631s] -- Up-to-date: /home/manel/psolar_ws/install/opennav_coverage_msgs/include/opennav_coverage_msgs/opennav_coverage_msgs/action/detail/navigate_complete_coverage__type_support.hpp
[0.631s] -- Up-to-date: /home/manel/psolar_ws/install/opennav_coverage_msgs/include/opennav_coverage_msgs/opennav_coverage_msgs/action/detail/navigate_complete_coverage__builder.hpp
[0.631s] -- Up-to-date: /home/manel/psolar_ws/install/opennav_coverage_msgs/include/opennav_coverage_msgs/opennav_coverage_msgs/action/detail/compute_coverage_path__type_support.hpp
[0.631s] -- Up-to-date: /home/manel/psolar_ws/install/opennav_coverage_msgs/include/opennav_coverage_msgs/opennav_coverage_msgs/action/detail/navigate_complete_coverage__traits.hpp
[0.631s] -- Up-to-date: /home/manel/psolar_ws/install/opennav_coverage_msgs/include/opennav_coverage_msgs/opennav_coverage_msgs/action/detail/compute_coverage_path__struct.hpp
[0.631s] -- Up-to-date: /home/manel/psolar_ws/install/opennav_coverage_msgs/include/opennav_coverage_msgs/opennav_coverage_msgs/action/detail/navigate_complete_coverage__struct.hpp
[0.631s] -- Up-to-date: /home/manel/psolar_ws/install/opennav_coverage_msgs/include/opennav_coverage_msgs/opennav_coverage_msgs/action/detail/compute_coverage_path__traits.hpp
[0.631s] -- Up-to-date: /home/manel/psolar_ws/install/opennav_coverage_msgs/include/opennav_coverage_msgs/opennav_coverage_msgs/action/navigate_complete_coverage.hpp
[0.631s] -- Up-to-date: /home/manel/psolar_ws/install/opennav_coverage_msgs/include/opennav_coverage_msgs/opennav_coverage_msgs/msg
[0.631s] -- Up-to-date: /home/manel/psolar_ws/install/opennav_coverage_msgs/include/opennav_coverage_msgs/opennav_coverage_msgs/msg/headland_mode.hpp
[0.631s] -- Up-to-date: /home/manel/psolar_ws/install/opennav_coverage_msgs/include/opennav_coverage_msgs/opennav_coverage_msgs/msg/path_components.hpp
[0.632s] -- Up-to-date: /home/manel/psolar_ws/install/opennav_coverage_msgs/include/opennav_coverage_msgs/opennav_coverage_msgs/msg/coordinate.hpp
[0.632s] -- Up-to-date: /home/manel/psolar_ws/install/opennav_coverage_msgs/include/opennav_coverage_msgs/opennav_coverage_msgs/msg/coordinates.hpp
[0.632s] -- Up-to-date: /home/manel/psolar_ws/install/opennav_coverage_msgs/include/opennav_coverage_msgs/opennav_coverage_msgs/msg/path_mode.hpp
[0.632s] -- Up-to-date: /home/manel/psolar_ws/install/opennav_coverage_msgs/include/opennav_coverage_msgs/opennav_coverage_msgs/msg/swath_mode.hpp
[0.632s] -- Up-to-date: /home/manel/psolar_ws/install/opennav_coverage_msgs/include/opennav_coverage_msgs/opennav_coverage_msgs/msg/row_swath_mode.hpp
[0.632s] -- Up-to-date: /home/manel/psolar_ws/install/opennav_coverage_msgs/include/opennav_coverage_msgs/opennav_coverage_msgs/msg/rosidl_generator_cpp__visibility_control.hpp
[0.632s] -- Up-to-date: /home/manel/psolar_ws/install/opennav_coverage_msgs/include/opennav_coverage_msgs/opennav_coverage_msgs/msg/route_mode.hpp
[0.632s] -- Up-to-date: /home/manel/psolar_ws/install/opennav_coverage_msgs/include/opennav_coverage_msgs/opennav_coverage_msgs/msg/swath.hpp
[0.632s] -- Up-to-date: /home/manel/psolar_ws/install/opennav_coverage_msgs/include/opennav_coverage_msgs/opennav_coverage_msgs/msg/detail
[0.632s] -- Up-to-date: /home/manel/psolar_ws/install/opennav_coverage_msgs/include/opennav_coverage_msgs/opennav_coverage_msgs/msg/detail/coordinate__traits.hpp
[0.632s] -- Up-to-date: /home/manel/psolar_ws/install/opennav_coverage_msgs/include/opennav_coverage_msgs/opennav_coverage_msgs/msg/detail/headland_mode__type_support.hpp
[0.632s] -- Up-to-date: /home/manel/psolar_ws/install/opennav_coverage_msgs/include/opennav_coverage_msgs/opennav_coverage_msgs/msg/detail/swath__builder.hpp
[0.632s] -- Up-to-date: /home/manel/psolar_ws/install/opennav_coverage_msgs/include/opennav_coverage_msgs/opennav_coverage_msgs/msg/detail/path_components__type_support.hpp
[0.632s] -- Up-to-date: /home/manel/psolar_ws/install/opennav_coverage_msgs/include/opennav_coverage_msgs/opennav_coverage_msgs/msg/detail/coordinates__traits.hpp
[0.632s] -- Up-to-date: /home/manel/psolar_ws/install/opennav_coverage_msgs/include/opennav_coverage_msgs/opennav_coverage_msgs/msg/detail/swath_mode__traits.hpp
[0.633s] -- Up-to-date: /home/manel/psolar_ws/install/opennav_coverage_msgs/include/opennav_coverage_msgs/opennav_coverage_msgs/msg/detail/headland_mode__struct.hpp
[0.633s] -- Up-to-date: /home/manel/psolar_ws/install/opennav_coverage_msgs/include/opennav_coverage_msgs/opennav_coverage_msgs/msg/detail/row_swath_mode__traits.hpp
[0.633s] -- Up-to-date: /home/manel/psolar_ws/install/opennav_coverage_msgs/include/opennav_coverage_msgs/opennav_coverage_msgs/msg/detail/swath_mode__struct.hpp
[0.633s] -- Up-to-date: /home/manel/psolar_ws/install/opennav_coverage_msgs/include/opennav_coverage_msgs/opennav_coverage_msgs/msg/detail/path_components__builder.hpp
[0.633s] -- Up-to-date: /home/manel/psolar_ws/install/opennav_coverage_msgs/include/opennav_coverage_msgs/opennav_coverage_msgs/msg/detail/path_mode__type_support.hpp
[0.633s] -- Up-to-date: /home/manel/psolar_ws/install/opennav_coverage_msgs/include/opennav_coverage_msgs/opennav_coverage_msgs/msg/detail/swath__type_support.hpp
[0.633s] -- Up-to-date: /home/manel/psolar_ws/install/opennav_coverage_msgs/include/opennav_coverage_msgs/opennav_coverage_msgs/msg/detail/coordinate__struct.hpp
[0.633s] -- Up-to-date: /home/manel/psolar_ws/install/opennav_coverage_msgs/include/opennav_coverage_msgs/opennav_coverage_msgs/msg/detail/swath_mode__type_support.hpp
[0.633s] -- Up-to-date: /home/manel/psolar_ws/install/opennav_coverage_msgs/include/opennav_coverage_msgs/opennav_coverage_msgs/msg/detail/route_mode__traits.hpp
[0.633s] -- Up-to-date: /home/manel/psolar_ws/install/opennav_coverage_msgs/include/opennav_coverage_msgs/opennav_coverage_msgs/msg/detail/swath__struct.hpp
[0.633s] -- Up-to-date: /home/manel/psolar_ws/install/opennav_coverage_msgs/include/opennav_coverage_msgs/opennav_coverage_msgs/msg/detail/path_mode__builder.hpp
[0.633s] -- Up-to-date: /home/manel/psolar_ws/install/opennav_coverage_msgs/include/opennav_coverage_msgs/opennav_coverage_msgs/msg/detail/path_mode__traits.hpp
[0.633s] -- Up-to-date: /home/manel/psolar_ws/install/opennav_coverage_msgs/include/opennav_coverage_msgs/opennav_coverage_msgs/msg/detail/headland_mode__traits.hpp
[0.633s] -- Up-to-date: /home/manel/psolar_ws/install/opennav_coverage_msgs/include/opennav_coverage_msgs/opennav_coverage_msgs/msg/detail/coordinate__builder.hpp
[0.634s] -- Up-to-date: /home/manel/psolar_ws/install/opennav_coverage_msgs/include/opennav_coverage_msgs/opennav_coverage_msgs/msg/detail/coordinate__type_support.hpp
[0.634s] -- Up-to-date: /home/manel/psolar_ws/install/opennav_coverage_msgs/include/opennav_coverage_msgs/opennav_coverage_msgs/msg/detail/path_mode__struct.hpp
[0.634s] -- Up-to-date: /home/manel/psolar_ws/install/opennav_coverage_msgs/include/opennav_coverage_msgs/opennav_coverage_msgs/msg/detail/swath__traits.hpp
[0.634s] -- Up-to-date: /home/manel/psolar_ws/install/opennav_coverage_msgs/include/opennav_coverage_msgs/opennav_coverage_msgs/msg/detail/row_swath_mode__struct.hpp
[0.634s] -- Up-to-date: /home/manel/psolar_ws/install/opennav_coverage_msgs/include/opennav_coverage_msgs/opennav_coverage_msgs/msg/detail/headland_mode__builder.hpp
[0.634s] -- Up-to-date: /home/manel/psolar_ws/install/opennav_coverage_msgs/include/opennav_coverage_msgs/opennav_coverage_msgs/msg/detail/path_components__struct.hpp
[0.634s] -- Up-to-date: /home/manel/psolar_ws/install/opennav_coverage_msgs/include/opennav_coverage_msgs/opennav_coverage_msgs/msg/detail/route_mode__struct.hpp
[0.634s] -- Up-to-date: /home/manel/psolar_ws/install/opennav_coverage_msgs/include/opennav_coverage_msgs/opennav_coverage_msgs/msg/detail/path_components__traits.hpp
[0.634s] -- Up-to-date: /home/manel/psolar_ws/install/opennav_coverage_msgs/include/opennav_coverage_msgs/opennav_coverage_msgs/msg/detail/coordinates__struct.hpp
[0.634s] -- Up-to-date: /home/manel/psolar_ws/install/opennav_coverage_msgs/include/opennav_coverage_msgs/opennav_coverage_msgs/msg/detail/row_swath_mode__builder.hpp
[0.634s] -- Up-to-date: /home/manel/psolar_ws/install/opennav_coverage_msgs/include/opennav_coverage_msgs/opennav_coverage_msgs/msg/detail/coordinates__type_support.hpp
[0.634s] -- Up-to-date: /home/manel/psolar_ws/install/opennav_coverage_msgs/include/opennav_coverage_msgs/opennav_coverage_msgs/msg/detail/coordinates__builder.hpp
[0.634s] -- Up-to-date: /home/manel/psolar_ws/install/opennav_coverage_msgs/include/opennav_coverage_msgs/opennav_coverage_msgs/msg/detail/route_mode__builder.hpp
[0.635s] -- Up-to-date: /home/manel/psolar_ws/install/opennav_coverage_msgs/include/opennav_coverage_msgs/opennav_coverage_msgs/msg/detail/row_swath_mode__type_support.hpp
[0.635s] -- Up-to-date: /home/manel/psolar_ws/install/opennav_coverage_msgs/include/opennav_coverage_msgs/opennav_coverage_msgs/msg/detail/swath_mode__builder.hpp
[0.635s] -- Up-to-date: /home/manel/psolar_ws/install/opennav_coverage_msgs/include/opennav_coverage_msgs/opennav_coverage_msgs/msg/detail/route_mode__type_support.hpp
[0.635s] -- Up-to-date: /home/manel/psolar_ws/install/opennav_coverage_msgs/include/opennav_coverage_msgs/opennav_coverage_msgs
[0.635s] -- Up-to-date: /home/manel/psolar_ws/install/opennav_coverage_msgs/include/opennav_coverage_msgs/opennav_coverage_msgs/action
[0.635s] -- Up-to-date: /home/manel/psolar_ws/install/opennav_coverage_msgs/include/opennav_coverage_msgs/opennav_coverage_msgs/action/detail
[0.635s] -- Up-to-date: /home/manel/psolar_ws/install/opennav_coverage_msgs/include/opennav_coverage_msgs/opennav_coverage_msgs/action/detail/compute_coverage_path__rosidl_typesupport_fastrtps_cpp.hpp
[0.635s] -- Up-to-date: /home/manel/psolar_ws/install/opennav_coverage_msgs/include/opennav_coverage_msgs/opennav_coverage_msgs/action/detail/navigate_complete_coverage__rosidl_typesupport_fastrtps_cpp.hpp
[0.636s] -- Up-to-date: /home/manel/psolar_ws/install/opennav_coverage_msgs/include/opennav_coverage_msgs/opennav_coverage_msgs/action/detail/dds_fastrtps
[0.636s] -- Up-to-date: /home/manel/psolar_ws/install/opennav_coverage_msgs/include/opennav_coverage_msgs/opennav_coverage_msgs/msg
[0.636s] -- Up-to-date: /home/manel/psolar_ws/install/opennav_coverage_msgs/include/opennav_coverage_msgs/opennav_coverage_msgs/msg/rosidl_typesupport_fastrtps_cpp__visibility_control.h
[0.636s] -- Up-to-date: /home/manel/psolar_ws/install/opennav_coverage_msgs/include/opennav_coverage_msgs/opennav_coverage_msgs/msg/detail
[0.636s] -- Up-to-date: /home/manel/psolar_ws/install/opennav_coverage_msgs/include/opennav_coverage_msgs/opennav_coverage_msgs/msg/detail/dds_fastrtps
[0.636s] -- Up-to-date: /home/manel/psolar_ws/install/opennav_coverage_msgs/include/opennav_coverage_msgs/opennav_coverage_msgs/msg/detail/swath__rosidl_typesupport_fastrtps_cpp.hpp
[0.636s] -- Up-to-date: /home/manel/psolar_ws/install/opennav_coverage_msgs/include/opennav_coverage_msgs/opennav_coverage_msgs/msg/detail/route_mode__rosidl_typesupport_fastrtps_cpp.hpp
[0.636s] -- Up-to-date: /home/manel/psolar_ws/install/opennav_coverage_msgs/include/opennav_coverage_msgs/opennav_coverage_msgs/msg/detail/headland_mode__rosidl_typesupport_fastrtps_cpp.hpp
[0.637s] -- Up-to-date: /home/manel/psolar_ws/install/opennav_coverage_msgs/include/opennav_coverage_msgs/opennav_coverage_msgs/msg/detail/swath_mode__rosidl_typesupport_fastrtps_cpp.hpp
[0.637s] -- Up-to-date: /home/manel/psolar_ws/install/opennav_coverage_msgs/include/opennav_coverage_msgs/opennav_coverage_msgs/msg/detail/path_mode__rosidl_typesupport_fastrtps_cpp.hpp
[0.637s] -- Up-to-date: /home/manel/psolar_ws/install/opennav_coverage_msgs/include/opennav_coverage_msgs/opennav_coverage_msgs/msg/detail/coordinates__rosidl_typesupport_fastrtps_cpp.hpp
[0.637s] -- Up-to-date: /home/manel/psolar_ws/install/opennav_coverage_msgs/include/opennav_coverage_msgs/opennav_coverage_msgs/msg/detail/coordinate__rosidl_typesupport_fastrtps_cpp.hpp
[0.637s] -- Up-to-date: /home/manel/psolar_ws/install/opennav_coverage_msgs/include/opennav_coverage_msgs/opennav_coverage_msgs/msg/detail/row_swath_mode__rosidl_typesupport_fastrtps_cpp.hpp
[0.637s] -- Up-to-date: /home/manel/psolar_ws/install/opennav_coverage_msgs/include/opennav_coverage_msgs/opennav_coverage_msgs/msg/detail/path_components__rosidl_typesupport_fastrtps_cpp.hpp
[0.637s] -- Up-to-date: /home/manel/psolar_ws/install/opennav_coverage_msgs/lib/libopennav_coverage_msgs__rosidl_typesupport_fastrtps_cpp.so
[0.637s] -- Up-to-date: /home/manel/psolar_ws/install/opennav_coverage_msgs/include/opennav_coverage_msgs/opennav_coverage_msgs
[0.637s] -- Up-to-date: /home/manel/psolar_ws/install/opennav_coverage_msgs/include/opennav_coverage_msgs/opennav_coverage_msgs/action
[0.638s] -- Up-to-date: /home/manel/psolar_ws/install/opennav_coverage_msgs/include/opennav_coverage_msgs/opennav_coverage_msgs/action/detail
[0.638s] -- Up-to-date: /home/manel/psolar_ws/install/opennav_coverage_msgs/include/opennav_coverage_msgs/opennav_coverage_msgs/action/detail/navigate_complete_coverage__rosidl_typesupport_introspection_c.h
[0.638s] -- Up-to-date: /home/manel/psolar_ws/install/opennav_coverage_msgs/include/opennav_coverage_msgs/opennav_coverage_msgs/action/detail/navigate_complete_coverage__type_support.c
[0.638s] -- Up-to-date: /home/manel/psolar_ws/install/opennav_coverage_msgs/include/opennav_coverage_msgs/opennav_coverage_msgs/action/detail/compute_coverage_path__type_support.c
[0.638s] -- Up-to-date: /home/manel/psolar_ws/install/opennav_coverage_msgs/include/opennav_coverage_msgs/opennav_coverage_msgs/action/detail/compute_coverage_path__rosidl_typesupport_introspection_c.h
[0.638s] -- Up-to-date: /home/manel/psolar_ws/install/opennav_coverage_msgs/include/opennav_coverage_msgs/opennav_coverage_msgs/msg
[0.638s] -- Up-to-date: /home/manel/psolar_ws/install/opennav_coverage_msgs/include/opennav_coverage_msgs/opennav_coverage_msgs/msg/rosidl_typesupport_introspection_c__visibility_control.h
[0.638s] -- Up-to-date: /home/manel/psolar_ws/install/opennav_coverage_msgs/include/opennav_coverage_msgs/opennav_coverage_msgs/msg/detail
[0.639s] -- Up-to-date: /home/manel/psolar_ws/install/opennav_coverage_msgs/include/opennav_coverage_msgs/opennav_coverage_msgs/msg/detail/swath_mode__type_support.c
[0.639s] -- Up-to-date: /home/manel/psolar_ws/install/opennav_coverage_msgs/include/opennav_coverage_msgs/opennav_coverage_msgs/msg/detail/path_mode__type_support.c
[0.639s] -- Up-to-date: /home/manel/psolar_ws/install/opennav_coverage_msgs/include/opennav_coverage_msgs/opennav_coverage_msgs/msg/detail/coordinate__type_support.c
[0.639s] -- Up-to-date: /home/manel/psolar_ws/install/opennav_coverage_msgs/include/opennav_coverage_msgs/opennav_coverage_msgs/msg/detail/path_components__rosidl_typesupport_introspection_c.h
[0.639s] -- Up-to-date: /home/manel/psolar_ws/install/opennav_coverage_msgs/include/opennav_coverage_msgs/opennav_coverage_msgs/msg/detail/swath_mode__rosidl_typesupport_introspection_c.h
[0.639s] -- Up-to-date: /home/manel/psolar_ws/install/opennav_coverage_msgs/include/opennav_coverage_msgs/opennav_coverage_msgs/msg/detail/row_swath_mode__type_support.c
[0.639s] -- Up-to-date: /home/manel/psolar_ws/install/opennav_coverage_msgs/include/opennav_coverage_msgs/opennav_coverage_msgs/msg/detail/path_components__type_support.c
[0.639s] -- Up-to-date: /home/manel/psolar_ws/install/opennav_coverage_msgs/include/opennav_coverage_msgs/opennav_coverage_msgs/msg/detail/path_mode__rosidl_typesupport_introspection_c.h
[0.639s] -- Up-to-date: /home/manel/psolar_ws/install/opennav_coverage_msgs/include/opennav_coverage_msgs/opennav_coverage_msgs/msg/detail/route_mode__type_support.c
[0.640s] -- Up-to-date: /home/manel/psolar_ws/install/opennav_coverage_msgs/include/opennav_coverage_msgs/opennav_coverage_msgs/msg/detail/coordinate__rosidl_typesupport_introspection_c.h
[0.640s] -- Up-to-date: /home/manel/psolar_ws/install/opennav_coverage_msgs/include/opennav_coverage_msgs/opennav_coverage_msgs/msg/detail/row_swath_mode__rosidl_typesupport_introspection_c.h
[0.640s] -- Up-to-date: /home/manel/psolar_ws/install/opennav_coverage_msgs/include/opennav_coverage_msgs/opennav_coverage_msgs/msg/detail/headland_mode__rosidl_typesupport_introspection_c.h
[0.640s] -- Up-to-date: /home/manel/psolar_ws/install/opennav_coverage_msgs/include/opennav_coverage_msgs/opennav_coverage_msgs/msg/detail/swath__type_support.c
[0.640s] -- Up-to-date: /home/manel/psolar_ws/install/opennav_coverage_msgs/include/opennav_coverage_msgs/opennav_coverage_msgs/msg/detail/coordinates__type_support.c
[0.640s] -- Up-to-date: /home/manel/psolar_ws/install/opennav_coverage_msgs/include/opennav_coverage_msgs/opennav_coverage_msgs/msg/detail/route_mode__rosidl_typesupport_introspection_c.h
[0.640s] -- Up-to-date: /home/manel/psolar_ws/install/opennav_coverage_msgs/include/opennav_coverage_msgs/opennav_coverage_msgs/msg/detail/swath__rosidl_typesupport_introspection_c.h
[0.640s] -- Up-to-date: /home/manel/psolar_ws/install/opennav_coverage_msgs/include/opennav_coverage_msgs/opennav_coverage_msgs/msg/detail/coordinates__rosidl_typesupport_introspection_c.h
[0.640s] -- Up-to-date: /home/manel/psolar_ws/install/opennav_coverage_msgs/include/opennav_coverage_msgs/opennav_coverage_msgs/msg/detail/headland_mode__type_support.c
[0.640s] -- Up-to-date: /home/manel/psolar_ws/install/opennav_coverage_msgs/lib/libopennav_coverage_msgs__rosidl_typesupport_introspection_c.so
[0.641s] -- Up-to-date: /home/manel/psolar_ws/install/opennav_coverage_msgs/lib/libopennav_coverage_msgs__rosidl_typesupport_c.so
[0.641s] -- Up-to-date: /home/manel/psolar_ws/install/opennav_coverage_msgs/include/opennav_coverage_msgs/opennav_coverage_msgs
[0.641s] -- Up-to-date: /home/manel/psolar_ws/install/opennav_coverage_msgs/include/opennav_coverage_msgs/opennav_coverage_msgs/action
[0.641s] -- Up-to-date: /home/manel/psolar_ws/install/opennav_coverage_msgs/include/opennav_coverage_msgs/opennav_coverage_msgs/action/detail
[0.641s] -- Up-to-date: /home/manel/psolar_ws/install/opennav_coverage_msgs/include/opennav_coverage_msgs/opennav_coverage_msgs/action/detail/navigate_complete_coverage__type_support.cpp
[0.641s] -- Up-to-date: /home/manel/psolar_ws/install/opennav_coverage_msgs/include/opennav_coverage_msgs/opennav_coverage_msgs/action/detail/navigate_complete_coverage__rosidl_typesupport_introspection_cpp.hpp
[0.641s] -- Up-to-date: /home/manel/psolar_ws/install/opennav_coverage_msgs/include/opennav_coverage_msgs/opennav_coverage_msgs/action/detail/compute_coverage_path__rosidl_typesupport_introspection_cpp.hpp
[0.641s] -- Up-to-date: /home/manel/psolar_ws/install/opennav_coverage_msgs/include/opennav_coverage_msgs/opennav_coverage_msgs/action/detail/compute_coverage_path__type_support.cpp
[0.641s] -- Up-to-date: /home/manel/psolar_ws/install/opennav_coverage_msgs/include/opennav_coverage_msgs/opennav_coverage_msgs/msg
[0.642s] -- Up-to-date: /home/manel/psolar_ws/install/opennav_coverage_msgs/include/opennav_coverage_msgs/opennav_coverage_msgs/msg/detail
[0.642s] -- Up-to-date: /home/manel/psolar_ws/install/opennav_coverage_msgs/include/opennav_coverage_msgs/opennav_coverage_msgs/msg/detail/swath_mode__rosidl_typesupport_introspection_cpp.hpp
[0.642s] -- Up-to-date: /home/manel/psolar_ws/install/opennav_coverage_msgs/include/opennav_coverage_msgs/opennav_coverage_msgs/msg/detail/swath__type_support.cpp
[0.642s] -- Up-to-date: /home/manel/psolar_ws/install/opennav_coverage_msgs/include/opennav_coverage_msgs/opennav_coverage_msgs/msg/detail/swath_mode__type_support.cpp
[0.642s] -- Up-to-date: /home/manel/psolar_ws/install/opennav_coverage_msgs/include/opennav_coverage_msgs/opennav_coverage_msgs/msg/detail/swath__rosidl_typesupport_introspection_cpp.hpp
[0.642s] -- Up-to-date: /home/manel/psolar_ws/install/opennav_coverage_msgs/include/opennav_coverage_msgs/opennav_coverage_msgs/msg/detail/row_swath_mode__type_support.cpp
[0.642s] -- Up-to-date: /home/manel/psolar_ws/install/opennav_coverage_msgs/include/opennav_coverage_msgs/opennav_coverage_msgs/msg/detail/route_mode__type_support.cpp
[0.642s] -- Up-to-date: /home/manel/psolar_ws/install/opennav_coverage_msgs/include/opennav_coverage_msgs/opennav_coverage_msgs/msg/detail/headland_mode__type_support.cpp
[0.643s] -- Up-to-date: /home/manel/psolar_ws/install/opennav_coverage_msgs/include/opennav_coverage_msgs/opennav_coverage_msgs/msg/detail/path_components__rosidl_typesupport_introspection_cpp.hpp
[0.643s] -- Up-to-date: /home/manel/psolar_ws/install/opennav_coverage_msgs/include/opennav_coverage_msgs/opennav_coverage_msgs/msg/detail/path_mode__type_support.cpp
[0.643s] -- Up-to-date: /home/manel/psolar_ws/install/opennav_coverage_msgs/include/opennav_coverage_msgs/opennav_coverage_msgs/msg/detail/headland_mode__rosidl_typesupport_introspection_cpp.hpp
[0.643s] -- Up-to-date: /home/manel/psolar_ws/install/opennav_coverage_msgs/include/opennav_coverage_msgs/opennav_coverage_msgs/msg/detail/route_mode__rosidl_typesupport_introspection_cpp.hpp
[0.643s] -- Up-to-date: /home/manel/psolar_ws/install/opennav_coverage_msgs/include/opennav_coverage_msgs/opennav_coverage_msgs/msg/detail/coordinates__type_support.cpp
[0.643s] -- Up-to-date: /home/manel/psolar_ws/install/opennav_coverage_msgs/include/opennav_coverage_msgs/opennav_coverage_msgs/msg/detail/path_mode__rosidl_typesupport_introspection_cpp.hpp
[0.643s] -- Up-to-date: /home/manel/psolar_ws/install/opennav_coverage_msgs/include/opennav_coverage_msgs/opennav_coverage_msgs/msg/detail/coordinate__type_support.cpp
[0.643s] -- Up-to-date: /home/manel/psolar_ws/install/opennav_coverage_msgs/include/opennav_coverage_msgs/opennav_coverage_msgs/msg/detail/path_components__type_support.cpp
[0.644s] -- Up-to-date: /home/manel/psolar_ws/install/opennav_coverage_msgs/include/opennav_coverage_msgs/opennav_coverage_msgs/msg/detail/row_swath_mode__rosidl_typesupport_introspection_cpp.hpp
[0.644s] -- Up-to-date: /home/manel/psolar_ws/install/opennav_coverage_msgs/include/opennav_coverage_msgs/opennav_coverage_msgs/msg/detail/coordinates__rosidl_typesupport_introspection_cpp.hpp
[0.644s] -- Up-to-date: /home/manel/psolar_ws/install/opennav_coverage_msgs/include/opennav_coverage_msgs/opennav_coverage_msgs/msg/detail/coordinate__rosidl_typesupport_introspection_cpp.hpp
[0.644s] -- Up-to-date: /home/manel/psolar_ws/install/opennav_coverage_msgs/lib/libopennav_coverage_msgs__rosidl_typesupport_introspection_cpp.so
[0.644s] -- Up-to-date: /home/manel/psolar_ws/install/opennav_coverage_msgs/lib/libopennav_coverage_msgs__rosidl_typesupport_cpp.so
[0.644s] -- Up-to-date: /home/manel/psolar_ws/install/opennav_coverage_msgs/share/opennav_coverage_msgs/environment/pythonpath.sh
[0.644s] -- Up-to-date: /home/manel/psolar_ws/install/opennav_coverage_msgs/share/opennav_coverage_msgs/environment/pythonpath.dsv
[0.644s] -- Up-to-date: /home/manel/psolar_ws/install/opennav_coverage_msgs/local/lib/python3.10/dist-packages/opennav_coverage_msgs-0.0.1-py3.10.egg-info
[0.645s] -- Installing: /home/manel/psolar_ws/install/opennav_coverage_msgs/local/lib/python3.10/dist-packages/opennav_coverage_msgs-0.0.1-py3.10.egg-info/PKG-INFO
[0.645s] -- Installing: /home/manel/psolar_ws/install/opennav_coverage_msgs/local/lib/python3.10/dist-packages/opennav_coverage_msgs-0.0.1-py3.10.egg-info/top_level.txt
[0.645s] -- Installing: /home/manel/psolar_ws/install/opennav_coverage_msgs/local/lib/python3.10/dist-packages/opennav_coverage_msgs-0.0.1-py3.10.egg-info/dependency_links.txt
[0.645s] -- Installing: /home/manel/psolar_ws/install/opennav_coverage_msgs/local/lib/python3.10/dist-packages/opennav_coverage_msgs-0.0.1-py3.10.egg-info/SOURCES.txt
[0.645s] -- Up-to-date: /home/manel/psolar_ws/install/opennav_coverage_msgs/local/lib/python3.10/dist-packages/opennav_coverage_msgs
[0.645s] -- Up-to-date: /home/manel/psolar_ws/install/opennav_coverage_msgs/local/lib/python3.10/dist-packages/opennav_coverage_msgs/_opennav_coverage_msgs_s.ep.rosidl_typesupport_introspection_c.c
[0.645s] -- Up-to-date: /home/manel/psolar_ws/install/opennav_coverage_msgs/local/lib/python3.10/dist-packages/opennav_coverage_msgs/action
[0.645s] -- Up-to-date: /home/manel/psolar_ws/install/opennav_coverage_msgs/local/lib/python3.10/dist-packages/opennav_coverage_msgs/action/__init__.py
[0.646s] -- Up-to-date: /home/manel/psolar_ws/install/opennav_coverage_msgs/local/lib/python3.10/dist-packages/opennav_coverage_msgs/action/_compute_coverage_path_s.c
[0.646s] -- Up-to-date: /home/manel/psolar_ws/install/opennav_coverage_msgs/local/lib/python3.10/dist-packages/opennav_coverage_msgs/action/_navigate_complete_coverage.py
[0.646s] -- Up-to-date: /home/manel/psolar_ws/install/opennav_coverage_msgs/local/lib/python3.10/dist-packages/opennav_coverage_msgs/action/_compute_coverage_path.py
[0.646s] -- Up-to-date: /home/manel/psolar_ws/install/opennav_coverage_msgs/local/lib/python3.10/dist-packages/opennav_coverage_msgs/action/_navigate_complete_coverage_s.c
[0.646s] -- Up-to-date: /home/manel/psolar_ws/install/opennav_coverage_msgs/local/lib/python3.10/dist-packages/opennav_coverage_msgs/opennav_coverage_msgs_s__rosidl_typesupport_fastrtps_c.cpython-310-x86_64-linux-gnu.so
[0.646s] -- Up-to-date: /home/manel/psolar_ws/install/opennav_coverage_msgs/local/lib/python3.10/dist-packages/opennav_coverage_msgs/__init__.py
[0.646s] -- Up-to-date: /home/manel/psolar_ws/install/opennav_coverage_msgs/local/lib/python3.10/dist-packages/opennav_coverage_msgs/opennav_coverage_msgs_s__rosidl_typesupport_c.cpython-310-x86_64-linux-gnu.so
[0.646s] -- Up-to-date: /home/manel/psolar_ws/install/opennav_coverage_msgs/local/lib/python3.10/dist-packages/opennav_coverage_msgs/libopennav_coverage_msgs__rosidl_generator_py.so
[0.646s] -- Up-to-date: /home/manel/psolar_ws/install/opennav_coverage_msgs/local/lib/python3.10/dist-packages/opennav_coverage_msgs/opennav_coverage_msgs_s__rosidl_typesupport_introspection_c.cpython-310-x86_64-linux-gnu.so
[0.647s] -- Up-to-date: /home/manel/psolar_ws/install/opennav_coverage_msgs/local/lib/python3.10/dist-packages/opennav_coverage_msgs/_opennav_coverage_msgs_s.ep.rosidl_typesupport_fastrtps_c.c
[0.647s] -- Up-to-date: /home/manel/psolar_ws/install/opennav_coverage_msgs/local/lib/python3.10/dist-packages/opennav_coverage_msgs/_opennav_coverage_msgs_s.ep.rosidl_typesupport_c.c
[0.647s] -- Up-to-date: /home/manel/psolar_ws/install/opennav_coverage_msgs/local/lib/python3.10/dist-packages/opennav_coverage_msgs/msg
[0.647s] -- Up-to-date: /home/manel/psolar_ws/install/opennav_coverage_msgs/local/lib/python3.10/dist-packages/opennav_coverage_msgs/msg/_row_swath_mode.py
[0.647s] -- Up-to-date: /home/manel/psolar_ws/install/opennav_coverage_msgs/local/lib/python3.10/dist-packages/opennav_coverage_msgs/msg/_swath_mode.py
[0.647s] -- Up-to-date: /home/manel/psolar_ws/install/opennav_coverage_msgs/local/lib/python3.10/dist-packages/opennav_coverage_msgs/msg/_headland_mode_s.c
[0.647s] -- Up-to-date: /home/manel/psolar_ws/install/opennav_coverage_msgs/local/lib/python3.10/dist-packages/opennav_coverage_msgs/msg/_path_mode_s.c
[0.647s] -- Up-to-date: /home/manel/psolar_ws/install/opennav_coverage_msgs/local/lib/python3.10/dist-packages/opennav_coverage_msgs/msg/_row_swath_mode_s.c
[0.647s] -- Up-to-date: /home/manel/psolar_ws/install/opennav_coverage_msgs/local/lib/python3.10/dist-packages/opennav_coverage_msgs/msg/_route_mode.py
[0.647s] -- Up-to-date: /home/manel/psolar_ws/install/opennav_coverage_msgs/local/lib/python3.10/dist-packages/opennav_coverage_msgs/msg/__init__.py
[0.648s] -- Up-to-date: /home/manel/psolar_ws/install/opennav_coverage_msgs/local/lib/python3.10/dist-packages/opennav_coverage_msgs/msg/_path_mode.py
[0.648s] -- Up-to-date: /home/manel/psolar_ws/install/opennav_coverage_msgs/local/lib/python3.10/dist-packages/opennav_coverage_msgs/msg/_swath_mode_s.c
[0.648s] -- Up-to-date: /home/manel/psolar_ws/install/opennav_coverage_msgs/local/lib/python3.10/dist-packages/opennav_coverage_msgs/msg/_path_components.py
[0.648s] -- Up-to-date: /home/manel/psolar_ws/install/opennav_coverage_msgs/local/lib/python3.10/dist-packages/opennav_coverage_msgs/msg/_headland_mode.py
[0.648s] -- Up-to-date: /home/manel/psolar_ws/install/opennav_coverage_msgs/local/lib/python3.10/dist-packages/opennav_coverage_msgs/msg/_path_components_s.c
[0.648s] -- Up-to-date: /home/manel/psolar_ws/install/opennav_coverage_msgs/local/lib/python3.10/dist-packages/opennav_coverage_msgs/msg/_swath.py
[0.648s] -- Up-to-date: /home/manel/psolar_ws/install/opennav_coverage_msgs/local/lib/python3.10/dist-packages/opennav_coverage_msgs/msg/_coordinate.py
[0.648s] -- Up-to-date: /home/manel/psolar_ws/install/opennav_coverage_msgs/local/lib/python3.10/dist-packages/opennav_coverage_msgs/msg/_coordinate_s.c
[0.648s] -- Up-to-date: /home/manel/psolar_ws/install/opennav_coverage_msgs/local/lib/python3.10/dist-packages/opennav_coverage_msgs/msg/_coordinates_s.c
[0.648s] -- Up-to-date: /home/manel/psolar_ws/install/opennav_coverage_msgs/local/lib/python3.10/dist-packages/opennav_coverage_msgs/msg/_route_mode_s.c
[0.648s] -- Up-to-date: /home/manel/psolar_ws/install/opennav_coverage_msgs/local/lib/python3.10/dist-packages/opennav_coverage_msgs/msg/_swath_s.c
[0.648s] -- Up-to-date: /home/manel/psolar_ws/install/opennav_coverage_msgs/local/lib/python3.10/dist-packages/opennav_coverage_msgs/msg/_coordinates.py
[0.668s] Listing '/home/manel/psolar_ws/install/opennav_coverage_msgs/local/lib/python3.10/dist-packages/opennav_coverage_msgs'...
[0.668s] Listing '/home/manel/psolar_ws/install/opennav_coverage_msgs/local/lib/python3.10/dist-packages/opennav_coverage_msgs/action'...
[0.668s] Listing '/home/manel/psolar_ws/install/opennav_coverage_msgs/local/lib/python3.10/dist-packages/opennav_coverage_msgs/msg'...
[0.674s] -- Up-to-date: /home/manel/psolar_ws/install/opennav_coverage_msgs/local/lib/python3.10/dist-packages/opennav_coverage_msgs/opennav_coverage_msgs_s__rosidl_typesupport_fastrtps_c.cpython-310-x86_64-linux-gnu.so
[0.674s] -- Up-to-date: /home/manel/psolar_ws/install/opennav_coverage_msgs/local/lib/python3.10/dist-packages/opennav_coverage_msgs/opennav_coverage_msgs_s__rosidl_typesupport_introspection_c.cpython-310-x86_64-linux-gnu.so
[0.675s] -- Up-to-date: /home/manel/psolar_ws/install/opennav_coverage_msgs/local/lib/python3.10/dist-packages/opennav_coverage_msgs/opennav_coverage_msgs_s__rosidl_typesupport_c.cpython-310-x86_64-linux-gnu.so
[0.675s] -- Up-to-date: /home/manel/psolar_ws/install/opennav_coverage_msgs/lib/libopennav_coverage_msgs__rosidl_generator_py.so
[0.676s] -- Up-to-date: /home/manel/psolar_ws/install/opennav_coverage_msgs/share/opennav_coverage_msgs/msg/Coordinate.idl
[0.676s] -- Up-to-date: /home/manel/psolar_ws/install/opennav_coverage_msgs/share/opennav_coverage_msgs/msg/Coordinates.idl
[0.676s] -- Up-to-date: /home/manel/psolar_ws/install/opennav_coverage_msgs/share/opennav_coverage_msgs/msg/HeadlandMode.idl
[0.676s] -- Up-to-date: /home/manel/psolar_ws/install/opennav_coverage_msgs/share/opennav_coverage_msgs/msg/SwathMode.idl
[0.676s] -- Up-to-date: /home/manel/psolar_ws/install/opennav_coverage_msgs/share/opennav_coverage_msgs/msg/RowSwathMode.idl
[0.677s] -- Up-to-date: /home/manel/psolar_ws/install/opennav_coverage_msgs/share/opennav_coverage_msgs/msg/RouteMode.idl
[0.677s] -- Up-to-date: /home/manel/psolar_ws/install/opennav_coverage_msgs/share/opennav_coverage_msgs/msg/PathMode.idl
[0.677s] -- Up-to-date: /home/manel/psolar_ws/install/opennav_coverage_msgs/share/opennav_coverage_msgs/msg/Swath.idl
[0.677s] -- Up-to-date: /home/manel/psolar_ws/install/opennav_coverage_msgs/share/opennav_coverage_msgs/msg/PathComponents.idl
[0.677s] -- Up-to-date: /home/manel/psolar_ws/install/opennav_coverage_msgs/share/opennav_coverage_msgs/action/ComputeCoveragePath.idl
[0.677s] -- Up-to-date: /home/manel/psolar_ws/install/opennav_coverage_msgs/share/opennav_coverage_msgs/action/NavigateCompleteCoverage.idl
[0.677s] -- Up-to-date: /home/manel/psolar_ws/install/opennav_coverage_msgs/share/opennav_coverage_msgs/msg/Coordinate.msg
[0.678s] -- Up-to-date: /home/manel/psolar_ws/install/opennav_coverage_msgs/share/opennav_coverage_msgs/msg/Coordinates.msg
[0.678s] -- Up-to-date: /home/manel/psolar_ws/install/opennav_coverage_msgs/share/opennav_coverage_msgs/msg/HeadlandMode.msg
[0.678s] -- Up-to-date: /home/manel/psolar_ws/install/opennav_coverage_msgs/share/opennav_coverage_msgs/msg/SwathMode.msg
[0.678s] -- Up-to-date: /home/manel/psolar_ws/install/opennav_coverage_msgs/share/opennav_coverage_msgs/msg/RowSwathMode.msg
[0.678s] -- Up-to-date: /home/manel/psolar_ws/install/opennav_coverage_msgs/share/opennav_coverage_msgs/msg/RouteMode.msg
[0.678s] -- Up-to-date: /home/manel/psolar_ws/install/opennav_coverage_msgs/share/opennav_coverage_msgs/msg/PathMode.msg
[0.678s] -- Up-to-date: /home/manel/psolar_ws/install/opennav_coverage_msgs/share/opennav_coverage_msgs/msg/Swath.msg
[0.678s] -- Up-to-date: /home/manel/psolar_ws/install/opennav_coverage_msgs/share/opennav_coverage_msgs/msg/PathComponents.msg
[0.679s] -- Up-to-date: /home/manel/psolar_ws/install/opennav_coverage_msgs/share/opennav_coverage_msgs/action/ComputeCoveragePath.action
[0.679s] -- Up-to-date: /home/manel/psolar_ws/install/opennav_coverage_msgs/share/opennav_coverage_msgs/action/NavigateCompleteCoverage.action
[0.679s] -- Up-to-date: /home/manel/psolar_ws/install/opennav_coverage_msgs/share/ament_index/resource_index/package_run_dependencies/opennav_coverage_msgs
[0.679s] -- Up-to-date: /home/manel/psolar_ws/install/opennav_coverage_msgs/share/ament_index/resource_index/parent_prefix_path/opennav_coverage_msgs
[0.679s] -- Up-to-date: /home/manel/psolar_ws/install/opennav_coverage_msgs/share/opennav_coverage_msgs/environment/ament_prefix_path.sh
[0.679s] -- Up-to-date: /home/manel/psolar_ws/install/opennav_coverage_msgs/share/opennav_coverage_msgs/environment/ament_prefix_path.dsv
[0.679s] -- Up-to-date: /home/manel/psolar_ws/install/opennav_coverage_msgs/share/opennav_coverage_msgs/environment/path.sh
[0.679s] -- Up-to-date: /home/manel/psolar_ws/install/opennav_coverage_msgs/share/opennav_coverage_msgs/environment/path.dsv
[0.679s] -- Up-to-date: /home/manel/psolar_ws/install/opennav_coverage_msgs/share/opennav_coverage_msgs/local_setup.bash
[0.680s] -- Up-to-date: /home/manel/psolar_ws/install/opennav_coverage_msgs/share/opennav_coverage_msgs/local_setup.sh
[0.680s] -- Up-to-date: /home/manel/psolar_ws/install/opennav_coverage_msgs/share/opennav_coverage_msgs/local_setup.zsh
[0.680s] -- Up-to-date: /home/manel/psolar_ws/install/opennav_coverage_msgs/share/opennav_coverage_msgs/local_setup.dsv
[0.680s] -- Installing: /home/manel/psolar_ws/install/opennav_coverage_msgs/share/opennav_coverage_msgs/package.dsv
[0.680s] -- Up-to-date: /home/manel/psolar_ws/install/opennav_coverage_msgs/share/ament_index/resource_index/packages/opennav_coverage_msgs
[0.680s] -- Up-to-date: /home/manel/psolar_ws/install/opennav_coverage_msgs/share/opennav_coverage_msgs/cmake/export_opennav_coverage_msgs__rosidl_generator_cExport.cmake
[0.680s] -- Up-to-date: /home/manel/psolar_ws/install/opennav_coverage_msgs/share/opennav_coverage_msgs/cmake/export_opennav_coverage_msgs__rosidl_generator_cExport-noconfig.cmake
[0.680s] -- Up-to-date: /home/manel/psolar_ws/install/opennav_coverage_msgs/share/opennav_coverage_msgs/cmake/export_opennav_coverage_msgs__rosidl_typesupport_fastrtps_cExport.cmake
[0.681s] -- Up-to-date: /home/manel/psolar_ws/install/opennav_coverage_msgs/share/opennav_coverage_msgs/cmake/export_opennav_coverage_msgs__rosidl_typesupport_fastrtps_cExport-noconfig.cmake
[0.681s] -- Up-to-date: /home/manel/psolar_ws/install/opennav_coverage_msgs/share/opennav_coverage_msgs/cmake/export_opennav_coverage_msgs__rosidl_generator_cppExport.cmake
[0.681s] -- Up-to-date: /home/manel/psolar_ws/install/opennav_coverage_msgs/share/opennav_coverage_msgs/cmake/export_opennav_coverage_msgs__rosidl_typesupport_fastrtps_cppExport.cmake
[0.681s] -- Up-to-date: /home/manel/psolar_ws/install/opennav_coverage_msgs/share/opennav_coverage_msgs/cmake/export_opennav_coverage_msgs__rosidl_typesupport_fastrtps_cppExport-noconfig.cmake
[0.681s] -- Up-to-date: /home/manel/psolar_ws/install/opennav_coverage_msgs/share/opennav_coverage_msgs/cmake/opennav_coverage_msgs__rosidl_typesupport_introspection_cExport.cmake
[0.681s] -- Up-to-date: /home/manel/psolar_ws/install/opennav_coverage_msgs/share/opennav_coverage_msgs/cmake/opennav_coverage_msgs__rosidl_typesupport_introspection_cExport-noconfig.cmake
[0.681s] -- Up-to-date: /home/manel/psolar_ws/install/opennav_coverage_msgs/share/opennav_coverage_msgs/cmake/opennav_coverage_msgs__rosidl_typesupport_cExport.cmake
[0.682s] -- Up-to-date: /home/manel/psolar_ws/install/opennav_coverage_msgs/share/opennav_coverage_msgs/cmake/opennav_coverage_msgs__rosidl_typesupport_cExport-noconfig.cmake
[0.682s] -- Up-to-date: /home/manel/psolar_ws/install/opennav_coverage_msgs/share/opennav_coverage_msgs/cmake/opennav_coverage_msgs__rosidl_typesupport_introspection_cppExport.cmake
[0.682s] -- Up-to-date: /home/manel/psolar_ws/install/opennav_coverage_msgs/share/opennav_coverage_msgs/cmake/opennav_coverage_msgs__rosidl_typesupport_introspection_cppExport-noconfig.cmake
[0.682s] -- Up-to-date: /home/manel/psolar_ws/install/opennav_coverage_msgs/share/opennav_coverage_msgs/cmake/opennav_coverage_msgs__rosidl_typesupport_cppExport.cmake
[0.682s] -- Up-to-date: /home/manel/psolar_ws/install/opennav_coverage_msgs/share/opennav_coverage_msgs/cmake/opennav_coverage_msgs__rosidl_typesupport_cppExport-noconfig.cmake
[0.682s] -- Up-to-date: /home/manel/psolar_ws/install/opennav_coverage_msgs/share/opennav_coverage_msgs/cmake/export_opennav_coverage_msgs__rosidl_generator_pyExport.cmake
[0.682s] -- Up-to-date: /home/manel/psolar_ws/install/opennav_coverage_msgs/share/opennav_coverage_msgs/cmake/export_opennav_coverage_msgs__rosidl_generator_pyExport-noconfig.cmake
[0.683s] -- Up-to-date: /home/manel/psolar_ws/install/opennav_coverage_msgs/share/opennav_coverage_msgs/cmake/rosidl_cmake-extras.cmake
[0.683s] -- Up-to-date: /home/manel/psolar_ws/install/opennav_coverage_msgs/share/opennav_coverage_msgs/cmake/ament_cmake_export_dependencies-extras.cmake
[0.683s] -- Up-to-date: /home/manel/psolar_ws/install/opennav_coverage_msgs/share/opennav_coverage_msgs/cmake/ament_cmake_export_include_directories-extras.cmake
[0.683s] -- Up-to-date: /home/manel/psolar_ws/install/opennav_coverage_msgs/share/opennav_coverage_msgs/cmake/ament_cmake_export_libraries-extras.cmake
[0.683s] -- Up-to-date: /home/manel/psolar_ws/install/opennav_coverage_msgs/share/opennav_coverage_msgs/cmake/ament_cmake_export_targets-extras.cmake
[0.683s] -- Up-to-date: /home/manel/psolar_ws/install/opennav_coverage_msgs/share/opennav_coverage_msgs/cmake/rosidl_cmake_export_typesupport_targets-extras.cmake
[0.683s] -- Up-to-date: /home/manel/psolar_ws/install/opennav_coverage_msgs/share/opennav_coverage_msgs/cmake/rosidl_cmake_export_typesupport_libraries-extras.cmake
[0.683s] -- Up-to-date: /home/manel/psolar_ws/install/opennav_coverage_msgs/share/opennav_coverage_msgs/cmake/opennav_coverage_msgsConfig.cmake
[0.684s] -- Up-to-date: /home/manel/psolar_ws/install/opennav_coverage_msgs/share/opennav_coverage_msgs/cmake/opennav_coverage_msgsConfig-version.cmake
[0.684s] -- Up-to-date: /home/manel/psolar_ws/install/opennav_coverage_msgs/share/opennav_coverage_msgs/package.xml
[0.687s] Invoked command in '/home/manel/psolar_ws/build/opennav_coverage_msgs' returned '0': CMAKE_PREFIX_PATH=/opt/ros/humble /usr/bin/cmake --install /home/manel/psolar_ws/build/opennav_coverage_msgs
