[0.045s] Invoking command in '/home/manel/psolar_ws/build/fields2cover': CMAKE_PREFIX_PATH=/opt/ros/humble /usr/bin/cmake --build /home/manel/psolar_ws/build/fields2cover -- -j12 -l12
[0.156s] [ 15%] Built target steering_functions
[0.206s] [ 17%] Built target tinyxml2
[0.401s] [ 51%] Built target Fields2Cover
[0.446s] [ 53%] Built target xmltest
[0.629s] [ 89%] Built target unittests
[0.662s] [ 91%] Built target 7_complete_flow
[0.696s] [ 92%] Built target 6_path_planning_tutorial
[0.736s] [ 94%] Built target 5_route_planning_tutorial
[0.788s] [ 96%] Built target 4_swath_generator_tutorial
[0.828s] [ 97%] Built target 3_headland_generator_tutorial
[0.894s] [ 99%] Built target 2_objective_functions_tutorial
[0.981s] [100%] Built target 1_basic_types_tutorial
[1.018s] Invoked command in '/home/manel/psolar_ws/build/fields2cover' returned '0': CMAKE_PREFIX_PATH=/opt/ros/humble /usr/bin/cmake --build /home/manel/psolar_ws/build/fields2cover -- -j12 -l12
[1.023s] Invoking command in '/home/manel/psolar_ws/build/fields2cover': CMAKE_PREFIX_PATH=/opt/ros/humble /usr/bin/cmake --install /home/manel/psolar_ws/build/fields2cover
[1.050s] -- Install configuration: "Release"
[1.051s] -- Up-to-date: /home/manel/psolar_ws/install/fields2cover/lib/libtinyxml2.so.9.0.0
[1.052s] -- Up-to-date: /home/manel/psolar_ws/install/fields2cover/lib/libtinyxml2.so.9
[1.052s] -- Up-to-date: /home/manel/psolar_ws/install/fields2cover/lib/libtinyxml2.so
[1.052s] -- Up-to-date: /home/manel/psolar_ws/install/fields2cover/lib/cmake/tinyxml2/tinyxml2-shared-targets.cmake
[1.053s] -- Up-to-date: /home/manel/psolar_ws/install/fields2cover/lib/cmake/tinyxml2/tinyxml2-shared-targets-release.cmake
[1.053s] -- Up-to-date: /home/manel/psolar_ws/install/fields2cover/lib/cmake/tinyxml2/tinyxml2-config.cmake
[1.053s] -- Up-to-date: /home/manel/psolar_ws/install/fields2cover/lib/cmake/tinyxml2/tinyxml2-config-version.cmake
[1.053s] -- Up-to-date: /home/manel/psolar_ws/install/fields2cover/include/tinyxml2.h
[1.053s] -- Up-to-date: /home/manel/psolar_ws/install/fields2cover/lib/pkgconfig/tinyxml2.pc
[1.054s] -- Up-to-date: /home/manel/psolar_ws/install/fields2cover/lib/libsteering_functions.so
[1.054s] -- Up-to-date: /home/manel/psolar_ws/install/fields2cover/cmake/spline/splineTargets.cmake
[1.054s] -- Up-to-date: /home/manel/psolar_ws/install/fields2cover/cmake/spline/splineConfig.cmake
[1.054s] -- Up-to-date: /home/manel/psolar_ws/install/fields2cover/include/spline.h
[1.055s] -- Up-to-date: /home/manel/psolar_ws/install/fields2cover/cmake/matplotlib_cpp/matplotlib_cppTargets.cmake
[1.055s] -- Up-to-date: /home/manel/psolar_ws/install/fields2cover/cmake/matplotlib_cpp/matplotlib_cppConfig.cmake
[1.055s] -- Up-to-date: /home/manel/psolar_ws/install/fields2cover/include/matplotlibcpp.h
[1.056s] -- Up-to-date: /home/manel/psolar_ws/install/fields2cover/lib/libFields2Cover.so
[1.056s] -- Up-to-date: /home/manel/psolar_ws/install/fields2cover/include/fields2cover.h
[1.057s] -- Up-to-date: /home/manel/psolar_ws/install/fields2cover/lib/libtinyxml2.so.9.0.0
[1.057s] -- Up-to-date: /home/manel/psolar_ws/install/fields2cover/lib/libtinyxml2.so.9
[1.058s] -- Up-to-date: /home/manel/psolar_ws/install/fields2cover/lib/libtinyxml2.so
[1.058s] -- Up-to-date: /home/manel/psolar_ws/install/fields2cover/lib/libsteering_functions.so
[1.058s] -- Up-to-date: /home/manel/psolar_ws/install/fields2cover/cmake/fields2cover/Fields2Cover-shared-Targets.cmake
[1.059s] -- Up-to-date: /home/manel/psolar_ws/install/fields2cover/cmake/fields2cover/Fields2Cover-shared-Targets-release.cmake
[1.059s] -- Up-to-date: /home/manel/psolar_ws/install/fields2cover/cmake/fields2cover/Fields2CoverConfig.cmake
[1.059s] -- Up-to-date: /home/manel/psolar_ws/install/fields2cover/cmake/fields2cover/Fields2CoverConfigVersion.cmake
[1.059s] -- Up-to-date: /home/manel/psolar_ws/install/fields2cover/share/Fields2Cover/package.xml
[1.059s] -- Up-to-date: /home/manel/psolar_ws/install/fields2cover/include
[1.060s] -- Up-to-date: /home/manel/psolar_ws/install/fields2cover/include/fields2cover
[1.060s] -- Up-to-date: /home/manel/psolar_ws/install/fields2cover/include/fields2cover/utils
[1.060s] -- Up-to-date: /home/manel/psolar_ws/install/fields2cover/include/fields2cover/utils/parser.h
[1.060s] -- Up-to-date: /home/manel/psolar_ws/install/fields2cover/include/fields2cover/utils/transformation.h
[1.060s] -- Up-to-date: /home/manel/psolar_ws/install/fields2cover/include/fields2cover/utils/visualizer.h
[1.060s] -- Up-to-date: /home/manel/psolar_ws/install/fields2cover/include/fields2cover/utils/random.h
[1.061s] -- Up-to-date: /home/manel/psolar_ws/install/fields2cover/include/fields2cover/types
[1.061s] -- Up-to-date: /home/manel/psolar_ws/install/fields2cover/include/fields2cover/types/MultiPoint.h
[1.061s] -- Up-to-date: /home/manel/psolar_ws/install/fields2cover/include/fields2cover/types/Geometries_impl.hpp
[1.061s] -- Up-to-date: /home/manel/psolar_ws/install/fields2cover/include/fields2cover/types/Geometry.h
[1.063s] -- Up-to-date: /home/manel/psolar_ws/install/fields2cover/include/fields2cover/types/LineString.h
[1.064s] -- Up-to-date: /home/manel/psolar_ws/install/fields2cover/include/fields2cover/types/Geometry_impl.hpp
[1.065s] -- Up-to-date: /home/manel/psolar_ws/install/fields2cover/include/fields2cover/types/Robot.h
[1.065s] -- Up-to-date: /home/manel/psolar_ws/install/fields2cover/include/fields2cover/types/MultiLineString.h
[1.065s] -- Up-to-date: /home/manel/psolar_ws/install/fields2cover/include/fields2cover/types/Point.h
[1.065s] -- Up-to-date: /home/manel/psolar_ws/install/fields2cover/include/fields2cover/types/Swath.h
[1.066s] -- Up-to-date: /home/manel/psolar_ws/install/fields2cover/include/fields2cover/types/OptimizationParams.h
[1.066s] -- Up-to-date: /home/manel/psolar_ws/install/fields2cover/include/fields2cover/types/Field.h
[1.066s] -- Up-to-date: /home/manel/psolar_ws/install/fields2cover/include/fields2cover/types/Strip.h
[1.066s] -- Up-to-date: /home/manel/psolar_ws/install/fields2cover/include/fields2cover/types/Geometries.h
[1.066s] -- Up-to-date: /home/manel/psolar_ws/install/fields2cover/include/fields2cover/types/Cells.h
[1.067s] -- Up-to-date: /home/manel/psolar_ws/install/fields2cover/include/fields2cover/types/Cell.h
[1.067s] -- Up-to-date: /home/manel/psolar_ws/install/fields2cover/include/fields2cover/types/Path.h
[1.067s] -- Up-to-date: /home/manel/psolar_ws/install/fields2cover/include/fields2cover/types/LinearRing.h
[1.067s] -- Up-to-date: /home/manel/psolar_ws/install/fields2cover/include/fields2cover/types/Route.h
[1.067s] -- Up-to-date: /home/manel/psolar_ws/install/fields2cover/include/fields2cover/types/Swaths.h
[1.068s] -- Up-to-date: /home/manel/psolar_ws/install/fields2cover/include/fields2cover/headland_generator
[1.068s] -- Up-to-date: /home/manel/psolar_ws/install/fields2cover/include/fields2cover/headland_generator/constant_headland.h
[1.068s] -- Up-to-date: /home/manel/psolar_ws/install/fields2cover/include/fields2cover/headland_generator/headland_generator_base.h
[1.068s] -- Up-to-date: /home/manel/psolar_ws/install/fields2cover/include/fields2cover/swath_generator
[1.068s] -- Up-to-date: /home/manel/psolar_ws/install/fields2cover/include/fields2cover/swath_generator/swath_generator_base.h
[1.068s] -- Up-to-date: /home/manel/psolar_ws/install/fields2cover/include/fields2cover/swath_generator/swath_generator_base_impl.hpp
[1.068s] -- Up-to-date: /home/manel/psolar_ws/install/fields2cover/include/fields2cover/swath_generator/brute_force.h
[1.069s] -- Up-to-date: /home/manel/psolar_ws/install/fields2cover/include/fields2cover/objectives
[1.069s] -- Up-to-date: /home/manel/psolar_ws/install/fields2cover/include/fields2cover/objectives/path_length.h
[1.069s] -- Up-to-date: /home/manel/psolar_ws/install/fields2cover/include/fields2cover/objectives/complete_turn_path_obj.h
[1.069s] -- Up-to-date: /home/manel/psolar_ws/install/fields2cover/include/fields2cover/objectives/field_coverage.h
[1.069s] -- Up-to-date: /home/manel/psolar_ws/install/fields2cover/include/fields2cover/objectives/rp_objective.h
[1.070s] -- Up-to-date: /home/manel/psolar_ws/install/fields2cover/include/fields2cover/objectives/direct_dist_path_obj.h
[1.070s] -- Up-to-date: /home/manel/psolar_ws/install/fields2cover/include/fields2cover/objectives/hg_objective.h
[1.071s] -- Up-to-date: /home/manel/psolar_ws/install/fields2cover/include/fields2cover/objectives/swath_length.h
[1.072s] -- Up-to-date: /home/manel/psolar_ws/install/fields2cover/include/fields2cover/objectives/overlaps.h
[1.072s] -- Up-to-date: /home/manel/psolar_ws/install/fields2cover/include/fields2cover/objectives/sg_objective.h
[1.072s] -- Up-to-date: /home/manel/psolar_ws/install/fields2cover/include/fields2cover/objectives/n_swath.h
[1.073s] -- Up-to-date: /home/manel/psolar_ws/install/fields2cover/include/fields2cover/objectives/base_objective.h
[1.073s] -- Up-to-date: /home/manel/psolar_ws/install/fields2cover/include/fields2cover/objectives/pp_objective.h
[1.073s] -- Up-to-date: /home/manel/psolar_ws/install/fields2cover/include/fields2cover/objectives/rem_area.h
[1.073s] -- Up-to-date: /home/manel/psolar_ws/install/fields2cover/include/fields2cover/types.h
[1.073s] -- Up-to-date: /home/manel/psolar_ws/install/fields2cover/include/fields2cover/path_planning
[1.073s] -- Up-to-date: /home/manel/psolar_ws/install/fields2cover/include/fields2cover/path_planning/turning_base.h
[1.074s] -- Up-to-date: /home/manel/psolar_ws/install/fields2cover/include/fields2cover/path_planning/reeds_shepp_curves_hc.h
[1.074s] -- Up-to-date: /home/manel/psolar_ws/install/fields2cover/include/fields2cover/path_planning/dubins_curves_cc.h
[1.074s] -- Up-to-date: /home/manel/psolar_ws/install/fields2cover/include/fields2cover/path_planning/dubins_curves.h
[1.074s] -- Up-to-date: /home/manel/psolar_ws/install/fields2cover/include/fields2cover/path_planning/path_planning.h
[1.074s] -- Up-to-date: /home/manel/psolar_ws/install/fields2cover/include/fields2cover/path_planning/steer_to_path.hpp
[1.074s] -- Up-to-date: /home/manel/psolar_ws/install/fields2cover/include/fields2cover/path_planning/reeds_shepp_curves.h
[1.075s] -- Up-to-date: /home/manel/psolar_ws/install/fields2cover/include/fields2cover/route_planning
[1.075s] -- Up-to-date: /home/manel/psolar_ws/install/fields2cover/include/fields2cover/route_planning/boustrophedon_order.h
[1.075s] -- Up-to-date: /home/manel/psolar_ws/install/fields2cover/include/fields2cover/route_planning/snake_order.h
[1.075s] -- Up-to-date: /home/manel/psolar_ws/install/fields2cover/include/fields2cover/route_planning/single_cell_swaths_order_base.h
[1.075s] -- Up-to-date: /home/manel/psolar_ws/install/fields2cover/include/fields2cover/route_planning/custom_order.h
[1.076s] -- Up-to-date: /home/manel/psolar_ws/install/fields2cover/include/fields2cover/route_planning/spiral_order.h
[1.076s] -- Up-to-date: /home/manel/psolar_ws/install/fields2cover/include/fields2cover.h
[1.076s] Invoked command in '/home/manel/psolar_ws/build/fields2cover' returned '0': CMAKE_PREFIX_PATH=/opt/ros/humble /usr/bin/cmake --install /home/manel/psolar_ws/build/fields2cover
