[0.027s] Invoking command in '/home/manel/psolar_ws/build/psolar_path_planning': CMAKE_PREFIX_PATH=/opt/ros/humble /usr/bin/cmake --build /home/manel/psolar_ws/build/psolar_path_planning -- -j12 -l12
[0.090s] Invoked command in '/home/manel/psolar_ws/build/psolar_path_planning' returned '0': CMAKE_PREFIX_PATH=/opt/ros/humble /usr/bin/cmake --build /home/manel/psolar_ws/build/psolar_path_planning -- -j12 -l12
[0.092s] Invoking command in '/home/manel/psolar_ws/build/psolar_path_planning': CMAKE_PREFIX_PATH=/opt/ros/humble /usr/bin/cmake --install /home/manel/psolar_ws/build/psolar_path_planning
[0.127s] -- Install configuration: ""
[0.127s] -- Up-to-date: /home/manel/psolar_ws/install/psolar_path_planning/share/ament_index/resource_index/package_run_dependencies/psolar_path_planning
[0.127s] -- Up-to-date: /home/manel/psolar_ws/install/psolar_path_planning/share/ament_index/resource_index/parent_prefix_path/psolar_path_planning
[0.127s] -- Up-to-date: /home/manel/psolar_ws/install/psolar_path_planning/share/psolar_path_planning/environment/ament_prefix_path.sh
[0.128s] -- Up-to-date: /home/manel/psolar_ws/install/psolar_path_planning/share/psolar_path_planning/environment/ament_prefix_path.dsv
[0.129s] -- Up-to-date: /home/manel/psolar_ws/install/psolar_path_planning/share/psolar_path_planning/environment/path.sh
[0.130s] -- Up-to-date: /home/manel/psolar_ws/install/psolar_path_planning/share/psolar_path_planning/environment/path.dsv
[0.130s] -- Up-to-date: /home/manel/psolar_ws/install/psolar_path_planning/share/psolar_path_planning/local_setup.bash
[0.130s] -- Up-to-date: /home/manel/psolar_ws/install/psolar_path_planning/share/psolar_path_planning/local_setup.sh
[0.130s] -- Up-to-date: /home/manel/psolar_ws/install/psolar_path_planning/share/psolar_path_planning/local_setup.zsh
[0.131s] -- Up-to-date: /home/manel/psolar_ws/install/psolar_path_planning/share/psolar_path_planning/local_setup.dsv
[0.131s] -- Up-to-date: /home/manel/psolar_ws/install/psolar_path_planning/share/psolar_path_planning/package.dsv
[0.131s] -- Up-to-date: /home/manel/psolar_ws/install/psolar_path_planning/share/ament_index/resource_index/packages/psolar_path_planning
[0.131s] -- Up-to-date: /home/manel/psolar_ws/install/psolar_path_planning/share/psolar_path_planning/cmake/psolar_path_planningConfig.cmake
[0.132s] -- Up-to-date: /home/manel/psolar_ws/install/psolar_path_planning/share/psolar_path_planning/cmake/psolar_path_planningConfig-version.cmake
[0.133s] -- Up-to-date: /home/manel/psolar_ws/install/psolar_path_planning/share/psolar_path_planning/package.xml
[0.148s] Invoked command in '/home/manel/psolar_ws/build/psolar_path_planning' returned '0': CMAKE_PREFIX_PATH=/opt/ros/humble /usr/bin/cmake --install /home/manel/psolar_ws/build/psolar_path_planning
